ARM GAS  /tmp/cc7mRVbR.s 			page 1


   1              		.cpu cortex-m3
   2              		.eabi_attribute 20, 1
   3              		.eabi_attribute 21, 1
   4              		.eabi_attribute 23, 3
   5              		.eabi_attribute 24, 1
   6              		.eabi_attribute 25, 1
   7              		.eabi_attribute 26, 1
   8              		.eabi_attribute 30, 4
   9              		.eabi_attribute 34, 1
  10              		.eabi_attribute 18, 4
  11              		.file	"board.c"
  12              		.file 1 "/home/matt/gcc-arm-none-eabi-10-2020-q4-major/arm-none-eabi/include/machine/_default_type
  13              		.file 2 "/home/matt/gcc-arm-none-eabi-10-2020-q4-major/arm-none-eabi/include/sys/_stdint.h"
  14              		.file 3 "../ChibiOS/os/common/ext/CMSIS/ST/STM32F1xx/stm32f103xb.h"
  15              		.file 4 "/home/matt/gcc-arm-none-eabi-10-2020-q4-major/lib/gcc/arm-none-eabi/10.2.1/include/stddef
  16              		.file 5 "../ChibiOS/os/hal/ports/STM32/LLD/GPIOv1/hal_pal_lld.h"
  17              		.file 6 "../ChibiOS/os/hal/boards/BERTOLD_F103_USB/board.c"
  18              		.section	.gnu.debuglto_.debug_info,"e",%progbits
  19              	.Ldebug_info0:
  20              		.hidden	board.c.53d2a50f
  21              		.weak	board.c.53d2a50f
  22              	board.c.53d2a50f:
  23 0000 CF010000 		.4byte	0x1cf
  24 0004 0400     		.2byte	0x4
  25 0006 00000000 		.4byte	.Ldebug_abbrev0
  26 000a 04       		.byte	0x4
  27 000b 01       		.uleb128 0x1
  28 000c E1000000 		.4byte	.LASF30
  29 0010 0C       		.byte	0xc
  30 0011 1A020000 		.4byte	.LASF31
  31 0015 37000000 		.4byte	.LASF32
  32 0019 00000000 		.4byte	.Ldebug_line0
  33 001d 02       		.uleb128 0x2
  34 001e 01       		.byte	0x1
  35 001f 06       		.byte	0x6
  36 0020 86020000 		.4byte	.LASF0
  37 0024 02       		.uleb128 0x2
  38 0025 01       		.byte	0x1
  39 0026 08       		.byte	0x8
  40 0027 94000000 		.4byte	.LASF1
  41 002b 02       		.uleb128 0x2
  42 002c 02       		.byte	0x2
  43 002d 05       		.byte	0x5
  44 002e 4C020000 		.4byte	.LASF2
  45 0032 02       		.uleb128 0x2
  46 0033 02       		.byte	0x2
  47 0034 07       		.byte	0x7
  48 0035 CE000000 		.4byte	.LASF3
  49 0039 02       		.uleb128 0x2
  50 003a 04       		.byte	0x4
  51 003b 05       		.byte	0x5
  52 003c 6C020000 		.4byte	.LASF4
  53 0040 03       		.uleb128 0x3
  54 0041 D7010000 		.4byte	.LASF9
  55 0045 01       		.byte	0x1
  56 0046 4F       		.byte	0x4f
  57 0047 19       		.byte	0x19
ARM GAS  /tmp/cc7mRVbR.s 			page 2


  58 0048 4C000000 		.4byte	0x4c
  59 004c 02       		.uleb128 0x2
  60 004d 04       		.byte	0x4
  61 004e 07       		.byte	0x7
  62 004f BC000000 		.4byte	.LASF5
  63 0053 02       		.uleb128 0x2
  64 0054 08       		.byte	0x8
  65 0055 05       		.byte	0x5
  66 0056 0C020000 		.4byte	.LASF6
  67 005a 02       		.uleb128 0x2
  68 005b 08       		.byte	0x8
  69 005c 07       		.byte	0x7
  70 005d 76000000 		.4byte	.LASF7
  71 0061 04       		.uleb128 0x4
  72 0062 04       		.byte	0x4
  73 0063 05       		.byte	0x5
  74 0064 696E7400 		.ascii	"int\000"
  75 0068 02       		.uleb128 0x2
  76 0069 04       		.byte	0x4
  77 006a 07       		.byte	0x7
  78 006b 1B000000 		.4byte	.LASF8
  79 006f 03       		.uleb128 0x3
  80 0070 63020000 		.4byte	.LASF10
  81 0074 02       		.byte	0x2
  82 0075 30       		.byte	0x30
  83 0076 14       		.byte	0x14
  84 0077 40000000 		.4byte	0x40
  85 007b 05       		.uleb128 0x5
  86 007c 6F000000 		.4byte	0x6f
  87 0080 06       		.uleb128 0x6
  88 0081 20       		.byte	0x20
  89 0082 03       		.byte	0x3
  90 0083 8801     		.2byte	0x188
  91 0085 09       		.byte	0x9
  92 0086 D1000000 		.4byte	0xd1
  93 008a 07       		.uleb128 0x7
  94 008b 81020000 		.4byte	.LASF11
  95 008f 03       		.byte	0x3
  96 0090 8A01     		.2byte	0x18a
  97 0092 11       		.byte	0x11
  98 0093 7B000000 		.4byte	0x7b
  99 0097 00       		.byte	0
 100 0098 07       		.uleb128 0x7
 101 0099 28000000 		.4byte	.LASF12
 102 009d 03       		.byte	0x3
 103 009e 8B01     		.2byte	0x18b
 104 00a0 11       		.byte	0x11
 105 00a1 7B000000 		.4byte	0x7b
 106 00a5 04       		.byte	0x4
 107 00a6 07       		.uleb128 0x7
 108 00a7 E2010000 		.4byte	.LASF13
 109 00ab 03       		.byte	0x3
 110 00ac 8C01     		.2byte	0x18c
 111 00ae 11       		.byte	0x11
 112 00af E1000000 		.4byte	0xe1
 113 00b3 08       		.byte	0x8
 114 00b4 07       		.uleb128 0x7
ARM GAS  /tmp/cc7mRVbR.s 			page 3


 115 00b5 2D000000 		.4byte	.LASF14
 116 00b9 03       		.byte	0x3
 117 00ba 8D01     		.2byte	0x18d
 118 00bc 0C       		.byte	0xc
 119 00bd 6F000000 		.4byte	0x6f
 120 00c1 18       		.byte	0x18
 121 00c2 07       		.uleb128 0x7
 122 00c3 5D020000 		.4byte	.LASF15
 123 00c7 03       		.byte	0x3
 124 00c8 8E01     		.2byte	0x18e
 125 00ca 11       		.byte	0x11
 126 00cb 7B000000 		.4byte	0x7b
 127 00cf 1C       		.byte	0x1c
 128 00d0 00       		.byte	0
 129 00d1 08       		.uleb128 0x8
 130 00d2 7B000000 		.4byte	0x7b
 131 00d6 E1000000 		.4byte	0xe1
 132 00da 09       		.uleb128 0x9
 133 00db 68000000 		.4byte	0x68
 134 00df 03       		.byte	0x3
 135 00e0 00       		.byte	0
 136 00e1 05       		.uleb128 0x5
 137 00e2 D1000000 		.4byte	0xd1
 138 00e6 0A       		.uleb128 0xa
 139 00e7 00000000 		.4byte	.LASF16
 140 00eb 03       		.byte	0x3
 141 00ec 8F01     		.2byte	0x18f
 142 00ee 03       		.byte	0x3
 143 00ef 80000000 		.4byte	0x80
 144 00f3 03       		.uleb128 0x3
 145 00f4 0D000000 		.4byte	.LASF17
 146 00f8 04       		.byte	0x4
 147 00f9 D1       		.byte	0xd1
 148 00fa 17       		.byte	0x17
 149 00fb 68000000 		.4byte	0x68
 150 00ff 02       		.uleb128 0x2
 151 0100 08       		.byte	0x8
 152 0101 04       		.byte	0x4
 153 0102 75020000 		.4byte	.LASF18
 154 0106 02       		.uleb128 0x2
 155 0107 01       		.byte	0x1
 156 0108 08       		.byte	0x8
 157 0109 F0010000 		.4byte	.LASF19
 158 010d 02       		.uleb128 0x2
 159 010e 01       		.byte	0x1
 160 010f 02       		.byte	0x2
 161 0110 92020000 		.4byte	.LASF20
 162 0114 0B       		.uleb128 0xb
 163 0115 0C       		.byte	0xc
 164 0116 05       		.byte	0x5
 165 0117 68       		.byte	0x68
 166 0118 09       		.byte	0x9
 167 0119 45010000 		.4byte	0x145
 168 011d 0C       		.uleb128 0xc
 169 011e 6F647200 		.ascii	"odr\000"
 170 0122 05       		.byte	0x5
 171 0123 6A       		.byte	0x6a
ARM GAS  /tmp/cc7mRVbR.s 			page 4


 172 0124 11       		.byte	0x11
 173 0125 6F000000 		.4byte	0x6f
 174 0129 00       		.byte	0
 175 012a 0C       		.uleb128 0xc
 176 012b 63726C00 		.ascii	"crl\000"
 177 012f 05       		.byte	0x5
 178 0130 6C       		.byte	0x6c
 179 0131 11       		.byte	0x11
 180 0132 6F000000 		.4byte	0x6f
 181 0136 04       		.byte	0x4
 182 0137 0C       		.uleb128 0xc
 183 0138 63726800 		.ascii	"crh\000"
 184 013c 05       		.byte	0x5
 185 013d 6E       		.byte	0x6e
 186 013e 11       		.byte	0x11
 187 013f 6F000000 		.4byte	0x6f
 188 0143 08       		.byte	0x8
 189 0144 00       		.byte	0
 190 0145 03       		.uleb128 0x3
 191 0146 A2000000 		.4byte	.LASF21
 192 014a 05       		.byte	0x5
 193 014b 6F       		.byte	0x6f
 194 014c 03       		.byte	0x3
 195 014d 14010000 		.4byte	0x114
 196 0151 0B       		.uleb128 0xb
 197 0152 3C       		.byte	0x3c
 198 0153 05       		.byte	0x5
 199 0154 78       		.byte	0x78
 200 0155 09       		.byte	0x9
 201 0156 9C010000 		.4byte	0x19c
 202 015a 0D       		.uleb128 0xd
 203 015b B5000000 		.4byte	.LASF22
 204 015f 05       		.byte	0x5
 205 0160 7A       		.byte	0x7a
 206 0161 19       		.byte	0x19
 207 0162 45010000 		.4byte	0x145
 208 0166 00       		.byte	0
 209 0167 0D       		.uleb128 0xd
 210 0168 E9010000 		.4byte	.LASF23
 211 016c 05       		.byte	0x5
 212 016d 7C       		.byte	0x7c
 213 016e 19       		.byte	0x19
 214 016f 45010000 		.4byte	0x145
 215 0173 0C       		.byte	0xc
 216 0174 0D       		.uleb128 0xd
 217 0175 56020000 		.4byte	.LASF24
 218 0179 05       		.byte	0x5
 219 017a 7E       		.byte	0x7e
 220 017b 19       		.byte	0x19
 221 017c 45010000 		.4byte	0x145
 222 0180 18       		.byte	0x18
 223 0181 0D       		.uleb128 0xd
 224 0182 14000000 		.4byte	.LASF25
 225 0186 05       		.byte	0x5
 226 0187 80       		.byte	0x80
 227 0188 19       		.byte	0x19
 228 0189 45010000 		.4byte	0x145
ARM GAS  /tmp/cc7mRVbR.s 			page 5


 229 018d 24       		.byte	0x24
 230 018e 0D       		.uleb128 0xd
 231 018f 8D000000 		.4byte	.LASF26
 232 0193 05       		.byte	0x5
 233 0194 83       		.byte	0x83
 234 0195 19       		.byte	0x19
 235 0196 45010000 		.4byte	0x145
 236 019a 30       		.byte	0x30
 237 019b 00       		.byte	0
 238 019c 03       		.uleb128 0x3
 239 019d BA010000 		.4byte	.LASF27
 240 01a1 05       		.byte	0x5
 241 01a2 8D       		.byte	0x8d
 242 01a3 03       		.byte	0x3
 243 01a4 51010000 		.4byte	0x151
 244 01a8 0E       		.uleb128 0xe
 245 01a9 9C010000 		.4byte	0x19c
 246 01ad 0F       		.uleb128 0xf
 247 01ae C4010000 		.4byte	.LASF33
 248 01b2 05       		.byte	0x5
 249 01b3 6701     		.2byte	0x167
 250 01b5 18       		.byte	0x18
 251 01b6 A8010000 		.4byte	0x1a8
 252 01ba 10       		.uleb128 0x10
 253 01bb AD010000 		.4byte	0x1ad
 254 01bf 06       		.byte	0x6
 255 01c0 19       		.byte	0x19
 256 01c1 11       		.byte	0x11
 257 01c2 11       		.uleb128 0x11
 258 01c3 F5010000 		.4byte	.LASF28
 259 01c7 06       		.byte	0x6
 260 01c8 30       		.byte	0x30
 261 01c9 06       		.byte	0x6
 262 01ca 11       		.uleb128 0x11
 263 01cb FF010000 		.4byte	.LASF29
 264 01cf 06       		.byte	0x6
 265 01d0 28       		.byte	0x28
 266 01d1 06       		.byte	0x6
 267 01d2 00       		.byte	0
 268              		.section	.gnu.debuglto_.debug_abbrev,"e",%progbits
 269              	.Ldebug_abbrev0:
 270 0000 01       		.uleb128 0x1
 271 0001 11       		.uleb128 0x11
 272 0002 01       		.byte	0x1
 273 0003 25       		.uleb128 0x25
 274 0004 0E       		.uleb128 0xe
 275 0005 13       		.uleb128 0x13
 276 0006 0B       		.uleb128 0xb
 277 0007 03       		.uleb128 0x3
 278 0008 0E       		.uleb128 0xe
 279 0009 1B       		.uleb128 0x1b
 280 000a 0E       		.uleb128 0xe
 281 000b 10       		.uleb128 0x10
 282 000c 17       		.uleb128 0x17
 283 000d 00       		.byte	0
 284 000e 00       		.byte	0
 285 000f 02       		.uleb128 0x2
ARM GAS  /tmp/cc7mRVbR.s 			page 6


 286 0010 24       		.uleb128 0x24
 287 0011 00       		.byte	0
 288 0012 0B       		.uleb128 0xb
 289 0013 0B       		.uleb128 0xb
 290 0014 3E       		.uleb128 0x3e
 291 0015 0B       		.uleb128 0xb
 292 0016 03       		.uleb128 0x3
 293 0017 0E       		.uleb128 0xe
 294 0018 00       		.byte	0
 295 0019 00       		.byte	0
 296 001a 03       		.uleb128 0x3
 297 001b 16       		.uleb128 0x16
 298 001c 00       		.byte	0
 299 001d 03       		.uleb128 0x3
 300 001e 0E       		.uleb128 0xe
 301 001f 3A       		.uleb128 0x3a
 302 0020 0B       		.uleb128 0xb
 303 0021 3B       		.uleb128 0x3b
 304 0022 0B       		.uleb128 0xb
 305 0023 39       		.uleb128 0x39
 306 0024 0B       		.uleb128 0xb
 307 0025 49       		.uleb128 0x49
 308 0026 13       		.uleb128 0x13
 309 0027 00       		.byte	0
 310 0028 00       		.byte	0
 311 0029 04       		.uleb128 0x4
 312 002a 24       		.uleb128 0x24
 313 002b 00       		.byte	0
 314 002c 0B       		.uleb128 0xb
 315 002d 0B       		.uleb128 0xb
 316 002e 3E       		.uleb128 0x3e
 317 002f 0B       		.uleb128 0xb
 318 0030 03       		.uleb128 0x3
 319 0031 08       		.uleb128 0x8
 320 0032 00       		.byte	0
 321 0033 00       		.byte	0
 322 0034 05       		.uleb128 0x5
 323 0035 35       		.uleb128 0x35
 324 0036 00       		.byte	0
 325 0037 49       		.uleb128 0x49
 326 0038 13       		.uleb128 0x13
 327 0039 00       		.byte	0
 328 003a 00       		.byte	0
 329 003b 06       		.uleb128 0x6
 330 003c 13       		.uleb128 0x13
 331 003d 01       		.byte	0x1
 332 003e 0B       		.uleb128 0xb
 333 003f 0B       		.uleb128 0xb
 334 0040 3A       		.uleb128 0x3a
 335 0041 0B       		.uleb128 0xb
 336 0042 3B       		.uleb128 0x3b
 337 0043 05       		.uleb128 0x5
 338 0044 39       		.uleb128 0x39
 339 0045 0B       		.uleb128 0xb
 340 0046 01       		.uleb128 0x1
 341 0047 13       		.uleb128 0x13
 342 0048 00       		.byte	0
ARM GAS  /tmp/cc7mRVbR.s 			page 7


 343 0049 00       		.byte	0
 344 004a 07       		.uleb128 0x7
 345 004b 0D       		.uleb128 0xd
 346 004c 00       		.byte	0
 347 004d 03       		.uleb128 0x3
 348 004e 0E       		.uleb128 0xe
 349 004f 3A       		.uleb128 0x3a
 350 0050 0B       		.uleb128 0xb
 351 0051 3B       		.uleb128 0x3b
 352 0052 05       		.uleb128 0x5
 353 0053 39       		.uleb128 0x39
 354 0054 0B       		.uleb128 0xb
 355 0055 49       		.uleb128 0x49
 356 0056 13       		.uleb128 0x13
 357 0057 38       		.uleb128 0x38
 358 0058 0B       		.uleb128 0xb
 359 0059 00       		.byte	0
 360 005a 00       		.byte	0
 361 005b 08       		.uleb128 0x8
 362 005c 01       		.uleb128 0x1
 363 005d 01       		.byte	0x1
 364 005e 49       		.uleb128 0x49
 365 005f 13       		.uleb128 0x13
 366 0060 01       		.uleb128 0x1
 367 0061 13       		.uleb128 0x13
 368 0062 00       		.byte	0
 369 0063 00       		.byte	0
 370 0064 09       		.uleb128 0x9
 371 0065 21       		.uleb128 0x21
 372 0066 00       		.byte	0
 373 0067 49       		.uleb128 0x49
 374 0068 13       		.uleb128 0x13
 375 0069 2F       		.uleb128 0x2f
 376 006a 0B       		.uleb128 0xb
 377 006b 00       		.byte	0
 378 006c 00       		.byte	0
 379 006d 0A       		.uleb128 0xa
 380 006e 16       		.uleb128 0x16
 381 006f 00       		.byte	0
 382 0070 03       		.uleb128 0x3
 383 0071 0E       		.uleb128 0xe
 384 0072 3A       		.uleb128 0x3a
 385 0073 0B       		.uleb128 0xb
 386 0074 3B       		.uleb128 0x3b
 387 0075 05       		.uleb128 0x5
 388 0076 39       		.uleb128 0x39
 389 0077 0B       		.uleb128 0xb
 390 0078 49       		.uleb128 0x49
 391 0079 13       		.uleb128 0x13
 392 007a 00       		.byte	0
 393 007b 00       		.byte	0
 394 007c 0B       		.uleb128 0xb
 395 007d 13       		.uleb128 0x13
 396 007e 01       		.byte	0x1
 397 007f 0B       		.uleb128 0xb
 398 0080 0B       		.uleb128 0xb
 399 0081 3A       		.uleb128 0x3a
ARM GAS  /tmp/cc7mRVbR.s 			page 8


 400 0082 0B       		.uleb128 0xb
 401 0083 3B       		.uleb128 0x3b
 402 0084 0B       		.uleb128 0xb
 403 0085 39       		.uleb128 0x39
 404 0086 0B       		.uleb128 0xb
 405 0087 01       		.uleb128 0x1
 406 0088 13       		.uleb128 0x13
 407 0089 00       		.byte	0
 408 008a 00       		.byte	0
 409 008b 0C       		.uleb128 0xc
 410 008c 0D       		.uleb128 0xd
 411 008d 00       		.byte	0
 412 008e 03       		.uleb128 0x3
 413 008f 08       		.uleb128 0x8
 414 0090 3A       		.uleb128 0x3a
 415 0091 0B       		.uleb128 0xb
 416 0092 3B       		.uleb128 0x3b
 417 0093 0B       		.uleb128 0xb
 418 0094 39       		.uleb128 0x39
 419 0095 0B       		.uleb128 0xb
 420 0096 49       		.uleb128 0x49
 421 0097 13       		.uleb128 0x13
 422 0098 38       		.uleb128 0x38
 423 0099 0B       		.uleb128 0xb
 424 009a 00       		.byte	0
 425 009b 00       		.byte	0
 426 009c 0D       		.uleb128 0xd
 427 009d 0D       		.uleb128 0xd
 428 009e 00       		.byte	0
 429 009f 03       		.uleb128 0x3
 430 00a0 0E       		.uleb128 0xe
 431 00a1 3A       		.uleb128 0x3a
 432 00a2 0B       		.uleb128 0xb
 433 00a3 3B       		.uleb128 0x3b
 434 00a4 0B       		.uleb128 0xb
 435 00a5 39       		.uleb128 0x39
 436 00a6 0B       		.uleb128 0xb
 437 00a7 49       		.uleb128 0x49
 438 00a8 13       		.uleb128 0x13
 439 00a9 38       		.uleb128 0x38
 440 00aa 0B       		.uleb128 0xb
 441 00ab 00       		.byte	0
 442 00ac 00       		.byte	0
 443 00ad 0E       		.uleb128 0xe
 444 00ae 26       		.uleb128 0x26
 445 00af 00       		.byte	0
 446 00b0 49       		.uleb128 0x49
 447 00b1 13       		.uleb128 0x13
 448 00b2 00       		.byte	0
 449 00b3 00       		.byte	0
 450 00b4 0F       		.uleb128 0xf
 451 00b5 34       		.uleb128 0x34
 452 00b6 00       		.byte	0
 453 00b7 03       		.uleb128 0x3
 454 00b8 0E       		.uleb128 0xe
 455 00b9 3A       		.uleb128 0x3a
 456 00ba 0B       		.uleb128 0xb
ARM GAS  /tmp/cc7mRVbR.s 			page 9


 457 00bb 3B       		.uleb128 0x3b
 458 00bc 05       		.uleb128 0x5
 459 00bd 39       		.uleb128 0x39
 460 00be 0B       		.uleb128 0xb
 461 00bf 49       		.uleb128 0x49
 462 00c0 13       		.uleb128 0x13
 463 00c1 3F       		.uleb128 0x3f
 464 00c2 19       		.uleb128 0x19
 465 00c3 3C       		.uleb128 0x3c
 466 00c4 19       		.uleb128 0x19
 467 00c5 00       		.byte	0
 468 00c6 00       		.byte	0
 469 00c7 10       		.uleb128 0x10
 470 00c8 34       		.uleb128 0x34
 471 00c9 00       		.byte	0
 472 00ca 47       		.uleb128 0x47
 473 00cb 13       		.uleb128 0x13
 474 00cc 3A       		.uleb128 0x3a
 475 00cd 0B       		.uleb128 0xb
 476 00ce 3B       		.uleb128 0x3b
 477 00cf 0B       		.uleb128 0xb
 478 00d0 39       		.uleb128 0x39
 479 00d1 0B       		.uleb128 0xb
 480 00d2 00       		.byte	0
 481 00d3 00       		.byte	0
 482 00d4 11       		.uleb128 0x11
 483 00d5 2E       		.uleb128 0x2e
 484 00d6 00       		.byte	0
 485 00d7 3F       		.uleb128 0x3f
 486 00d8 19       		.uleb128 0x19
 487 00d9 03       		.uleb128 0x3
 488 00da 0E       		.uleb128 0xe
 489 00db 3A       		.uleb128 0x3a
 490 00dc 0B       		.uleb128 0xb
 491 00dd 3B       		.uleb128 0x3b
 492 00de 0B       		.uleb128 0xb
 493 00df 39       		.uleb128 0x39
 494 00e0 0B       		.uleb128 0xb
 495 00e1 27       		.uleb128 0x27
 496 00e2 19       		.uleb128 0x19
 497 00e3 00       		.byte	0
 498 00e4 00       		.byte	0
 499 00e5 00       		.byte	0
 500              		.section	.gnu.debuglto_.debug_line,"e",%progbits
 501              	.Ldebug_line0:
 502 0000 DA010000 		.4byte	.LELT0-.LSLT0
 503              	.LSLT0:
 504 0004 0400     		.2byte	0x4
 505 0006 D4010000 		.4byte	.LELTP0-.LASLTP0
 506              	.LASLTP0:
 507 000a 01       		.byte	0x1
 508 000b 01       		.byte	0x1
 509 000c 01       		.byte	0x1
 510 000d F6       		.byte	0xf6
 511 000e F2       		.byte	0xf2
 512 000f 0D       		.byte	0xd
 513 0010 00       		.byte	0
ARM GAS  /tmp/cc7mRVbR.s 			page 10


 514 0011 01       		.byte	0x1
 515 0012 01       		.byte	0x1
 516 0013 01       		.byte	0x1
 517 0014 01       		.byte	0x1
 518 0015 00       		.byte	0
 519 0016 00       		.byte	0
 520 0017 00       		.byte	0
 521 0018 01       		.byte	0x1
 522 0019 00       		.byte	0
 523 001a 00       		.byte	0
 524 001b 01       		.byte	0x1
 525 001c 2E2E2F43 		.ascii	"../ChibiOS/os/common/ext/CMSIS/ST/STM32F1xx"
 525      68696269 
 525      4F532F6F 
 525      732F636F 
 525      6D6D6F6E 
 526 0047 00       		.byte	0
 527 0048 2E2E2F43 		.ascii	"../ChibiOS/os/hal/boards/BERTOLD_F103_USB"
 527      68696269 
 527      4F532F6F 
 527      732F6861 
 527      6C2F626F 
 528 0071 00       		.byte	0
 529 0072 2E2E2F43 		.ascii	"../ChibiOS/os/hal/ports/STM32/LLD/GPIOv1"
 529      68696269 
 529      4F532F6F 
 529      732F6861 
 529      6C2F706F 
 530 009a 00       		.byte	0
 531 009b 2F686F6D 		.ascii	"/home/matt/gcc-arm-none-eabi-10-2020-q4-major/arm-n"
 531      652F6D61 
 531      74742F67 
 531      63632D61 
 531      726D2D6E 
 532 00ce 6F6E652D 		.ascii	"one-eabi/include/machine"
 532      65616269 
 532      2F696E63 
 532      6C756465 
 532      2F6D6163 
 533 00e6 00       		.byte	0
 534 00e7 2F686F6D 		.ascii	"/home/matt/gcc-arm-none-eabi-10-2020-q4-major/arm-n"
 534      652F6D61 
 534      74742F67 
 534      63632D61 
 534      726D2D6E 
 535 011a 6F6E652D 		.ascii	"one-eabi/include/sys"
 535      65616269 
 535      2F696E63 
 535      6C756465 
 535      2F737973 
 536 012e 00       		.byte	0
 537 012f 2F686F6D 		.ascii	"/home/matt/gcc-arm-none-eabi-10-2020-q4-major/lib/g"
 537      652F6D61 
 537      74742F67 
 537      63632D61 
 537      726D2D6E 
 538 0162 63632F61 		.ascii	"cc/arm-none-eabi/10.2.1/include"
ARM GAS  /tmp/cc7mRVbR.s 			page 11


 538      726D2D6E 
 538      6F6E652D 
 538      65616269 
 538      2F31302E 
 539 0181 00       		.byte	0
 540 0182 00       		.byte	0
 541 0183 5F646566 		.ascii	"_default_types.h\000"
 541      61756C74 
 541      5F747970 
 541      65732E68 
 541      00
 542 0194 04       		.uleb128 0x4
 543 0195 00       		.uleb128 0
 544 0196 00       		.uleb128 0
 545 0197 5F737464 		.ascii	"_stdint.h\000"
 545      696E742E 
 545      6800
 546 01a1 05       		.uleb128 0x5
 547 01a2 00       		.uleb128 0
 548 01a3 00       		.uleb128 0
 549 01a4 73746D33 		.ascii	"stm32f103xb.h\000"
 549      32663130 
 549      3378622E 
 549      6800
 550 01b2 01       		.uleb128 0x1
 551 01b3 00       		.uleb128 0
 552 01b4 00       		.uleb128 0
 553 01b5 73746464 		.ascii	"stddef.h\000"
 553      65662E68 
 553      00
 554 01be 06       		.uleb128 0x6
 555 01bf 00       		.uleb128 0
 556 01c0 00       		.uleb128 0
 557 01c1 68616C5F 		.ascii	"hal_pal_lld.h\000"
 557      70616C5F 
 557      6C6C642E 
 557      6800
 558 01cf 03       		.uleb128 0x3
 559 01d0 00       		.uleb128 0
 560 01d1 00       		.uleb128 0
 561 01d2 626F6172 		.ascii	"board.c\000"
 561      642E6300 
 562 01da 02       		.uleb128 0x2
 563 01db 00       		.uleb128 0
 564 01dc 00       		.uleb128 0
 565 01dd 00       		.byte	0
 566              	.LELTP0:
 567              	.LELT0:
 568              		.section	.gnu.debuglto_.debug_str,"eMS",%progbits,1
 569              	.LASF16:
 570 0000 4146494F 		.ascii	"AFIO_TypeDef\000"
 570      5F547970 
 570      65446566 
 570      00
 571              	.LASF17:
 572 000d 73697A65 		.ascii	"size_t\000"
 572      5F7400
ARM GAS  /tmp/cc7mRVbR.s 			page 12


 573              	.LASF25:
 574 0014 50444461 		.ascii	"PDData\000"
 574      746100
 575              	.LASF8:
 576 001b 756E7369 		.ascii	"unsigned int\000"
 576      676E6564 
 576      20696E74 
 576      00
 577              	.LASF12:
 578 0028 4D415052 		.ascii	"MAPR\000"
 578      00
 579              	.LASF14:
 580 002d 52455345 		.ascii	"RESERVED0\000"
 580      52564544 
 580      3000
 581              	.LASF32:
 582 0037 2F686F6D 		.ascii	"/home/matt/hardware/electrosense-converter-firmware"
 582      652F6D61 
 582      74742F68 
 582      61726477 
 582      6172652F 
 583 006a 56322F66 		.ascii	"V2/firmware\000"
 583      69726D77 
 583      61726500 
 584              	.LASF7:
 585 0076 6C6F6E67 		.ascii	"long long unsigned int\000"
 585      206C6F6E 
 585      6720756E 
 585      7369676E 
 585      65642069 
 586              	.LASF26:
 587 008d 50454461 		.ascii	"PEData\000"
 587      746100
 588              	.LASF1:
 589 0094 756E7369 		.ascii	"unsigned char\000"
 589      676E6564 
 589      20636861 
 589      7200
 590              	.LASF21:
 591 00a2 73746D33 		.ascii	"stm32_gpio_setup_t\000"
 591      325F6770 
 591      696F5F73 
 591      65747570 
 591      5F7400
 592              	.LASF22:
 593 00b5 50414461 		.ascii	"PAData\000"
 593      746100
 594              	.LASF5:
 595 00bc 6C6F6E67 		.ascii	"long unsigned int\000"
 595      20756E73 
 595      69676E65 
 595      6420696E 
 595      7400
 596              	.LASF3:
 597 00ce 73686F72 		.ascii	"short unsigned int\000"
 597      7420756E 
 597      7369676E 
ARM GAS  /tmp/cc7mRVbR.s 			page 13


 597      65642069 
 597      6E7400
 598              	.LASF30:
 599 00e1 474E5520 		.ascii	"GNU C17 10.2.1 20201103 (release) -mcpu=cortex-m3 -"
 599      43313720 
 599      31302E32 
 599      2E312032 
 599      30323031 
 600 0114 6D6E6F2D 		.ascii	"mno-thumb-interwork -mthumb -mfloat-abi=soft -march"
 600      7468756D 
 600      622D696E 
 600      74657277 
 600      6F726B20 
 601 0147 3D61726D 		.ascii	"=armv7-m -ggdb -Os -fomit-frame-pointer -falign-fun"
 601      76372D6D 
 601      202D6767 
 601      6462202D 
 601      4F73202D 
 602 017a 6374696F 		.ascii	"ctions=16 -ffunction-sections -fdata-sections -fno-"
 602      6E733D31 
 602      36202D66 
 602      66756E63 
 602      74696F6E 
 603 01ad 636F6D6D 		.ascii	"common -flto\000"
 603      6F6E202D 
 603      666C746F 
 603      00
 604              	.LASF27:
 605 01ba 50414C43 		.ascii	"PALConfig\000"
 605      6F6E6669 
 605      6700
 606              	.LASF33:
 607 01c4 70616C5F 		.ascii	"pal_default_config\000"
 607      64656661 
 607      756C745F 
 607      636F6E66 
 607      696700
 608              	.LASF9:
 609 01d7 5F5F7569 		.ascii	"__uint32_t\000"
 609      6E743332 
 609      5F7400
 610              	.LASF13:
 611 01e2 45585449 		.ascii	"EXTICR\000"
 611      435200
 612              	.LASF23:
 613 01e9 50424461 		.ascii	"PBData\000"
 613      746100
 614              	.LASF19:
 615 01f0 63686172 		.ascii	"char\000"
 615      00
 616              	.LASF28:
 617 01f5 626F6172 		.ascii	"boardInit\000"
 617      64496E69 
 617      7400
 618              	.LASF29:
 619 01ff 5F5F6561 		.ascii	"__early_init\000"
 619      726C795F 
ARM GAS  /tmp/cc7mRVbR.s 			page 14


 619      696E6974 
 619      00
 620              	.LASF6:
 621 020c 6C6F6E67 		.ascii	"long long int\000"
 621      206C6F6E 
 621      6720696E 
 621      7400
 622              	.LASF31:
 623 021a 2E2E2F43 		.ascii	"../ChibiOS/os/hal/boards/BERTOLD_F103_USB/board.c\000"
 623      68696269 
 623      4F532F6F 
 623      732F6861 
 623      6C2F626F 
 624              	.LASF2:
 625 024c 73686F72 		.ascii	"short int\000"
 625      7420696E 
 625      7400
 626              	.LASF24:
 627 0256 50434461 		.ascii	"PCData\000"
 627      746100
 628              	.LASF15:
 629 025d 4D415052 		.ascii	"MAPR2\000"
 629      3200
 630              	.LASF10:
 631 0263 75696E74 		.ascii	"uint32_t\000"
 631      33325F74 
 631      00
 632              	.LASF4:
 633 026c 6C6F6E67 		.ascii	"long int\000"
 633      20696E74 
 633      00
 634              	.LASF18:
 635 0275 6C6F6E67 		.ascii	"long double\000"
 635      20646F75 
 635      626C6500 
 636              	.LASF11:
 637 0281 45564352 		.ascii	"EVCR\000"
 637      00
 638              	.LASF0:
 639 0286 7369676E 		.ascii	"signed char\000"
 639      65642063 
 639      68617200 
 640              	.LASF20:
 641 0292 5F426F6F 		.ascii	"_Bool\000"
 641      6C00
 642              		.text
 643              		.section	.gnu.lto_.profile.b9e0c6de37c57eb9,"e",%progbits
 644 0000 789C6362 		.ascii	"x\234cb\000\001\000\000\022\000\003"
 644      00010000 
 644      120003
 645              		.text
 646              		.section	.gnu.lto_.icf.b9e0c6de37c57eb9,"e",%progbits
 647 0000 789C1366 		.ascii	"x\234\023f@\000f\206\031S\017,ae<8cO8S\357\316[\335"
 647      40006686 
 647      19530F2C 
 647      61653C38 
 647      634F3853 
ARM GAS  /tmp/cc7mRVbR.s 			page 15


 648 0018 3C0C004E 		.ascii	"<\014\000N;\007\323"
 648      3B07D3
 649              		.text
 650              		.section	.gnu.lto_.ipa_sra.b9e0c6de37c57eb9,"e",%progbits
 651 0000 789CE362 		.ascii	"x\234\343b@\000&\006\006F\006F b\000\000\001\030\000"
 651      40002606 
 651      06460646 
 651      20620000 
 651      011800
 652 0013 11       		.ascii	"\021"
 653              		.text
 654              		.section	.gnu.lto_.inline.b9e0c6de37c57eb9,"e",%progbits
 655 0000 789CF361 		.ascii	"x\234\363a@\000&\006\006\226\006 `Nc\004\261\033\201"
 655      40002606 
 655      06960620 
 655      604E6304 
 655      B11B81
 656 0013 CC3A0606 		.ascii	"\314:\006\0066\220\020S\012\023H\210\201\221\013\244"
 656      36901053 
 656      0A134888 
 656      81910BA4 
 657 0023 9011AA2E 		.ascii	"\220\021\252.\005\250\216\011,\235\214\246\216\001\000"
 657      05A88E09 
 657      2C9D8CA6 
 657      8E0100
 658 0032 6A080EFF 		.ascii	"j\010\016\377"
 659              		.text
 660              		.section	.gnu.lto_.jmpfuncs.b9e0c6de37c57eb9,"e",%progbits
 661 0000 789CE364 		.ascii	"x\234\343d@\000&\020\301\010\304\000\000\350\000\015"
 661      40002610 
 661      C108C400 
 661      00E8000D 
 662              		.text
 663              		.section	.gnu.lto_.pureconst.b9e0c6de37c57eb9,"e",%progbits
 664 0000 789C6367 		.ascii	"x\234cg```b\230\301\3028\213\005\000\004\251\001E"
 664      60606062 
 664      98C1C238 
 664      8B050004 
 664      A90145
 665              		.text
 666              		.section	.gnu.lto_.lto.b9e0c6de37c57eb9,"e",%progbits
 667 0000 09000200 		.ascii	"\011\000\002\000\001\000\000\000"
 667      01000000 
 668              		.text
 669              		.section	.gnu.lto_pal_default_config.88.b9e0c6de37c57eb9,"e",%progbits
 670 0000 789C7BCF 		.ascii	"x\234{\317\300\300\300\310\000\001s\230\031'1/af`\354"
 670      C0C0C0C8 
 670      00017398 
 670      1927312F 
 670      616660EC 
 671 0014 98B8E808 		.ascii	"\230\270\350\010\007\234\367\037\010\370\201<\313\246"
 671      079CF71F 
 671      08F8813C 
 671      CBA6
 672 0022 8E069E25 		.ascii	"\216\006\236%\314\214s\201b[\201$#\343\026 \311\004"
 672      CC8C7381 
 672      625B8124 
ARM GAS  /tmp/cc7mRVbR.s 			page 16


 672      23E31620 
 672      C904
 673 0034 24692709 		.ascii	"$i'\011uO+\252{\366\377Cw\317n$\215\273\3002\"K\230"
 673      754F2BAA 
 673      7BF6FF43 
 673      77CF6E24 
 673      8DBBC032 
 674 004b 99E63233 		.ascii	"\231\346233\356\001\212\2610\356\004\222\254\214;\200"
 674      33EE018A 
 674      B130EE04 
 674      92AC8C3B 
 674      80
 675 005c 241BE376 		.ascii	"$\033\343v \311\316\270\215\221\001\000\277\236B6"
 675      20C9CEB8 
 675      8D910100 
 675      BF9E4236 
 676              		.text
 677              		.section	.gnu.lto___early_init.89.b9e0c6de37c57eb9,"e",%progbits
 678 0000 789CEB61 		.ascii	"x\234\353a``(\001be fdf`\2344\261\213\211\241\241\241"
 678      60602801 
 678      62652066 
 678      6466609C 
 678      34B18B89 
 679 0017 C1819D89 		.ascii	"\301\201\235\211\261qb\027'\343VF0\217\221\241\236\211"
 679      B1716217 
 679      27E35646 
 679      308F91A1 
 679      9E89
 680 0029 B19E7132 		.ascii	"\261\236q2\263&\220\373\343\350\243\206\323\214\015"
 680      B32690FB 
 680      E3E8A386 
 680      D38C0D
 681 0038 2B0E302E 		.ascii	"+\0160.af`\230\007\304P\300\006\3431\002\361\372K\254"
 681      61666098 
 681      07C450C0 
 681      06E33102 
 681      F1FA4BAC 
 682 004c 071AFEFC 		.ascii	"\007\032\376\374\357oh8\373\230\3616\023P\274\237\031"
 682      EF6F6838 
 682      FB98F136 
 682      1350BC9F 
 682      19
 683 005d 6474030B 		.ascii	"dt\003\013c\303\001\006\206\011\314L\020N#\220\363\212"
 683      63C30106 
 683      8609CC4C 
 683      104E2390 
 683      F38A
 684 006f B1E1D156 		.ascii	"\261\341\321V^\206\017\214\315\012\014-\214LK\230\031"
 684      5E860F8C 
 684      CD0A0C2D 
 684      8C4C4B98 
 684      19
 685 0080 E73103CD 		.ascii	"\3471\003\315X\302\314\304\360\211\261\351\301vV\260"
 685      58C2CCC4 
 685      F089B1E9 
 685      C17656B0 
 686 0090 F1FDCC8C 		.ascii	"\361\375\314\214\010\375\014\014\366\372\031\371\271"
ARM GAS  /tmp/cc7mRVbR.s 			page 17


 686      08FD0C0C 
 686      F6FA19F9 
 686      B9
 687 009d A9FAB989 		.ascii	"\251\372\271\211%%\372\031\211E)\345\211E\251\372\251"
 687      2525FA19 
 687      894529E5 
 687      8945A9FA 
 687      A9
 688 00ae 39A9C925 		.ascii	"9\251\311%E\371\305\251y\305\251\272\311\371ye\251E"
 688      45F9C5A9 
 688      79C5A9BA 
 688      C9F97965 
 688      A945
 689 00c0 25A945BA 		.ascii	"%\251E\272i\231E\271 \3710#}\030\223\301HOO\3379#3)"
 689      699945B9 
 689      20F93023 
 689      7D1893C1 
 689      484F4FDF 
 690 00d8 D33F583F 		.ascii	"\323?X?\277\030hD\216~R>\320\234b}'\327\240\020\177"
 690      BF186844 
 690      8E7E523E 
 690      D09C627D 
 690      27D7A010 
 691 00ed 1F977837 		.ascii	"\037\227x7C\003\343\370\320`'\210\270^2\003\000Q{Z\235"
 691      4303E3F8 
 691      D0602788 
 691      B85E3203 
 691      00517B5A 
 692              		.text
 693              		.section	.gnu.lto_boardInit.90.b9e0c6de37c57eb9,"e",%progbits
 694 0000 789C3BCA 		.ascii	"x\234;\312\300\300P\002\304\312@\314\310\314\3008ib"
 694      C0C05002 
 694      C4CA40CC 
 694      C8CCC038 
 694      6962
 695 0012 17134343 		.ascii	"\027\023CCC\203\003;\023c\343\304.N\306\255\214`\036"
 695      4383033B 
 695      1363E3C4 
 695      2E4EC6AD 
 695      8C601E
 696 0025 23433D13 		.ascii	"#C=\023c=\343dfM \367\307\321G\015g\031\033V\034`\\"
 696      633DE364 
 696      664D20F7 
 696      C7D1470D 
 696      67191B56 
 697 003c C2CCC030 		.ascii	"\302\314\3000\017\210\241\200\015\306c\004\342\365\227"
 697      0F88A180 
 697      0DC66304 
 697      E2F597
 698 004b 580F34FC 		.ascii	"X\0174\374\371\337\337\320\360\365\021\343k&\240x?3"
 698      F9DFDFD0 
 698      F0F511E3 
 698      6B26A078 
 698      3F33
 699 005d C8E80616 		.ascii	"\310\350\006\026\306\206\003\014\014\023\230\231 \234"
 699      C686030C 
 699      0C139899 
ARM GAS  /tmp/cc7mRVbR.s 			page 18


 699      209C
 700 006b 4620E715 		.ascii	"F \347\025c\303\243\253\242\014\357\030\017}Z!2\207"
 700      63C3A3AB 
 700      A20CEF18 
 700      0F7D5A21 
 700      3287
 701 007d 997112F3 		.ascii	"\231q\022\363\022fFF\0068\253\241\241\245\201\005\310"
 701      12664646 
 701      0638ABA1 
 701      A1A58105 
 701      C8
 702 008e 5B0672CD 		.ascii	"[\006r\315\013\236%\314L\214\333\031\031\26712\030,"
 702      0B9E25CC 
 702      4C8CDB19 
 702      19B73132 
 702      182C
 703 00a0 6C68E058 		.ascii	"lh\340X\302\314\314\270\203q.\310f\220rf\220\"\001\206"
 703      C2CCCCB8 
 703      83712EC8 
 703      66907266 
 703      90220186 
 704 00b4 4F8C4D0F 		.ascii	"O\214M\017\256\263\202\335\325\017\026\202Z\314\300"
 704      AEB382DD 
 704      D50F1682 
 704      5ACCC0
 705 00c3 60AF9F91 		.ascii	"`\257\237\221\237\233\252\237\233XR\242\237\221X\224"
 705      9F9BAA9F 
 705      9B5852A2 
 705      9F915894 
 706 00d3 529E5894 		.ascii	"R\236X\224\252\237\232\223\232\\R\224_\234\232W\234"
 706      AA9F9A93 
 706      9A5C5294 
 706      5F9C9A57 
 706      9C
 707 00e4 AA9B9C9F 		.ascii	"\252\233\234\237W\226ZT\222Z\244\233\226Y\224\013\222"
 707      57965A54 
 707      925AA49B 
 707      9659940B 
 707      92
 708 00f5 0F33D287 		.ascii	"\0173\322\2071\031\214\364\364\364\23532\2232\375\203"
 708      31198CF4 
 708      F4F49D33 
 708      329332FD 
 708      83
 709 0106 F5F38B81 		.ascii	"\365\363\213\201F\344\350'\345\003\315)\326wr\015\012"
 709      46E4E827 
 709      E503CD29 
 709      D677720D 
 709      0A
 710 0117 F1F77189 		.ascii	"\361\367q\211w340\216\017\015v\202\210\353%3\000\000"
 710      77333430 
 710      8E0F0D76 
 710      8288EB25 
 710      330000
 711 012a E9D96CEE 		.ascii	"\351\331l\356"
 712              		.text
 713              		.section	.gnu.lto_.symbol_nodes.b9e0c6de37c57eb9,"e",%progbits
ARM GAS  /tmp/cc7mRVbR.s 			page 19


 714 0000 789CCB66 		.ascii	"x\234\313f\000\002\246\233\014\365\014\015@\300\302"
 714      0002A69B 
 714      0CF50C0D 
 714      40C0C2
 715 000f 38E11C03 		.ascii	"8\341\034\003\220\315\260\253\241\221\221\201\221\001"
 715      90CDB0AB 
 715      A1919181 
 715      9101
 716 001d 2C798BA1 		.ascii	",y\213\241\236\021\227$\353\015\006\206F' \203\3616"
 716      9E119724 
 716      EB0D0686 
 716      46272083 
 716      F136
 717 002f 433DD37F 		.ascii	"C=\323\177(\220\007\253d\000\031\011R\306\314\300\014"
 717      289007AB 
 717      64001909 
 717      52C6CCC0 
 717      0C
 718 0040 D1EFC200 		.ascii	"\321\357\302\000\000V\330\036\243"
 718      0056D81E 
 718      A3
 719              		.text
 720              		.section	.gnu.lto_.refs.b9e0c6de37c57eb9,"e",%progbits
 721 0000 789C6364 		.ascii	"x\234cd\000\002\000\000\012\000\002"
 721      00020000 
 721      0A0002
 722              		.text
 723              		.section	.gnu.lto_.decls.b9e0c6de37c57eb9,"e",%progbits
 724 0000 789C9553 		.ascii	"x\234\225SkL\024W\024\276g\356\262;\214\253\240bm\372"
 724      6B4C1457 
 724      14BE67EE 
 724      B23B8CAB 
 724      A0626DFA 
 725 0014 C3104303 		.ascii	"\303\020C\003\177`d\211\2324m\012\3620\304\027\0015"
 725      7F606489 
 725      9A346D0A 
 725      F230C417 
 725      0135
 726 0026 4DFF6C16 		.ascii	"M\377l\026f\021R\226%\313j\361G\223\353\243\305Vi\211"
 726      66115296 
 726      25CB6AF1 
 726      4793EBA3 
 726      C5566989 
 727 003a 3529515A 		.ascii	"5)QZi\211\255i\254\256I\265(U)\276\326W\325\372\002"
 727      6989AD69 
 727      ACAE49B5 
 727      285529BE 
 727      D657D5FA 
 728 004f A50A5865 		.ascii	"\245\012Xe\025\255\330RE\324\332s\357\3142\254\240I"
 728      15ADD852 
 728      45D4DA73 
 728      EFCC32AC 
 728      A049
 729 0061 6FE6DC7B 		.ascii	"o\346\334{\347\316\367}\347q\317\214\227\011yK\"\344"
 729      E7CEF77D 
 729      E771CF8C 
 729      9709794B 
ARM GAS  /tmp/cc7mRVbR.s 			page 20


 729      22E4
 730 0073 0E21E419 		.ascii	"\016!\344\031\016\013\256g\2119(\332\317h\373\321Z\320"
 730      0E0BAE67 
 730      893928DA 
 730      CF68FBD1 
 730      5AD0
 731 0085 00ED2689 		.ascii	"\000\355&\211\034\247@\307%\242\265\241\335@CYr\001"
 731      1CA740C7 
 731      25A2B5A1 
 731      DD404359 
 731      7201
 732 0097 ED22DA39 		.ascii	"\355\"\3329\264N\264\253h\327\321\272\321\272\310\350"
 732      B44EB4AB 
 732      68D7D1BA 
 732      D1BAC8E8 
 733 00a7 63B9A155 		.ascii	"c\271\241U\202\326\203\326l\234KF\034-\243p>@\216\305"
 733      82D683D6 
 733      6C9C4B46 
 733      1C2DA370 
 733      3E408EC5 
 734 00bb E03C457B 		.ascii	"\340<E{\202v\317\210u\320X\367\217\302\333D\245\366"
 734      8276CF88 
 734      75D058F7 
 734      8FC2DB44 
 734      A5F6
 735 00cd 93DF6F8E 		.ascii	"\223\337o\216\272\001D\342\022\032\000\264\315\300I"
 735      BA0144E2 
 735      121A00B4 
 735      CDC049
 736 00dc 21EF5212 		.ascii	"!\357R\022\307$&Y5*)T\241\232\022\204)I\3754]\226\222"
 736      C7242659 
 736      352A2954 
 736      A19A1284 
 736      2949FD34 
 737 00f3 621479EB 		.ascii	"b\024y\353A\210U\242dI\012\3314%i\020\266I\015\326\370"
 737      418855A2 
 737      64490AD9 
 737      34256910 
 737      B6490DD6 
 738 0108 7466D1D6 		.ascii	"tf\321\326M\012\331\230T;?.-\035\347\220-\010\032\262"
 738      4D0AD998 
 738      543B3F2E 
 738      2D1DE790 
 738      2D081AB2 
 739 011c F22C722C 		.ascii	"\362,r,\356B6\245\2376\324X\265S\322\232D\010\202\242"
 739      EE4236A5 
 739      9F36D458 
 739      B553D29A 
 739      440882A2 
 740 0130 39E21863 		.ascii	"9\342\030c\351\262<%\246\225\266\322\034,\233\034\330"
 740      E9B23C25 
 740      A695B6D2 
 740      1C2C9B1C 
 740      D8
 741 0141 3E4909D9 		.ascii	">I\011\331bP\"I\213\217\325\342c\202\020\245iJ\\\022"
 741      62502249 
 741      8B8FD5E2 
ARM GAS  /tmp/cc7mRVbR.s 			page 21


 741      638210A5 
 741      694A5C12 
 742 0155 C1203487 		.ascii	"\301 4\207#]RP\331\"\007\301A\301\356`]\275\223\025"
 742      235D5250 
 742      D92207C1 
 742      41C1EE60 
 742      5DBD9315 
 743 0169 50A2A7C4 		.ascii	"P\242\247\304'\021\242\221\034\011u\351\263\360\000"
 743      2711A291 
 743      1C0975E9 
 743      B3F000
 744 0178 1BFAD4CC 		.ascii	"\033\372\324\314W\200$ErHtN\310\206%\225\342\011a\026"
 744      57802445 
 744      7248744E 
 744      C8862595 
 744      E2096116 
 745 018c D96E0786 		.ascii	"\331n\007\206K\264s\216\226\347PH\310&\341\2478\013"
 745      4BB4738E 
 745      96E75048 
 745      C826E1A7 
 745      380B
 746 019e 30094CA6 		.ascii	"0\011L\246b\3052Jz\335\200?\300\037}\"\374\205\014\367"
 746      62C5324A 
 746      7ADD803F 
 746      C01F7D22 
 746      FC850CF7 
 747 01b2 22CE3912 		.ascii	"\"\3169\022\353\012\372\005\204O\207\026c\257\003t\035"
 747      EB0AFA05 
 747      844F8716 
 747      63AF0374 
 747      1D
 748 01c3 435F7075 		.ascii	"C_pu'\304\370:L\334\214\301\210#\254\023\3663,F3V\274"
 748      27C4F83A 
 748      4CDC8CC1 
 748      8823AC13 
 748      F6332C46 
 749 01da 61DD8934 		.ascii	"a\335\2114\234#x\021\201\233\222dH6\034\022\201p\333"
 749      9C237811 
 749      819B9264 
 749      48361C12 
 749      8170DB
 750 01ed 3C5AD77F 		.ascii	"<Z\327\177l\334M,\033k\213\201I\265\351\004\350k\204"
 750      6CDC4D2C 
 750      1B6B8B81 
 750      49B5E904 
 750      E86B84
 751 0200 26129589 		.ascii	"&\022\225\211\361M9\201\237tp\341\230\365\024&\200\204"
 751      F14D3981 
 751      9F7470E1 
 751      98F51426 
 751      8084
 752 0212 731CC422 		.ascii	"s\034\304\"\265\272\371\323\023\312d\004\335a,\016J"
 752      B5BAF9D3 
 752      13CA6404 
 752      DD612C0E 
 752      4A
 753 0223 602FC01E 		.ascii	"`/\300\036\356\265\031\035z\205\370\275\2437\016\217"
ARM GAS  /tmp/cc7mRVbR.s 			page 22


 753      EEB5191D 
 753      7A85F8BD 
 753      A3370E8F 
 754 0233 9D5A57C7 		.ascii	"\235ZW\307\006\332\253\037\254|\345\310*\266\225w\011"
 754      06DAAB1F 
 754      AC7CE5C8 
 754      2AB69577 
 754      09
 755 0244 22603740 		.ascii	"\"`7@\223\320\305\035\201]\000?B\341qJ{\200\363\006"
 755      93D0C51D 
 755      815D003F 
 755      42E1714A 
 755      7B80F306 
 756 0258 7BBBBA05 		.ascii	"{\273\272\005/\020jb,\0129\026\316\3317\304\3317\304"
 756      2F106A62 
 756      2C0A3916 
 756      CED937C4 
 756      D937C4
 757 026b 69A5F4BE 		.ascii	"i\245\364\276\340\034\334\265\255-zj\035c\003\033\326"
 757      E01CDCB5 
 757      AD2D7A6A 
 757      1D63031B 
 757      D6
 758 027c 37555BEB 		.ascii	"7U[\353Y\253\3049\007\2068\007\304BwID\344\361\246\310"
 758      59ABC439 
 758      07863807 
 758      C4427749 
 758      44E4F1A6 
 759 0291 A3938A97 		.ascii	"\243\223\212\227ib\266\353GD,\361\342(\236\006\015\274"
 759      6962B6EB 
 759      47442CF1 
 759      E2289E06 
 759      0DBC
 760 02a3 2C660B3D 		.ascii	",f\013=-\336\023EC\305\210\035\241\347$\036\301\235"
 760      2DDE1345 
 760      43C5881D 
 760      A1E7241E 
 760      C19D
 761 02b5 C3B74E8E 		.ascii	"\303\267N\216UZ\030\353c-\253\243\011\034\0058\201q"
 761      555A18EB 
 761      632DABA3 
 761      091C0538 
 761      8171
 762 02c7 9E06C434 		.ascii	"\236\006\3044\001\374\012p\012h\207Dh'\207\313\337\325"
 762      01FC0A70 
 762      0A688744 
 762      682787CB 
 762      DFD5
 763 02d9 AE6BB726 		.ascii	"\256k\267&LLH@\306@\335\027W\033\225z\344\331\341\014"
 763      4C4C4840 
 763      C640DD17 
 763      571B957A 
 763      E4D9E10C 
 764 02ed C06F00E7 		.ascii	"\300o\000\347\301\340\0238\316\247T\202UX\315X\213\205"
 764      C1E01338 
 764      CEA75482 
 764      5558CD58 
ARM GAS  /tmp/cc7mRVbR.s 			page 23


 764      8B85
 765 02ff C01180C3 		.ascii	"\300\021\200\303\374\354<\317\015.\000\\\0048\307\263"
 765      FCEC3CCF 
 765      0D2E005C 
 765      0438C7B3 
 766 030f 43A5C0E5 		.ascii	"C\245\300\345U\325,V\2279\033!\243\012\025\016\3510"
 766      55D52C56 
 766      97391B21 
 766      A30A150E 
 766      E930
 767 0321 21274740 		.ascii	"!'G@\216b>\365\224\347s\224ml\207\211\317\273\205K0"
 767      8E623EF5 
 767      94E77394 
 767      6D6C8789 
 767      CFBB854B 
 768 0336 D2B1A8CD 		.ascii	"\322\261\250\315\253t\007%t7\332>\264C\\\303\336\274"
 768      AB740725 
 768      7437DA3E 
 768      B4435CC3 
 768      DEBC
 769 0348 A5B75BE6 		.ascii	"\245\267[\346I&$\240P\337\223\306\371\265+(\264\001"
 769      492624A0 
 769      50DF93C6 
 769      F9B52B28 
 769      B401
 770 035a 5C01B806 		.ascii	"\\\001\270\006C\231\210\024\321\263\351\354 @+?\274"
 770      43998814 
 770      D1B3E9EC 
 770      20402B3F 
 770      BC
 771 036b 265C7502 		.ascii	"&\\u\002\\\005\270\016\320\015\320\305\035\"00\330\310"
 771      5C05B80E 
 771      D00DD0C5 
 771      1D223030 
 771      D8C8
 772 037d 441AA8D6 		.ascii	"D\032\250\326\021\241\246\206\353\025X\273e\010\362"
 772      11A1A686 
 772      EB1558BB 
 772      6508F2
 773 038c 7B04E4D0 		.ascii	"{\004\344\320PM\003kL\314\261\010L\320\014*\360\257"
 773      504D036B 
 773      4CCCB108 
 773      4CD00C2A 
 773      F0AF
 774 039e E9EB7204 		.ascii	"\351\353r\004\250]\027\242'D\311v6\336\355\031#J\326"
 774      A85D17A2 
 774      2744C976 
 774      36DEED19 
 774      234AD6
 775 03b1 322C0BF8 		.ascii	"2,\013\370\003^\224\007rv<\372\314\365z}-\033h[\273"
 775      035E9407 
 775      72763CFA 
 775      CCF57A7D 
 775      2D1B685B 
 776 03c6 277F05D2 		.ascii	"'\177\005\322\340\006\300/\002\036.\002\276\225\027"
 776      E006C02F 
 776      021E2E02 
ARM GAS  /tmp/cc7mRVbR.s 			page 24


 776      BE9517
 777 03d5 EEA5083E 		.ascii	"\356\245\010>\336\021x,\333E\2175\264\212\237\"|w=\242"
 777      DE11782C 
 777      DB458F35 
 777      B48A9F22 
 777      7C773DA2 
 778 03e9 D1E905AA 		.ascii	"\321\351\005\252_F\254hb\006\364\232q\300\331\237\337"
 778      5F46AC68 
 778      6206F49A 
 778      71C0D99F 
 778      DF
 779 03fa 7EBCC3AE 		.ascii	"~\274\303\2560\243C\3610L\276\213A\252p\007\020\263"
 779      30A343F1 
 779      304CBE8B 
 779      41AA7007 
 779      10B3
 780 040c 7DE3958F 		.ascii	"}\343\225\217a\202~\021\015\022\357\221\333\000\267"
 780      61827E11 
 780      0D12EF91 
 780      DB00B7
 781 041b 38E84F10 		.ascii	"8\350O\020@\036\363G-=gd\245\363\245\255\216\260\206"
 781      401EF347 
 781      2D3D6764 
 781      A5F3A5AD 
 781      8EB086
 782 042e F36B9AC7 		.ascii	"\363k\232\307\230Z\367Fj\321\233\330*\275T\377\345\230"
 782      985AF746 
 782      6AD19BD8 
 782      2ABD54FF 
 782      E598
 783 0440 44FB44D7 		.ascii	"D\373D\327\034xX\363\241U4M\202\331\021\177\203~#\377"
 783      1C7858F3 
 783      A155344D 
 783      82D9117F 
 783      837E23FF 
 784 0454 88D23C02 		.ascii	"\210\322<\002\030\004x\000\360\020`\200W\362k\306\232"
 784      18047800 
 784      F0106080 
 784      57F26BC6 
 784      9A
 785 0465 3A36D727 		.ascii	":6\327'\263`\013@\037@/pd\330\237\361\017\361\302}Y"
 785      B3600B40 
 785      1F402F70 
 785      64D89FF1 
 785      0FF1C27D 
 786 047a 533D8E37 		.ascii	"S=\2167!f\026\022\230p\021\214\253\354B\314W?|\"0\030"
 786      21661612 
 786      9870118C 
 786      ABEC42CC 
 786      573F7C22 
 787 0490 71FF480C 		.ascii	"q\377H\014\366\004\202\002\033k\364\337\010A\177E\200"
 787      F6048202 
 787      1B6BF4DF 
 787      08417F45 
 787      80
 788 04a1 D4B04E60 		.ascii	"\324\260N`\223\011\271?\002\302\377\264\235\026^\316"
 788      9309B93F 
ARM GAS  /tmp/cc7mRVbR.s 			page 25


 788      02C2FFB4 
 788      9D165ECE 
 789 04b1 E0B71B2E 		.ascii	"\340\267\033.GM|>Ux\014/J\0269\327/\255<o3;\341\211"
 789      474D7C3E 
 789      55780C2F 
 789      4A1639D7 
 789      2FAD3C6F 
 790 04c9 A9FD9423 		.ascii	"\251\375\224#h\352\014\"\273|\236e3\223=D)\362\372\374"
 790      68EA0C22 
 790      BB7C9E65 
 790      33933D44 
 790      29F2FAFC 
 791 04dd EEAA644F 		.ascii	"\356\252dO\032\261;\235n\227\257l\271\263\264\274\324"
 791      1AB13B9D 
 791      6E97AF6C 
 791      B9B3B4BC 
 791      D4
 792 04ee 9F9A92A2 		.ascii	"\237\232\222\242f\226\224\026\226.(P\275\225j\211\253"
 792      66969416 
 792      962E2850 
 792      BD956A89 
 792      AB
 793 04ff 4C2DF4BA 		.ascii	"L-\364\272|Z\245:+;\177\341\202\271Y\316\234\324ii\316"
 793      7C5AA53A 
 793      2B3B7FE1 
 793      82B959CE 
 793      9CD46969 
 794 0514 4505B3F4 		.ascii	"E\005\263\364\363\224\"y\366\374E\361\231\2513\311x"
 794      F3942279 
 794      F6FC45F1 
 794      99A933C9 
 794      78
 795 0525 E320657A 		.ascii	"\343 ez\232\346pM\237VL\336VK\274\036\267\352q\371\375"
 795      9AE6704D 
 795      9F564CDE 
 795      564BBC1E 
 795      B7EA71F9 
 796 053a A8E4D3DE 		.ascii	"\250\344\323\336w\371\334\252\273\314]\344\367y+\335"
 796      77F9DCAA 
 796      BBCC5DE4 
 796      F7792BDD 
 797 054a E595EEE4 		.ascii	"\345\225\356\344\"o\37127\006\342K..\365y\370\367\305"
 797      226FF932 
 797      3706E24B 
 797      2E2EF579 
 797      F8F7C5
 798 055d 0E35BC25 		.ascii	"\0165\274%\216\377\035\014\211\026\233\\\314$\266\322"
 798      8EFF1D0C 
 798      89169B5C 
 798      CC24B6D2 
 799 056d EF497338 		.ascii	"\357Is8\213\312\274E\357\211\324FQ\253\300\"T\252\005"
 799      8BCABC45 
 799      EF89D446 
 799      51ABC022 
 799      54AA05
 800 0580 0BE7A539 		.ascii	"\013\347\2459\3649'\265\252\212\177q\226\225i)%dB\005"
 800      F43927B5 
ARM GAS  /tmp/cc7mRVbR.s 			page 26


 800      AA8A7F71 
 800      96956929 
 800      25644205 
 801 0594 6E3577B1 		.ascii	"n5w\261ki\231\337\211\261\026\227.\261\346ee\271\374"
 801      6B6999DF 
 801      89B11697 
 801      2EB1E665 
 801      65B9FC
 802 05a7 2E5AE42B 		.ascii	".Z\344+\223\227\226\226\373\321\205\237z5\037\036\224"
 802      93979696 
 802      FBD1859F 
 802      7A351F1E 
 802      94
 803 05b8 CC7CB987 		.ascii	"\314|\271\207\271s\263\324\331y\271\013\226\245\012"
 803      B973B3D4 
 803      D979B90B 
 803      96A50A
 804 05c7 1715A61B 		.ascii	"\027\025\246\033=\324%\025\245^g\245\333\277\264\302"
 804      3DD42515 
 804      A55E67A5 
 804      DBBFB4C2 
 805 05d7 E9B7E665 		.ascii	"\351\267\346er7\326\274Y\372\222\241/\331|\211\316\313"
 805      7237D6BC 
 805      59FA92A1 
 805      2FD97C89 
 805      CECB
 806 05e9 989B2982 		.ascii	"\230\233)\202\211\316\317.\310\316_\234\2355\315\232"
 806      89CECF2E 
 806      C8CE5F9C 
 806      9D35CD9A 
 807 05f9 FDCEC2DC 		.ascii	"\375\316\302\334\314|\313\274\214\274|K\366\342\314"
 807      CC7CCBBC 
 807      8CBC7C4B 
 807      F6E2CC
 808 0608 FC28BE73 		.ascii	"\374(\276s\274\021\031Q\221\327\343\361\226\253\356"
 808      BC111951 
 808      91D7E3F1 
 808      96ABEE
 809 0617 2ABF9A39 		.ascii	"*\277\2329\257 \267\000\003\033\226\267\210\242\030"
 809      AF20B700 
 809      031B96B7 
 809      88A218
 810 0626 2B5A5588 		.ascii	"+ZU\210A\3313rr\0278\027.\257pg\271\213\377\003\343"
 810      41D93372 
 810      72173817 
 810      2EAF7067 
 810      B98BFF03 
 811 063b 6D05D0   		.ascii	"m\005\320"
 812              		.text
 813              		.section	.gnu.lto_.symtab.b9e0c6de37c57eb9,"e",%progbits
 814 0000 5F5F6561 		.ascii	"__early_init\000"
 814      726C795F 
 814      696E6974 
 814      00
 815 000d 00       		.ascii	"\000"
 816 000e 00       		.ascii	"\000"
 817 000f 00       		.ascii	"\000"
ARM GAS  /tmp/cc7mRVbR.s 			page 27


 818 0010 00000000 		.ascii	"\000\000\000\000\000\000\000\000"
 818      00000000 
 819 0018 BC000000 		.ascii	"\274\000\000\000"
 820 001c 626F6172 		.ascii	"boardInit\000"
 820      64496E69 
 820      7400
 821 0026 00       		.ascii	"\000"
 822 0027 00       		.ascii	"\000"
 823 0028 00       		.ascii	"\000"
 824 0029 00000000 		.ascii	"\000\000\000\000\000\000\000\000"
 824      00000000 
 825 0031 BE000000 		.ascii	"\276\000\000\000"
 826 0035 70616C5F 		.ascii	"pal_default_config\000"
 826      64656661 
 826      756C745F 
 826      636F6E66 
 826      696700
 827 0048 00       		.ascii	"\000"
 828 0049 00       		.ascii	"\000"
 829 004a 00       		.ascii	"\000"
 830 004b 00000000 		.ascii	"\000\000\000\000\000\000\000\000"
 830      00000000 
 831 0053 E6000000 		.ascii	"\346\000\000\000"
 832 0057 73746D33 		.ascii	"stm32_clock_init\000"
 832      325F636C 
 832      6F636B5F 
 832      696E6974 
 832      00
 833 0068 00       		.ascii	"\000"
 834 0069 02       		.ascii	"\002"
 835 006a 00       		.ascii	"\000"
 836 006b 00000000 		.ascii	"\000\000\000\000\000\000\000\000"
 836      00000000 
 837 0073 C0000000 		.ascii	"\300\000\000\000"
 838              		.text
 839              		.section	.gnu.lto_.ext_symtab.b9e0c6de37c57eb9,"e",%progbits
 840 0000 01       		.ascii	"\001"
 841 0001 01       		.ascii	"\001"
 842 0002 00       		.ascii	"\000"
 843 0003 01       		.ascii	"\001"
 844 0004 00       		.ascii	"\000"
 845 0005 02       		.ascii	"\002"
 846 0006 00       		.ascii	"\000"
 847 0007 01       		.ascii	"\001"
 848 0008 00       		.ascii	"\000"
 849              		.text
 850              		.section	.gnu.lto_.opts,"e",%progbits
 851 0000 272D666E 		.ascii	"'-fno-openmp' '-fno-openacc' '-fno-pie' '-fcf-prote"
 851      6F2D6F70 
 851      656E6D70 
 851      2720272D 
 851      666E6F2D 
 852 0033 6374696F 		.ascii	"ction=none' '-g' '-mcpu=cortex-m3' '-mno-thumb-inte"
 852      6E3D6E6F 
 852      6E652720 
 852      272D6727 
 852      20272D6D 
ARM GAS  /tmp/cc7mRVbR.s 			page 28


 853 0066 72776F72 		.ascii	"rwork' '-mthumb' '-mfloat-abi=soft' '-march=armv7-m"
 853      6B272027 
 853      2D6D7468 
 853      756D6227 
 853      20272D6D 
 854 0099 2720272D 		.ascii	"' '-Os' '-fomit-frame-pointer' '-falign-functions=1"
 854      4F732720 
 854      272D666F 
 854      6D69742D 
 854      6672616D 
 855 00cc 36272027 		.ascii	"6' '-ffunction-sections' '-fdata-sections' '-fno-co"
 855      2D666675 
 855      6E637469 
 855      6F6E2D73 
 855      65637469 
 856 00ff 6D6D6F6E 		.ascii	"mmon' '-flto' '-Xassembler' '-alms=build/lst/board."
 856      2720272D 
 856      666C746F 
 856      2720272D 
 856      58617373 
 857 0132 6C737427 		.ascii	"lst'\000"
 857      00
 858              		.text
 859              		.comm	__gnu_lto_slim,1,1
 860              		.ident	"GCC: (GNU Arm Embedded Toolchain 10-2020-q4-major) 10.2.1 20201103 (release)"
ARM GAS  /tmp/cc7mRVbR.s 			page 29


DEFINED SYMBOLS
                            *ABS*:0000000000000000 board.c
     /tmp/cc7mRVbR.s:22     .gnu.debuglto_.debug_info:0000000000000000 board.c.53d2a50f
                            *COM*:0000000000000001 __gnu_lto_slim

NO UNDEFINED SYMBOLS
