ARM GAS  /tmp/cc5aMSzD.s 			page 1


   1              		.cpu cortex-m3
   2              		.eabi_attribute 20, 1
   3              		.eabi_attribute 21, 1
   4              		.eabi_attribute 23, 3
   5              		.eabi_attribute 24, 1
   6              		.eabi_attribute 25, 1
   7              		.eabi_attribute 26, 1
   8              		.eabi_attribute 30, 4
   9              		.eabi_attribute 34, 1
  10              		.eabi_attribute 18, 4
  11              		.file	"cmdgpio.c"
  12              		.file 1 "/home/matt/gcc-arm-none-eabi-10-2020-q4-major/arm-none-eabi/include/machine/_default_type
  13              		.file 2 "/home/matt/gcc-arm-none-eabi-10-2020-q4-major/arm-none-eabi/include/sys/_stdint.h"
  14              		.file 3 "/home/matt/gcc-arm-none-eabi-10-2020-q4-major/lib/gcc/arm-none-eabi/10.2.1/include/stddef
  15              		.file 4 "../FreeRTOS/include/osal_ch.h"
  16              		.file 5 "../ChibiOS/os/hal/include/hal_streams.h"
  17              		.file 6 "shell/cmdgpio.c"
  18              		.section	.gnu.debuglto_.debug_info,"e",%progbits
  19              	.Ldebug_info0:
  20              		.hidden	cmdgpio.c.b693006b
  21              		.weak	cmdgpio.c.b693006b
  22              	cmdgpio.c.b693006b:
  23 0000 51020000 		.4byte	0x251
  24 0004 0400     		.2byte	0x4
  25 0006 00000000 		.4byte	.Ldebug_abbrev0
  26 000a 04       		.byte	0x4
  27 000b 01       		.uleb128 0x1
  28 000c BE000000 		.4byte	.LASF28
  29 0010 0C       		.byte	0xc
  30 0011 C1010000 		.4byte	.LASF29
  31 0015 20000000 		.4byte	.LASF30
  32 0019 00000000 		.4byte	.Ldebug_line0
  33 001d 02       		.uleb128 0x2
  34 001e 01       		.byte	0x1
  35 001f 06       		.byte	0x6
  36 0020 41020000 		.4byte	.LASF0
  37 0024 03       		.uleb128 0x3
  38 0025 00000000 		.4byte	.LASF3
  39 0029 01       		.byte	0x1
  40 002a 2B       		.byte	0x2b
  41 002b 18       		.byte	0x18
  42 002c 30000000 		.4byte	0x30
  43 0030 02       		.uleb128 0x2
  44 0031 01       		.byte	0x1
  45 0032 08       		.byte	0x8
  46 0033 90000000 		.4byte	.LASF1
  47 0037 02       		.uleb128 0x2
  48 0038 02       		.byte	0x2
  49 0039 05       		.byte	0x5
  50 003a 14020000 		.4byte	.LASF2
  51 003e 03       		.uleb128 0x3
  52 003f A4010000 		.4byte	.LASF4
  53 0043 01       		.byte	0x1
  54 0044 39       		.byte	0x39
  55 0045 19       		.byte	0x19
  56 0046 4A000000 		.4byte	0x4a
  57 004a 02       		.uleb128 0x2
ARM GAS  /tmp/cc5aMSzD.s 			page 2


  58 004b 02       		.byte	0x2
  59 004c 07       		.byte	0x7
  60 004d A5000000 		.4byte	.LASF5
  61 0051 03       		.uleb128 0x3
  62 0052 11000000 		.4byte	.LASF6
  63 0056 01       		.byte	0x1
  64 0057 4D       		.byte	0x4d
  65 0058 18       		.byte	0x18
  66 0059 5D000000 		.4byte	0x5d
  67 005d 02       		.uleb128 0x2
  68 005e 04       		.byte	0x4
  69 005f 05       		.byte	0x5
  70 0060 2C020000 		.4byte	.LASF7
  71 0064 02       		.uleb128 0x2
  72 0065 04       		.byte	0x4
  73 0066 07       		.byte	0x7
  74 0067 AF010000 		.4byte	.LASF8
  75 006b 02       		.uleb128 0x2
  76 006c 08       		.byte	0x8
  77 006d 05       		.byte	0x5
  78 006e FE010000 		.4byte	.LASF9
  79 0072 02       		.uleb128 0x2
  80 0073 08       		.byte	0x8
  81 0074 07       		.byte	0x7
  82 0075 64000000 		.4byte	.LASF10
  83 0079 04       		.uleb128 0x4
  84 007a 04       		.byte	0x4
  85 007b 05       		.byte	0x5
  86 007c 696E7400 		.ascii	"int\000"
  87 0080 02       		.uleb128 0x2
  88 0081 04       		.byte	0x4
  89 0082 07       		.byte	0x7
  90 0083 D6010000 		.4byte	.LASF11
  91 0087 03       		.uleb128 0x3
  92 0088 E8010000 		.4byte	.LASF12
  93 008c 02       		.byte	0x2
  94 008d 18       		.byte	0x18
  95 008e 13       		.byte	0x13
  96 008f 24000000 		.4byte	0x24
  97 0093 05       		.uleb128 0x5
  98 0094 87000000 		.4byte	0x87
  99 0098 03       		.uleb128 0x3
 100 0099 1E020000 		.4byte	.LASF13
 101 009d 02       		.byte	0x2
 102 009e 24       		.byte	0x24
 103 009f 14       		.byte	0x14
 104 00a0 3E000000 		.4byte	0x3e
 105 00a4 03       		.uleb128 0x3
 106 00a5 F6010000 		.4byte	.LASF14
 107 00a9 02       		.byte	0x2
 108 00aa 2C       		.byte	0x2c
 109 00ab 13       		.byte	0x13
 110 00ac 51000000 		.4byte	0x51
 111 00b0 03       		.uleb128 0x3
 112 00b1 0A000000 		.4byte	.LASF15
 113 00b5 03       		.byte	0x3
 114 00b6 D1       		.byte	0xd1
ARM GAS  /tmp/cc5aMSzD.s 			page 3


 115 00b7 17       		.byte	0x17
 116 00b8 80000000 		.4byte	0x80
 117 00bc 02       		.uleb128 0x2
 118 00bd 08       		.byte	0x8
 119 00be 04       		.byte	0x4
 120 00bf 35020000 		.4byte	.LASF16
 121 00c3 06       		.uleb128 0x6
 122 00c4 04       		.byte	0x4
 123 00c5 07       		.uleb128 0x7
 124 00c6 04       		.byte	0x4
 125 00c7 87000000 		.4byte	0x87
 126 00cb 02       		.uleb128 0x2
 127 00cc 01       		.byte	0x1
 128 00cd 08       		.byte	0x8
 129 00ce E3010000 		.4byte	.LASF17
 130 00d2 03       		.uleb128 0x3
 131 00d3 F0010000 		.4byte	.LASF18
 132 00d7 04       		.byte	0x4
 133 00d8 5C       		.byte	0x5c
 134 00d9 11       		.byte	0x11
 135 00da A4000000 		.4byte	0xa4
 136 00de 08       		.uleb128 0x8
 137 00df 59020000 		.4byte	.LASF31
 138 00e3 10       		.byte	0x10
 139 00e4 05       		.byte	0x5
 140 00e5 46       		.byte	0x46
 141 00e6 08       		.byte	0x8
 142 00e7 20010000 		.4byte	0x120
 143 00eb 09       		.uleb128 0x9
 144 00ec B8000000 		.4byte	.LASF19
 145 00f0 05       		.byte	0x5
 146 00f1 47       		.byte	0x47
 147 00f2 03       		.byte	0x3
 148 00f3 44010000 		.4byte	0x144
 149 00f7 00       		.byte	0
 150 00f8 09       		.uleb128 0x9
 151 00f9 D1010000 		.4byte	.LASF20
 152 00fd 05       		.byte	0x5
 153 00fe 47       		.byte	0x47
 154 00ff 03       		.byte	0x3
 155 0100 63010000 		.4byte	0x163
 156 0104 04       		.byte	0x4
 157 0105 0A       		.uleb128 0xa
 158 0106 70757400 		.ascii	"put\000"
 159 010a 05       		.byte	0x5
 160 010b 47       		.byte	0x47
 161 010c 03       		.byte	0x3
 162 010d 7D010000 		.4byte	0x17d
 163 0111 08       		.byte	0x8
 164 0112 0A       		.uleb128 0xa
 165 0113 67657400 		.ascii	"get\000"
 166 0117 05       		.byte	0x5
 167 0118 47       		.byte	0x47
 168 0119 03       		.byte	0x3
 169 011a 92010000 		.4byte	0x192
 170 011e 0C       		.byte	0xc
 171 011f 00       		.byte	0
ARM GAS  /tmp/cc5aMSzD.s 			page 4


 172 0120 05       		.uleb128 0x5
 173 0121 DE000000 		.4byte	0xde
 174 0125 0B       		.uleb128 0xb
 175 0126 B0000000 		.4byte	0xb0
 176 012a 3E010000 		.4byte	0x13e
 177 012e 0C       		.uleb128 0xc
 178 012f C3000000 		.4byte	0xc3
 179 0133 0C       		.uleb128 0xc
 180 0134 3E010000 		.4byte	0x13e
 181 0138 0C       		.uleb128 0xc
 182 0139 B0000000 		.4byte	0xb0
 183 013d 00       		.byte	0
 184 013e 07       		.uleb128 0x7
 185 013f 04       		.byte	0x4
 186 0140 93000000 		.4byte	0x93
 187 0144 07       		.uleb128 0x7
 188 0145 04       		.byte	0x4
 189 0146 25010000 		.4byte	0x125
 190 014a 0B       		.uleb128 0xb
 191 014b B0000000 		.4byte	0xb0
 192 014f 63010000 		.4byte	0x163
 193 0153 0C       		.uleb128 0xc
 194 0154 C3000000 		.4byte	0xc3
 195 0158 0C       		.uleb128 0xc
 196 0159 C5000000 		.4byte	0xc5
 197 015d 0C       		.uleb128 0xc
 198 015e B0000000 		.4byte	0xb0
 199 0162 00       		.byte	0
 200 0163 07       		.uleb128 0x7
 201 0164 04       		.byte	0x4
 202 0165 4A010000 		.4byte	0x14a
 203 0169 0B       		.uleb128 0xb
 204 016a D2000000 		.4byte	0xd2
 205 016e 7D010000 		.4byte	0x17d
 206 0172 0C       		.uleb128 0xc
 207 0173 C3000000 		.4byte	0xc3
 208 0177 0C       		.uleb128 0xc
 209 0178 87000000 		.4byte	0x87
 210 017c 00       		.byte	0
 211 017d 07       		.uleb128 0x7
 212 017e 04       		.byte	0x4
 213 017f 69010000 		.4byte	0x169
 214 0183 0B       		.uleb128 0xb
 215 0184 D2000000 		.4byte	0xd2
 216 0188 92010000 		.4byte	0x192
 217 018c 0C       		.uleb128 0xc
 218 018d C3000000 		.4byte	0xc3
 219 0191 00       		.byte	0
 220 0192 07       		.uleb128 0x7
 221 0193 04       		.byte	0x4
 222 0194 83010000 		.4byte	0x183
 223 0198 0D       		.uleb128 0xd
 224 0199 04       		.byte	0x4
 225 019a 05       		.byte	0x5
 226 019b 4F       		.byte	0x4f
 227 019c 09       		.byte	0x9
 228 019d AF010000 		.4byte	0x1af
ARM GAS  /tmp/cc5aMSzD.s 			page 5


 229 01a1 0A       		.uleb128 0xa
 230 01a2 766D7400 		.ascii	"vmt\000"
 231 01a6 05       		.byte	0x5
 232 01a7 51       		.byte	0x51
 233 01a8 29       		.byte	0x29
 234 01a9 AF010000 		.4byte	0x1af
 235 01ad 00       		.byte	0
 236 01ae 00       		.byte	0
 237 01af 07       		.uleb128 0x7
 238 01b0 04       		.byte	0x4
 239 01b1 20010000 		.4byte	0x120
 240 01b5 03       		.uleb128 0x3
 241 01b6 7B000000 		.4byte	.LASF21
 242 01ba 05       		.byte	0x5
 243 01bb 53       		.byte	0x53
 244 01bc 03       		.byte	0x3
 245 01bd 98010000 		.4byte	0x198
 246 01c1 02       		.uleb128 0x2
 247 01c2 01       		.byte	0x1
 248 01c3 02       		.byte	0x2
 249 01c4 53020000 		.4byte	.LASF22
 250 01c8 07       		.uleb128 0x7
 251 01c9 04       		.byte	0x4
 252 01ca B5010000 		.4byte	0x1b5
 253 01ce 07       		.uleb128 0x7
 254 01cf 04       		.byte	0x4
 255 01d0 D4010000 		.4byte	0x1d4
 256 01d4 07       		.uleb128 0x7
 257 01d5 04       		.byte	0x4
 258 01d6 CB000000 		.4byte	0xcb
 259 01da 0E       		.uleb128 0xe
 260 01db 0C020000 		.4byte	.LASF32
 261 01df 06       		.byte	0x6
 262 01e0 31       		.byte	0x31
 263 01e1 06       		.byte	0x6
 264 01e2 3F020000 		.4byte	0x23f
 265 01e6 0F       		.uleb128 0xf
 266 01e7 5F000000 		.4byte	.LASF23
 267 01eb 06       		.byte	0x6
 268 01ec 31       		.byte	0x31
 269 01ed 14       		.byte	0x14
 270 01ee C3000000 		.4byte	0xc3
 271 01f2 10       		.uleb128 0x10
 272 01f3 63687000 		.ascii	"chp\000"
 273 01f7 06       		.byte	0x6
 274 01f8 31       		.byte	0x31
 275 01f9 30       		.byte	0x30
 276 01fa C8010000 		.4byte	0x1c8
 277 01fe 0F       		.uleb128 0xf
 278 01ff 27020000 		.4byte	.LASF24
 279 0203 06       		.byte	0x6
 280 0204 31       		.byte	0x31
 281 0205 39       		.byte	0x39
 282 0206 79000000 		.4byte	0x79
 283 020a 0F       		.uleb128 0xf
 284 020b 1B000000 		.4byte	.LASF25
 285 020f 06       		.byte	0x6
ARM GAS  /tmp/cc5aMSzD.s 			page 6


 286 0210 31       		.byte	0x31
 287 0211 45       		.byte	0x45
 288 0212 CE010000 		.4byte	0x1ce
 289 0216 11       		.uleb128 0x11
 290 0217 12       		.uleb128 0x12
 291 0218 9E000000 		.4byte	.LASF26
 292 021c 06       		.byte	0x6
 293 021d 41       		.byte	0x41
 294 021e 11       		.byte	0x11
 295 021f 87000000 		.4byte	0x87
 296 0223 11       		.uleb128 0x11
 297 0224 12       		.uleb128 0x12
 298 0225 4D020000 		.4byte	.LASF27
 299 0229 06       		.byte	0x6
 300 022a 4B       		.byte	0x4b
 301 022b 15       		.byte	0x15
 302 022c 87000000 		.4byte	0x87
 303 0230 13       		.uleb128 0x13
 304 0231 70696E00 		.ascii	"pin\000"
 305 0235 06       		.byte	0x6
 306 0236 4C       		.byte	0x4c
 307 0237 16       		.byte	0x16
 308 0238 98000000 		.4byte	0x98
 309 023c 00       		.byte	0
 310 023d 00       		.byte	0
 311 023e 00       		.byte	0
 312 023f 14       		.uleb128 0x14
 313 0240 97010000 		.4byte	.LASF33
 314 0244 06       		.byte	0x6
 315 0245 24       		.byte	0x24
 316 0246 0D       		.byte	0xd
 317 0247 10       		.uleb128 0x10
 318 0248 63687000 		.ascii	"chp\000"
 319 024c 06       		.byte	0x6
 320 024d 24       		.byte	0x24
 321 024e 30       		.byte	0x30
 322 024f C8010000 		.4byte	0x1c8
 323 0253 00       		.byte	0
 324 0254 00       		.byte	0
 325              		.section	.gnu.debuglto_.debug_abbrev,"e",%progbits
 326              	.Ldebug_abbrev0:
 327 0000 01       		.uleb128 0x1
 328 0001 11       		.uleb128 0x11
 329 0002 01       		.byte	0x1
 330 0003 25       		.uleb128 0x25
 331 0004 0E       		.uleb128 0xe
 332 0005 13       		.uleb128 0x13
 333 0006 0B       		.uleb128 0xb
 334 0007 03       		.uleb128 0x3
 335 0008 0E       		.uleb128 0xe
 336 0009 1B       		.uleb128 0x1b
 337 000a 0E       		.uleb128 0xe
 338 000b 10       		.uleb128 0x10
 339 000c 17       		.uleb128 0x17
 340 000d 00       		.byte	0
 341 000e 00       		.byte	0
 342 000f 02       		.uleb128 0x2
ARM GAS  /tmp/cc5aMSzD.s 			page 7


 343 0010 24       		.uleb128 0x24
 344 0011 00       		.byte	0
 345 0012 0B       		.uleb128 0xb
 346 0013 0B       		.uleb128 0xb
 347 0014 3E       		.uleb128 0x3e
 348 0015 0B       		.uleb128 0xb
 349 0016 03       		.uleb128 0x3
 350 0017 0E       		.uleb128 0xe
 351 0018 00       		.byte	0
 352 0019 00       		.byte	0
 353 001a 03       		.uleb128 0x3
 354 001b 16       		.uleb128 0x16
 355 001c 00       		.byte	0
 356 001d 03       		.uleb128 0x3
 357 001e 0E       		.uleb128 0xe
 358 001f 3A       		.uleb128 0x3a
 359 0020 0B       		.uleb128 0xb
 360 0021 3B       		.uleb128 0x3b
 361 0022 0B       		.uleb128 0xb
 362 0023 39       		.uleb128 0x39
 363 0024 0B       		.uleb128 0xb
 364 0025 49       		.uleb128 0x49
 365 0026 13       		.uleb128 0x13
 366 0027 00       		.byte	0
 367 0028 00       		.byte	0
 368 0029 04       		.uleb128 0x4
 369 002a 24       		.uleb128 0x24
 370 002b 00       		.byte	0
 371 002c 0B       		.uleb128 0xb
 372 002d 0B       		.uleb128 0xb
 373 002e 3E       		.uleb128 0x3e
 374 002f 0B       		.uleb128 0xb
 375 0030 03       		.uleb128 0x3
 376 0031 08       		.uleb128 0x8
 377 0032 00       		.byte	0
 378 0033 00       		.byte	0
 379 0034 05       		.uleb128 0x5
 380 0035 26       		.uleb128 0x26
 381 0036 00       		.byte	0
 382 0037 49       		.uleb128 0x49
 383 0038 13       		.uleb128 0x13
 384 0039 00       		.byte	0
 385 003a 00       		.byte	0
 386 003b 06       		.uleb128 0x6
 387 003c 0F       		.uleb128 0xf
 388 003d 00       		.byte	0
 389 003e 0B       		.uleb128 0xb
 390 003f 0B       		.uleb128 0xb
 391 0040 00       		.byte	0
 392 0041 00       		.byte	0
 393 0042 07       		.uleb128 0x7
 394 0043 0F       		.uleb128 0xf
 395 0044 00       		.byte	0
 396 0045 0B       		.uleb128 0xb
 397 0046 0B       		.uleb128 0xb
 398 0047 49       		.uleb128 0x49
 399 0048 13       		.uleb128 0x13
ARM GAS  /tmp/cc5aMSzD.s 			page 8


 400 0049 00       		.byte	0
 401 004a 00       		.byte	0
 402 004b 08       		.uleb128 0x8
 403 004c 13       		.uleb128 0x13
 404 004d 01       		.byte	0x1
 405 004e 03       		.uleb128 0x3
 406 004f 0E       		.uleb128 0xe
 407 0050 0B       		.uleb128 0xb
 408 0051 0B       		.uleb128 0xb
 409 0052 3A       		.uleb128 0x3a
 410 0053 0B       		.uleb128 0xb
 411 0054 3B       		.uleb128 0x3b
 412 0055 0B       		.uleb128 0xb
 413 0056 39       		.uleb128 0x39
 414 0057 0B       		.uleb128 0xb
 415 0058 01       		.uleb128 0x1
 416 0059 13       		.uleb128 0x13
 417 005a 00       		.byte	0
 418 005b 00       		.byte	0
 419 005c 09       		.uleb128 0x9
 420 005d 0D       		.uleb128 0xd
 421 005e 00       		.byte	0
 422 005f 03       		.uleb128 0x3
 423 0060 0E       		.uleb128 0xe
 424 0061 3A       		.uleb128 0x3a
 425 0062 0B       		.uleb128 0xb
 426 0063 3B       		.uleb128 0x3b
 427 0064 0B       		.uleb128 0xb
 428 0065 39       		.uleb128 0x39
 429 0066 0B       		.uleb128 0xb
 430 0067 49       		.uleb128 0x49
 431 0068 13       		.uleb128 0x13
 432 0069 38       		.uleb128 0x38
 433 006a 0B       		.uleb128 0xb
 434 006b 00       		.byte	0
 435 006c 00       		.byte	0
 436 006d 0A       		.uleb128 0xa
 437 006e 0D       		.uleb128 0xd
 438 006f 00       		.byte	0
 439 0070 03       		.uleb128 0x3
 440 0071 08       		.uleb128 0x8
 441 0072 3A       		.uleb128 0x3a
 442 0073 0B       		.uleb128 0xb
 443 0074 3B       		.uleb128 0x3b
 444 0075 0B       		.uleb128 0xb
 445 0076 39       		.uleb128 0x39
 446 0077 0B       		.uleb128 0xb
 447 0078 49       		.uleb128 0x49
 448 0079 13       		.uleb128 0x13
 449 007a 38       		.uleb128 0x38
 450 007b 0B       		.uleb128 0xb
 451 007c 00       		.byte	0
 452 007d 00       		.byte	0
 453 007e 0B       		.uleb128 0xb
 454 007f 15       		.uleb128 0x15
 455 0080 01       		.byte	0x1
 456 0081 27       		.uleb128 0x27
ARM GAS  /tmp/cc5aMSzD.s 			page 9


 457 0082 19       		.uleb128 0x19
 458 0083 49       		.uleb128 0x49
 459 0084 13       		.uleb128 0x13
 460 0085 01       		.uleb128 0x1
 461 0086 13       		.uleb128 0x13
 462 0087 00       		.byte	0
 463 0088 00       		.byte	0
 464 0089 0C       		.uleb128 0xc
 465 008a 05       		.uleb128 0x5
 466 008b 00       		.byte	0
 467 008c 49       		.uleb128 0x49
 468 008d 13       		.uleb128 0x13
 469 008e 00       		.byte	0
 470 008f 00       		.byte	0
 471 0090 0D       		.uleb128 0xd
 472 0091 13       		.uleb128 0x13
 473 0092 01       		.byte	0x1
 474 0093 0B       		.uleb128 0xb
 475 0094 0B       		.uleb128 0xb
 476 0095 3A       		.uleb128 0x3a
 477 0096 0B       		.uleb128 0xb
 478 0097 3B       		.uleb128 0x3b
 479 0098 0B       		.uleb128 0xb
 480 0099 39       		.uleb128 0x39
 481 009a 0B       		.uleb128 0xb
 482 009b 01       		.uleb128 0x1
 483 009c 13       		.uleb128 0x13
 484 009d 00       		.byte	0
 485 009e 00       		.byte	0
 486 009f 0E       		.uleb128 0xe
 487 00a0 2E       		.uleb128 0x2e
 488 00a1 01       		.byte	0x1
 489 00a2 3F       		.uleb128 0x3f
 490 00a3 19       		.uleb128 0x19
 491 00a4 03       		.uleb128 0x3
 492 00a5 0E       		.uleb128 0xe
 493 00a6 3A       		.uleb128 0x3a
 494 00a7 0B       		.uleb128 0xb
 495 00a8 3B       		.uleb128 0x3b
 496 00a9 0B       		.uleb128 0xb
 497 00aa 39       		.uleb128 0x39
 498 00ab 0B       		.uleb128 0xb
 499 00ac 27       		.uleb128 0x27
 500 00ad 19       		.uleb128 0x19
 501 00ae 01       		.uleb128 0x1
 502 00af 13       		.uleb128 0x13
 503 00b0 00       		.byte	0
 504 00b1 00       		.byte	0
 505 00b2 0F       		.uleb128 0xf
 506 00b3 05       		.uleb128 0x5
 507 00b4 00       		.byte	0
 508 00b5 03       		.uleb128 0x3
 509 00b6 0E       		.uleb128 0xe
 510 00b7 3A       		.uleb128 0x3a
 511 00b8 0B       		.uleb128 0xb
 512 00b9 3B       		.uleb128 0x3b
 513 00ba 0B       		.uleb128 0xb
ARM GAS  /tmp/cc5aMSzD.s 			page 10


 514 00bb 39       		.uleb128 0x39
 515 00bc 0B       		.uleb128 0xb
 516 00bd 49       		.uleb128 0x49
 517 00be 13       		.uleb128 0x13
 518 00bf 00       		.byte	0
 519 00c0 00       		.byte	0
 520 00c1 10       		.uleb128 0x10
 521 00c2 05       		.uleb128 0x5
 522 00c3 00       		.byte	0
 523 00c4 03       		.uleb128 0x3
 524 00c5 08       		.uleb128 0x8
 525 00c6 3A       		.uleb128 0x3a
 526 00c7 0B       		.uleb128 0xb
 527 00c8 3B       		.uleb128 0x3b
 528 00c9 0B       		.uleb128 0xb
 529 00ca 39       		.uleb128 0x39
 530 00cb 0B       		.uleb128 0xb
 531 00cc 49       		.uleb128 0x49
 532 00cd 13       		.uleb128 0x13
 533 00ce 00       		.byte	0
 534 00cf 00       		.byte	0
 535 00d0 11       		.uleb128 0x11
 536 00d1 0B       		.uleb128 0xb
 537 00d2 01       		.byte	0x1
 538 00d3 00       		.byte	0
 539 00d4 00       		.byte	0
 540 00d5 12       		.uleb128 0x12
 541 00d6 34       		.uleb128 0x34
 542 00d7 00       		.byte	0
 543 00d8 03       		.uleb128 0x3
 544 00d9 0E       		.uleb128 0xe
 545 00da 3A       		.uleb128 0x3a
 546 00db 0B       		.uleb128 0xb
 547 00dc 3B       		.uleb128 0x3b
 548 00dd 0B       		.uleb128 0xb
 549 00de 39       		.uleb128 0x39
 550 00df 0B       		.uleb128 0xb
 551 00e0 49       		.uleb128 0x49
 552 00e1 13       		.uleb128 0x13
 553 00e2 00       		.byte	0
 554 00e3 00       		.byte	0
 555 00e4 13       		.uleb128 0x13
 556 00e5 34       		.uleb128 0x34
 557 00e6 00       		.byte	0
 558 00e7 03       		.uleb128 0x3
 559 00e8 08       		.uleb128 0x8
 560 00e9 3A       		.uleb128 0x3a
 561 00ea 0B       		.uleb128 0xb
 562 00eb 3B       		.uleb128 0x3b
 563 00ec 0B       		.uleb128 0xb
 564 00ed 39       		.uleb128 0x39
 565 00ee 0B       		.uleb128 0xb
 566 00ef 49       		.uleb128 0x49
 567 00f0 13       		.uleb128 0x13
 568 00f1 00       		.byte	0
 569 00f2 00       		.byte	0
 570 00f3 14       		.uleb128 0x14
ARM GAS  /tmp/cc5aMSzD.s 			page 11


 571 00f4 2E       		.uleb128 0x2e
 572 00f5 01       		.byte	0x1
 573 00f6 03       		.uleb128 0x3
 574 00f7 0E       		.uleb128 0xe
 575 00f8 3A       		.uleb128 0x3a
 576 00f9 0B       		.uleb128 0xb
 577 00fa 3B       		.uleb128 0x3b
 578 00fb 0B       		.uleb128 0xb
 579 00fc 39       		.uleb128 0x39
 580 00fd 0B       		.uleb128 0xb
 581 00fe 27       		.uleb128 0x27
 582 00ff 19       		.uleb128 0x19
 583 0100 00       		.byte	0
 584 0101 00       		.byte	0
 585 0102 00       		.byte	0
 586              		.section	.gnu.debuglto_.debug_line,"e",%progbits
 587              	.Ldebug_line0:
 588 0000 8D010000 		.4byte	.LELT0-.LSLT0
 589              	.LSLT0:
 590 0004 0400     		.2byte	0x4
 591 0006 87010000 		.4byte	.LELTP0-.LASLTP0
 592              	.LASLTP0:
 593 000a 01       		.byte	0x1
 594 000b 01       		.byte	0x1
 595 000c 01       		.byte	0x1
 596 000d F6       		.byte	0xf6
 597 000e F2       		.byte	0xf2
 598 000f 0D       		.byte	0xd
 599 0010 00       		.byte	0
 600 0011 01       		.byte	0x1
 601 0012 01       		.byte	0x1
 602 0013 01       		.byte	0x1
 603 0014 01       		.byte	0x1
 604 0015 00       		.byte	0
 605 0016 00       		.byte	0
 606 0017 00       		.byte	0
 607 0018 01       		.byte	0x1
 608 0019 00       		.byte	0
 609 001a 00       		.byte	0
 610 001b 01       		.byte	0x1
 611 001c 2E2E2F43 		.ascii	"../ChibiOS/os/hal/include"
 611      68696269 
 611      4F532F6F 
 611      732F6861 
 611      6C2F696E 
 612 0035 00       		.byte	0
 613 0036 2E2E2F46 		.ascii	"../FreeRTOS/include"
 613      72656552 
 613      544F532F 
 613      696E636C 
 613      756465
 614 0049 00       		.byte	0
 615 004a 7368656C 		.ascii	"shell"
 615      6C
 616 004f 00       		.byte	0
 617 0050 2F686F6D 		.ascii	"/home/matt/gcc-arm-none-eabi-10-2020-q4-major/arm-n"
 617      652F6D61 
ARM GAS  /tmp/cc5aMSzD.s 			page 12


 617      74742F67 
 617      63632D61 
 617      726D2D6E 
 618 0083 6F6E652D 		.ascii	"one-eabi/include/machine"
 618      65616269 
 618      2F696E63 
 618      6C756465 
 618      2F6D6163 
 619 009b 00       		.byte	0
 620 009c 2F686F6D 		.ascii	"/home/matt/gcc-arm-none-eabi-10-2020-q4-major/arm-n"
 620      652F6D61 
 620      74742F67 
 620      63632D61 
 620      726D2D6E 
 621 00cf 6F6E652D 		.ascii	"one-eabi/include/sys"
 621      65616269 
 621      2F696E63 
 621      6C756465 
 621      2F737973 
 622 00e3 00       		.byte	0
 623 00e4 2F686F6D 		.ascii	"/home/matt/gcc-arm-none-eabi-10-2020-q4-major/lib/g"
 623      652F6D61 
 623      74742F67 
 623      63632D61 
 623      726D2D6E 
 624 0117 63632F61 		.ascii	"cc/arm-none-eabi/10.2.1/include"
 624      726D2D6E 
 624      6F6E652D 
 624      65616269 
 624      2F31302E 
 625 0136 00       		.byte	0
 626 0137 00       		.byte	0
 627 0138 5F646566 		.ascii	"_default_types.h\000"
 627      61756C74 
 627      5F747970 
 627      65732E68 
 627      00
 628 0149 04       		.uleb128 0x4
 629 014a 00       		.uleb128 0
 630 014b 00       		.uleb128 0
 631 014c 5F737464 		.ascii	"_stdint.h\000"
 631      696E742E 
 631      6800
 632 0156 05       		.uleb128 0x5
 633 0157 00       		.uleb128 0
 634 0158 00       		.uleb128 0
 635 0159 73746464 		.ascii	"stddef.h\000"
 635      65662E68 
 635      00
 636 0162 06       		.uleb128 0x6
 637 0163 00       		.uleb128 0
 638 0164 00       		.uleb128 0
 639 0165 6F73616C 		.ascii	"osal_ch.h\000"
 639      5F63682E 
 639      6800
 640 016f 02       		.uleb128 0x2
 641 0170 00       		.uleb128 0
ARM GAS  /tmp/cc5aMSzD.s 			page 13


 642 0171 00       		.uleb128 0
 643 0172 68616C5F 		.ascii	"hal_streams.h\000"
 643      73747265 
 643      616D732E 
 643      6800
 644 0180 01       		.uleb128 0x1
 645 0181 00       		.uleb128 0
 646 0182 00       		.uleb128 0
 647 0183 636D6467 		.ascii	"cmdgpio.c\000"
 647      70696F2E 
 647      6300
 648 018d 03       		.uleb128 0x3
 649 018e 00       		.uleb128 0
 650 018f 00       		.uleb128 0
 651 0190 00       		.byte	0
 652              	.LELTP0:
 653              	.LELT0:
 654              		.section	.gnu.debuglto_.debug_str,"eMS",%progbits,1
 655              	.LASF3:
 656 0000 5F5F7569 		.ascii	"__uint8_t\000"
 656      6E74385F 
 656      7400
 657              	.LASF15:
 658 000a 73697A65 		.ascii	"size_t\000"
 658      5F7400
 659              	.LASF6:
 660 0011 5F5F696E 		.ascii	"__int32_t\000"
 660      7433325F 
 660      7400
 661              	.LASF25:
 662 001b 61726776 		.ascii	"argv\000"
 662      00
 663              	.LASF30:
 664 0020 2F686F6D 		.ascii	"/home/matt/hardware/electrosense-converter-firmware"
 664      652F6D61 
 664      74742F68 
 664      61726477 
 664      6172652F 
 665 0053 56322F66 		.ascii	"V2/firmware\000"
 665      69726D77 
 665      61726500 
 666              	.LASF23:
 667 005f 75736572 		.ascii	"user\000"
 667      00
 668              	.LASF10:
 669 0064 6C6F6E67 		.ascii	"long long unsigned int\000"
 669      206C6F6E 
 669      6720756E 
 669      7369676E 
 669      65642069 
 670              	.LASF21:
 671 007b 42617365 		.ascii	"BaseSequentialStream\000"
 671      53657175 
 671      656E7469 
 671      616C5374 
 671      7265616D 
 672              	.LASF1:
ARM GAS  /tmp/cc5aMSzD.s 			page 14


 673 0090 756E7369 		.ascii	"unsigned char\000"
 673      676E6564 
 673      20636861 
 673      7200
 674              	.LASF26:
 675 009e 706F7274 		.ascii	"portId\000"
 675      496400
 676              	.LASF5:
 677 00a5 73686F72 		.ascii	"short unsigned int\000"
 677      7420756E 
 677      7369676E 
 677      65642069 
 677      6E7400
 678              	.LASF19:
 679 00b8 77726974 		.ascii	"write\000"
 679      6500
 680              	.LASF28:
 681 00be 474E5520 		.ascii	"GNU C17 10.2.1 20201103 (release) -mcpu=cortex-m3 -"
 681      43313720 
 681      31302E32 
 681      2E312032 
 681      30323031 
 682 00f1 6D6E6F2D 		.ascii	"mno-thumb-interwork -mthumb -mfloat-abi=soft -march"
 682      7468756D 
 682      622D696E 
 682      74657277 
 682      6F726B20 
 683 0124 3D61726D 		.ascii	"=armv7-m -ggdb -Os -fomit-frame-pointer -falign-fun"
 683      76372D6D 
 683      202D6767 
 683      6462202D 
 683      4F73202D 
 684 0157 6374696F 		.ascii	"ctions=16 -ffunction-sections -fdata-sections -fno-"
 684      6E733D31 
 684      36202D66 
 684      66756E63 
 684      74696F6E 
 685 018a 636F6D6D 		.ascii	"common -flto\000"
 685      6F6E202D 
 685      666C746F 
 685      00
 686              	.LASF33:
 687 0197 636D6447 		.ascii	"cmdGPIOUsage\000"
 687      50494F55 
 687      73616765 
 687      00
 688              	.LASF4:
 689 01a4 5F5F7569 		.ascii	"__uint16_t\000"
 689      6E743136 
 689      5F7400
 690              	.LASF8:
 691 01af 6C6F6E67 		.ascii	"long unsigned int\000"
 691      20756E73 
 691      69676E65 
 691      6420696E 
 691      7400
 692              	.LASF29:
ARM GAS  /tmp/cc5aMSzD.s 			page 15


 693 01c1 7368656C 		.ascii	"shell/cmdgpio.c\000"
 693      6C2F636D 
 693      64677069 
 693      6F2E6300 
 694              	.LASF20:
 695 01d1 72656164 		.ascii	"read\000"
 695      00
 696              	.LASF11:
 697 01d6 756E7369 		.ascii	"unsigned int\000"
 697      676E6564 
 697      20696E74 
 697      00
 698              	.LASF17:
 699 01e3 63686172 		.ascii	"char\000"
 699      00
 700              	.LASF12:
 701 01e8 75696E74 		.ascii	"uint8_t\000"
 701      385F7400 
 702              	.LASF18:
 703 01f0 6D73675F 		.ascii	"msg_t\000"
 703      7400
 704              	.LASF14:
 705 01f6 696E7433 		.ascii	"int32_t\000"
 705      325F7400 
 706              	.LASF9:
 707 01fe 6C6F6E67 		.ascii	"long long int\000"
 707      206C6F6E 
 707      6720696E 
 707      7400
 708              	.LASF32:
 709 020c 636D6447 		.ascii	"cmdGPIO\000"
 709      50494F00 
 710              	.LASF2:
 711 0214 73686F72 		.ascii	"short int\000"
 711      7420696E 
 711      7400
 712              	.LASF13:
 713 021e 75696E74 		.ascii	"uint16_t\000"
 713      31365F74 
 713      00
 714              	.LASF24:
 715 0227 61726763 		.ascii	"argc\000"
 715      00
 716              	.LASF7:
 717 022c 6C6F6E67 		.ascii	"long int\000"
 717      20696E74 
 717      00
 718              	.LASF16:
 719 0235 6C6F6E67 		.ascii	"long double\000"
 719      20646F75 
 719      626C6500 
 720              	.LASF0:
 721 0241 7369676E 		.ascii	"signed char\000"
 721      65642063 
 721      68617200 
 722              	.LASF27:
 723 024d 70696E49 		.ascii	"pinId\000"
ARM GAS  /tmp/cc5aMSzD.s 			page 16


 723      6400
 724              	.LASF22:
 725 0253 5F426F6F 		.ascii	"_Bool\000"
 725      6C00
 726              	.LASF31:
 727 0259 42617365 		.ascii	"BaseSequentialStreamVMT\000"
 727      53657175 
 727      656E7469 
 727      616C5374 
 727      7265616D 
 728              		.text
 729              		.section	.gnu.lto_.profile.a6f6433b08735178,"e",%progbits
 730 0000 789C6362 		.ascii	"x\234cb\000\001\000\000\022\000\003"
 730      00010000 
 730      120003
 731              		.text
 732              		.section	.gnu.lto_.icf.a6f6433b08735178,"e",%progbits
 733 0000 789CE363 		.ascii	"x\234\343c@\000&\206\247\247\227\035dd\\\322q\377 #"
 733      40002686 
 733      A7A7971D 
 733      64645CD2 
 733      71FF2023 
 734 0014 03002EAC 		.ascii	"\003\000.\254\005\367"
 734      05F7
 735              		.text
 736              		.section	.gnu.lto_.ipa_sra.a6f6433b08735178,"e",%progbits
 737 0000 789C3361 		.ascii	"x\2343ad\200\003&\006F\006\026\006vF&\306\006\026\210"
 737      64800326 
 737      06460616 
 737      06764626 
 737      C6061688 
 738 0014 0875983C 		.ascii	"\010u\230<P&#H\214\025d\005\003L\204\221\261\021(\310"
 738      50262348 
 738      8C156405 
 738      034C8491 
 738      B11128C8 
 739 0028 C80CA618 		.ascii	"\310\014\246\030\340\302P\3470\300\315`\206;\221\002"
 739      E0C250E7 
 739      30C0CD60 
 739      863B9102 
 740 0038 316CB2F8 		.ascii	"1l\262\370\325\301YPwb\0100\000\000\256\376\007\017"
 740      D5C15950 
 740      77620830 
 740      0000AEFE 
 740      070F
 741              		.text
 742              		.section	.gnu.lto_.inline.a6f6433b08735178,"e",%progbits
 743 0000 789CA58F 		.ascii	"x\234\245\217=\012\0021\024\204\347%\313\022Qa{\033"
 743      3D0A0231 
 743      1484E725 
 743      CB125161 
 743      7B1B
 744 0012 6DC54378 		.ascii	"m\305Cx\202=\203\242\205\202\202^@\262\235\345\202\026"
 744      823D83A2 
 744      8582825E 
 744      40B29DE5 
 744      8216
ARM GAS  /tmp/cc5aMSzD.s 			page 17


 745 0024 56622158 		.ascii	"Vb!XY\250G\261YP\260\022/`+\370\336\272?\026\202\305"
 745      59A847B1 
 745      5950B012 
 745      2F602BF8 
 745      DEBA3F16 
 746 003a 06927C33 		.ascii	"\006\222|3\031\310\274'![\012\250Yk\347zH\302\001\363"
 746      19C8BC27 
 746      215B0AA8 
 746      596BE77A 
 746      48C201F3 
 747 004e 0C70F9B2 		.ascii	"\014p\371\262\252\257\304\202\256H.\364\213\002\341"
 747      AAAFC482 
 747      AE482EF4 
 747      8B02E1
 748 005d 86F3FE70 		.ascii	"\206\363\376pU\003r\325h\253AM~\030\2470\021h1LS \006"
 748      550372D5 
 748      68AB414D 
 748      7E18A730 
 748      1168314C 
 749 0074 F99F6F02 		.ascii	"\371\237o\002c)\357\027d\375\234OU\264A\321bs\322]\243"
 749      6329EF17 
 749      64FD9C4F 
 749      55B441D1 
 749      6273D25D 
 750 0089 60898F54 		.ascii	"`\211\217T\212\202\023\213\236\001\343=X^\024c\333@"
 750      8A82138B 
 750      9E01E33D 
 750      585E1463 
 750      DB40
 751 009b 1F5F61A4 		.ascii	"\037_a\244;\036\307e7v\353\307J\367<\303JJ\227\201\272"
 751      3B1EC765 
 751      3776EBC7 
 751      4AF73CC3 
 751      4A4A9781 
 752 00b0 0185BE53 		.ascii	"\001\205\276S\205X\232\247\010}\031\310\213\355\204"
 752      85589AA7 
 752      087D19C8 
 752      8BED84
 753 00bf 64B82491 		.ascii	"d\270$\221\016\\\314\375\035\370\233\375B\251\2365\317"
 753      0E5CCCFD 
 753      1DF89BFD 
 753      42A99E35 
 753      CF
 754 00d0 2D472CBC 		.ascii	"-G,\274\001p\211M\010"
 754      0170894D 
 754      08
 755              		.text
 756              		.section	.gnu.lto_.jmpfuncs.a6f6433b08735178,"e",%progbits
 757 0000 789C9592 		.ascii	"x\234\225\222\261N\3030\020\206\357b\223\264\241mX\021"
 757      B14EC330 
 757      1086EF62 
 757      93B4A16D 
 757      5811
 758 0012 150A0333 		.ascii	"\025\012\0033+\352s\000K\325!\2404\212T%Q\223\254ec"
 758      2BEA7300 
 758      4BD521A0 
 758      348A5425 
ARM GAS  /tmp/cc5aMSzD.s 			page 18


 758      5193AC65 
 759 0027 60E40918 		.ascii	"`\344\011\030\"\361\004\300\010\235\330\330X\330\030"
 759      22F104C0 
 759      089DD8D8 
 759      58D818
 760 0036 5958D858 		.ascii	"YX\330X\340b#\3214vi,Y\211\357\277\377;\373\354k\016"
 760      E06223D1 
 760      3476692C 
 760      5989EFBF 
 760      FF3BFBEC 
 761 004c F0057218 		.ascii	"\360\005r\030\200\210\255\202\031\234\317h\211\217\034"
 761      8088AD82 
 761      199CCF68 
 761      898F1C
 762 005b 81E6370D 		.ascii	"\201\3467\015\007\330\036^\220\306\252a4\256X\3018\242"
 762      07D81E5E 
 762      90C6AA61 
 762      34AE58C1 
 762      38A2
 763 006d FC8898DA 		.ascii	"\374\210\230\332\275[\2727\226\335x\213x\207j\307a\351"
 763      BD5BBA37 
 763      96DD788B 
 763      78876AC7 
 763      61E9
 764 007f 309B388E 		.ascii	"0\2338\216\032\327\210\032\327\270T\267a\225\345FX,"
 764      1AD7881A 
 764      D7B854B7 
 764      6195E546 
 764      582C
 765 0091 BD056B96 		.ascii	"\275\005k\226{ai\251-H\375F\354A\301\332\234n\353\274"
 765      7B6169A9 
 765      2D48FD46 
 765      EC41C1DA 
 765      9C6EEBBC 
 766 00a5 6040D336 		.ascii	"`@\3236\370\014\227I&\305\352\033\232\013\372\246\232"
 766      F80C9749 
 766      26C5EA1B 
 766      9A0BFAA6 
 766      9A
 767 00b6 FE978EF4 		.ascii	"\376\227\216\364\"\026r\030\360\352R\334}g\301\000\325"
 767      22167218 
 767      F0EA52DC 
 767      7D67C100 
 767      D5
 768 00c7 0C59EC59 		.ascii	"\014Y\354Y\024\353jN\257$\312S\240\216\370\"\210\275"
 768      14EB6A4E 
 768      AF24CA53 
 768      A08EF822 
 768      88BD
 769 00d9 F589248A 		.ascii	"\365\211$\212\240\241#\2766\335\243\203\362\321\230"
 769      A0A123BE 
 769      36DDA383 
 769      F2D198
 770 00e8 3AE29B20 		.ascii	":\342\233 n\255A,\363\177\231\266\010\3335&]\004>\240"
 770      6EAD412C 
 770      F37F99B6 
 770      08DB3526 
ARM GAS  /tmp/cc5aMSzD.s 			page 19


 770      5D043EA0 
 771 00fc A6CDA538 		.ascii	"\246\315\2458\377\247c\357kwL\346\1774\3127\360\011"
 771      FFA763EF 
 771      6B774CE6 
 771      7F34CA37 
 771      F009
 772 010e 1776AE7A 		.ascii	"\027v\256z\207\212\032\237\253:\244b@\277\035$a\354"
 772      878A1A9F 
 772      AB3AA462 
 772      40BF1D24 
 772      61EC
 773 0120 0E93789A 		.ascii	"\016\223x\232\215\334\323<u\207qt\020\217\307\243\256"
 773      8DDCD33C 
 773      75877174 
 773      108FC7A3 
 773      AE
 774 0131 0DDB1571 		.ascii	"\015\333\025q\230\204\321\310\015\374\214\224\035\205"
 774      9884D1C8 
 774      0DFC8C94 
 774      1D85
 775 013f 7236F1BD 		.ascii	"r6\361\275\251\306\225j]a\224\344\245\326Whq\236I\321"
 775      A9C6956A 
 775      5D6194E4 
 775      A5D65768 
 775      719E49D1 
 776 0153 91629A79 		.ascii	"\221b\232yY\236\322\272}\234z\201?\240\277\316\2117"
 776      599ED2BA 
 776      7D9C7A81 
 776      3FA0BFCE 
 776      8937
 777 0165 C9FD81BB 		.ascii	"\311\375\201\273\237\323\302\024[\000N\325\300\024`"
 777      9FD3C214 
 777      5B004ED5 
 777      C01460
 778 0174 B0240338 		.ascii	"\260$\0038\035\0118\235\017,I\201\0372~\221f"
 778      1D09389D 
 778      0F2C4981 
 778      1F327E91 
 778      66
 779              		.text
 780              		.section	.gnu.lto_.pureconst.a6f6433b08735178,"e",%progbits
 781 0000 789C6367 		.ascii	"x\234cg```b\230\301\3028\223\005\000\004\247\001D"
 781      60606062 
 781      98C1C238 
 781      93050004 
 781      A70144
 782              		.text
 783              		.section	.gnu.lto_.lto.a6f6433b08735178,"e",%progbits
 784 0000 09000200 		.ascii	"\011\000\002\000\001\000\000\000"
 784      01000000 
 785              		.text
 786              		.section	.gnu.lto_cmdGPIOUsage.88.a6f6433b08735178,"e",%progbits
 787 0000 789C75D2 		.ascii	"x\234u\322\317K\024a\030\007\360\347y\237]\327q3\203"
 787      CF4B1461 
 787      1807F0E7 
 787      799F5DD7 
 787      713383
ARM GAS  /tmp/cc5aMSzD.s 			page 20


 788 0013 F4107598 		.ascii	"\364\020u\230\350\020\005:R \324\245\376\207\260\016"
 788      E810053A 
 788      5220D4A5 
 788      FE87B00E 
 789 0023 B287D9F1 		.ascii	"\262\207\331\361\335\037\264;\263\314\217<\372\032\352"
 789      DD1FB43B 
 789      B3CC8F3C 
 789      FA1AEA
 790 0032 C1439B7A 		.ascii	"\301C\233z-\005\231C\235\"\302T\004\233\240\020\202"
 790      2D059943 
 790      9D22C254 
 790      049BA010 
 790      82
 791 0043 403A750C 		.ascii	"@:u\014O\322\245\210\210\016A\2753\353NS\372\016\014"
 791      4FD2A588 
 791      880E41BD 
 791      33EB4E53 
 791      FA0E0C
 792 0056 F37EDF2F 		.ascii	"\363~\337/\237y\337\3711\305\000.#\300\005\000@\002"
 792      9F79DFF9 
 792      31C5002E 
 792      23C00500 
 792      4002
 793 0068 5C5A5C60 		.ascii	"\\Z\\` \204\270Y`8\263\270\240\341\026&\011a\232\341"
 793      2084B859 
 793      6038B3B8 
 793      A0E11626 
 793      09619AE1 
 794 007c 342ED325 		.ascii	"4.\323%\031\177\276\335\217\236\026\304\223\010C\002"
 794      197FBEDD 
 794      8F9E16C4 
 794      93084302 
 795 008c 58916772 		.ascii	"X\221gr<\"\\\242\220\020s\207#\206\272\034\321-\270"
 795      3C225CA2 
 795      90107387 
 795      2386BA1C 
 795      D12DB8
 796 009f 1809B177 		.ascii	"\030\011\261w\260)\204\006!\021n\2404\370\022q]\256"
 796      B0298406 
 796      21116EA0 
 796      34F81271 
 796      5DAE
 797 00b1 2C27EEEC 		.ascii	",'\356\354\346\000z\272w\222s\360\354C>\022\277~\267"
 797      E6007ABA 
 797      779273F0 
 797      EC433E12 
 797      BF7EB7
 798 00c4 85F832F8 		.ascii	"\205\3702\370\243Xd\210\233r\272M\361\326D\016E\004"
 798      A3586488 
 798      9B72BA4D 
 798      F1D6440E 
 798      4504
 799 00d6 F0905827 		.ascii	"\360\220X'\314\310\360\031\305\376\343!\370\212s:\314"
 799      CCC8F019 
 799      C5FEE321 
 799      F88A733A 
 799      CC
ARM GAS  /tmp/cc5aMSzD.s 			page 21


 800 00e7 220B29B7 		.ascii	"\"\013)\267B\022\254\021\223\0338\177w\2767\244\374"
 800      4212AC11 
 800      931B387F 
 800      77BE37A4 
 800      FC
 801 00f8 2CCE0B71 		.ascii	",\316\013q0\024R\017n\243|\256\220\012\211[U\272 v\275"
 801      3014520F 
 801      6EA37CAE 
 801      900A895B 
 801      55BA2076 
 802 010d A9D37027 		.ascii	"\251\323p'\353\236+\335\034\306\260/\205E|\235\205/"
 802      EB9E2BDD 
 802      1CC6B02F 
 802      85457C9D 
 802      852F
 803 011f 94702D81 		.ascii	"\224p-\201'R\330\217o\262p]\011w\022x2\205\003\270\233"
 803      2752D88F 
 803      6FB2705D 
 803      09771278 
 803      328503B8 
 804 0134 851B4AF8 		.ascii	"\205\033J\370\361\310\212\357\262pK\011\277\037Y\361"
 804      F1C88AEF 
 804      B2704B09 
 804      BF1F59F1 
 805 0144 7D166E2B 		.ascii	"}\026n+\341\003\366\377\313\331\353\302ox\377\323\253"
 805      E103F6FF 
 805      CBD9EBC2 
 805      6F78FFD3 
 805      AB
 806 0155 7CF22FB5 		.ascii	"|\362/\265\011\377~j\200\033F\315ir\243i\372\276Q3\335"
 806      09FF7E6A 
 806      801B46CD 
 806      6972A369 
 806      FABE5133 
 807 016a C929D3E5 		.ascii	"\311)\323\345\006op\313w\035\217\333\036\037\266\034"
 807      066F70CB 
 807      771D8FDB 
 807      1E1FB61C 
 808 017a FB1E777D 		.ascii	"\373\036w}\356\016W\352n3\356o_1\272C8\345\325x\243"
 808      EE0E57EA 
 808      6E33EE6F 
 808      5F31BA43 
 808      38E5D578 
 809 018f 6158CDC9 		.ascii	"aX\315\311j\253\356\214X@V\255u:\215#\345\261kWGG\307"
 809      6AABEE8C 
 809      584056AD 
 809      753A8D23 
 809      E5B16B57 
 810 01a6 CAA08D7B 		.ascii	"\312\240\215{f\225_\357\357\203\001-\356t\3177\375\300"
 810      66955FEF 
 810      EF83012D 
 810      EE74CF37 
 810      FDC0
 811 01b8 93F95C27 		.ascii	"\223\371\\'O\264\034\327/\311K\335.\351N\340\267\002"
 811      4FB41CD7 
 811      2FC94BDD 
 811      2EE94EE0 
ARM GAS  /tmp/cc5aMSzD.s 			page 22


 811      B702
 812 01ca 5F96678F 		.ascii	"_\226g\217)\353v\247;sL\347q\225\262\032\334t\025\252"
 812      29EB76A7 
 812      3B734CE7 
 812      7195B21A 
 812      DC7415AA 
 813 01de 9AA87F37 		.ascii	"\232\250\1777R\016<}\302\261\015\247R)\311\362\017\024"
 813      520E3C7D 
 813      C2B10DA7 
 813      5229C9F2 
 813      0F14
 814 01f0 A718D9   		.ascii	"\247\030\331"
 815              		.text
 816              		.section	.gnu.lto_cmdGPIO.89.a6f6433b08735178,"e",%progbits
 817 0000 789C7D56 		.ascii	"x\234}Vkl\024U\024\276g\356\354\354{\273\333\335V\300"
 817      6B6C1455 
 817      14BE67EE 
 817      ECEC7BBB 
 817      DBDD56C0 
 818 0014 DA6E5524 		.ascii	"\332nU$6B\011$$\370G\376\362\333H\372\313\244\264\013"
 818      36420924 
 818      24F847FE 
 818      F2DB48FA 
 818      CBA4B40B 
 819 0028 6DD297DB 		.ascii	"m\322\227\333]L\324\310\264\364\021[\264\335\226\360"
 819      5D4CD4C8 
 819      B4F4115B 
 819      B4DD96F0 
 820 0038 90B2C076 		.ascii	"\220\262\300vU\224\252\200by\010TJW\014\026yDA\213("
 820      5594AA80 
 820      62790854 
 820      4A570C16 
 820      7944418B 
 821 004d 0D1054AA 		.ascii	"\015\020T\252\205\000RD\360\234;\2733L\233\272\311\336"
 821      85005244 
 821      F09C3BBB 
 821      334C9BBA 
 821      C9DE
 822 005f 9E7BCEF9 		.ascii	"\236{\316\371\276\363\335s\356\314\366\212\215\261c"
 822      BEF3DD73 
 822      EECCF68A 
 822      8DB163
 823 006e 8CB19781 		.ascii	"\214\261\227\2011\310e\320\025k\223\230\252\252K\254"
 823      31C865D0 
 823      156B9398 
 823      AAAA4BAC 
 824 007e 92B426D6 		.ascii	"\222\264&\326.\301\021\030\372\367\204]n\212y\0166~"
 824      2EC11118 
 824      FAF7845D 
 824      6E8A790E 
 824      367E
 825 0090 BE48E6F0 		.ascii	"\276H\346\360qW\342\306_\013D\212,5\307\234\227[\357"
 825      7157E2C6 
 825      5F0B448A 
 825      2C35C79C 
 825      975BEF
 826 00a3 B9E49698 		.ascii	"\271\344\226\230\247\347n\363B\331B\341\335o\210\250"
ARM GAS  /tmp/cc5aMSzD.s 			page 23


 826      A7E76EF3 
 826      42D942E1 
 826      DD6F88A8 
 827 00b3 22B5C69C 		.ascii	"\"\265\306\234\327{/\345\310}\235\243\260\356B\274H"
 827      D77B2FE5 
 827      C87D9DA3 
 827      B0EE42BC 
 827      48
 828 00c4 B64A1B3B 		.ascii	"\266J\033;\367\024\302Q\270sz\274H\336\214\356\266O"
 828      F714C251 
 828      B8737ABC 
 828      48DE8CEE 
 828      B64F
 829 00d6 3A72649B 		.ascii	":rd\233\264\251s\017 ((\277\213>a\330\211\011\004\221"
 829      B4A9730F 
 829      202828BF 
 829      8B3E61D8 
 829      89090491 
 830 00ea 83CC424D 		.ascii	"\203\314BM\225S\352!\206o4\340\026\314\026T.#\333-\305"
 830      9553EA21 
 830      866F34E0 
 830      16CC1654 
 830      2E23DB2D 
 831 00ff 914C84B7 		.ascii	"\221L\204\267f\302\036#\234%\355\310\204?\314\204\275"
 831      66C21E23 
 831      9C25EDC8 
 831      843FCC84 
 831      BD
 832 0110 46D8277D 		.ascii	"F\330'}\224\221\2623#%\333\010\373\037\221\0220\334"
 832      9491B233 
 832      2325DB08 
 832      FB1F9112 
 832      30DC
 833 0122 39D01073 		.ascii	"9\320\020s\010\013\330j\211\313\026\305j\263;\234.\267"
 833      080BD86A 
 833      89CB16C5 
 833      6AB33B9C 
 833      2EB7
 834 0134 27CBEBCB 		.ascii	"'\313\353\313\366\007r`5t\363g1\343\356\320h\3470\250"
 834      F6077260 
 834      3574F367 
 834      31E3EED0 
 834      68E730A8 
 835 0148 3B0620C9 		.ascii	";\006 \311\031\213\343W|z8t\361$\007\220\323\226\004"
 835      198BE357 
 835      7C7A3874 
 835      F1240790 
 835      D39604
 836 015b 41B4F88B 		.ascii	"A\264\370\213l\316\200\252\236\352\333\247\252v\226"
 836      6CCE80AA 
 836      9EEADBA7 
 836      AA7696
 837 016a E41CFA01 		.ascii	"\344\034\372\0011\360\005\300^\034\030:J\256r\312\253"
 837      31F005C0 
 837      5E1C183A 
 837      4AAE72CA 
 837      AB
ARM GAS  /tmp/cc5aMSzD.s 			page 24


 838 017b D2F2AEA5 		.ascii	"\322\362\256\245\363d\330o\316\223Kn\212\274:6\007E"
 838      F364D86F 
 838      CE934B6E 
 838      8ABC3A36 
 838      0745
 839 018d 9C9A48E7 		.ascii	"\234\232H\347Y\340\2409\317R\362@\344E5\276\267\327"
 839      59E0A039 
 839      CF52F240 
 839      E44535BE 
 839      B7D7
 840 019f B4AA5E39 		.ascii	"\264\252^9\311\0258d\316SJ\332d\306\224\364\011\200"
 840      C9153864 
 840      CE534ADA 
 840      64C694F4 
 840      0980
 841 01b1 20AFD121 		.ascii	" \257\321!f#j\374\255\3366\367.\325\226\344V\030\020"
 841      66236AFC 
 841      ADDE36F7 
 841      2ED596E4 
 841      561810
 842 01c4 B085309F 		.ascii	"\260\2050\237\016Y\262\201N\2470\370\012\030\336+V\262"
 842      0E59B281 
 842      4EA730F8 
 842      0A18DE2B 
 842      56B2
 843 01d6 5ED6CF2D 		.ascii	"^\326\317-\351\347\366\022Y\003\350l=\203'\334\247\210"
 843      E9E7F612 
 843      5903E86C 
 843      3D8327DC 
 843      A788
 844 01e8 CD064382 		.ascii	"\315\006C\202\355\030\300 \010\276]\204\347\315F\356"
 844      ED18C020 
 844      08BE5D84 
 844      E7CD46EE 
 845 01f8 E6DEF64C 		.ascii	"\346\336\366L\345\257M\225\2232\226=\016\220\302\312"
 845      E5AF4D95 
 845      9332963D 
 845      0E90C2CA 
 846 0208 47B172AF 		.ascii	"G\261r\257\214\014\034\205h\316O\317X\006\324\373\017"
 846      8C0C1C85 
 846      68CE4FCF 
 846      5806D4FB 
 846      0F
 847 0219 3B54F55C 		.ascii	";T\365\\n\313\342\"\300\023\332%j\007\307\305!\323b"
 847      6ECBE222 
 847      C013DA25 
 847      6A07C7C5 
 847      21D362
 848 022c 219F423E 		.ascii	"!\237B>+Y6\262\250\205\016\007YN\\\234.Z\334\264x(%"
 848      2B5936B2 
 848      A8850E07 
 848      594E5C9C 
 848      2E5ADCB4 
 849 0243 8B025E5A 		.ascii	"\213\002^Z|\264d\323\342\307\305\025 +\027\340K\230"
 849      7CB464D3 
 849      E2C7C515 
 849      202B17E0 
ARM GAS  /tmp/cc5aMSzD.s 			page 25


 849      4B98
 850 0255 01701866 		.ascii	"\001p\030f\002\034\200<\352J>i,`\244\222up\366\020?"
 850      021C803C 
 850      EA4A3E69 
 850      2C60A492 
 850      7570F610 
 851 026a 1CD401C6 		.ascii	"\034\324\001\306:\271\244m\032p\363;\250\243\347^\242"
 851      3AB9A46D 
 851      1A70F33B 
 851      A8A3E75E 
 851      A2
 852 027b 0692F513 		.ascii	"\006\222\365\023\260\337\240\351\302`~\202\347B\221"
 852      B0DFA0E9 
 852      C2607E82 
 852      E74291
 853 028a B84C9D9C 		.ascii	"\270L\235\234\357\270\376\313\267L\317\3769\304\306"
 853      EFB8FECB 
 853      B74CCFFE 
 853      39C4C6
 854 0299 A129C89A 		.ascii	"\241)\310\232@Jrw\234#}\202\317Lr\217\210^\004\201\221"
 854      404A7277 
 854      9C237D82 
 854      CF4C728F 
 854      885E0481 
 855 02ae CF756FFB 		.ascii	"\317uo\373\314\250p;\207\375\011\215\033\333\207!\301"
 855      CCA8703B 
 855      87FD098D 
 855      1BDB8721 
 855      C1
 856 02bf 213D1C05 		.ascii	"!=\034\005\330\373t\341\261\301\366\004\237\001'\020"
 856      D8FB74E1 
 856      B1C1F604 
 856      9F012710 
 857 02cf 390ECDC1 		.ascii	"9\016\315\301\004\227\004uV\234KDM\371\205\355\320\202"
 857      04970475 
 857      569C4B44 
 857      4DF985ED 
 857      D082
 858 02e1 79DE2668 		.ascii	"y\336&h\021\000\037\234\004\324\234\344\331\244\367"
 858      11001F9C 
 858      04D49CE4 
 858      D9A4F7
 859 02f0 1AE99574 		.ascii	"\032\351\225t\275\226[\261\265\347\015\275\177O\322"
 859      BD965BB1 
 859      B5E70DBD 
 859      7F4FD2
 860 02ff CB4D7AEF 		.ascii	"\313Mz\357jz\225\313\015\353F$\035\023KI:q.<\227&\266"
 860      6A7A95CB 
 860      0DEB4624 
 860      1D134B49 
 860      3A712E3C 
 861 0316 F66D6DBA 		.ascii	"\366mm\272c\020w\247\326\002\315\037Eo\213&\270,\012"
 861      631077A7 
 861      D602CD1F 
 861      456F8B26 
 861      B82C0A
 862 0329 F8E35C16 		.ascii	"\370\343\\\026\252\351\210Vp$y\200\216~\277uXJ\360<"
ARM GAS  /tmp/cc5aMSzD.s 			page 26


 862      AAE98856 
 862      70247980 
 862      8E7EBF75 
 862      584AF03C 
 863 033d CC426863 		.ascii	"\314Bhc\020\307\203;\301\262!\345\322z3\206.\213\336"
 863      10C7833B 
 863      C1B221E5 
 863      D27A3386 
 863      2E8BDE
 864 0350 1BD9D49B 		.ascii	"\033\331\324\233\263zo\024So(\277\260[\364&'\323\233"
 864      B37A6F14 
 864      536F28BF 
 864      B05BF426 
 864      27D39B
 865 0363 5CF88164 		.ascii	"\\\370\201d\351\275\251A\220\336\033[\373`\333w\306"
 865      E9BDA941 
 865      90DE1B5B 
 865      FB60DB77 
 865      C6
 866 0374 1136A53C 		.ascii	"\0216\245<\351\301\240:\253^\334f*~^/n3\025\247\374"
 866      E9C1A03A 
 866      AB5EDC66 
 866      2A7E5E2F 
 866      6E3315A7 
 867 0389 C28D938B 		.ascii	"\302\215\223\213\217\230\212\277\211 \275\270}h\373"
 867      8F988ABF 
 867      8920BDB8 
 867      7D68FB
 868 0398 D01CBDF6 		.ascii	"\320\034\275\366\346T@\320j\203y,\316-D\232G\012\\\200"
 868      E65440D0 
 868      6A83792C 
 868      CE2D449A 
 868      470A5C80 
 869 03ac 0C3304C6 		.ascii	"\0143\004\306a\302\304\225\351!,\003qn\2770\361\214"
 869      61C2C495 
 869      E9212C03 
 869      716EBF30 
 869      F18C
 870 03be 0EE94FBD 		.ascii	"\016\351O\275\003\370\206\027Sz=\301\355\246)Y\340\014"
 870      03F88617 
 870      537A3DC1 
 870      EDA62959 
 870      E00C
 871 03d0 E8131AC3 		.ascii	"\350\023\032\303\036\340\274\355\332\204\216\3438\362"
 871      1EE0BCED 
 871      DA848EE3 
 871      38F2
 872 03de 05C37ED1 		.ascii	"\005\303~\321\2445\367Z$Dp\034!\325\263\200\215\234"
 872      A435F75A 
 872      2444701C 
 872      21D5B380 
 872      8D9C
 873 03f0 EB5BAFF8 		.ascii	"\353[\257\370\221=\301\035\030\322\374\352\003\256\361"
 873      913DC11D 
 873      18D2FCEA 
 873      03AEF1
 874 03ff A1D78901 		.ascii	"\241\327\211\001}\343\"B\304t\321\306-\202.-x\033+\027"
ARM GAS  /tmp/cc5aMSzD.s 			page 27


 874      7DE32242 
 874      C474D1C6 
 874      2D822E2D 
 874      781B2B17 
 875 0413 A04FAB9C 		.ascii	"\240O\253\234\302p\201\250|\350\321\361x\246\031J\226"
 875      C27081A8 
 875      7CE8D1F1 
 875      78A6194A 
 875      96
 876 0424 69281E1A 		.ascii	"i(\036\032\312\226\311O\313Uj\301\243C\311\322\207\342"
 876      CA96C94F 
 876      CB556AC1 
 876      A343C9D2 
 876      87E2
 877 0436 BA9E1C73 		.ascii	"\272\236\034s\351\335:b\032\312\3148W\210\264@\273\314"
 877      E9DD3A62 
 877      1ACACC38 
 877      5788B440 
 877      BBCC
 878 0448 4A92CF12 		.ascii	"J\222\317\022\030\367\336\376\265\263t\314\351\226\\"
 878      18F7DEFE 
 878      B5B374CC 
 878      E9965C
 879 0457 D1DD5712 		.ascii	"\321\335W\022Tr\262\226\367\204\226\3073Z\362\340\017"
 879      5472B296 
 879      F78496C7 
 879      335AF2E0 
 879      0F
 880 0468 93960378 		.ascii	"\223\226\003xX\257.\306sc\347I\233N|\366\377\304H\031"
 880      58AF2EC6 
 880      7363E749 
 880      9B4E7CF6 
 880      FFC44819 
 881 047c 3159C7DA 		.ascii	"1Y\307\332\017\373t\314\367\206\030\337T1}\223o\353"
 881      0FFB74CC 
 881      F78618DF 
 881      54317D93 
 881      6FEB
 882 048e F814313E 		.ascii	"\370\0241>]\214\367\316\361Q\213\361\2224\211y\"\316"
 882      5D8CF7CE 
 882      F1518BF1 
 882      92348979 
 882      22CE
 883 04a0 AD420C5C 		.ascii	"\255B\014\\Dx\276\310\367\015\037\035q\352\371?\032"
 883      4478BEC8 
 883      F70D1F1D 
 883      71EAF93F 
 883      1A
 884 04b1 42B2A70A 		.ascii	"B\262\247\012\331=\271+\267\246\010\311\326\205d\177"
 884      D93DB92B 
 884      B7A608C9 
 884      D685647F 
 885 04c1 7069CC10 		.ascii	"pi\314\02022\215\220_u!~S\376Ezf\232\266\375\203\224"
 885      32328D90 
 885      5F75217E 
 885      53FE457A 
 885      669AB6FD 
ARM GAS  /tmp/cc5aMSzD.s 			page 28


 886 04d7 7E012988 		.ascii	"~\001)\210s\233\200$y\320x7\0050\214\211-i\336\3028"
 886      739B8024 
 886      79D07837 
 886      05308C89 
 886      2D69DEC2 
 887 04ec 3E08F4A2 		.ascii	">\010\364\242$\265\373\204\332'\205\332k\010{\012&@"
 887      24B5FB84 
 887      DA2785DA 
 887      6B087B0A 
 887      2640
 888 04fe DCFA4092 		.ascii	"\334\372@\222?-J\006\372G;\256\200^s\202^\215G`\272"
 888      3F2D4A06 
 888      FA473BAE 
 888      805E7382 
 888      5E8D4760 
 889 0513 1F0A42E4 		.ascii	"\037\012B\344\340eVeBH7\241q\211\366\237K\007\007\315"
 889      E0655665 
 889      424837A1 
 889      7189F69F 
 889      4B0707CD 
 890 0527 4DBF538C 		.ascii	"M\277S\214\275P\\Q[\035*\256.\215D\212+J\303\345\257"
 890      BD505C51 
 890      5B1D2AAE 
 890      2E8D448A 
 890      2B4AC3E5 
 891 053c 968643C5 		.ascii	"\226\206C\305\241\252PY$\\[\037\252\251\017\315-\253"
 891      A1AA5059 
 891      245C5B1F 
 891      AAA90FCD 
 891      2DAB
 892 054e AD59150A 		.ascii	"\255Y\025\012GB\341\271+*\303\325\024_\266\2408c2o}"
 892      4742E1B9 
 892      2B2AC3D5 
 892      145FB6A0 
 892      3863326F 
 893 0563 45A8AAAA 		.ascii	"E\250\252\252\270\254\272|e]e\355\2742&G\353Ca\277\276"
 893      B8ACBA7C 
 893      655D65ED 
 893      BC322647 
 893      EB4361BF 
 894 0578 9FB77CD1 		.ascii	"\237\267|\321\342\205\363\347/Z\316xYE\235\\\032^YF"
 894      E285F3E7 
 894      2F5ACE78 
 894      59459D5C 
 894      1A5E5946 
 895 058c CB2AA5AE 		.ascii	"\313*\245\2566\034YZ\316\353*k,\370]Zn\255\217\224F"
 895      361C595A 
 895      CEEB2A6B 
 895      2CF85D5A 
 895      6EAD8F94 
 896 05a1 A2F54C5E 		.ascii	"\242\365L^NK\355\212\025\314Z\033\215\324E#L\251\254"
 896      4E4BED8A 
 896      15CC5A1B 
 896      8DD44523 
 896      4CA9AC
 897 05b4 A13F727D 		.ascii	"\241?r}\010\355\262\252Pi\230\271\226\225VEC\317\007"
 897      08EDB2AA 
ARM GAS  /tmp/cc5aMSzD.s 			page 29


 897      506998B9 
 897      96955645 
 897      43CF07
 898 05c7 6747DD0E 		.ascii	"gG\335\016\366\037\363\357H\360"
 898      F61FF3EF 
 898      48F0
 899              		.text
 900              		.section	.gnu.lto_.symbol_nodes.a6f6433b08735178,"e",%progbits
 901 0000 789C7590 		.ascii	"x\234u\220\275J\003A\024\205\357\331\331\277\030Q\264"
 901      BD4A0341 
 901      1485EFD9 
 901      D9BF1851 
 901      B4
 902 0011 1122984E 		.ascii	"\021\"\230N[\337A\237\304<\310da*\023P\361\00142\240"
 902      5BDF419F 
 902      C43CC864 
 902      612A1350 
 902      F1013432 
 903 0026 A09D48D0 		.ascii	"\240\235H\320\302\"n\300Bci4\321\230\260vI!H\300*\336"
 903      C2226EC0 
 903      42636934 
 903      D198B076 
 903      492148C0 
 904 003c DD4DB2D5 		.ascii	"\335M\262\325\234\352\343|g\006fv,\"\262\332$\251\314"
 904      9CEAE37C 
 904      67066676 
 904      2C22B2DA 
 904      24A9CC
 905 004f B171D822 		.ascii	"\261q\330\"f\272-\007\3016\201\342Xo$1\341\210\231\275"
 905      66BA2D07 
 905      C13681E2 
 905      586F2431 
 905      E18899BD 
 906 0063 2B07984A 		.ascii	"+\007\230J\364IZ\223i\212\311\200\342\253b\213/\222"
 906      F4495A93 
 906      698AC980 
 906      E2AB628B 
 906      2F92
 907 0075 C2E47A24 		.ascii	"\302\344z$m\223{'\351\230\334'I\327\344\272$=\223\373"
 907      6D937B27 
 907      E998DC27 
 907      49D7E4BA 
 907      243D93FB 
 908 0089 20E99B5C 		.ascii	" \351\233\\\207d\316\340\004Y\351\307\354\316Ia\216"
 908      8764CEE0 
 908      0459E9C7 
 908      ECCE4961 
 908      8E
 909 009a 6186CACD 		.ascii	"a\206\312\315\332\014\225\227\265\031\252\005\001\272"
 909      DA0C9597 
 909      B519AA05 
 909      01BA
 910 00a8 18F69E08 		.ascii	"\030\366\236\010g\020p^\217O\257\005\264+\220\373=\252"
 910      6710705E 
 910      8F4FAF05 
 910      B42B90FB 
 910      3DAA
ARM GAS  /tmp/cc5aMSzD.s 			page 30


 911 00ba B6293E06 		.ascii	"\266)>\006\357\352D\215\011\232\267N\212a\236\261\362"
 911      EFEA448D 
 911      099AB74E 
 911      8A619EB1 
 911      F2
 912 00cb B0FFC2B8 		.ascii	"\260\377\302\270$\3407k\315-\350\345\031EL^\255\373"
 912      24E0376B 
 912      CD2DE8E5 
 912      19454C5E 
 912      ADFB
 913 00dd B709BDCA 		.ascii	"\267\011\275\312\303\204\3025\001w\250G\213\320\005"
 913      C384C235 
 913      0177A847 
 913      8BD005
 914 00ec EE6EEAD5 		.ascii	"\356n\352\325\002\"&\367\347\262\345#\\\347.\254\334"
 914      022226F7 
 914      E7B2E523 
 914      5CE72EAC 
 914      DC
 915 00fd AF406D08 		.ascii	"\257@m\010\330\343\307\201\203\210\311ynt\362\320E\356"
 915      D8E3C781 
 915      8388C979 
 915      6E74F2D0 
 915      45EE
 916 010f CEFB2307 		.ascii	"\316\373#\007jO@$\0242YiW\3427\324\007\007\337@\243"
 916      6A4F4024 
 916      14325969 
 916      57E237D4 
 916      0707DF40 
 917 0124 44FF607D 		.ascii	"D\377`}\315\275"
 917      CDBD
 918              		.text
 919              		.section	.gnu.lto_.refs.a6f6433b08735178,"e",%progbits
 920 0000 789C6364 		.ascii	"x\234cd\000\002\000\000\012\000\002"
 920      00020000 
 920      0A0002
 921              		.text
 922              		.section	.gnu.lto_.decls.a6f6433b08735178,"e",%progbits
 923 0000 789C7558 		.ascii	"x\234uXkT\024G\026\256[\335\314\014\015aP\361\2701Y"
 923      6B541447 
 923      16AE5BDD 
 923      CC0C0D61 
 923      50F1B831 
 924 0015 C3F1EC83 		.ascii	"\303\361\354\203\335,\016`\2161\371\2611\232\325\343"
 924      DD2C0E60 
 924      8E31F9B1 
 924      319AD5E3 
 925 0025 BA2ABB9A 		.ascii	"\272*\273\232\374\360\217;2#\314\236\2011\303`\362\263"
 925      FCF08F3B 
 925      3223CC9E 
 925      8131C360 
 925      F2B3
 926 0037 7D828AA8 		.ascii	"}\202\212\250`\020\005\225\325\250\304\027\370\026\037"
 926      60100595 
 926      D5A8C417 
 926      F8161F
 927 0046 3882E121 		.ascii	"8\202\341!\240\250\370\216\210\240\210\370V\360\255"
ARM GAS  /tmp/cc5aMSzD.s 			page 31


 927      A0A8F88E 
 927      88A088F8 
 927      56F0AD
 928 0055 ECADAA99 		.ascii	"\354\255\252\231\351\326\314\316\341v\367T}\365}\337"
 928      E9D6CCCE 
 928      E176F754 
 928      7DF57DDF 
 929 0065 BD555DDD 		.ascii	"\275U]\335\303V3!\211\224\220f \244\027?\022!\344\024"
 929      C3563321 
 929      89949066 
 929      20A4173F 
 929      1221E414 
 930 0079 461F8C29 		.ascii	"F\037\214)\030\0070\2521\352}\355\3470.a\\\305\270\216"
 930      180730AA 
 930      31EA7DED 
 930      E7302E61 
 930      5CC5B88E 
 931 008d 918C7103 		.ascii	"\221\214q\003\243\013\343\036\306#\214\036\214\347\030"
 931      A30BE31E 
 931      C6238C1E 
 931      8CE718
 932 009c 4D447C14 		.ascii	"MD|\024\014\031\371\3030\372b\014\304\370\010\343/\030"
 932      0C19F9C3 
 932      30FA620C 
 932      C4F808E3 
 932      2F18
 933 00ae F1189F63 		.ascii	"\361\030\237c|\201\361%\220_}B\321[$\236S0\372bD\371"
 933      7C81F125 
 933      905F7D42 
 933      D15B249E 
 933      5330FA62 
 934 00c4 FC8C04A1 		.ascii	"\374\214\004\241?\012\317}@\370\371\012\204\317\277"
 934      3F0ACF7D 
 934      40F8F90A 
 934      84CFBF
 935 00d3 81F0381A 		.ascii	"\201\3608\032\204\3371>^\352\363\3217\210\316\000\354"
 935      84DF313E 
 935      5EEAF3D1 
 935      3788CE00 
 935      EC
 936 00e4 FCFD3B3A 		.ascii	"\374\375;:\311>\255)\276\034YN\003@\324\304\200\361"
 936      C93EAD29 
 936      BE1C594E 
 936      0340D4C4 
 936      80F1
 937 00f6 7710398F 		.ascii	"w\0209\217\303\263\204\361\017\0209\263:}\214\327\343"
 937      C3B384F1 
 937      0F1039B3 
 937      3A7D8CD7 
 937      E3
 938 0107 313E0351 		.ascii	"1>\003Q\217\011x\236\210\361W\214D\2148\020\265\372"
 938      8F09789E 
 938      88F1578C 
 938      448C3810 
 938      B5FA
 939 0119 279EFF85 		.ascii	"'\236\377\2051\010c\022\306\373 rc\365\234\354\313\315"
 939      31086312 
ARM GAS  /tmp/cc5aMSzD.s 			page 32


 939      C6FB2072 
 939      63F59CEC 
 939      CBCD
 940 012b 5F43563F 		.ascii	"_CV?\331W\267/uu\213\367\325s\340\377\311-W\202\276"
 940      D957B72F 
 940      75758BF7 
 940      D573E0FF 
 940      C92D5782 
 941 0140 20E3310A 		.ascii	" \3431\012\242%J\012%\303\353\346\263MF\345\003\000"
 941      A2254A0A 
 941      25C3EBE6 
 941      B34D46E5 
 941      0300
 942 0152 FCF3AA6A 		.ascii	"\374\363\252j\247Z9K\"0\024\342\010\354\005\330\007"
 942      A75A394B 
 942      223014E2 
 942      08EC05D8 
 942      07
 943 0163 04F60394 		.ascii	"\004\366\003\224\003\305\313\331\252\372\352#<\027J"
 943      03C5CBD9 
 943      AAFAEA23 
 943      3C174A
 944 0172 74C7EC5B 		.ascii	"t\307\354[\257B\303\021\377@-\256\224\261\015\366\000"
 944      AF42C311 
 944      FF402DAE 
 944      94B10DF6 
 944      00
 945 0183 EC464138 		.ascii	"\354FA8\300*`$\026\225\177\332\302\010\034\024>\242"
 945      C02A6024 
 945      16957FDA 
 945      C2081C14 
 945      3EA2
 946 0195 C3A44F88 		.ascii	"\303\244O\2104\0345\351\225\355\017\252h?\201\360\362"
 946      341C35E9 
 946      95ED0FAA 
 946      683F81F0 
 946      F2
 947 01a6 5EA80038 		.ascii	"^\250\0008\002p\210}A\300\226\242\203\017M\034\340\015"
 947      0270887D 
 947      41C096A2 
 947      830F4D1C 
 947      E00D
 948 01b8 0E38E65D 		.ascii	"\0168\346]\335\254h\372^M\377(0\200|\350\311\312]\360"
 948      DDAC68FA 
 948      5E4DFF28 
 948      30807CE8 
 948      C9CA5DF0 
 949 01cc BB7E8878 		.ascii	"\273~\210xvj~\363\272?/[\224\251.\235%a7\034\006\250"
 949      766A7EF3 
 949      BA3F2F5B 
 949      94A92E9D 
 949      2561371C 
 950 01e2 D2F0168C 		.ascii	"\322\360\026\214x\2422&\325+\223@{\025\023\203J\246"
 950      78A23226 
 950      D52B9340 
 950      7B151383 
 950      4AA6
ARM GAS  /tmp/cc5aMSzD.s 			page 33


 951 01f4 279503D3 		.ascii	"'\225\003\323\334_\330\260\217\233z\013\011\307@\217"
 951      DC5FD8B0 
 951      8F9B7A0B 
 951      09C7408F 
 952 0204 45DCA5D5 		.ascii	"E\334\245\325\327\353\3035o?kZ\325\340\233\201\017\020"
 952      D7EBC335 
 952      6F3F6B5A 
 952      D5E09B81 
 952      0F10
 953 0216 36F76EC7 		.ascii	"6\367n\307|E\341t\336\271\241\330\350G\325\"\251\005"
 953      7C45E174 
 953      DEB9A1D8 
 953      E847D522 
 953      A905
 954 0228 6A80233F 		.ascii	"j\200#?\344s\325\312j>o\323\313+\246\2768`\256\252\376"
 954      E473D5CA 
 954      6A3E6FD3 
 954      CB2BA6BE 
 954      3860AEAA 
 955 023d 9B95FC38 		.ascii	"\233\225\3748@\035\033P\017|\220\2406 rSyV}h0\352FN"
 955      401D1B50 
 955      0F7C90A0 
 955      36207253 
 955      79567D68 
 956 0255 DD20A88D 		.ascii	"\335 \250\215\234z8\342\317\264wT\232\365\314'\001N"
 956      9C7A38E2 
 956      CFB47754 
 956      9AF5CC27 
 956      014E
 957 0267 307C13F0 		.ascii	"0|\023\3601,\253\315\033\177(\322e\325\244eu\312/\375"
 957      312CABCD 
 957      1B7F28D2 
 957      65D5A465 
 957      75CA2FFD 
 958 027b 1B84E5EE 		.ascii	"\033\204\345\356\\X\360^0\3513\\\372\264\220~\237K\327"
 958      5C58F05E 
 958      30E9335C 
 958      FAB4907E 
 958      9F4BD7
 959 028e B2AC7A97 		.ascii	"\262\254z\227\357l2\350\265\317\002\260\035\010\316"
 959      EF6C32E8 
 959      B5CF02B0 
 959      1D08CE
 960 029d 011F24A8 		.ascii	"\001\037$\250\007\262\374\217\336\274&\007\243\276\300"
 960      07B2FC8F 
 960      DEBC2607 
 960      A3BEC0
 961 02ac A9CF0327 		.ascii	"\251\317\003'\275\300Hg\347\346\266F\350I/\002\026\024"
 961      BDC04867 
 961      E7E6B646 
 961      E8492F02 
 961      1614
 962 02be A19780C3 		.ascii	"\241\227\200\303\005i\004\"\033\033\274+\315\301H\177"
 962      05690422 
 962      1B1BBC2B 
 962      CDC1487F 
 963 02ce E1A49785 		.ascii	"\341\244\227\205_3\247~\306\352P{\253\265>LO\335\002"
ARM GAS  /tmp/cc5aMSzD.s 			page 34


 963      5F33A77E 
 963      C6EA507B 
 963      ABB53E4C 
 963      4FDD02
 964 02e1 70850DB8 		.ascii	"p\205\015\270\012|\220\2406!\262gm\351\376\240~\257"
 964      0A7C90A0 
 964      3621B267 
 964      6DE9FEA0 
 964      7EAF
 965 02f3 71EA5641 		.ascii	"q\352VA\035*J\301\250\267\266\356\332\"\353\251\333"
 965      1D2A4AC1 
 965      A8B7B6EE 
 965      DA22EBA9 
 965      DB
 966 0304 01DAD880 		.ascii	"\001\332\330\200\353\300\0071\314\211\015\227\357\202"
 966      EBC00731 
 966      CC890D97 
 966      EF82
 967 0312 360D07B4 		.ascii	"6\015\007\264i\270\341\327\016CX\363\3313\327C\202i"
 967      69B8E1D7 
 967      0E4358F3 
 967      D933D743 
 967      8269
 968 0324 DFE4DA1D 		.ascii	"\337\344\332\035B;\\,.\306\233\275\250\246;D\257}\013"
 968      423B5C2C 
 968      2EC69BBD 
 968      A8A63B44 
 968      AF7D0B
 969 0337 A0930DE8 		.ascii	"\240\223\015\350\002>\210H'\330M`8\260p\367zY\354\026"
 969      023E8848 
 969      27D84D60 
 969      38B070F7 
 969      7A59EC16 
 970 034b A114EEB1 		.ascii	"\241\024\356\261=A\306\023\3379\346\206\3736\216\333"
 970      3D41C613 
 970      DF39E686 
 970      FB368EDB 
 971 035b 804D04EE 		.ascii	"\200M\004\356\000\334\025B!\250ph^\351\223\240\345x"
 971      00DC1542 
 971      21A87068 
 971      5EE993A0 
 971      E578
 972 036d C02DDD17 		.ascii	"\300-\335\027\323\027\207\310\2157k\326\275\345\345"
 972      D31787C8 
 972      8D376BD6 
 972      BDE5E5
 973 037c 21E09A45 		.ascii	"!\340\232E\344#\340h\221\246\204\310\274\256\227\245"
 973      E423E068 
 973      91A684C8 
 973      BCAE97A5 
 974 038c E1C138BB 		.ascii	"\341\3018\2739\347c\266\026\212\036\037yl\324\263\371"
 974      39E763B6 
 974      168A1E1F 
 974      796CD4B3 
 974      F9
 975 039d 313DC071 		.ascii	"1=\300q\214\355C\350\005~\"R3\277\327\033\252\027\327"
 975      8CED43E8 
ARM GAS  /tmp/cc5aMSzD.s 			page 35


 975      057E2252 
 975      33BFD71B 
 975      AA17D7
 976 03b0 82F2CE7E 		.ascii	"\202\362\316~\370\014\020\2017\372S\200'\214\371b\303"
 976      F80C1081 
 976      37FA5380 
 976      278CF962 
 976      C3
 977 03c1 E6B52158 		.ascii	"\346\265!Xv\3126c\033\000\\\030\206\007\205L\221H\224"
 977      76CA3663 
 977      1B005C18 
 977      8607854C 
 977      914894
 978 03d4 4A556AB0 		.ascii	"JUj\260IT\221\024\311\246\324\302\240\230ni\204\211"
 978      49549114 
 978      C9A6D4C2 
 978      A0986E69 
 978      8489
 979 03e6 C6981553 		.ascii	"\306\230\025SI\025D*!&J;\2156%\346\005l\245\305\206"
 979      4915442A 
 979      21264A3B 
 979      8D3625E6 
 979      056CA5C5 
 980 03fb E811AA6C 		.ascii	"\350\021\252l\313\356\337iT\351\322\011QCG\340\261\323"
 980      CBEEDF69 
 980      54E9D209 
 980      514347E0 
 980      B1D3
 981 040d 580B361C 		.ascii	"X\0136\034\225(\233\"\361\252\323\250tK\305\213\015"
 981      95289B22 
 981      F1AAD3A8 
 981      744BC58B 
 981      0D
 982 041e B6469AF5 		.ascii	"\266F\232\365G\274u\024[B\024&5\302d\032d\256\224*\245"
 982      47BC7514 
 982      5B421426 
 982      35C2641A 
 982      64AE942A 
 983 0433 D184984C 		.ascii	"\321\204\230Le\333\373+\235F3R\304\330\242#m\321\346"
 983      65DBFB2B 
 983      9D463352 
 983      C4D8A223 
 983      6DD1E6
 984 0446 5A08B1D9 		.ascii	"Z\010\261\331\224\250\030\202&l\011\011#\250\202\314"
 984      94A81882 
 984      266C0909 
 984      23A882CC 
 985 0456 B2A91612 		.ascii	"\262\251\026\022$\010OP\257\335\036\240\200\022:(:\206"
 985      24084F50 
 985      AFDD1EA0 
 985      80123A28 
 985      3A86
 986 0468 101B194D 		.ascii	"\020\033\031M\221W\352\365\177\300\210\2326\355+@\214"
 986      9157EAF5 
 986      7FC0889A 
 986      36ED2B40 
 986      8C
ARM GAS  /tmp/cc5aMSzD.s 			page 36


 987 0479 4213A834 		.ascii	"B\023\2504\256\323\210\017P\032M\210*\233\302\303\001"
 987      AED3880F 
 987      501A4D88 
 987      2A9BC2C3 
 987      01
 988 048a 57802974 		.ascii	"W\200)t\3528[b\202B:\215\024\273\242dP)h#\025\003\001"
 988      EA385B62 
 988      82423A8D 
 988      14BBA264 
 988      50296823 
 989 04a1 72C8281E 		.ascii	"r\310(\036A\254\364\004\330\2378\020\366\205\350ex;"
 989      41ACF404 
 989      D89F3810 
 989      F685E865 
 989      783B
 990 04b3 43626139 		.ascii	"Cba9\232\020\177k\340\344\273\026\000\301C}\3178\000"
 990      9A107F6B 
 990      E0E4BB16 
 990      00C1437D 
 990      CF3800
 991 04c6 BF08F1F5 		.ascii	"\277\010\361\365\352\3105\017>\037~\036\277\216\316"
 991      EAC8350F 
 991      3E1F7E1E 
 991      BF8ECE
 992 04d5 A3E615A7 		.ascii	"\243\346\025\247X\210P\375\030>\356-\343\032%\011\320"
 992      588850FD 
 992      183EEE2D 
 992      E31A2509 
 992      D0
 993 04e6 FA2D11F1 		.ascii	"\372-\021\361\005\327\315\363\354\356\272\210\016\254"
 993      05D7CDF3 
 993      ECEEBA88 
 993      0EAC
 994 04f4 9B5ABCE6 		.ascii	"\233Z\274\346\242\021\372/\035A@\352\346\353\356\362"
 994      A211FA2F 
 994      1D4140EA 
 994      E6EBEEF2 
 995 0504 BC1D39F0 		.ascii	"\274\0359\360\326\223\221\300k\355\261w\353\334\266"
 995      D69391C0 
 995      6BEDB177 
 995      EBDCB6
 996 0513 8BF2DB0F 		.ascii	"\213\362\333\017N|\374\350\000\013N\266g\205h\333\303"
 996      4E7CFCE8 
 996      000B4EB6 
 996      678568DB 
 996      C3
 997 0524 1B6DB5F7 		.ascii	"\033m\265\367\212\375\243u\313\276%\0212\341\015\340"
 997      8AFDA375 
 997      CBBE2511 
 997      32E10DE0 
 998 0534 E23712E5 		.ascii	"\3427\022\3457^$vz\263\253wF\014@\356;\252\032\005)"
 998      375E2476 
 998      7AB3AB77 
 998      460C40EE 
 998      3BAA1A05 
 999 0549 309BC22C 		.ascii	"0\233\302,\254*\314\301\264U\274\030\274\264@}\226\233"
 999      AC2ACCC1 
ARM GAS  /tmp/cc5aMSzD.s 			page 37


 999      B455BC18 
 999      BCB4407D 
 999      969B
 1000 055b DBF07991 		.ascii	"\333\360y\221\352\305\033\037\357\3749\024^\371\324"
 1000      EAC51B1F 
 1000      EFFC3914 
 1000      5EF9D4
 1001 056a 095E1178 		.ascii	"\011^\021x\011\360\002\242\217\310R.\345\333U\376\374"
 1001      09F002A2 
 1001      8FC8522E 
 1001      E5DB55FE 
 1001      FC
 1002 057b 73262E77 		.ascii	"s&.w\003\345\260!\263(\367\227\020\3360\005\346Slx\371"
 1002      03E5B021 
 1002      B328F797 
 1002      10DE3005 
 1002      E6536C78 
 1003 0590 A6F963BF 		.ascii	"\246\371c\277\237L\326\320\222\223w@\341-\311\220\305"
 1003      9F4CD6D0 
 1003      92937740 
 1003      E12DC990 
 1003      C5
 1004 05a1 1A6E9CCD 		.ascii	"\032n\234\315+1\004q\265\020]-\240<\253\2335\267O\031"
 1004      2B310471 
 1004      B5105D2D 
 1004      A03CAB9B 
 1004      35B74F19 
 1005 05b5 071714A8 		.ascii	"\007\027\024\250\017neg\252\221\302\333B\012\363\250"
 1005      0F6E6567 
 1005      AA91C2DB 
 1005      420AF3A8 
 1006 05c5 DFDB3CEA 		.ascii	"\337\333<\352\367vI\222Vqo\305o\232~\012\343\367\270"
 1006      F7764992 
 1006      56716FC5 
 1006      6F9A7E0A 
 1006      E3F7B8
 1007 05d8 37F83B0F 		.ascii	"7\370;\017b\256\256^\273L\367\324[L\003\365\314\021"
 1007      62AEAE5E 
 1007      BB4CF7D4 
 1007      5B4C03F5 
 1007      CC11
 1008 05ea CA790BAF 		.ascii	"\312y\013\257u\205r\2679\234\324[1gO\270?\237%\314\376"
 1008      758572B7 
 1008      399CD45B 
 1008      31674FB8 
 1008      3F9F25CC 
 1009 05ff EE8E9A23 		.ascii	"\356\216\232#J\300\376\224\200\375e\350h\251 9\330\335"
 1009      4AC0FE94 
 1009      80FD65E8 
 1009      68A92039 
 1009      D8DD
 1010 0611 FC346470 		.ascii	"\3744dp\001\276\253\344\347]\3141\026\307`'d\007\274"
 1010      01BEABE4 
 1010      E75DCC31 
 1010      16C76027 
 1010      6407BC
 1011 0624 67F3952D 		.ascii	"g\363\225-5R\266U\375\001\357+\211\237\211t\201K>\235"
ARM GAS  /tmp/cc5aMSzD.s 			page 38


 1011      3552B655 
 1011      FD01EF2B 
 1011      899F8974 
 1011      814B3E9D 
 1012 0638 5FB286E7 		.ascii	"_\262\206\347q\007g%\204\370\004 \237\"\006w\253\037"
 1012      71076725 
 1012      84F80420 
 1012      9F220677 
 1012      AB1F
 1013 064a 282C673E 		.ascii	"(,g>~\\\324\335e\344\316VP>\025\317\266\267_\011\013"
 1013      7E5CD4DD 
 1013      65E4CE56 
 1013      503E15CF 
 1013      B6B75F09 
 1014 065f 18BB0701 		.ascii	"\030\273\007\001g+qt\201pVp\272\345$pg\271+\226TA\221"
 1014      672B7174 
 1014      81705670 
 1014      BAE52470 
 1014      67B92B96 
 1015 0676 5A49B11B 		.ascii	"ZI\261\033\362\002\336\362\204\267^\356$\177\327\341"
 1015      F202DEF2 
 1015      84B75EEE 
 1015      247FD7E1 
 1016 0686 DDA218F7 		.ascii	"\335\242\030\367\304l\237o\311\177.\3715\213\230\213"
 1016      C46C9F6F 
 1016      C97F2EF9 
 1016      358B988B 
 1017 0696 F6F6F273 		.ascii	"\366\366\362sr0\3215(\272Z\210\256\\\325\263#\202\211"
 1017      7230D135 
 1017      28BA5A88 
 1017      AE5CD5B3 
 1017      238289
 1018 06a9 96E5CCC9 		.ascii	"\226\345\314\311\364FR\354\203\302\200b\241P\\(\021"
 1018      F44652EC 
 1018      83C28062 
 1018      A1505C28 
 1018      11
 1019 06ba 6999C4DF 		.ascii	"i\231\304\337L\362\267>d%\207\377b\217\224\317\333\332"
 1019      4CF2B73E 
 1019      642587FF 
 1019      628F94CF 
 1019      DBDA
 1020 06cc 5A733602 		.ascii	"Zs6\002k[\217\264\353(>+Xk\373\374\263\025a\254u\003"
 1020      6B5B8FB4 
 1020      EB283E2B 
 1020      586BFBFC 
 1020      B31561AC 
 1021 06e2 B6FEC8EC 		.ascii	"\266\376\310\354T\237\257.\365O\037w\374\270\264\254"
 1021      549FAF2E 
 1021      F54F1F77 
 1021      FCB8B4AC 
 1022 06f2 CBE06FD8 		.ascii	"\313\340o\330D\245\365|\340\341\236+u\224\015\374I8"
 1022      44A5F57C 
 1022      E0E19E2B 
 1022      75940DFC 
 1022      4938
 1023 0704 ACAC2FCF 		.ascii	"\254\254/\317\014\177wNa3\262n\301(\021\240\332\265"
ARM GAS  /tmp/cc5aMSzD.s 			page 39


 1023      0C7F774E 
 1023      6133B26E 
 1023      C12811A0 
 1023      DAB5
 1024 0716 359B4207 		.ascii	"5\233B\007\027d\251\373\367^n\030^9[\315V\243\273$D"
 1024      1764A9FB 
 1024      F75E6E18 
 1024      5E395BCD 
 1024      56A3BB24 
 1025 072b 40B14806 		.ascii	"@\261H\0066\"\270X\244\363\234\353\024>Z[&V\317sQ\300"
 1025      3622B858 
 1025      A4F39CEB 
 1025      143E5A5B 
 1025      2656CF73 
 1026 0741 171B36AE 		.ascii	"\027\0336\256S\374\005\334\316\034\237\355-lU\202\025"
 1026      53FC05DC 
 1026      CE1C9FED 
 1026      2D6C5582 
 1026      15
 1027 0752 B00CC94A 		.ascii	"\260\014\311J\205r\316\325\005\027dV\300\375\271+\012"
 1027      8572CED5 
 1027      05176456 
 1027      C0FDB92B 
 1027      0A
 1028 0763 E6B0F554 		.ascii	"\346\260\365TFa[\240\202\333\204d\226\034T\362\302\375"
 1028      46615BA0 
 1028      82DB8464 
 1028      961C54F2 
 1028      C2FD
 1029 0775 3DB7DFE3 		.ascii	"=\267\337\343\015\370r\261\213m\016\006\276\225\033"
 1029      0DF872B1 
 1029      8B6D0E06 
 1029      BE951B
 1030 0784 F915DB79 		.ascii	"\371\025\333y\276\227\226\361\2415\367\026\264jo\260"
 1030      BE9796F1 
 1030      A135F716 
 1030      B46A6FB0 
 1031 0794 8117E27D 		.ascii	"\201\027\342}\024q\270\360\366\342\315\302\034\267."
 1031      1471B8F0 
 1031      F6E2CDC2 
 1031      1CB72E
 1032 07a3 2F38690E 		.ascii	"/8i\0168\336O\003\216\313\321\361n\341\370\332\236\333"
 1032      38DE4F03 
 1032      8ECBD1F1 
 1032      6EE1F8DA 
 1032      9EDB
 1033 07b5 5D66BECE 		.ascii	"]f\276\316\036\265\025o3\360uVNag\300\363N\341\271T"
 1033      1EB5156F 
 1033      33F07556 
 1033      4E6167C0 
 1033      F34EE1B9 
 1034 07ca 0EBACE5E 		.ascii	"\016\272\316^\346/"
 1034      E62F
 1035 07d0 7860F227 		.ascii	"x`\362'q\210\211\366\264]y\026\032d\323\250@\315\303"
 1035      718889F6 
 1035      B45D7916 
 1035      1A64D3A8 
ARM GAS  /tmp/cc5aMSzD.s 			page 40


 1035      40CDC3
 1036 07e3 42735149 		.ascii	"BsQI\3516\203om\027\372\326v\005\205\203\001\315\203"
 1036      E936836F 
 1036      6D17FAD6 
 1036      76058583 
 1036      01CD83
 1037 07f6 42F328D7 		.ascii	"B\363(\327\254k\375aW8_\224%bQ\342\326\347\015@\275"
 1037      AC6BFD61 
 1037      57385F94 
 1037      256251E2 
 1037      D6E70D40 
 1038 080b D4B7B7B7 		.ascii	"\324\267\267\267\334|UG\265\015c\231\266aT\012\325\326"
 1038      DC7C5547 
 1038      B50D6399 
 1038      B661540A 
 1038      D5D6
 1039 081d 96C21CDD 		.ascii	"\226\302\034\335/\227\353\332\016]%\000K\356\317n\324"
 1039      2F97EBDA 
 1039      0E5D2500 
 1039      4BEECF6E 
 1039      D4
 1040 082e 6DE15735 		.ascii	"m\341W5\3001\001(}}\272\303\240\001\3525\300\317\002"
 1040      C0310128 
 1040      7D7DBAC3 
 1040      A001EA35 
 1040      C0CF02
 1041 0841 30B7ABEA 		.ascii	"0\267\253\352\232I\003\\\322\375\000\021\200\216=/O"
 1041      9A49035C 
 1041      D2FD0011 
 1041      808E3D2F 
 1041      4F
 1042 0852 E87EBD9D 		.ascii	"\350~\275\235\323\0005\034`8\260\370Vf\250x\313Sp3-"
 1042      D300351C 
 1042      6038B0F8 
 1042      5666A878 
 1042      CB537033 
 1043 0867 3E966586 		.ascii	">\226e\206\343\224\375\376c\317\271\343T}g\263!\330"
 1043      E394FDFE 
 1043      63CFB9E3 
 1043      547D67B3 
 1043      21D8
 1044 0879 86BF4128 		.ascii	"\206\277A(\324\261\332o8\265\272X\326\350\347h5\250"
 1044      D4B1DA6F 
 1044      38B5BA58 
 1044      D6E8E768 
 1044      35A8
 1045 088b 17FA270F 		.ascii	"\027\372'\017\267\325K\032`\213\006h\020\200UY\245\273"
 1045      B7D54B1A 
 1045      608B0668 
 1045      10805559 
 1045      A5BB
 1046 089d 75452AD7 		.ascii	"uE*\327\000\215>\300\256\232\253a\032\240G\313\340\204"
 1046      008D3EC0 
 1046      AE9AAB61 
 1046      1AA047CB 
 1046      E084
 1047 08af 002CDEBB 		.ascii	"\000,\336\273\271C7\017\025\032\303I\001h\253\310\365"
ARM GAS  /tmp/cc5aMSzD.s 			page 41


 1047      B943370F 
 1047      151AC349 
 1047      0168ABC8 
 1047      F5
 1048 08c0 EA4C9669 		.ascii	"\352L\226i\200&\001xP\262\272C\367\246\375H\367\203"
 1048      80260178 
 1048      50B2BA43 
 1048      F7A6FD48 
 1048      F783
 1049 08d2 4700EE3F 		.ascii	"G\000\356?\317>d\324\000k4\206\323\002p\243\352\336"
 1049      CF3E64D4 
 1049      006B3486 
 1049      D30270A3 
 1049      EADE
 1050 08e4 3ADD4CAE 		.ascii	":\335L\256\324\000g\004`\313\206\353\345\272y\350\322"
 1050      D4006704 
 1050      60CB86EB 
 1050      E5BA79E8 
 1050      D2
 1051 08f5 249AF93F 		.ascii	"$\232\371?(\222R\254nsz\212\335\351\264$\245\332\222"
 1051      289252AC 
 1051      6E737A8A 
 1051      DDE9B424 
 1051      A5DA92
 1052 0908 67385C43 		.ascii	"g8\\C\222Lc&|\035=*\376S\322/\3204d\332\260\317\206"
 1052      924C6326 
 1052      7C1D3D2A 
 1052      FE53D22F 
 1052      D03464DA 
 1053 091f C6C50D9B 		.ascii	"\306\305\015\233F\244\231\251\236\001#\255\351\366I"
 1053      46A499A9 
 1053      9E0123AD 
 1053      E9F649
 1054 092e F66F33EC 		.ascii	"\366o3\354i\036\207\3259\311\343\266[S\277\031?\371"
 1054      691E87D5 
 1054      39C9E3B6 
 1054      5B53BF19 
 1054      3FF9
 1055 0940 0B4B8A2B 		.ascii	"\013K\212+\325nI\265z<\026\344\265}gu\333-v\247=\311"
 1055      D56E49B5 
 1055      7A3C16E4 
 1055      B57D6775 
 1055      DB2D76A7 
 1056 0956 E376A5DB 		.ascii	"\343v\245\333\323\322\355\261I\256\264\231v\267\307"
 1056      D3D2EDB1 
 1056      49AEB499 
 1056      76B7C7
 1057 0965 EE8E9DEE 		.ascii	"\356\216\235\356p\247\262\376o\022,\376K\0223d\210e"
 1057      70A7B2FE 
 1057      6F122CFE 
 1057      4B123364 
 1057      8865
 1058 0977 548A639A 		.ascii	"T\212c\232c\342$\213+\035)\234\026GZ\2223\303fg\327"
 1058      63E2248B 
 1058      2B1D299C 
 1058      16475A92 
 1058      33C36667 
ARM GAS  /tmp/cc5aMSzD.s 			page 42


 1059 098c 53D3B94E 		.ascii	"S\323\271N\372\220\024\022\025\314@\310\324\221.\227"
 1059      FA901412 
 1059      15CC40C8 
 1059      D4912E97 
 1060 099c D398E148 		.ascii	"\323\230\341H\363\014\237\352\221\342\207\021\223\325"
 1060      F30C9FEA 
 1060      91E28711 
 1060      93D5
 1061 09aa 9D3AF3D3 		.ascii	"\235:\363\323\330T\242$\271P\364\373\330\324\241$\034"
 1061      D854A224 
 1061      B950F4FB 
 1061      D8D4A124 
 1061      1C
 1062 09bb 731A9338 		.ascii	"s\032\2238v\342\327\351\326d{\344;\231\023\243\257\327"
 1062      76E2D7E9 
 1062      D6647BE4 
 1062      3B9913A3 
 1062      AFD7
 1063 09cd 949432C3 		.ascii	"\224\2242\303\215D\323\377\364kKN\3074\213\317\212\305"
 1063      8D44D3FF 
 1063      F46B4B4E 
 1063      C7348BCF 
 1063      8AC5
 1064 09df 0F434F0A 		.ascii	"\017CO\012\243\030c\367$:\322L\314C\374\260\251\236"
 1064      A31863F7 
 1064      243AD24C 
 1064      CC43FCB0 
 1064      A99E
 1065 09f1 DF0A7EE4 		.ascii	"\337\012~\344\260\271\035\230x\272\205\201\370\301?"
 1065      B0B91D98 
 1065      78BA8581 
 1065      F8C13F
 1066 0a00 62121F61 		.ascii	"b\022\037a@\302\244\324\031\362\214\014\267]v\332\255"
 1066      40C2A4D4 
 1066      19F28C0C 
 1066      B75D76DA 
 1066      AD
 1067 0a11 D38D692E 		.ascii	"\323\215i.O\212\333\365\035\236\323\3222\234\316\361"
 1067      4F8ADBF5 
 1067      1D9ED3D2 
 1067      329CCEF1 
 1068 0a21 BAD22627 		.ascii	"\272\322&'%\305bf\261\330e\217\265[\2479b\343\343b\023"
 1068      25C56266 
 1068      B1D8658F 
 1068      B55BA739 
 1068      62E3E362 
 1069 0a36 E212E262 		.ascii	"\342\022\342b\277\375$6\325\372\037\227\333\362Vw\240"
 1069      BFFD2436 
 1069      D5FA1F97 
 1069      DBF25677 
 1069      A0
 1070 0a47 8828E248 		.ascii	"\210(\342HKF\345\010My\274\313f7a\307d\327\3304\217"
 1070      4B46E508 
 1070      4D79BCCB 
 1070      663761C7 
 1070      64D7D834 
 1071 0a5c 117D0F4D 		.ascii	"\021}\017M\230\352\351\037\360\235\341q8\371\001G\365"
ARM GAS  /tmp/cc5aMSzD.s 			page 43


 1071      98EAE91F 
 1071      F09DE171 
 1071      38F90147 
 1071      F5
 1072 0a6d 61A312B1 		.ascii	"a\243\022\261\222c]_9\322\255\323\234v3oa\025\230\344"
 1072      92635D5F 
 1072      39D2ADD3 
 1072      9C76336F 
 1072      611598E4 
 1073 0a81 B17A32D2 		.ascii	"\261z2\322\377\007r\012\177e"
 1073      FF07720A 
 1073      7F65
 1074              		.text
 1075              		.section	.gnu.lto_.symtab.a6f6433b08735178,"e",%progbits
 1076 0000 636D6447 		.ascii	"cmdGPIO\000"
 1076      50494F00 
 1077 0008 00       		.ascii	"\000"
 1078 0009 00       		.ascii	"\000"
 1079 000a 00       		.ascii	"\000"
 1080 000b 00000000 		.ascii	"\000\000\000\000\000\000\000\000"
 1080      00000000 
 1081 0013 0B010000 		.ascii	"\013\001\000\000"
 1082 0017 63687072 		.ascii	"chprintf\000"
 1082      696E7466 
 1082      00
 1083 0020 00       		.ascii	"\000"
 1084 0021 02       		.ascii	"\002"
 1085 0022 00       		.ascii	"\000"
 1086 0023 00000000 		.ascii	"\000\000\000\000\000\000\000\000"
 1086      00000000 
 1087 002b 12010000 		.ascii	"\022\001\000\000"
 1088 002f 6770696F 		.ascii	"gpioGetPin\000"
 1088      47657450 
 1088      696E00
 1089 003a 00       		.ascii	"\000"
 1090 003b 02       		.ascii	"\002"
 1091 003c 00       		.ascii	"\000"
 1092 003d 00000000 		.ascii	"\000\000\000\000\000\000\000\000"
 1092      00000000 
 1093 0045 1A010000 		.ascii	"\032\001\000\000"
 1094 0049 6770696F 		.ascii	"gpioSetPin\000"
 1094      53657450 
 1094      696E00
 1095 0054 00       		.ascii	"\000"
 1096 0055 02       		.ascii	"\002"
 1097 0056 00       		.ascii	"\000"
 1098 0057 00000000 		.ascii	"\000\000\000\000\000\000\000\000"
 1098      00000000 
 1099 005f 1F010000 		.ascii	"\037\001\000\000"
 1100 0063 6770696F 		.ascii	"gpioSetPinMode\000"
 1100      53657450 
 1100      696E4D6F 
 1100      646500
 1101 0072 00       		.ascii	"\000"
 1102 0073 02       		.ascii	"\002"
 1103 0074 00       		.ascii	"\000"
 1104 0075 00000000 		.ascii	"\000\000\000\000\000\000\000\000"
ARM GAS  /tmp/cc5aMSzD.s 			page 44


 1104      00000000 
 1105 007d 31010000 		.ascii	"1\001\000\000"
 1106 0081 73747254 		.ascii	"strToInt\000"
 1106      6F496E74 
 1106      00
 1107 008a 00       		.ascii	"\000"
 1108 008b 02       		.ascii	"\002"
 1109 008c 00       		.ascii	"\000"
 1110 008d 00000000 		.ascii	"\000\000\000\000\000\000\000\000"
 1110      00000000 
 1111 0095 3A010000 		.ascii	":\001\000\000"
 1112 0099 6770696F 		.ascii	"gpioPortIoDisable\000"
 1112      506F7274 
 1112      496F4469 
 1112      7361626C 
 1112      6500
 1113 00ab 00       		.ascii	"\000"
 1114 00ac 02       		.ascii	"\002"
 1115 00ad 00       		.ascii	"\000"
 1116 00ae 00000000 		.ascii	"\000\000\000\000\000\000\000\000"
 1116      00000000 
 1117 00b6 3F010000 		.ascii	"?\001\000\000"
 1118 00ba 6770696F 		.ascii	"gpioPrintStatus\000"
 1118      5072696E 
 1118      74537461 
 1118      74757300 
 1119 00ca 00       		.ascii	"\000"
 1120 00cb 02       		.ascii	"\002"
 1121 00cc 00       		.ascii	"\000"
 1122 00cd 00000000 		.ascii	"\000\000\000\000\000\000\000\000"
 1122      00000000 
 1123 00d5 41010000 		.ascii	"A\001\000\000"
 1124              		.text
 1125              		.section	.gnu.lto_.ext_symtab.a6f6433b08735178,"e",%progbits
 1126 0000 01       		.ascii	"\001"
 1127 0001 01       		.ascii	"\001"
 1128 0002 00       		.ascii	"\000"
 1129 0003 01       		.ascii	"\001"
 1130 0004 00       		.ascii	"\000"
 1131 0005 01       		.ascii	"\001"
 1132 0006 00       		.ascii	"\000"
 1133 0007 01       		.ascii	"\001"
 1134 0008 00       		.ascii	"\000"
 1135 0009 01       		.ascii	"\001"
 1136 000a 00       		.ascii	"\000"
 1137 000b 01       		.ascii	"\001"
 1138 000c 00       		.ascii	"\000"
 1139 000d 01       		.ascii	"\001"
 1140 000e 00       		.ascii	"\000"
 1141 000f 01       		.ascii	"\001"
 1142 0010 00       		.ascii	"\000"
 1143              		.text
 1144              		.section	.gnu.lto_.opts,"e",%progbits
 1145 0000 272D666E 		.ascii	"'-fno-openmp' '-fno-openacc' '-fno-pie' '-fcf-prote"
 1145      6F2D6F70 
 1145      656E6D70 
 1145      2720272D 
ARM GAS  /tmp/cc5aMSzD.s 			page 45


 1145      666E6F2D 
 1146 0033 6374696F 		.ascii	"ction=none' '-g' '-mcpu=cortex-m3' '-mno-thumb-inte"
 1146      6E3D6E6F 
 1146      6E652720 
 1146      272D6727 
 1146      20272D6D 
 1147 0066 72776F72 		.ascii	"rwork' '-mthumb' '-mfloat-abi=soft' '-march=armv7-m"
 1147      6B272027 
 1147      2D6D7468 
 1147      756D6227 
 1147      20272D6D 
 1148 0099 2720272D 		.ascii	"' '-Os' '-fomit-frame-pointer' '-falign-functions=1"
 1148      4F732720 
 1148      272D666F 
 1148      6D69742D 
 1148      6672616D 
 1149 00cc 36272027 		.ascii	"6' '-ffunction-sections' '-fdata-sections' '-fno-co"
 1149      2D666675 
 1149      6E637469 
 1149      6F6E2D73 
 1149      65637469 
 1150 00ff 6D6D6F6E 		.ascii	"mmon' '-flto' '-Xassembler' '-alms=build/lst/cmdgpi"
 1150      2720272D 
 1150      666C746F 
 1150      2720272D 
 1150      58617373 
 1151 0132 6F2E6C73 		.ascii	"o.lst'\000"
 1151      742700
 1152              		.text
 1153              		.comm	__gnu_lto_slim,1,1
 1154              		.ident	"GCC: (GNU Arm Embedded Toolchain 10-2020-q4-major) 10.2.1 20201103 (release)"
ARM GAS  /tmp/cc5aMSzD.s 			page 46


DEFINED SYMBOLS
                            *ABS*:0000000000000000 cmdgpio.c
     /tmp/cc5aMSzD.s:22     .gnu.debuglto_.debug_info:0000000000000000 cmdgpio.c.b693006b
                            *COM*:0000000000000001 __gnu_lto_slim

NO UNDEFINED SYMBOLS
