ARM GAS  /tmp/cc3Q11lr.s 			page 1


   1              		.cpu cortex-m3
   2              		.eabi_attribute 20, 1
   3              		.eabi_attribute 21, 1
   4              		.eabi_attribute 23, 3
   5              		.eabi_attribute 24, 1
   6              		.eabi_attribute 25, 1
   7              		.eabi_attribute 26, 1
   8              		.eabi_attribute 30, 4
   9              		.eabi_attribute 34, 1
  10              		.eabi_attribute 18, 4
  11              		.file	"cmdsof.c"
  12              		.file 1 "/home/matt/gcc-arm-none-eabi-10-2020-q4-major/arm-none-eabi/include/machine/_default_type
  13              		.file 2 "/home/matt/gcc-arm-none-eabi-10-2020-q4-major/arm-none-eabi/include/sys/_stdint.h"
  14              		.file 3 "/home/matt/gcc-arm-none-eabi-10-2020-q4-major/lib/gcc/arm-none-eabi/10.2.1/include/stddef
  15              		.file 4 "../FreeRTOS/include/osal_ch.h"
  16              		.file 5 "../ChibiOS/os/hal/include/hal_streams.h"
  17              		.file 6 "shell/cmdsof.c"
  18              		.section	.gnu.debuglto_.debug_info,"e",%progbits
  19              	.Ldebug_info0:
  20              		.hidden	cmdsof.c.4f02229e
  21              		.weak	cmdsof.c.4f02229e
  22              	cmdsof.c.4f02229e:
  23 0000 28020000 		.4byte	0x228
  24 0004 0400     		.2byte	0x4
  25 0006 00000000 		.4byte	.Ldebug_abbrev0
  26 000a 04       		.byte	0x4
  27 000b 01       		.uleb128 0x1
  28 000c AB000000 		.4byte	.LASF27
  29 0010 0C       		.byte	0xc
  30 0011 BA010000 		.4byte	.LASF28
  31 0015 2D000000 		.4byte	.LASF29
  32 0019 00000000 		.4byte	.Ldebug_line0
  33 001d 02       		.uleb128 0x2
  34 001e 01       		.byte	0x1
  35 001f 06       		.byte	0x6
  36 0020 38020000 		.4byte	.LASF0
  37 0024 03       		.uleb128 0x3
  38 0025 00000000 		.4byte	.LASF4
  39 0029 01       		.byte	0x1
  40 002a 2B       		.byte	0x2b
  41 002b 18       		.byte	0x18
  42 002c 30000000 		.4byte	0x30
  43 0030 02       		.uleb128 0x2
  44 0031 01       		.byte	0x1
  45 0032 08       		.byte	0x8
  46 0033 9D000000 		.4byte	.LASF1
  47 0037 02       		.uleb128 0x2
  48 0038 02       		.byte	0x2
  49 0039 05       		.byte	0x5
  50 003a 0B020000 		.4byte	.LASF2
  51 003e 02       		.uleb128 0x2
  52 003f 02       		.byte	0x2
  53 0040 07       		.byte	0x7
  54 0041 84010000 		.4byte	.LASF3
  55 0045 03       		.uleb128 0x3
  56 0046 1E000000 		.4byte	.LASF5
  57 004a 01       		.byte	0x1
ARM GAS  /tmp/cc3Q11lr.s 			page 2


  58 004b 4D       		.byte	0x4d
  59 004c 18       		.byte	0x18
  60 004d 51000000 		.4byte	0x51
  61 0051 02       		.uleb128 0x2
  62 0052 04       		.byte	0x4
  63 0053 05       		.byte	0x5
  64 0054 23020000 		.4byte	.LASF6
  65 0058 03       		.uleb128 0x3
  66 0059 9D010000 		.4byte	.LASF7
  67 005d 01       		.byte	0x1
  68 005e 4F       		.byte	0x4f
  69 005f 19       		.byte	0x19
  70 0060 64000000 		.4byte	0x64
  71 0064 02       		.uleb128 0x2
  72 0065 04       		.byte	0x4
  73 0066 07       		.byte	0x7
  74 0067 A8010000 		.4byte	.LASF8
  75 006b 02       		.uleb128 0x2
  76 006c 08       		.byte	0x8
  77 006d 05       		.byte	0x5
  78 006e FD010000 		.4byte	.LASF9
  79 0072 02       		.uleb128 0x2
  80 0073 08       		.byte	0x8
  81 0074 07       		.byte	0x7
  82 0075 71000000 		.4byte	.LASF10
  83 0079 04       		.uleb128 0x4
  84 007a 04       		.byte	0x4
  85 007b 05       		.byte	0x5
  86 007c 696E7400 		.ascii	"int\000"
  87 0080 02       		.uleb128 0x2
  88 0081 04       		.byte	0x4
  89 0082 07       		.byte	0x7
  90 0083 CE010000 		.4byte	.LASF11
  91 0087 03       		.uleb128 0x3
  92 0088 E0010000 		.4byte	.LASF12
  93 008c 02       		.byte	0x2
  94 008d 18       		.byte	0x18
  95 008e 13       		.byte	0x13
  96 008f 24000000 		.4byte	0x24
  97 0093 05       		.uleb128 0x5
  98 0094 87000000 		.4byte	0x87
  99 0098 03       		.uleb128 0x3
 100 0099 F5010000 		.4byte	.LASF13
 101 009d 02       		.byte	0x2
 102 009e 2C       		.byte	0x2c
 103 009f 13       		.byte	0x13
 104 00a0 45000000 		.4byte	0x45
 105 00a4 03       		.uleb128 0x3
 106 00a5 1A020000 		.4byte	.LASF14
 107 00a9 02       		.byte	0x2
 108 00aa 30       		.byte	0x30
 109 00ab 14       		.byte	0x14
 110 00ac 58000000 		.4byte	0x58
 111 00b0 03       		.uleb128 0x3
 112 00b1 0A000000 		.4byte	.LASF15
 113 00b5 03       		.byte	0x3
 114 00b6 D1       		.byte	0xd1
ARM GAS  /tmp/cc3Q11lr.s 			page 3


 115 00b7 17       		.byte	0x17
 116 00b8 80000000 		.4byte	0x80
 117 00bc 02       		.uleb128 0x2
 118 00bd 08       		.byte	0x8
 119 00be 04       		.byte	0x4
 120 00bf 2C020000 		.4byte	.LASF16
 121 00c3 06       		.uleb128 0x6
 122 00c4 04       		.byte	0x4
 123 00c5 07       		.uleb128 0x7
 124 00c6 04       		.byte	0x4
 125 00c7 87000000 		.4byte	0x87
 126 00cb 02       		.uleb128 0x2
 127 00cc 01       		.byte	0x1
 128 00cd 08       		.byte	0x8
 129 00ce DB010000 		.4byte	.LASF17
 130 00d2 03       		.uleb128 0x3
 131 00d3 EF010000 		.4byte	.LASF18
 132 00d7 04       		.byte	0x4
 133 00d8 5C       		.byte	0x5c
 134 00d9 11       		.byte	0x11
 135 00da 98000000 		.4byte	0x98
 136 00de 08       		.uleb128 0x8
 137 00df 4A020000 		.4byte	.LASF30
 138 00e3 10       		.byte	0x10
 139 00e4 05       		.byte	0x5
 140 00e5 46       		.byte	0x46
 141 00e6 08       		.byte	0x8
 142 00e7 20010000 		.4byte	0x120
 143 00eb 09       		.uleb128 0x9
 144 00ec 97010000 		.4byte	.LASF19
 145 00f0 05       		.byte	0x5
 146 00f1 47       		.byte	0x47
 147 00f2 03       		.byte	0x3
 148 00f3 44010000 		.4byte	0x144
 149 00f7 00       		.byte	0
 150 00f8 09       		.uleb128 0x9
 151 00f9 C9010000 		.4byte	.LASF20
 152 00fd 05       		.byte	0x5
 153 00fe 47       		.byte	0x47
 154 00ff 03       		.byte	0x3
 155 0100 63010000 		.4byte	0x163
 156 0104 04       		.byte	0x4
 157 0105 0A       		.uleb128 0xa
 158 0106 70757400 		.ascii	"put\000"
 159 010a 05       		.byte	0x5
 160 010b 47       		.byte	0x47
 161 010c 03       		.byte	0x3
 162 010d 7D010000 		.4byte	0x17d
 163 0111 08       		.byte	0x8
 164 0112 0A       		.uleb128 0xa
 165 0113 67657400 		.ascii	"get\000"
 166 0117 05       		.byte	0x5
 167 0118 47       		.byte	0x47
 168 0119 03       		.byte	0x3
 169 011a 92010000 		.4byte	0x192
 170 011e 0C       		.byte	0xc
 171 011f 00       		.byte	0
ARM GAS  /tmp/cc3Q11lr.s 			page 4


 172 0120 05       		.uleb128 0x5
 173 0121 DE000000 		.4byte	0xde
 174 0125 0B       		.uleb128 0xb
 175 0126 B0000000 		.4byte	0xb0
 176 012a 3E010000 		.4byte	0x13e
 177 012e 0C       		.uleb128 0xc
 178 012f C3000000 		.4byte	0xc3
 179 0133 0C       		.uleb128 0xc
 180 0134 3E010000 		.4byte	0x13e
 181 0138 0C       		.uleb128 0xc
 182 0139 B0000000 		.4byte	0xb0
 183 013d 00       		.byte	0
 184 013e 07       		.uleb128 0x7
 185 013f 04       		.byte	0x4
 186 0140 93000000 		.4byte	0x93
 187 0144 07       		.uleb128 0x7
 188 0145 04       		.byte	0x4
 189 0146 25010000 		.4byte	0x125
 190 014a 0B       		.uleb128 0xb
 191 014b B0000000 		.4byte	0xb0
 192 014f 63010000 		.4byte	0x163
 193 0153 0C       		.uleb128 0xc
 194 0154 C3000000 		.4byte	0xc3
 195 0158 0C       		.uleb128 0xc
 196 0159 C5000000 		.4byte	0xc5
 197 015d 0C       		.uleb128 0xc
 198 015e B0000000 		.4byte	0xb0
 199 0162 00       		.byte	0
 200 0163 07       		.uleb128 0x7
 201 0164 04       		.byte	0x4
 202 0165 4A010000 		.4byte	0x14a
 203 0169 0B       		.uleb128 0xb
 204 016a D2000000 		.4byte	0xd2
 205 016e 7D010000 		.4byte	0x17d
 206 0172 0C       		.uleb128 0xc
 207 0173 C3000000 		.4byte	0xc3
 208 0177 0C       		.uleb128 0xc
 209 0178 87000000 		.4byte	0x87
 210 017c 00       		.byte	0
 211 017d 07       		.uleb128 0x7
 212 017e 04       		.byte	0x4
 213 017f 69010000 		.4byte	0x169
 214 0183 0B       		.uleb128 0xb
 215 0184 D2000000 		.4byte	0xd2
 216 0188 92010000 		.4byte	0x192
 217 018c 0C       		.uleb128 0xc
 218 018d C3000000 		.4byte	0xc3
 219 0191 00       		.byte	0
 220 0192 07       		.uleb128 0x7
 221 0193 04       		.byte	0x4
 222 0194 83010000 		.4byte	0x183
 223 0198 0D       		.uleb128 0xd
 224 0199 04       		.byte	0x4
 225 019a 05       		.byte	0x5
 226 019b 4F       		.byte	0x4f
 227 019c 09       		.byte	0x9
 228 019d AF010000 		.4byte	0x1af
ARM GAS  /tmp/cc3Q11lr.s 			page 5


 229 01a1 0A       		.uleb128 0xa
 230 01a2 766D7400 		.ascii	"vmt\000"
 231 01a6 05       		.byte	0x5
 232 01a7 51       		.byte	0x51
 233 01a8 29       		.byte	0x29
 234 01a9 AF010000 		.4byte	0x1af
 235 01ad 00       		.byte	0
 236 01ae 00       		.byte	0
 237 01af 07       		.uleb128 0x7
 238 01b0 04       		.byte	0x4
 239 01b1 20010000 		.4byte	0x120
 240 01b5 03       		.uleb128 0x3
 241 01b6 88000000 		.4byte	.LASF21
 242 01ba 05       		.byte	0x5
 243 01bb 53       		.byte	0x53
 244 01bc 03       		.byte	0x3
 245 01bd 98010000 		.4byte	0x198
 246 01c1 02       		.uleb128 0x2
 247 01c2 01       		.byte	0x1
 248 01c3 02       		.byte	0x2
 249 01c4 44020000 		.4byte	.LASF22
 250 01c8 07       		.uleb128 0x7
 251 01c9 04       		.byte	0x4
 252 01ca B5010000 		.4byte	0x1b5
 253 01ce 07       		.uleb128 0x7
 254 01cf 04       		.byte	0x4
 255 01d0 D4010000 		.4byte	0x1d4
 256 01d4 07       		.uleb128 0x7
 257 01d5 04       		.byte	0x4
 258 01d6 CB000000 		.4byte	0xcb
 259 01da 0E       		.uleb128 0xe
 260 01db E8010000 		.4byte	.LASF31
 261 01df 06       		.byte	0x6
 262 01e0 24       		.byte	0x24
 263 01e1 06       		.byte	0x6
 264 01e2 0F       		.uleb128 0xf
 265 01e3 6C000000 		.4byte	.LASF23
 266 01e7 06       		.byte	0x6
 267 01e8 24       		.byte	0x24
 268 01e9 13       		.byte	0x13
 269 01ea C3000000 		.4byte	0xc3
 270 01ee 10       		.uleb128 0x10
 271 01ef 63687000 		.ascii	"chp\000"
 272 01f3 06       		.byte	0x6
 273 01f4 24       		.byte	0x24
 274 01f5 2F       		.byte	0x2f
 275 01f6 C8010000 		.4byte	0x1c8
 276 01fa 0F       		.uleb128 0xf
 277 01fb 15020000 		.4byte	.LASF24
 278 01ff 06       		.byte	0x6
 279 0200 24       		.byte	0x24
 280 0201 38       		.byte	0x38
 281 0202 79000000 		.4byte	0x79
 282 0206 0F       		.uleb128 0xf
 283 0207 28000000 		.4byte	.LASF25
 284 020b 06       		.byte	0x6
 285 020c 24       		.byte	0x24
ARM GAS  /tmp/cc3Q11lr.s 			page 6


 286 020d 44       		.byte	0x44
 287 020e CE010000 		.4byte	0x1ce
 288 0212 11       		.uleb128 0x11
 289 0213 11000000 		.4byte	.LASF26
 290 0217 06       		.byte	0x6
 291 0218 30       		.byte	0x30
 292 0219 0A       		.byte	0xa
 293 021a C1010000 		.4byte	0x1c1
 294 021e 12       		.uleb128 0x12
 295 021f 636E7400 		.ascii	"cnt\000"
 296 0223 06       		.byte	0x6
 297 0224 31       		.byte	0x31
 298 0225 0E       		.byte	0xe
 299 0226 A4000000 		.4byte	0xa4
 300 022a 00       		.byte	0
 301 022b 00       		.byte	0
 302              		.section	.gnu.debuglto_.debug_abbrev,"e",%progbits
 303              	.Ldebug_abbrev0:
 304 0000 01       		.uleb128 0x1
 305 0001 11       		.uleb128 0x11
 306 0002 01       		.byte	0x1
 307 0003 25       		.uleb128 0x25
 308 0004 0E       		.uleb128 0xe
 309 0005 13       		.uleb128 0x13
 310 0006 0B       		.uleb128 0xb
 311 0007 03       		.uleb128 0x3
 312 0008 0E       		.uleb128 0xe
 313 0009 1B       		.uleb128 0x1b
 314 000a 0E       		.uleb128 0xe
 315 000b 10       		.uleb128 0x10
 316 000c 17       		.uleb128 0x17
 317 000d 00       		.byte	0
 318 000e 00       		.byte	0
 319 000f 02       		.uleb128 0x2
 320 0010 24       		.uleb128 0x24
 321 0011 00       		.byte	0
 322 0012 0B       		.uleb128 0xb
 323 0013 0B       		.uleb128 0xb
 324 0014 3E       		.uleb128 0x3e
 325 0015 0B       		.uleb128 0xb
 326 0016 03       		.uleb128 0x3
 327 0017 0E       		.uleb128 0xe
 328 0018 00       		.byte	0
 329 0019 00       		.byte	0
 330 001a 03       		.uleb128 0x3
 331 001b 16       		.uleb128 0x16
 332 001c 00       		.byte	0
 333 001d 03       		.uleb128 0x3
 334 001e 0E       		.uleb128 0xe
 335 001f 3A       		.uleb128 0x3a
 336 0020 0B       		.uleb128 0xb
 337 0021 3B       		.uleb128 0x3b
 338 0022 0B       		.uleb128 0xb
 339 0023 39       		.uleb128 0x39
 340 0024 0B       		.uleb128 0xb
 341 0025 49       		.uleb128 0x49
 342 0026 13       		.uleb128 0x13
ARM GAS  /tmp/cc3Q11lr.s 			page 7


 343 0027 00       		.byte	0
 344 0028 00       		.byte	0
 345 0029 04       		.uleb128 0x4
 346 002a 24       		.uleb128 0x24
 347 002b 00       		.byte	0
 348 002c 0B       		.uleb128 0xb
 349 002d 0B       		.uleb128 0xb
 350 002e 3E       		.uleb128 0x3e
 351 002f 0B       		.uleb128 0xb
 352 0030 03       		.uleb128 0x3
 353 0031 08       		.uleb128 0x8
 354 0032 00       		.byte	0
 355 0033 00       		.byte	0
 356 0034 05       		.uleb128 0x5
 357 0035 26       		.uleb128 0x26
 358 0036 00       		.byte	0
 359 0037 49       		.uleb128 0x49
 360 0038 13       		.uleb128 0x13
 361 0039 00       		.byte	0
 362 003a 00       		.byte	0
 363 003b 06       		.uleb128 0x6
 364 003c 0F       		.uleb128 0xf
 365 003d 00       		.byte	0
 366 003e 0B       		.uleb128 0xb
 367 003f 0B       		.uleb128 0xb
 368 0040 00       		.byte	0
 369 0041 00       		.byte	0
 370 0042 07       		.uleb128 0x7
 371 0043 0F       		.uleb128 0xf
 372 0044 00       		.byte	0
 373 0045 0B       		.uleb128 0xb
 374 0046 0B       		.uleb128 0xb
 375 0047 49       		.uleb128 0x49
 376 0048 13       		.uleb128 0x13
 377 0049 00       		.byte	0
 378 004a 00       		.byte	0
 379 004b 08       		.uleb128 0x8
 380 004c 13       		.uleb128 0x13
 381 004d 01       		.byte	0x1
 382 004e 03       		.uleb128 0x3
 383 004f 0E       		.uleb128 0xe
 384 0050 0B       		.uleb128 0xb
 385 0051 0B       		.uleb128 0xb
 386 0052 3A       		.uleb128 0x3a
 387 0053 0B       		.uleb128 0xb
 388 0054 3B       		.uleb128 0x3b
 389 0055 0B       		.uleb128 0xb
 390 0056 39       		.uleb128 0x39
 391 0057 0B       		.uleb128 0xb
 392 0058 01       		.uleb128 0x1
 393 0059 13       		.uleb128 0x13
 394 005a 00       		.byte	0
 395 005b 00       		.byte	0
 396 005c 09       		.uleb128 0x9
 397 005d 0D       		.uleb128 0xd
 398 005e 00       		.byte	0
 399 005f 03       		.uleb128 0x3
ARM GAS  /tmp/cc3Q11lr.s 			page 8


 400 0060 0E       		.uleb128 0xe
 401 0061 3A       		.uleb128 0x3a
 402 0062 0B       		.uleb128 0xb
 403 0063 3B       		.uleb128 0x3b
 404 0064 0B       		.uleb128 0xb
 405 0065 39       		.uleb128 0x39
 406 0066 0B       		.uleb128 0xb
 407 0067 49       		.uleb128 0x49
 408 0068 13       		.uleb128 0x13
 409 0069 38       		.uleb128 0x38
 410 006a 0B       		.uleb128 0xb
 411 006b 00       		.byte	0
 412 006c 00       		.byte	0
 413 006d 0A       		.uleb128 0xa
 414 006e 0D       		.uleb128 0xd
 415 006f 00       		.byte	0
 416 0070 03       		.uleb128 0x3
 417 0071 08       		.uleb128 0x8
 418 0072 3A       		.uleb128 0x3a
 419 0073 0B       		.uleb128 0xb
 420 0074 3B       		.uleb128 0x3b
 421 0075 0B       		.uleb128 0xb
 422 0076 39       		.uleb128 0x39
 423 0077 0B       		.uleb128 0xb
 424 0078 49       		.uleb128 0x49
 425 0079 13       		.uleb128 0x13
 426 007a 38       		.uleb128 0x38
 427 007b 0B       		.uleb128 0xb
 428 007c 00       		.byte	0
 429 007d 00       		.byte	0
 430 007e 0B       		.uleb128 0xb
 431 007f 15       		.uleb128 0x15
 432 0080 01       		.byte	0x1
 433 0081 27       		.uleb128 0x27
 434 0082 19       		.uleb128 0x19
 435 0083 49       		.uleb128 0x49
 436 0084 13       		.uleb128 0x13
 437 0085 01       		.uleb128 0x1
 438 0086 13       		.uleb128 0x13
 439 0087 00       		.byte	0
 440 0088 00       		.byte	0
 441 0089 0C       		.uleb128 0xc
 442 008a 05       		.uleb128 0x5
 443 008b 00       		.byte	0
 444 008c 49       		.uleb128 0x49
 445 008d 13       		.uleb128 0x13
 446 008e 00       		.byte	0
 447 008f 00       		.byte	0
 448 0090 0D       		.uleb128 0xd
 449 0091 13       		.uleb128 0x13
 450 0092 01       		.byte	0x1
 451 0093 0B       		.uleb128 0xb
 452 0094 0B       		.uleb128 0xb
 453 0095 3A       		.uleb128 0x3a
 454 0096 0B       		.uleb128 0xb
 455 0097 3B       		.uleb128 0x3b
 456 0098 0B       		.uleb128 0xb
ARM GAS  /tmp/cc3Q11lr.s 			page 9


 457 0099 39       		.uleb128 0x39
 458 009a 0B       		.uleb128 0xb
 459 009b 01       		.uleb128 0x1
 460 009c 13       		.uleb128 0x13
 461 009d 00       		.byte	0
 462 009e 00       		.byte	0
 463 009f 0E       		.uleb128 0xe
 464 00a0 2E       		.uleb128 0x2e
 465 00a1 01       		.byte	0x1
 466 00a2 3F       		.uleb128 0x3f
 467 00a3 19       		.uleb128 0x19
 468 00a4 03       		.uleb128 0x3
 469 00a5 0E       		.uleb128 0xe
 470 00a6 3A       		.uleb128 0x3a
 471 00a7 0B       		.uleb128 0xb
 472 00a8 3B       		.uleb128 0x3b
 473 00a9 0B       		.uleb128 0xb
 474 00aa 39       		.uleb128 0x39
 475 00ab 0B       		.uleb128 0xb
 476 00ac 27       		.uleb128 0x27
 477 00ad 19       		.uleb128 0x19
 478 00ae 00       		.byte	0
 479 00af 00       		.byte	0
 480 00b0 0F       		.uleb128 0xf
 481 00b1 05       		.uleb128 0x5
 482 00b2 00       		.byte	0
 483 00b3 03       		.uleb128 0x3
 484 00b4 0E       		.uleb128 0xe
 485 00b5 3A       		.uleb128 0x3a
 486 00b6 0B       		.uleb128 0xb
 487 00b7 3B       		.uleb128 0x3b
 488 00b8 0B       		.uleb128 0xb
 489 00b9 39       		.uleb128 0x39
 490 00ba 0B       		.uleb128 0xb
 491 00bb 49       		.uleb128 0x49
 492 00bc 13       		.uleb128 0x13
 493 00bd 00       		.byte	0
 494 00be 00       		.byte	0
 495 00bf 10       		.uleb128 0x10
 496 00c0 05       		.uleb128 0x5
 497 00c1 00       		.byte	0
 498 00c2 03       		.uleb128 0x3
 499 00c3 08       		.uleb128 0x8
 500 00c4 3A       		.uleb128 0x3a
 501 00c5 0B       		.uleb128 0xb
 502 00c6 3B       		.uleb128 0x3b
 503 00c7 0B       		.uleb128 0xb
 504 00c8 39       		.uleb128 0x39
 505 00c9 0B       		.uleb128 0xb
 506 00ca 49       		.uleb128 0x49
 507 00cb 13       		.uleb128 0x13
 508 00cc 00       		.byte	0
 509 00cd 00       		.byte	0
 510 00ce 11       		.uleb128 0x11
 511 00cf 34       		.uleb128 0x34
 512 00d0 00       		.byte	0
 513 00d1 03       		.uleb128 0x3
ARM GAS  /tmp/cc3Q11lr.s 			page 10


 514 00d2 0E       		.uleb128 0xe
 515 00d3 3A       		.uleb128 0x3a
 516 00d4 0B       		.uleb128 0xb
 517 00d5 3B       		.uleb128 0x3b
 518 00d6 0B       		.uleb128 0xb
 519 00d7 39       		.uleb128 0x39
 520 00d8 0B       		.uleb128 0xb
 521 00d9 49       		.uleb128 0x49
 522 00da 13       		.uleb128 0x13
 523 00db 00       		.byte	0
 524 00dc 00       		.byte	0
 525 00dd 12       		.uleb128 0x12
 526 00de 34       		.uleb128 0x34
 527 00df 00       		.byte	0
 528 00e0 03       		.uleb128 0x3
 529 00e1 08       		.uleb128 0x8
 530 00e2 3A       		.uleb128 0x3a
 531 00e3 0B       		.uleb128 0xb
 532 00e4 3B       		.uleb128 0x3b
 533 00e5 0B       		.uleb128 0xb
 534 00e6 39       		.uleb128 0x39
 535 00e7 0B       		.uleb128 0xb
 536 00e8 49       		.uleb128 0x49
 537 00e9 13       		.uleb128 0x13
 538 00ea 00       		.byte	0
 539 00eb 00       		.byte	0
 540 00ec 00       		.byte	0
 541              		.section	.gnu.debuglto_.debug_line,"e",%progbits
 542              	.Ldebug_line0:
 543 0000 8C010000 		.4byte	.LELT0-.LSLT0
 544              	.LSLT0:
 545 0004 0400     		.2byte	0x4
 546 0006 86010000 		.4byte	.LELTP0-.LASLTP0
 547              	.LASLTP0:
 548 000a 01       		.byte	0x1
 549 000b 01       		.byte	0x1
 550 000c 01       		.byte	0x1
 551 000d F6       		.byte	0xf6
 552 000e F2       		.byte	0xf2
 553 000f 0D       		.byte	0xd
 554 0010 00       		.byte	0
 555 0011 01       		.byte	0x1
 556 0012 01       		.byte	0x1
 557 0013 01       		.byte	0x1
 558 0014 01       		.byte	0x1
 559 0015 00       		.byte	0
 560 0016 00       		.byte	0
 561 0017 00       		.byte	0
 562 0018 01       		.byte	0x1
 563 0019 00       		.byte	0
 564 001a 00       		.byte	0
 565 001b 01       		.byte	0x1
 566 001c 2E2E2F43 		.ascii	"../ChibiOS/os/hal/include"
 566      68696269 
 566      4F532F6F 
 566      732F6861 
 566      6C2F696E 
ARM GAS  /tmp/cc3Q11lr.s 			page 11


 567 0035 00       		.byte	0
 568 0036 2E2E2F46 		.ascii	"../FreeRTOS/include"
 568      72656552 
 568      544F532F 
 568      696E636C 
 568      756465
 569 0049 00       		.byte	0
 570 004a 7368656C 		.ascii	"shell"
 570      6C
 571 004f 00       		.byte	0
 572 0050 2F686F6D 		.ascii	"/home/matt/gcc-arm-none-eabi-10-2020-q4-major/arm-n"
 572      652F6D61 
 572      74742F67 
 572      63632D61 
 572      726D2D6E 
 573 0083 6F6E652D 		.ascii	"one-eabi/include/machine"
 573      65616269 
 573      2F696E63 
 573      6C756465 
 573      2F6D6163 
 574 009b 00       		.byte	0
 575 009c 2F686F6D 		.ascii	"/home/matt/gcc-arm-none-eabi-10-2020-q4-major/arm-n"
 575      652F6D61 
 575      74742F67 
 575      63632D61 
 575      726D2D6E 
 576 00cf 6F6E652D 		.ascii	"one-eabi/include/sys"
 576      65616269 
 576      2F696E63 
 576      6C756465 
 576      2F737973 
 577 00e3 00       		.byte	0
 578 00e4 2F686F6D 		.ascii	"/home/matt/gcc-arm-none-eabi-10-2020-q4-major/lib/g"
 578      652F6D61 
 578      74742F67 
 578      63632D61 
 578      726D2D6E 
 579 0117 63632F61 		.ascii	"cc/arm-none-eabi/10.2.1/include"
 579      726D2D6E 
 579      6F6E652D 
 579      65616269 
 579      2F31302E 
 580 0136 00       		.byte	0
 581 0137 00       		.byte	0
 582 0138 5F646566 		.ascii	"_default_types.h\000"
 582      61756C74 
 582      5F747970 
 582      65732E68 
 582      00
 583 0149 04       		.uleb128 0x4
 584 014a 00       		.uleb128 0
 585 014b 00       		.uleb128 0
 586 014c 5F737464 		.ascii	"_stdint.h\000"
 586      696E742E 
 586      6800
 587 0156 05       		.uleb128 0x5
 588 0157 00       		.uleb128 0
ARM GAS  /tmp/cc3Q11lr.s 			page 12


 589 0158 00       		.uleb128 0
 590 0159 73746464 		.ascii	"stddef.h\000"
 590      65662E68 
 590      00
 591 0162 06       		.uleb128 0x6
 592 0163 00       		.uleb128 0
 593 0164 00       		.uleb128 0
 594 0165 6F73616C 		.ascii	"osal_ch.h\000"
 594      5F63682E 
 594      6800
 595 016f 02       		.uleb128 0x2
 596 0170 00       		.uleb128 0
 597 0171 00       		.uleb128 0
 598 0172 68616C5F 		.ascii	"hal_streams.h\000"
 598      73747265 
 598      616D732E 
 598      6800
 599 0180 01       		.uleb128 0x1
 600 0181 00       		.uleb128 0
 601 0182 00       		.uleb128 0
 602 0183 636D6473 		.ascii	"cmdsof.c\000"
 602      6F662E63 
 602      00
 603 018c 03       		.uleb128 0x3
 604 018d 00       		.uleb128 0
 605 018e 00       		.uleb128 0
 606 018f 00       		.byte	0
 607              	.LELTP0:
 608              	.LELT0:
 609              		.section	.gnu.debuglto_.debug_str,"eMS",%progbits,1
 610              	.LASF4:
 611 0000 5F5F7569 		.ascii	"__uint8_t\000"
 611      6E74385F 
 611      7400
 612              	.LASF15:
 613 000a 73697A65 		.ascii	"size_t\000"
 613      5F7400
 614              	.LASF26:
 615 0011 616C6C6F 		.ascii	"allowDisable\000"
 615      77446973 
 615      61626C65 
 615      00
 616              	.LASF5:
 617 001e 5F5F696E 		.ascii	"__int32_t\000"
 617      7433325F 
 617      7400
 618              	.LASF25:
 619 0028 61726776 		.ascii	"argv\000"
 619      00
 620              	.LASF29:
 621 002d 2F686F6D 		.ascii	"/home/matt/hardware/electrosense-converter-firmware"
 621      652F6D61 
 621      74742F68 
 621      61726477 
 621      6172652F 
 622 0060 56322F66 		.ascii	"V2/firmware\000"
 622      69726D77 
ARM GAS  /tmp/cc3Q11lr.s 			page 13


 622      61726500 
 623              	.LASF23:
 624 006c 75736572 		.ascii	"user\000"
 624      00
 625              	.LASF10:
 626 0071 6C6F6E67 		.ascii	"long long unsigned int\000"
 626      206C6F6E 
 626      6720756E 
 626      7369676E 
 626      65642069 
 627              	.LASF21:
 628 0088 42617365 		.ascii	"BaseSequentialStream\000"
 628      53657175 
 628      656E7469 
 628      616C5374 
 628      7265616D 
 629              	.LASF1:
 630 009d 756E7369 		.ascii	"unsigned char\000"
 630      676E6564 
 630      20636861 
 630      7200
 631              	.LASF27:
 632 00ab 474E5520 		.ascii	"GNU C17 10.2.1 20201103 (release) -mcpu=cortex-m3 -"
 632      43313720 
 632      31302E32 
 632      2E312032 
 632      30323031 
 633 00de 6D6E6F2D 		.ascii	"mno-thumb-interwork -mthumb -mfloat-abi=soft -march"
 633      7468756D 
 633      622D696E 
 633      74657277 
 633      6F726B20 
 634 0111 3D61726D 		.ascii	"=armv7-m -ggdb -Os -fomit-frame-pointer -falign-fun"
 634      76372D6D 
 634      202D6767 
 634      6462202D 
 634      4F73202D 
 635 0144 6374696F 		.ascii	"ctions=16 -ffunction-sections -fdata-sections -fno-"
 635      6E733D31 
 635      36202D66 
 635      66756E63 
 635      74696F6E 
 636 0177 636F6D6D 		.ascii	"common -flto\000"
 636      6F6E202D 
 636      666C746F 
 636      00
 637              	.LASF3:
 638 0184 73686F72 		.ascii	"short unsigned int\000"
 638      7420756E 
 638      7369676E 
 638      65642069 
 638      6E7400
 639              	.LASF19:
 640 0197 77726974 		.ascii	"write\000"
 640      6500
 641              	.LASF7:
 642 019d 5F5F7569 		.ascii	"__uint32_t\000"
ARM GAS  /tmp/cc3Q11lr.s 			page 14


 642      6E743332 
 642      5F7400
 643              	.LASF8:
 644 01a8 6C6F6E67 		.ascii	"long unsigned int\000"
 644      20756E73 
 644      69676E65 
 644      6420696E 
 644      7400
 645              	.LASF28:
 646 01ba 7368656C 		.ascii	"shell/cmdsof.c\000"
 646      6C2F636D 
 646      64736F66 
 646      2E6300
 647              	.LASF20:
 648 01c9 72656164 		.ascii	"read\000"
 648      00
 649              	.LASF11:
 650 01ce 756E7369 		.ascii	"unsigned int\000"
 650      676E6564 
 650      20696E74 
 650      00
 651              	.LASF17:
 652 01db 63686172 		.ascii	"char\000"
 652      00
 653              	.LASF12:
 654 01e0 75696E74 		.ascii	"uint8_t\000"
 654      385F7400 
 655              	.LASF31:
 656 01e8 636D6453 		.ascii	"cmdSof\000"
 656      6F6600
 657              	.LASF18:
 658 01ef 6D73675F 		.ascii	"msg_t\000"
 658      7400
 659              	.LASF13:
 660 01f5 696E7433 		.ascii	"int32_t\000"
 660      325F7400 
 661              	.LASF9:
 662 01fd 6C6F6E67 		.ascii	"long long int\000"
 662      206C6F6E 
 662      6720696E 
 662      7400
 663              	.LASF2:
 664 020b 73686F72 		.ascii	"short int\000"
 664      7420696E 
 664      7400
 665              	.LASF24:
 666 0215 61726763 		.ascii	"argc\000"
 666      00
 667              	.LASF14:
 668 021a 75696E74 		.ascii	"uint32_t\000"
 668      33325F74 
 668      00
 669              	.LASF6:
 670 0223 6C6F6E67 		.ascii	"long int\000"
 670      20696E74 
 670      00
 671              	.LASF16:
ARM GAS  /tmp/cc3Q11lr.s 			page 15


 672 022c 6C6F6E67 		.ascii	"long double\000"
 672      20646F75 
 672      626C6500 
 673              	.LASF0:
 674 0238 7369676E 		.ascii	"signed char\000"
 674      65642063 
 674      68617200 
 675              	.LASF22:
 676 0244 5F426F6F 		.ascii	"_Bool\000"
 676      6C00
 677              	.LASF30:
 678 024a 42617365 		.ascii	"BaseSequentialStreamVMT\000"
 678      53657175 
 678      656E7469 
 678      616C5374 
 678      7265616D 
 679              		.text
 680              		.section	.gnu.lto_.profile.2db100145bbc6da7,"e",%progbits
 681 0000 789C6362 		.ascii	"x\234cb\000\001\000\000\022\000\003"
 681      00010000 
 681      120003
 682              		.text
 683              		.section	.gnu.lto_.icf.2db100145bbc6da7,"e",%progbits
 684 0000 789CE360 		.ascii	"x\234\343`@\000F\206\331K\347\177\347d\000\000\015\012"
 684      40004686 
 684      D94BE77F 
 684      E7640000 
 684      0D0A
 685 0012 02E9     		.ascii	"\002\351"
 686              		.text
 687              		.section	.gnu.lto_.ipa_sra.2db100145bbc6da7,"e",%progbits
 688 0000 789C2B63 		.ascii	"x\234+c@\000F\006\026 \311\012$\331\301\334%\314\014"
 688      40004606 
 688      1620C90A 
 688      24D9C1DC 
 688      25CC0C
 689 0013 4B988182 		.ascii	"K\230\201\202\214@AFf\306F\026$\245\370\271\214`\012"
 689      8C404146 
 689      66C64616 
 689      24A5F8B9 
 689      8C600A
 690 0026 9B209464 		.ascii	"\233 \224dbd\206\211\003\000U\334\004\032"
 690      62648689 
 690      030055DC 
 690      041A
 691              		.text
 692              		.section	.gnu.lto_.inline.2db100145bbc6da7,"e",%progbits
 693 0000 789CDBC1 		.ascii	"x\234\333\301\200\000\214\014\214*\373\246\334\271\314"
 693      80008C0C 
 693      8C2AFBA6 
 693      DCB9CC
 694 000f 94C9C8CC 		.ascii	"\224\311\310\314\224\273\204\231\211Q\213\201\201\211"
 694      94BB8499 
 694      89518B81 
 694      8189
 695 001d 11C8004A 		.ascii	"\021\310\000J2\003i \311\300\300\306\324\000\004L\311"
 695      32036920 
ARM GAS  /tmp/cc3Q11lr.s 			page 16


 695      C9C0C0C6 
 695      D400044C 
 695      C9
 696 002e 40169891 		.ascii	"@\026\230\221\302\304\300\304\300\002a2p00>\234\327"
 696      C2C4C0C4 
 696      C0026132 
 696      7030303E 
 696      9CD7
 697 0040 B58E2991 		.ascii	"\265\216)\221\205\211A\000\210a< \207\201\005\314N\006"
 697      85894100 
 697      88613C20 
 697      878105CC 
 697      4E06
 698 0052 3280C6B1 		.ascii	"2\200\306\261\360\202\314\234\340\3070\301\017\316D"
 698      F082CC9C 
 698      E0C730C1 
 698      0FCE44
 699 0061 1664E601 		.ascii	"\026d\346\001;\010!\307\304\015\224\007\212\300h\220"
 699      3B0821C7 
 699      C40D9407 
 699      8AC06890 
 700 0071 0C0B0313 		.ascii	"\014\013\003\023H\012\000_\364\036z"
 700      480A005F 
 700      F41E7A
 701              		.text
 702              		.section	.gnu.lto_.jmpfuncs.2db100145bbc6da7,"e",%progbits
 703 0000 789C9BC5 		.ascii	"x\234\233\305\310\300\240\315\000\001\214\014,\214@"
 703      C8C0A0CD 
 703      00018C0C 
 703      2C8C40
 704 000f C0C7B084 		.ascii	"\300\307\260\204\231\231e\0113K\375\022f& fdc\251\003"
 704      99996509 
 704      334BFD12 
 704      66262066 
 704      6463A903 
 705 0023 AA623CC0 		.ascii	"\252b<\300\302\310\000\304\377\201\200\237\201Y\221"
 705      C2C800C4 
 705      FF81809F 
 705      815991
 706 0032 B18D6309 		.ascii	"\261\215c\0113+\2520#\323$\346%\314l\214\214\020\012"
 706      332BAA30 
 706      23D324E6 
 706      25CC6C8C 
 706      8C100A
 707 0045 A2144D27 		.ascii	"\242\024M'6\323\300\332\230\030E\301\302\242 )\240\005"
 707      36D3C0DA 
 707      981845C1 
 707      C2A22029 
 707      A005
 708 0057 EC200BD8 		.ascii	"\354 \013\330\321-`\334\312\310\270\215$'At T3201\020"
 708      D12D60DC 
 708      CAC8B88D 
 708      24274174 
 708      20543332 
 709 006e 6F2A13E3 		.ascii	"o*\023\343vF\024g\011\203,\341\300n\000\023\330#\234"
 709      76461467 
 709      09832CE1 
ARM GAS  /tmp/cc3Q11lr.s 			page 17


 709      C06E0013 
 709      D8239C
 710 0081 48863030 		.ascii	"H\20600\300\304 \246\200\305\031X0\335\256\0112\226"
 710      C0C420A6 
 710      80C51958 
 710      30DDAE09 
 710      3296
 711 0093 0B87DB59 		.ascii	"\013\207\333YUKy\271\030\270\203\363\335\024\234\363"
 711      554B79B9 
 711      18B883F3 
 711      DD149CF3 
 712 00a3 4BF34AAC 		.ascii	"K\363J\254\030DAl\227\314\342\304\244\234T\005\307\234"
 712      1844416C 
 712      97CCE2C4 
 712      A49C5405 
 712      C79C
 713 00b5 9CFCF2D4 		.ascii	"\234\374\362\324\024+\006&C\006\000\364Xv\247"
 713      142B0626 
 713      430600F4 
 713      5876A7
 714              		.text
 715              		.section	.gnu.lto_.pureconst.2db100145bbc6da7,"e",%progbits
 716 0000 789C6361 		.ascii	"x\234ca```d\230\311\002\000\001b\000\243"
 716      60606064 
 716      98C90200 
 716      016200A3 
 717              		.text
 718              		.section	.gnu.lto_.lto.2db100145bbc6da7,"e",%progbits
 719 0000 09000200 		.ascii	"\011\000\002\000\001\000\000\000"
 719      01000000 
 720              		.text
 721              		.section	.gnu.lto_cmdSof.88.2db100145bbc6da7,"e",%progbits
 722 0000 789C8D52 		.ascii	"x\234\215R[\213SW\024^\337Y\373d.q\242Uc\325VI\205A"
 722      5B8B5357 
 722      145EDF59 
 722      FB642E71 
 722      A25563D5 
 723 0018 2A68ECE8 		.ascii	"*h\354\350\213\276hQ\374\001\012\015}\214\2313\306\222"
 723      8BBE6851 
 723      FC010A0D 
 723      7D8C9933 
 723      C692
 724 002a 4924C9A8 		.ascii	"I$\311\250\017\202\3071\023q\024\306L\305\372\240\007"
 724      0F82C731 
 724      137114C6 
 724      4CC5FAA0 
 724      07
 725 003b 89071910 		.ascii	"\211\007\031\020T\360\332z\213\216E\373b\247\342\005"
 725      54F0DA7A 
 725      8B8E45FB 
 725      62A7E205 
 726 004b 5BAFF334 		.ascii	"[\257\3634\212\216\322')B\273\366Nf:\001\005\017\234"
 726      8A8ED227 
 726      2942BBF6 
 726      4E663A01 
 726      050F9C
 727 005e BDD7DAFB 		.ascii	"\275\327\332\373\373\326\372\326Z\273E\021\235&\"G~"
ARM GAS  /tmp/cc3Q11lr.s 			page 18


 727      FBD6FAD6 
 727      5ABB4511 
 727      9D262247 
 727      7E
 728 006f 3410FA4B 		.ascii	"4\020\372K\275\026\271\256\273\262\301\262v\226\366"
 728      BD16B9AE 
 728      BBB2C1B2 
 728      7696F6
 729 007e 5818C4AB 		.ascii	"X\030\304\253\243\317[U\261\024\332\377\310\233\255"
 729      A3CF5B55 
 729      B114DAFF 
 729      C89BAD
 730 008d D82A9482 		.ascii	"\330*\224\202r\037Q=\245\220\331\025\016\224\232\015"
 730      721F513D 
 730      A590D915 
 730      0E949A0D 
 731 009d C3166B8C 		.ascii	"\303\026k\214\035\300\216Ro\223\260\215\007\332n\261"
 731      1DC08E52 
 731      6F93B08D 
 731      07DA6EB1 
 732 00ad B203D88E 		.ascii	"\262\003\330\216\037\371k9z\367\353p\3457\270\003\025"
 732      1FF96B39 
 732      7AF7EB70 
 732      E537B803 
 732      15
 733 00be F84CE4C9 		.ascii	"\370L\344\311o\276C\214~\366\031P5\313BD,^K\363+\256"
 733      6FBE438C 
 733      7EF61950 
 733      35CB4244 
 733      2C5E4BF3 
 734 00d4 3B74FC82 		.ascii	";t\374\202\3536\221\317\214\363\020\016\316\001gA\372"
 734      EB3691CF 
 734      8CF3100E 
 734      CE016741 
 734      FA
 735 00e5 2036CC1A 		.ascii	" 6\314\032\367C\025\367\264\206S\370\271\036\247b\243"
 735      F74315F7 
 735      B48653F8 
 735      B91EA762 
 735      A3
 736 00f6 0697A6F9 		.ascii	"\006\227\246\371\"b\350]\015g\343b=\316\216\375cp\271"
 736      2262E85D 
 736      0D67E362 
 736      3DCE8EFD 
 736      6370B9
 737 0109 6ABCBD3B 		.ascii	"j\274\275;w\271S\224\317\001\\\256\307\005bEeT\363V"
 737      77B95394 
 737      CF015CAE 
 737      C7056245 
 737      6554F356 
 738 011d BDB60AF8 		.ascii	"\275\266\012\370\355\213K\233n\271\002n\300\325\211"
 738      ED8B4B9B 
 738      6EB9026E 
 738      C0D589
 739 012c 60A298A7 		.ascii	"`\242\230\247\253\342m\0069$\310\2213\311\203\032\331"
 739      ABE26D06 
 739      3924C891 
ARM GAS  /tmp/cc3Q11lr.s 			page 19


 739      33C9831A 
 739      D9
 740 013d 886B06B9 		.ascii	"\210k\006\271\004\213\015\256_\005\010\327\201\012j"
 740      048B0DAE 
 740      5F0508D7 
 740      810A6A
 741 014c 9D11BA55 		.ascii	"\235\021\272U=8y\307\256\270\357\377\355s\3357\323\357"
 741      3D3879C7 
 741      AEB8EFFF 
 741      ED73DD37 
 741      D3EF
 742 015e B74C8368 		.ascii	"\267L\203hh\262\264`\226\245Qi+\000\\B#p\005A\340\027"
 742      68B2B460 
 742      96A55169 
 742      2B005C42 
 742      23700541 
 743 0174 8448C7A1 		.ascii	"\204H\307\241>\326sq\025\334\012\321>\266\252\316\016"
 743      3ED67371 
 743      15DC0AD1 
 743      3EB6AACE 
 743      0E
 744 0185 715EC21D 		.ascii	"q^\302\035>\0346\333)\320\013\024\036\017\316-K\251"
 744      3E1C36DB 
 744      29D00B14 
 744      1E0FCE2D 
 744      4BA9
 745 0197 0BCC44F6 		.ascii	"\013\314D\3661?\367zOX\343\320\323\016\215\242\373\340"
 745      313FF77A 
 745      4F58E3D0 
 745      D30E8DA2 
 745      FBE0
 746 01a9 9ED72833 		.ascii	"\236\327(3jS\012\200\216\351A7\212\232\262\224sC\022"
 746      6A530A80 
 746      8EE94137 
 746      8A9AB294 
 746      734312
 747 01bc BE454FA4 		.ascii	"\276EO\244,\257\005\226\317\315\036\313I\025\377\325"
 747      2CAF0596 
 747      CFCD1ECB 
 747      4915FFD5 
 748 01cc 6E140517 		.ascii	"n\024\005\027,\240h\010\223p\023\362L|n\321\271G\006"
 748      2CA06808 
 748      937013F2 
 748      4C7C6ED1 
 748      B94706
 749 01df D3421ACF 		.ascii	"\323B\032\317\255N\365\365\374\204\361\334g\273$l!B"
 749      AD4EF5F5 
 749      FC84F1DC 
 749      67BB246C 
 749      2142
 750 01f1 2668C863 		.ascii	"&h\310c\213H\247\227b}\236l\010v=\341\002>B\2401B\240"
 750      8B48A797 
 750      627D9E6C 
 750      08763DE1 
 750      023E42A0 
 751 0208 BE1157C3 		.ascii	"\276\021W\303B(\326\010S<f-;\25096\302Z\375^\243\376"
 751      4228D608 
ARM GAS  /tmp/cc3Q11lr.s 			page 20


 751      533C662D 
 751      3BA83936 
 751      C25AFD5E 
 752 021e 33A37E60 		.ascii	"3\243~`\216\317S\361{U\3764\303\377\243\332\310;&\357"
 752      8ECF53F1 
 752      7B55FE34 
 752      C3FFA3DA 
 752      C83B26EF 
 753 0232 91EFCB1C 		.ascii	"\221\357\313\0342\221\246{,\357\244P\353QX\317Rsf\010"
 753      3291A67B 
 753      2CEFA450 
 753      EB5158CF 
 753      52736608 
 754 0246 B83B22F3 		.ascii	"\270;\"\363\021\234\341\335\013\353\346\036\220&\262"
 754      119CE1DD 
 754      0BEBE61E 
 754      9026B2
 755 0255 60B4FD7E 		.ascii	"`\264\375~\227\\*\361'\350\372\334c\333\350\322\202"
 755      975C2AF1 
 755      27E8FADC 
 755      63DBE8D2 
 755      82
 756 0266 CA46D04C 		.ascii	"\312F\320L#h$\354\363,\334\325\301\205\344\363l\023"
 756      236824EC 
 756      F32CDCD5 
 756      C185E4F3 
 756      6C13
 757 0278 F4C1076B 		.ascii	"\364\301\007k\302m3\215\001C\377b\274\236/\361`b=\017"
 757      C26D338D 
 757      0143FF62 
 757      BC9E2FF1 
 757      60623D0F 
 758 028c C39F9EF7 		.ascii	"\303\237\236\367\317j\336\220\316;\212\353O %,\233'"
 758      CF6ADE90 
 758      CE3B8AEB 
 758      4F20252C 
 758      9B27
 759 029e DDA6BFD1 		.ascii	"\335\246\277\321\375\354/\333\314\264\217\361\377;$"
 759      FDEC2FDB 
 759      CCB48FF1 
 759      FF3B24
 760 02ad 5A114D66 		.ascii	"Z\021Mf:\235hg<\237\217&\343\331\366-\361\254\023uR"
 760      3A9D6867 
 760      3C9F8F26 
 760      E3D9F62D 
 760      F1AC1375 
 761 02c2 4E229FCD 		.ascii	"N\"\237\315\344\234t\316Y\230\310\2447;\331\274\223"
 761      E49C74CE 
 761      5998C8A4 
 761      373BD9BC 
 761      93
 762 02d3 5DD8B131 		.ascii	"]\330\2611\333\251\357\277k\213\216\23149\227tR\251"
 762      DBA9EFBF 
 762      6B8B8E99 
 762      34399774 
 762      52A9
 763 02e5 68A2B33D 		.ascii	"h\242\263=\227\351X\224 \325\225s\262S\307\334EK;\026"
ARM GAS  /tmp/cc3Q11lr.s 			page 21


 763      97E95894 
 763      20D59573 
 763      B253C7DC 
 763      454B3B16 
 764 02f9 B7B5B52D 		.ascii	"\267\265\265-s\210\023\311M*\236\335\220\320\313fN\244"
 764      738813C9 
 764      4D2A9EDD 
 764      90D0CB66 
 764      4EA4
 765 030b F393E2A9 		.ascii	"\363\223\342\251Tf\313\352\215\271\370\372\224c}C\341"
 765      5466CBEA 
 765      8DB9F8FA 
 765      94637D43 
 765      E1
 766 031c 75993591 		.ascii	"u\2315\221\232\033\371V\3379\355\313\311n\355ji\246"
 766      9A1BF956 
 766      DF39EDCB 
 766      C96EED6A 
 766      69A6
 767 032e A0BE5B95 		.ascii	"\240\276[\225\351J\347\227\323\177~\216z\371"
 767      E94AE797 
 767      D37F7E8E 
 767      7AF9
 768              		.text
 769              		.section	.gnu.lto_.symbol_nodes.2db100145bbc6da7,"e",%progbits
 770 0000 789C758F 		.ascii	"x\234u\217!\016\302@\024D\337\354\337BB\023\256\300"
 770      210EC240 
 770      1444DFEC 
 770      DF424213 
 770      AEC0
 771 0012 517F49C0 		.ascii	"Q\177I\300`\300\341P\325\004\215F\243\201\202 \351="
 771      60C0E150 
 771      D5048D46 
 771      A3818220 
 771      E93D
 772 0024 A04B9BA2 		.ascii	"\240K\233\242v\324\313\2741c\002\302\015\247\352\022"
 772      76D4CBBC 
 772      316302C2 
 772      0DA7EA12 
 773 0034 B5BBD231 		.ascii	"\265\273\3221\347j)\222\002\275p}\206,~\003\3228Y5x"
 773      E76A2992 
 773      02BD707D 
 773      862C7E03 
 773      D2385935 
 774 0049 C8B9276E 		.ascii	"\310\271'n9\367\300c\316\335\361\"\343\214\342}\330"
 774      39F7C063 
 774      CEDDF122 
 774      E38CE27D 
 774      D8
 775 005a 1C832E32 		.ascii	"\034\203.2\342i\273\336K\365d\304\266\303\320\377\250"
 775      E269BBDE 
 775      4BF564C4 
 775      B6C3D0FF 
 775      A8
 776 006b A786F5B8 		.ascii	"\247\206\365\270\232\031\032\332r\034\264\345\277\235"
 776      9A191ADA 
 776      721CB4E5 
ARM GAS  /tmp/cc3Q11lr.s 			page 22


 776      BF9D
 777 0079 F3054A52 		.ascii	"\363\005JR\\C"
 777      5C43
 778              		.text
 779              		.section	.gnu.lto_.refs.2db100145bbc6da7,"e",%progbits
 780 0000 789C6364 		.ascii	"x\234cd\000\002\000\000\012\000\002"
 780      00020000 
 780      0A0002
 781              		.text
 782              		.section	.gnu.lto_.decls.2db100145bbc6da7,"e",%progbits
 783 0000 789C6D56 		.ascii	"x\234mV{PT\327\035>\277{\357>\270@ \270\324v2U\306\351"
 783      7B5054D7 
 783      1D3EBF7B 
 783      EF3EB840 
 783      20B8D476 
 784 0018 4CB6ED2C 		.ascii	"L\266\355,\213\253c\222\277\312\304\216\371#\315c\206"
 784      8BAB6392 
 784      BFCAC48E 
 784      F923CD63 
 784      86
 785 0029 369DE11F 		.ascii	"6\235\341\037\273\354\275\310f\366av\027\223?/(\217"
 785      BBECBDC8 
 785      66F66176 
 785      17933F2F 
 785      288F
 786 003b 28127C04 		.ascii	"(\022|\004Q\264\222:U\253\2111\003V\345\241\233\365"
 786      51B4923A 
 786      55AB8931 
 786      0356E5A1 
 786      9BF5
 787 004d 8585B868 		.ascii	"\205\205\270h@#F\342#\340\212\217bBP\014J\177\347\234"
 787      402346E2 
 787      23E08A8F 
 787      6242500C 
 787      4A7FE79C 
 788 0061 DDBD4BE5 		.ascii	"\335\275K\345\016\277{\316\376\316w\276\357;\317KT&"
 788      0EBF7BCE 
 788      FECE77BE 
 788      EF3BCF4B 
 788      5426
 789 0073 C42C1062 		.ascii	"\304,\020b\001B\246\361\301*9\217\221\216\321\216\321"
 789      0142A6F1 
 789      C12A398F 
 789      918ED18E 
 789      D1
 790 0084 81518CB1 		.ascii	"\201Q\214\261\002\343\014F\017F\037\306\000\306 \306"
 790      02E30C46 
 790      0F461FC6 
 790      00C620C6 
 791 0094 104694F0 		.ascii	"\020F\224\360\307\2101\212\361\000\343!M \247\204\361"
 791      C788318A 
 791      F100E321 
 791      4D20A784 
 791      F1
 792 00a5 3C90679E 		.ascii	"<\220g\236\001\314\375\032\3132\214\034\014K\212Fq\\"
 792      01CCFD1A 
 792      CB328C1C 
ARM GAS  /tmp/cc3Q11lr.s 			page 23


 792      0C4B8A46 
 792      715C
 793 00b7 F7699C9F 		.ascii	"\367i\234\237\372\310\001\256C\265\263\261>\007C\004"
 793      FAC801AE 
 793      43B5B3B1 
 793      3E074304 
 794 00c7 EE9BFAC8 		.ascii	"\356\233\372\310\305r\002\313_`9\211\3454\306\\\340"
 794      C57202CB 
 794      5F603989 
 794      E534C65C 
 794      E0
 795 00d8 7E7F89E5 		.ascii	"~\177\211\345X\334\363\257`\246\327\347\343\036\023"
 795      58DCF3AF 
 795      60A6D7E7 
 795      E31E13
 796 00e7 7E1F3C6B 		.ascii	"~\037<k\225l\024!\007$|[ O\024H\263h|\322?\320g\222"
 796      956C1421 
 796      07247C5B 
 796      204F1448 
 796      B3687CD2 
 797 00ff 5F00C0BF 		.ascii	"_\000\300\277\260\246\305\264H\205H`\021\024\020\370"
 797      B0A6C5B4 
 797      48854860 
 797      111410F8 
 798 010f 37C06120 		.ascii	"7\300a p\004\340(\010X\255\324\264\251\371X6\213\302"
 798      7004E028 
 798      0858ADD4 
 798      B4A9F958 
 798      368BC2
 799 0122 1795B7A7 		.ascii	"\027\225\267\247\3222\020?\246\265D$\314\301!\2006\024"
 799      D232103F 
 799      A6B54424 
 799      CCC12180 
 799      3614
 800 0134 85767C21 		.ascii	"\205v|!\340\334?\257\334\003\035\320\256\003:\350pM"
 800      E0DC3FAF 
 800      DC031DD0 
 800      AE033AE8 
 800      704D
 801 0146 C4AEB127 		.ascii	"\304\256\261'\222N\240\223\017d~\272\350 \342\022\332"
 801      924EA093 
 801      0F647EBA 
 801      E820E212 
 801      DA
 802 0157 FBEA81B1 		.ascii	"\373\352\201\261\023\302\034\216\010\263V8\216\366\000"
 802      13C21C8E 
 802      08B35638 
 802      8EF600
 803 0166 BAE80F04 		.ascii	"\272\350\017\004\354\337\336\361\300\314\000\341\331"
 803      ECDFDEF1 
 803      C0CC00E1 
 803      D9
 804 0173 0127C33B 		.ascii	"\001'\303;\372e]\377K]?\302\014J\235\023[[\3417s\020"
 804      FA655DFF 
 804      4B5D3FC2 
 804      0C4A9D13 
 804      5B5BE137 
ARM GAS  /tmp/cc3Q11lr.s 			page 24


 805 0189 F1A8AB3A 		.ascii	"\361\250\253:\372\217\337mXW\2435T\210\330\014\307\000"
 805      FA8FDF6D 
 805      5857A335 
 805      5488D80C 
 805      C700
 806 019b 4EEA783B 		.ascii	"N\352x;\306B\242Q&-,\221d\376$\025\203\023TO\304iB\315"
 806      C642A251 
 806      262D2C91 
 806      64FE2415 
 806      8313544F 
 807 01b3 23CDBD87 		.ascii	"#\315\275\207\231\251\031H8\005\251X\304\015\356\370"
 807      99A91948 
 807      3805A958 
 807      C40DEEF8 
 808 01c3 BE2743F7 		.ascii	"\276'C\367vZ\327:\303'/\326|\376t\206\314\210\302k\322"
 808      765AD73A 
 808      C3272FD6 
 808      7CFE7486 
 808      CC88C26B 
 809 01d8 70C512ED 		.ascii	"p\305\022\355\335Hg\307*[F\003[F+\342+\367k\225R\016"
 809      DD4867C7 
 809      2A5B4603 
 809      5B462BE2 
 809      2BF76B95 
 810 01ee E2D768DA 		.ascii	"\342\327h\332\337\350b\374\007\340,\305\367\000\353"
 810      DFE862FC 
 810      07E02CC5 
 810      F700EB
 811 01fd 43390FDD 		.ascii	"C9\017\335\237:h\230\215\263\227q\0260J\201Qf#|`\327"
 811      9F3A6898 
 811      8DB39771 
 811      16304A81 
 811      5166237C 
 812 0213 E34E3195 		.ascii	"\343N1\225\362\034\300W\024\036\005\326\205Rn\336\262"
 812      F21CC057 
 812      141E05D6 
 812      85526EDE 
 812      B2
 813 0224 678B511F 		.ascii	"g\213Q\037GT\037G\037\304\267\232\214\260\256\335=\015"
 813      47541F47 
 813      1FC4B79A 
 813      8CB0AEDD 
 813      3D0D
 814 0236 99B3295F 		.ascii	"\231\263)_`\312\347\371h\322\231\3647\224\267\342\300"
 814      60CAE7F9 
 814      68D299F4 
 814      3794B7E2 
 814      C0
 815 0247 FD8F8554 		.ascii	"\375\217\205T\355~\200\257i\007<i\264\023\247\266 r"
 815      ED7E80AF 
 815      69073C69 
 815      B413A7B6 
 815      2072
 816 0259 5DCFFA0D 		.ascii	"]\317\372\0150\033\365%F}\221S\3472\352\275t\337\036"
 816      301BF525 
 816      467D9153 
 816      E732EABD 
ARM GAS  /tmp/cc3Q11lr.s 			page 25


 816      74DF1E
 817 026c 3D34FE30 		.ascii	"=4\3760-\225\3722\3007\264\303 \260ND\354\245Kil_\333"
 817      2D95FA32 
 817      C037B4C3 
 817      20B04E44 
 817      ECA54B69 
 818 0283 B64BE287 		.ascii	"\266K\342\207\"M\200!\272\365%,\330\001Y\223\021?\037"
 818      224D8021 
 818      BAF5252C 
 818      D8015993 
 818      113F1F
 819 0296 57005304 		.ascii	"W\000S\004\276\005\270J\271/\367\356\333i\030\006\""
 819      BE05B84A 
 819      B92FF7EE 
 819      DB691806 
 819      22
 820 02a7 D073A800 		.ascii	"\320s\250\000\022/\301\227L\212Eb\321\004M0*\242 \213"
 820      122FC197 
 820      4C8A4562 
 820      D1044D30 
 820      2AA2208B 
 821 02bb B2A8C8DD 		.ascii	"\262\250\310\3350\317:.\026\232\005k\226l\336{\002\262"
 821      30CF3A2E 
 821      169A056B 
 821      966CDE7B 
 821      02B2
 822 02cd 65835910 		.ascii	"e\203Y\020b&E\266>\206O\205\026c^\241&)u\2711\223&4"
 822      622645B6 
 822      3E864F85 
 822      16635EA1 
 822      262975B9 
 823 02e5 BC695954 		.ascii	"\274iYT\210\357\230\251\033\024\354\365\266d\316\306"
 823      88EF98A9 
 823      1B14ECF5 
 823      B664CEC6 
 824 02f5 5ACC248F 		.ascii	"Z\314$\217\213-\353\215\312WB\355\213\270\306\262\342"
 824      8B2DEB8D 
 824      CA5742ED 
 824      8BB8C6B2 
 824      E2
 825 0306 B0E0B00A 		.ascii	"\260\340\260\012\315\346yY\0211\".\303\273\320|\360"
 825      CDE67959 
 825      1131222E 
 825      C3BBD07C 
 825      F0
 826 0317 40AE1C33 		.ascii	"@\256\0343e!\205U\311\313V\362\262\272\301\240(\262"
 826      65218555 
 826      C9CB56F2 
 826      B2BAC1A0 
 826      28B2
 827 0329 C54AD084 		.ascii	"\305J\320\204\342p\024\01222K\346np\210\220\341\320"
 827      E270140A 
 827      32324BE6 
 827      6E708890 
 827      E1D0
 828 033b AEDF992B 		.ascii	"\256\337\231+\203\2346/\317J\210B\226\011\310+N'\036"
 828      839C362F 
ARM GAS  /tmp/cc3Q11lr.s 			page 26


 828      CF4A8842 
 828      9609C82B 
 828      4E271E
 829 034e 30A1A6A2 		.ascii	"0\241\246\242\377\004\260\312\202C\020_\217\231\010"
 829      FF04B0CA 
 829      8243105F 
 829      8F9908
 830 035d 11843C42 		.ascii	"\021\204<B4\311\234\221\0018S\346\264\345\257+o;d\022"
 830      34C99C91 
 830      013853E6 
 830      B4E5AF2B 
 830      6F3B6412 
 831 0371 3309D864 		.ascii	"3\011\330d\221@\023@\357)\033\361z\332g\3427\022\235"
 831      91401340 
 831      EF291BF1 
 831      7ADA67E2 
 831      37129D
 832 0384 7C02F48F 		.ascii	"|\002\364\217\277\010\375AReX\236\"qb\031\232\220D6"
 832      BF08FD41 
 832      5265589E 
 832      22716219 
 832      9A904436 
 833 0398 59C4EB1C 		.ascii	"Y\304\353\034\300y\204\370\225\007\220\020!\361\326"
 833      C07984F8 
 833      95079010 
 833      21F1D6
 834 03a7 1472DD43 		.ascii	"\024r\335C\334G\202'\241\223\342Q\367\212K\314E\204"
 834      DC478227 
 834      A193E251 
 834      F78A4BCC 
 834      4584
 835 03b9 D43EACDF 		.ascii	"\324>\254\337\014\343:%I\322&,\021\376\003\367\315d"
 835      0CE33A25 
 835      49D2262C 
 835      11FE03F7 
 835      CD64
 836 03cb DDF8D9E7 		.ascii	"\335\370\331\347Fp\336\264#;\216\233 \267\241\220\200"
 836      4670DEB4 
 836      233B8E9B 
 836      20B7A190 
 836      80
 837 03dc 38CA6E94 		.ascii	"8\312n\224s\215\325\027\315\022a\267&\3701Q\263}\343"
 837      738DD517 
 837      CD1261B7 
 837      26F83151 
 837      B37DE3
 838 03ef B7069628 		.ascii	"\267\006\226(\206\033t\323]\251\372\242\036f\334\224"
 838      861B74D3 
 838      5DA9FAA2 
 838      1E66DC94 
 839 03ff 04BED7AF 		.ascii	"\004\276\327\257\301\333\027?\273,\315\274H\361:J\001"
 839      C1DB173F 
 839      BB2CCDBC 
 839      48F13A4A 
 839      01
 840 0410 7C18BD59 		.ascii	"|\030\275Yk\320\317\360\260~\206G\370!\377\371i\377"
 840      6BD0CFF0 
ARM GAS  /tmp/cc3Q11lr.s 			page 27


 840      B07E8647 
 840      F821FFF9 
 840      69FF
 841 0422 EF99E008 		.ascii	"\357\231\340\010\300M\2528T\277\251]f\231\025p\213&"
 841      C04DAA38 
 841      54BFA95D 
 841      66991570 
 841      8B26
 842 0434 860736ED 		.ascii	"\206\0076\3555\316E\201\273\232f\201\262\344Mq\033G"
 842      35CE4581 
 842      BB9A6681 
 842      B2E44D71 
 842      1B47
 843 0446 1DE32487 		.ascii	"\035\343$\207\033\252/\231\02745i\217.|\324[g\322\366"
 843      1BAA2F99 
 843      17343569 
 843      8F2E7CD4 
 843      5B67D2F6 
 844 045a D2AD8A00 		.ascii	"\322\255\212\000\270\036wB\260F\340\032\300w0\177P\024"
 844      B81E7742 
 844      B046E01A 
 844      C077307F 
 844      5014
 845 046c 2BE8A749 		.ascii	"+\350\247Ihy\332\367\257t\231\236\271\360\354\037%\304"
 845      6879DAF7 
 845      AF74999E 
 845      B9F0EC1F 
 845      25C4
 846 047e 7CB763E7 		.ascii	"|\267c\347\206\224\273\364\256\356\377\036\227\336\264"
 846      8694BBF4 
 846      AEEEFF1E 
 846      97DEB4
 847 048d F6FA681A 		.ascii	"\366\372h\032\263{\217Mi\370\330\352C\031\211\001\335"
 847      B37B8F4D 
 847      69F8D8EA 
 847      43198901 
 847      DD
 848 049e A7146D23 		.ascii	"\247\024m#g\216\313I\377\305I\377c(\363_N\3221\336\377"
 848      678ECB49 
 848      FFC549FF 
 848      6328F35F 
 848      4ED231DE 
 849 04b3 D0B0A009 		.ascii	"\320\260\240\011\277\025m\033/\327\233Z\254\330\010"
 849      BF156D1B 
 849      2FD79B5A 
 849      ACD808
 850 04c2 7792DEEF 		.ascii	"w\222\336\357\260Bl\023f\023\034\251\373z\263\024_\262"
 850      B0426C13 
 850      66131CA9 
 850      FB7AB314 
 850      5FB2
 851 04d4 1FA9DEE3 		.ascii	"\037\251\336\343\341\252mR\302\3018\315TE\242G\015\263"
 851      E1AA6D52 
 851      C2C138CD 
 851      5445A247 
 851      0DB3
 852 04e6 38984007 		.ascii	"8\230@\007?q\007\303\353\033\3733\231\203\206\306\350"
ARM GAS  /tmp/cc3Q11lr.s 			page 28


 852      3F7107C3 
 852      EB1BFB33 
 852      998386C6 
 852      E8
 853 04f7 5AEA6002 		.ascii	"Z\352`\002\340\207\244\203\037\270\203\213\314A\333"
 853      E087A483 
 853      1FB8838B 
 853      CC41DB
 854 0506 9D53B529 		.ascii	"\235S\265)\367\362\220>'\223\234l\352B\353\034f`\022"
 854      F7F2903E 
 854      27939C6C 
 854      EA42EB1C 
 854      666012
 855 0519 77155E8E 		.ascii	"w\025^\216/\262\303\231\305jD\274\305H\356\236\272\335"
 855      2FB2C399 
 855      C56A44BC 
 855      C548EE9E 
 855      BADD
 856 052b 9B2987E3 		.ascii	"\233)\207\343Wk\362c\366\004\020\203\337\262)\200\237"
 856      576BF263 
 856      F6041083 
 856      DFB22980 
 856      9F
 857 053c A9F56B4F 		.ascii	"\251\365kO\372F\323\222\326\237\352\337\211i\004?\216"
 857      FA46D392 
 857      D69FEADF 
 857      8969043F 
 857      8E
 858 054d CB350FFE 		.ascii	"\3135\017\376=\213y\357\333\322\271x\273\026\301\313"
 858      3D8B79EF 
 858      DBD2B978 
 858      BB16C1CB 
 859 055d 00E051D2 		.ascii	"\000\340Q\322\374#n\276N\244\340\306\326\2566>}C|\313"
 859      FC236EBE 
 859      4EA4E0C6 
 859      D6AE363E 
 859      7D437CCB 
 860 0571 1F8F9E5A 		.ascii	"\037\217\236Z\2355\313\366Z\215\207\257R\340'h\354\376"
 860      9D35CBF6 
 860      5A8D87AF 
 860      52E02768 
 860      ECFE
 861 0583 56331518 		.ascii	"V3\025\030\353\250\253\011g\013\330\006\025B\202\276"
 861      EBA8AB09 
 861      670BD806 
 861      154282BE 
 862 0593 82DD04E2 		.ascii	"\202\335\004\3426\221\210\2370\211}\215\237>\240[\000"
 862      3691889F 
 862      30897D8D 
 862      9F3EA05B 
 862      00
 863 05a4 AAB145DC 		.ascii	"\252\261E\334\315r7\256\325\357\006\232\253E\332\032"
 863      CD7237AE 
 863      D5EF069A 
 863      AB45DA1A 
 864 05b4 41DCCFB2 		.ascii	"A\334\317\2627\253\007\216\245\323\354Z\314~(`\346\364"
 864      37AB078E 
ARM GAS  /tmp/cc3Q11lr.s 			page 29


 864      A5D3EC5A 
 864      CC7E2860 
 864      E6F4
 865 05c6 A5D39F27 		.ascii	"\245\323\237'V\227\331\373\361\363\203\243\306D\242"
 865      5697D9FB 
 865      F1F383A3 
 865      C644A2
 866 05d5 4E105B59 		.ascii	"N\020[Y\307\256\237\256\236\025h\307z\3560\322s\264"
 866      C7AE9FAE 
 866      9E1568C7 
 866      7AEE30D2 
 866      73B4
 867 05e7 26E3FF57 		.ascii	"&\343\377W\030>B\326\006\214\365\034\324\275\363\314"
 867      183E42D6 
 867      068CF51C 
 867      D4BDF3CC 
 868 05f7 9EB4054D 		.ascii	"\236\264\005M\265\332\221\211+\275/G*\265:-oTD\004T"
 868      B5DA9189 
 868      2BBD2F47 
 868      2AB53A2D 
 868      6F544404 
 869 060c F1C1C03A 		.ascii	"\361\301\300:\004W\011\361{#\332u\243G\324\227\031a"
 869      045709F1 
 869      7B23DA75 
 869      A347D497 
 869      1961
 870 061e 8965DEC8 		.ascii	"\211e\336\310\371:#\223\327S\376I[\255\0036q\300\206"
 870      F93A2393 
 870      D753FE49 
 870      5BAD0336 
 870      71C086
 871 0631 D66DA329 		.ascii	"\326m\243)\207gB\337(\2339`<<\362W\275}Po\377\230\267"
 871      876742DF 
 871      289B3960 
 871      3C3CF257 
 871      BD7D506F 
 872 0648 7FD6F770 		.ascii	"\177\326\367pO\246\016\230\326\001\215\0340tk\352\254"
 872      4FA60E98 
 872      D6018D1C 
 872      30746BEA 
 872      AC
 873 0659 A003C674 		.ascii	"\240\003\306t\300\026\016\330U[\361'\275\275Goo\342"
 873      C0160ED8 
 873      555BF127 
 873      BDBD476F 
 873      6FE2
 874 066b EDE1A6FD 		.ascii	"\355\341\246\375])\203\034\320\001[\351<H\2562g\340"
 874      5D29831C 
 874      D0015BE9 
 874      3C48AE32 
 874      67E0
 875 067d B96099EA 		.ascii	"\271`\231\352\361\330]^%\350/\315w\231_{\363/yK\027"
 875      F1D85D5E 
 875      25E82FCD 
 875      77995F7B 
 875      F32F794B 
 876 0692 BE447212 		.ascii	"\276Dr\022\231\374\305\245\005\016\207\343\025\225\210"
ARM GAS  /tmp/cc3Q11lr.s 			page 30


 876      99FCC5A5 
 876      050E87E3 
 876      159588
 877 06a1 ABBCA1B9 		.ascii	"\253\274\241\271\257:\203j\221\372^\271\352\013\271"
 877      AF3A836A 
 877      91FA5EB9 
 877      EA0BB9
 878 06b0 9D9EA250 		.ascii	"\235\236\242P@uz\337y\343\317\177\260\227\371\275\252"
 878      40757ADF 
 878      79E3CF7F 
 878      B097F9BD 
 878      AA
 879 06c1 DDEB0C85 		.ascii	"\335\353\014\205\354\310\252\274\357\014\250v\325\243"
 879      ECC8AABC 
 879      EF0CA876 
 879      D5A3
 880 06cf BA42017F 		.ascii	"\272B\001\177P\365\005U\233\313\357[\245\006Bj\300V"
 880      50F50555 
 880      9BCBEF5B 
 880      A506426A 
 880      C056
 881 06e1 EA0E7869 		.ascii	"\352\016xi\373;\016{\242J\254\371\371\366\245e\356\022"
 881      FB3B0E7B 
 881      A24AACF9 
 881      F9F6A565 
 881      EE12
 882 06f3 F75B4576 		.ascii	"\367[Ev\177\020)<v\267\317\345)WTZ_\036d:\301\3742b"
 882      7F10293C 
 882      76B7CFE5 
 882      2957545A 
 882      5F1E643A 
 883 070b 99CD8061 		.ascii	"\231\315\200a\371\253~\277G\\\270\204\230\235\001\357"
 883      F9AB7EBF 
 883      475CB884 
 883      989D01EF 
 884 071b AA976C5E 		.ascii	"\252\227l^\"\273\374(\366\201\315\273\210\030q(E\376"
 884      22BBFC28 
 884      F681CDBB 
 884      88187128 
 884      45FE
 885 072d D2AC9923 		.ascii	"\322\254\231#%fW\331\312\200\333\027*\375\355\263\332"
 885      256657D9 
 885      CA80DB17 
 885      2AFDEDB3 
 885      DA
 886 073e 1E77893D 		.ascii	"\036w\211=\256iO\300P<\235\327\226\271?P\225\\N\207"
 886      AE694FC0 
 886      503C9DD7 
 886      96B93F50 
 886      955C4E87 
 887 0752 7DCB436E 		.ascii	"}\313Cn\017{!\"\273<X\362\232\032B\271\245\376r\037"
 887      0F7B2122 
 887      BB3C58F2 
 887      9A1A42B9 
 887      A5FE721F 
 888 0766 8ED65C8E 		.ascii	"\216\326\\\216=\0269\226\207^H\342\225\200\033g\"hG"
 888      3D163996 
ARM GAS  /tmp/cc3Q11lr.s 			page 31


 888      875E48E2 
 888      95801B67 
 888      226847
 889 0779 280DEC95 		.ascii	"(\015\354\225\211\305\037\335Ag\211G-zk\231\021\225"
 889      89C51FDD 
 889      41678947 
 889      2D7A6B99 
 889      1195
 890 078b 5DDE95D2 		.ascii	"]\336\225\322\312\362\200*yTg\251\311\347\017\225\005"
 890      CAF2802A 
 890      795467A9 
 890      C9E70F95 
 890      05
 891 079c FCEF63E9 		.ascii	"\374\357c\351\363\225{<o\244L\366\012\227\313\206c\266"
 891      F3957B3C 
 891      6FA44CF6 
 891      0A97CB86 
 891      63B6
 892 07ae 61936A53 		.ascii	"a\223jS\235%n\333\302\002\233\243\300Q`{o\261\315\353"
 892      9D256EDB 
 892      C2029BA3 
 892      C051607B 
 892      6FB1CDEB 
 893 07c2 7CD71FB0 		.ascii	"|\327\037\260\317hNN+\212\270}+P"
 893      CF684E4E 
 893      2B8AB87D 
 893      2B50
 894 07d0 FC7F7FDE 		.ascii	"\374\177\177\336\352@"
 894      EA40
 895              		.text
 896              		.section	.gnu.lto_.symtab.2db100145bbc6da7,"e",%progbits
 897 0000 636D6453 		.ascii	"cmdSof\000"
 897      6F6600
 898 0007 00       		.ascii	"\000"
 899 0008 00       		.ascii	"\000"
 900 0009 00       		.ascii	"\000"
 901 000a 00000000 		.ascii	"\000\000\000\000\000\000\000\000"
 901      00000000 
 902 0012 EA000000 		.ascii	"\352\000\000\000"
 903 0016 63687072 		.ascii	"chprintf\000"
 903      696E7466 
 903      00
 904 001f 00       		.ascii	"\000"
 905 0020 02       		.ascii	"\002"
 906 0021 00       		.ascii	"\000"
 907 0022 00000000 		.ascii	"\000\000\000\000\000\000\000\000"
 907      00000000 
 908 002a F1000000 		.ascii	"\361\000\000\000"
 909 002e 7072696E 		.ascii	"printfFixed\000"
 909      74664669 
 909      78656400 
 910 003a 00       		.ascii	"\000"
 911 003b 02       		.ascii	"\002"
 912 003c 00       		.ascii	"\000"
 913 003d 00000000 		.ascii	"\000\000\000\000\000\000\000\000"
 913      00000000 
 914 0045 F7000000 		.ascii	"\367\000\000\000"
ARM GAS  /tmp/cc3Q11lr.s 			page 32


 915 0049 75736247 		.ascii	"usbGetSofCounter\000"
 915      6574536F 
 915      66436F75 
 915      6E746572 
 915      00
 916 005a 00       		.ascii	"\000"
 917 005b 02       		.ascii	"\002"
 918 005c 00       		.ascii	"\000"
 919 005d 00000000 		.ascii	"\000\000\000\000\000\000\000\000"
 919      00000000 
 920 0065 00010000 		.ascii	"\000\001\000\000"
 921 0069 75736244 		.ascii	"usbDisableSOF\000"
 921      69736162 
 921      6C65534F 
 921      4600
 922 0077 00       		.ascii	"\000"
 923 0078 02       		.ascii	"\002"
 924 0079 00       		.ascii	"\000"
 925 007a 00000000 		.ascii	"\000\000\000\000\000\000\000\000"
 925      00000000 
 926 0082 04010000 		.ascii	"\004\001\000\000"
 927              		.text
 928              		.section	.gnu.lto_.ext_symtab.2db100145bbc6da7,"e",%progbits
 929 0000 01       		.ascii	"\001"
 930 0001 01       		.ascii	"\001"
 931 0002 00       		.ascii	"\000"
 932 0003 01       		.ascii	"\001"
 933 0004 00       		.ascii	"\000"
 934 0005 01       		.ascii	"\001"
 935 0006 00       		.ascii	"\000"
 936 0007 01       		.ascii	"\001"
 937 0008 00       		.ascii	"\000"
 938 0009 01       		.ascii	"\001"
 939 000a 00       		.ascii	"\000"
 940              		.text
 941              		.section	.gnu.lto_.opts,"e",%progbits
 942 0000 272D666E 		.ascii	"'-fno-openmp' '-fno-openacc' '-fno-pie' '-fcf-prote"
 942      6F2D6F70 
 942      656E6D70 
 942      2720272D 
 942      666E6F2D 
 943 0033 6374696F 		.ascii	"ction=none' '-g' '-mcpu=cortex-m3' '-mno-thumb-inte"
 943      6E3D6E6F 
 943      6E652720 
 943      272D6727 
 943      20272D6D 
 944 0066 72776F72 		.ascii	"rwork' '-mthumb' '-mfloat-abi=soft' '-march=armv7-m"
 944      6B272027 
 944      2D6D7468 
 944      756D6227 
 944      20272D6D 
 945 0099 2720272D 		.ascii	"' '-Os' '-fomit-frame-pointer' '-falign-functions=1"
 945      4F732720 
 945      272D666F 
 945      6D69742D 
 945      6672616D 
 946 00cc 36272027 		.ascii	"6' '-ffunction-sections' '-fdata-sections' '-fno-co"
ARM GAS  /tmp/cc3Q11lr.s 			page 33


 946      2D666675 
 946      6E637469 
 946      6F6E2D73 
 946      65637469 
 947 00ff 6D6D6F6E 		.ascii	"mmon' '-flto' '-Xassembler' '-alms=build/lst/cmdsof"
 947      2720272D 
 947      666C746F 
 947      2720272D 
 947      58617373 
 948 0132 2E6C7374 		.ascii	".lst'\000"
 948      2700
 949              		.text
 950              		.comm	__gnu_lto_slim,1,1
 951              		.ident	"GCC: (GNU Arm Embedded Toolchain 10-2020-q4-major) 10.2.1 20201103 (release)"
ARM GAS  /tmp/cc3Q11lr.s 			page 34


DEFINED SYMBOLS
                            *ABS*:0000000000000000 cmdsof.c
     /tmp/cc3Q11lr.s:22     .gnu.debuglto_.debug_info:0000000000000000 cmdsof.c.4f02229e
                            *COM*:0000000000000001 __gnu_lto_slim

NO UNDEFINED SYMBOLS
