ARM GAS  /tmp/ccGFJ5Z6.s 			page 1


   1              		.cpu cortex-m3
   2              		.eabi_attribute 20, 1
   3              		.eabi_attribute 21, 1
   4              		.eabi_attribute 23, 3
   5              		.eabi_attribute 24, 1
   6              		.eabi_attribute 25, 1
   7              		.eabi_attribute 26, 1
   8              		.eabi_attribute 30, 4
   9              		.eabi_attribute 34, 1
  10              		.eabi_attribute 18, 4
  11              		.file	"cmdsanity.c"
  12              		.file 1 "/home/matt/gcc-arm-none-eabi-10-2020-q4-major/arm-none-eabi/include/machine/_default_type
  13              		.file 2 "/home/matt/gcc-arm-none-eabi-10-2020-q4-major/arm-none-eabi/include/sys/_stdint.h"
  14              		.file 3 "/home/matt/gcc-arm-none-eabi-10-2020-q4-major/lib/gcc/arm-none-eabi/10.2.1/include/stddef
  15              		.file 4 "../FreeRTOS/include/osal_ch.h"
  16              		.file 5 "../ChibiOS/os/hal/include/hal_streams.h"
  17              		.file 6 "shell/cmdsanity.c"
  18              		.file 7 "shell/../drivers/system.h"
  19              		.section	.gnu.debuglto_.debug_info,"e",%progbits
  20              	.Ldebug_info0:
  21              		.hidden	cmdsanity.c.322a4837
  22              		.weak	cmdsanity.c.322a4837
  23              	cmdsanity.c.322a4837:
  24 0000 46020000 		.4byte	0x246
  25 0004 0400     		.2byte	0x4
  26 0006 00000000 		.4byte	.Ldebug_abbrev0
  27 000a 04       		.byte	0x4
  28 000b 01       		.uleb128 0x1
  29 000c F7000000 		.4byte	.LASF26
  30 0010 0C       		.byte	0xc
  31 0011 00000000 		.4byte	.LASF27
  32 0015 3C000000 		.4byte	.LASF28
  33 0019 00000000 		.4byte	.Ldebug_line0
  34 001d 02       		.uleb128 0x2
  35 001e 01       		.byte	0x1
  36 001f 06       		.byte	0x6
  37 0020 55020000 		.4byte	.LASF0
  38 0024 03       		.uleb128 0x3
  39 0025 12000000 		.4byte	.LASF4
  40 0029 01       		.byte	0x1
  41 002a 2B       		.byte	0x2b
  42 002b 18       		.byte	0x18
  43 002c 30000000 		.4byte	0x30
  44 0030 02       		.uleb128 0x2
  45 0031 01       		.byte	0x1
  46 0032 08       		.byte	0x8
  47 0033 AC000000 		.4byte	.LASF1
  48 0037 02       		.uleb128 0x2
  49 0038 02       		.byte	0x2
  50 0039 05       		.byte	0x5
  51 003a 28020000 		.4byte	.LASF2
  52 003e 02       		.uleb128 0x2
  53 003f 02       		.byte	0x2
  54 0040 07       		.byte	0x7
  55 0041 DE000000 		.4byte	.LASF3
  56 0045 03       		.uleb128 0x3
  57 0046 23000000 		.4byte	.LASF5
ARM GAS  /tmp/ccGFJ5Z6.s 			page 2


  58 004a 01       		.byte	0x1
  59 004b 4D       		.byte	0x4d
  60 004c 18       		.byte	0x18
  61 004d 51000000 		.4byte	0x51
  62 0051 02       		.uleb128 0x2
  63 0052 04       		.byte	0x4
  64 0053 05       		.byte	0x5
  65 0054 40020000 		.4byte	.LASF6
  66 0058 03       		.uleb128 0x3
  67 0059 E2010000 		.4byte	.LASF7
  68 005d 01       		.byte	0x1
  69 005e 4F       		.byte	0x4f
  70 005f 19       		.byte	0x19
  71 0060 64000000 		.4byte	0x64
  72 0064 02       		.uleb128 0x2
  73 0065 04       		.byte	0x4
  74 0066 07       		.byte	0x7
  75 0067 D0010000 		.4byte	.LASF8
  76 006b 02       		.uleb128 0x2
  77 006c 08       		.byte	0x8
  78 006d 05       		.byte	0x5
  79 006e 1A020000 		.4byte	.LASF9
  80 0072 02       		.uleb128 0x2
  81 0073 08       		.byte	0x8
  82 0074 07       		.byte	0x7
  83 0075 80000000 		.4byte	.LASF10
  84 0079 04       		.uleb128 0x4
  85 007a 04       		.byte	0x4
  86 007b 05       		.byte	0x5
  87 007c 696E7400 		.ascii	"int\000"
  88 0080 02       		.uleb128 0x2
  89 0081 04       		.byte	0x4
  90 0082 07       		.byte	0x7
  91 0083 F2010000 		.4byte	.LASF11
  92 0087 03       		.uleb128 0x3
  93 0088 04020000 		.4byte	.LASF12
  94 008c 02       		.byte	0x2
  95 008d 18       		.byte	0x18
  96 008e 13       		.byte	0x13
  97 008f 24000000 		.4byte	0x24
  98 0093 05       		.uleb128 0x5
  99 0094 87000000 		.4byte	0x87
 100 0098 03       		.uleb128 0x3
 101 0099 12020000 		.4byte	.LASF13
 102 009d 02       		.byte	0x2
 103 009e 2C       		.byte	0x2c
 104 009f 13       		.byte	0x13
 105 00a0 45000000 		.4byte	0x45
 106 00a4 03       		.uleb128 0x3
 107 00a5 37020000 		.4byte	.LASF14
 108 00a9 02       		.byte	0x2
 109 00aa 30       		.byte	0x30
 110 00ab 14       		.byte	0x14
 111 00ac 58000000 		.4byte	0x58
 112 00b0 06       		.uleb128 0x6
 113 00b1 A4000000 		.4byte	0xa4
 114 00b5 03       		.uleb128 0x3
ARM GAS  /tmp/ccGFJ5Z6.s 			page 3


 115 00b6 1C000000 		.4byte	.LASF15
 116 00ba 03       		.byte	0x3
 117 00bb D1       		.byte	0xd1
 118 00bc 17       		.byte	0x17
 119 00bd 80000000 		.4byte	0x80
 120 00c1 02       		.uleb128 0x2
 121 00c2 08       		.byte	0x8
 122 00c3 04       		.byte	0x4
 123 00c4 49020000 		.4byte	.LASF16
 124 00c8 07       		.uleb128 0x7
 125 00c9 04       		.byte	0x4
 126 00ca 08       		.uleb128 0x8
 127 00cb 04       		.byte	0x4
 128 00cc 87000000 		.4byte	0x87
 129 00d0 02       		.uleb128 0x2
 130 00d1 01       		.byte	0x1
 131 00d2 08       		.byte	0x8
 132 00d3 FF010000 		.4byte	.LASF17
 133 00d7 03       		.uleb128 0x3
 134 00d8 0C020000 		.4byte	.LASF18
 135 00dc 04       		.byte	0x4
 136 00dd 5C       		.byte	0x5c
 137 00de 11       		.byte	0x11
 138 00df 98000000 		.4byte	0x98
 139 00e3 09       		.uleb128 0x9
 140 00e4 67020000 		.4byte	.LASF29
 141 00e8 10       		.byte	0x10
 142 00e9 05       		.byte	0x5
 143 00ea 46       		.byte	0x46
 144 00eb 08       		.byte	0x8
 145 00ec 25010000 		.4byte	0x125
 146 00f0 0A       		.uleb128 0xa
 147 00f1 F1000000 		.4byte	.LASF19
 148 00f5 05       		.byte	0x5
 149 00f6 47       		.byte	0x47
 150 00f7 03       		.byte	0x3
 151 00f8 49010000 		.4byte	0x149
 152 00fc 00       		.byte	0
 153 00fd 0A       		.uleb128 0xa
 154 00fe ED010000 		.4byte	.LASF20
 155 0102 05       		.byte	0x5
 156 0103 47       		.byte	0x47
 157 0104 03       		.byte	0x3
 158 0105 68010000 		.4byte	0x168
 159 0109 04       		.byte	0x4
 160 010a 0B       		.uleb128 0xb
 161 010b 70757400 		.ascii	"put\000"
 162 010f 05       		.byte	0x5
 163 0110 47       		.byte	0x47
 164 0111 03       		.byte	0x3
 165 0112 82010000 		.4byte	0x182
 166 0116 08       		.byte	0x8
 167 0117 0B       		.uleb128 0xb
 168 0118 67657400 		.ascii	"get\000"
 169 011c 05       		.byte	0x5
 170 011d 47       		.byte	0x47
 171 011e 03       		.byte	0x3
ARM GAS  /tmp/ccGFJ5Z6.s 			page 4


 172 011f 97010000 		.4byte	0x197
 173 0123 0C       		.byte	0xc
 174 0124 00       		.byte	0
 175 0125 05       		.uleb128 0x5
 176 0126 E3000000 		.4byte	0xe3
 177 012a 0C       		.uleb128 0xc
 178 012b B5000000 		.4byte	0xb5
 179 012f 43010000 		.4byte	0x143
 180 0133 0D       		.uleb128 0xd
 181 0134 C8000000 		.4byte	0xc8
 182 0138 0D       		.uleb128 0xd
 183 0139 43010000 		.4byte	0x143
 184 013d 0D       		.uleb128 0xd
 185 013e B5000000 		.4byte	0xb5
 186 0142 00       		.byte	0
 187 0143 08       		.uleb128 0x8
 188 0144 04       		.byte	0x4
 189 0145 93000000 		.4byte	0x93
 190 0149 08       		.uleb128 0x8
 191 014a 04       		.byte	0x4
 192 014b 2A010000 		.4byte	0x12a
 193 014f 0C       		.uleb128 0xc
 194 0150 B5000000 		.4byte	0xb5
 195 0154 68010000 		.4byte	0x168
 196 0158 0D       		.uleb128 0xd
 197 0159 C8000000 		.4byte	0xc8
 198 015d 0D       		.uleb128 0xd
 199 015e CA000000 		.4byte	0xca
 200 0162 0D       		.uleb128 0xd
 201 0163 B5000000 		.4byte	0xb5
 202 0167 00       		.byte	0
 203 0168 08       		.uleb128 0x8
 204 0169 04       		.byte	0x4
 205 016a 4F010000 		.4byte	0x14f
 206 016e 0C       		.uleb128 0xc
 207 016f D7000000 		.4byte	0xd7
 208 0173 82010000 		.4byte	0x182
 209 0177 0D       		.uleb128 0xd
 210 0178 C8000000 		.4byte	0xc8
 211 017c 0D       		.uleb128 0xd
 212 017d 87000000 		.4byte	0x87
 213 0181 00       		.byte	0
 214 0182 08       		.uleb128 0x8
 215 0183 04       		.byte	0x4
 216 0184 6E010000 		.4byte	0x16e
 217 0188 0C       		.uleb128 0xc
 218 0189 D7000000 		.4byte	0xd7
 219 018d 97010000 		.4byte	0x197
 220 0191 0D       		.uleb128 0xd
 221 0192 C8000000 		.4byte	0xc8
 222 0196 00       		.byte	0
 223 0197 08       		.uleb128 0x8
 224 0198 04       		.byte	0x4
 225 0199 88010000 		.4byte	0x188
 226 019d 0E       		.uleb128 0xe
 227 019e 04       		.byte	0x4
 228 019f 05       		.byte	0x5
ARM GAS  /tmp/ccGFJ5Z6.s 			page 5


 229 01a0 4F       		.byte	0x4f
 230 01a1 09       		.byte	0x9
 231 01a2 B4010000 		.4byte	0x1b4
 232 01a6 0B       		.uleb128 0xb
 233 01a7 766D7400 		.ascii	"vmt\000"
 234 01ab 05       		.byte	0x5
 235 01ac 51       		.byte	0x51
 236 01ad 29       		.byte	0x29
 237 01ae B4010000 		.4byte	0x1b4
 238 01b2 00       		.byte	0
 239 01b3 00       		.byte	0
 240 01b4 08       		.uleb128 0x8
 241 01b5 04       		.byte	0x4
 242 01b6 25010000 		.4byte	0x125
 243 01ba 03       		.uleb128 0x3
 244 01bb 97000000 		.4byte	.LASF21
 245 01bf 05       		.byte	0x5
 246 01c0 53       		.byte	0x53
 247 01c1 03       		.byte	0x3
 248 01c2 9D010000 		.4byte	0x19d
 249 01c6 02       		.uleb128 0x2
 250 01c7 01       		.byte	0x1
 251 01c8 02       		.byte	0x2
 252 01c9 61020000 		.4byte	.LASF22
 253 01cd 08       		.uleb128 0x8
 254 01ce 04       		.byte	0x4
 255 01cf BA010000 		.4byte	0x1ba
 256 01d3 08       		.uleb128 0x8
 257 01d4 04       		.byte	0x4
 258 01d5 D9010000 		.4byte	0x1d9
 259 01d9 08       		.uleb128 0x8
 260 01da 04       		.byte	0x4
 261 01db D0000000 		.4byte	0xd0
 262 01df 0F       		.uleb128 0xf
 263 01e0 7F020000 		.4byte	.LASF30
 264 01e4 07       		.byte	0x7
 265 01e5 5C       		.byte	0x5c
 266 01e6 1A       		.byte	0x1a
 267 01e7 B0000000 		.4byte	0xb0
 268 01eb 10       		.uleb128 0x10
 269 01ec BA000000 		.4byte	.LASF31
 270 01f0 06       		.byte	0x6
 271 01f1 24       		.byte	0x24
 272 01f2 0D       		.byte	0xd
 273 01f3 C6010000 		.4byte	0x1c6
 274 01f7 11       		.uleb128 0x11
 275 01f8 32000000 		.4byte	.LASF32
 276 01fc 06       		.byte	0x6
 277 01fd 2D       		.byte	0x2d
 278 01fe 06       		.byte	0x6
 279 01ff 34020000 		.4byte	0x234
 280 0203 12       		.uleb128 0x12
 281 0204 7B000000 		.4byte	.LASF23
 282 0208 06       		.byte	0x6
 283 0209 2D       		.byte	0x2d
 284 020a 16       		.byte	0x16
 285 020b C8000000 		.4byte	0xc8
ARM GAS  /tmp/ccGFJ5Z6.s 			page 6


 286 020f 13       		.uleb128 0x13
 287 0210 63687000 		.ascii	"chp\000"
 288 0214 06       		.byte	0x6
 289 0215 2D       		.byte	0x2d
 290 0216 32       		.byte	0x32
 291 0217 CD010000 		.4byte	0x1cd
 292 021b 12       		.uleb128 0x12
 293 021c 32020000 		.4byte	.LASF24
 294 0220 06       		.byte	0x6
 295 0221 2D       		.byte	0x2d
 296 0222 3B       		.byte	0x3b
 297 0223 79000000 		.4byte	0x79
 298 0227 12       		.uleb128 0x12
 299 0228 2D000000 		.4byte	.LASF25
 300 022c 06       		.byte	0x6
 301 022d 2D       		.byte	0x2d
 302 022e 47       		.byte	0x47
 303 022f D3010000 		.4byte	0x1d3
 304 0233 00       		.byte	0
 305 0234 14       		.uleb128 0x14
 306 0235 CF000000 		.4byte	.LASF33
 307 0239 06       		.byte	0x6
 308 023a 26       		.byte	0x26
 309 023b 06       		.byte	0x6
 310 023c 13       		.uleb128 0x13
 311 023d 63687000 		.ascii	"chp\000"
 312 0241 06       		.byte	0x6
 313 0242 26       		.byte	0x26
 314 0243 2B       		.byte	0x2b
 315 0244 CD010000 		.4byte	0x1cd
 316 0248 00       		.byte	0
 317 0249 00       		.byte	0
 318              		.section	.gnu.debuglto_.debug_abbrev,"e",%progbits
 319              	.Ldebug_abbrev0:
 320 0000 01       		.uleb128 0x1
 321 0001 11       		.uleb128 0x11
 322 0002 01       		.byte	0x1
 323 0003 25       		.uleb128 0x25
 324 0004 0E       		.uleb128 0xe
 325 0005 13       		.uleb128 0x13
 326 0006 0B       		.uleb128 0xb
 327 0007 03       		.uleb128 0x3
 328 0008 0E       		.uleb128 0xe
 329 0009 1B       		.uleb128 0x1b
 330 000a 0E       		.uleb128 0xe
 331 000b 10       		.uleb128 0x10
 332 000c 17       		.uleb128 0x17
 333 000d 00       		.byte	0
 334 000e 00       		.byte	0
 335 000f 02       		.uleb128 0x2
 336 0010 24       		.uleb128 0x24
 337 0011 00       		.byte	0
 338 0012 0B       		.uleb128 0xb
 339 0013 0B       		.uleb128 0xb
 340 0014 3E       		.uleb128 0x3e
 341 0015 0B       		.uleb128 0xb
 342 0016 03       		.uleb128 0x3
ARM GAS  /tmp/ccGFJ5Z6.s 			page 7


 343 0017 0E       		.uleb128 0xe
 344 0018 00       		.byte	0
 345 0019 00       		.byte	0
 346 001a 03       		.uleb128 0x3
 347 001b 16       		.uleb128 0x16
 348 001c 00       		.byte	0
 349 001d 03       		.uleb128 0x3
 350 001e 0E       		.uleb128 0xe
 351 001f 3A       		.uleb128 0x3a
 352 0020 0B       		.uleb128 0xb
 353 0021 3B       		.uleb128 0x3b
 354 0022 0B       		.uleb128 0xb
 355 0023 39       		.uleb128 0x39
 356 0024 0B       		.uleb128 0xb
 357 0025 49       		.uleb128 0x49
 358 0026 13       		.uleb128 0x13
 359 0027 00       		.byte	0
 360 0028 00       		.byte	0
 361 0029 04       		.uleb128 0x4
 362 002a 24       		.uleb128 0x24
 363 002b 00       		.byte	0
 364 002c 0B       		.uleb128 0xb
 365 002d 0B       		.uleb128 0xb
 366 002e 3E       		.uleb128 0x3e
 367 002f 0B       		.uleb128 0xb
 368 0030 03       		.uleb128 0x3
 369 0031 08       		.uleb128 0x8
 370 0032 00       		.byte	0
 371 0033 00       		.byte	0
 372 0034 05       		.uleb128 0x5
 373 0035 26       		.uleb128 0x26
 374 0036 00       		.byte	0
 375 0037 49       		.uleb128 0x49
 376 0038 13       		.uleb128 0x13
 377 0039 00       		.byte	0
 378 003a 00       		.byte	0
 379 003b 06       		.uleb128 0x6
 380 003c 35       		.uleb128 0x35
 381 003d 00       		.byte	0
 382 003e 49       		.uleb128 0x49
 383 003f 13       		.uleb128 0x13
 384 0040 00       		.byte	0
 385 0041 00       		.byte	0
 386 0042 07       		.uleb128 0x7
 387 0043 0F       		.uleb128 0xf
 388 0044 00       		.byte	0
 389 0045 0B       		.uleb128 0xb
 390 0046 0B       		.uleb128 0xb
 391 0047 00       		.byte	0
 392 0048 00       		.byte	0
 393 0049 08       		.uleb128 0x8
 394 004a 0F       		.uleb128 0xf
 395 004b 00       		.byte	0
 396 004c 0B       		.uleb128 0xb
 397 004d 0B       		.uleb128 0xb
 398 004e 49       		.uleb128 0x49
 399 004f 13       		.uleb128 0x13
ARM GAS  /tmp/ccGFJ5Z6.s 			page 8


 400 0050 00       		.byte	0
 401 0051 00       		.byte	0
 402 0052 09       		.uleb128 0x9
 403 0053 13       		.uleb128 0x13
 404 0054 01       		.byte	0x1
 405 0055 03       		.uleb128 0x3
 406 0056 0E       		.uleb128 0xe
 407 0057 0B       		.uleb128 0xb
 408 0058 0B       		.uleb128 0xb
 409 0059 3A       		.uleb128 0x3a
 410 005a 0B       		.uleb128 0xb
 411 005b 3B       		.uleb128 0x3b
 412 005c 0B       		.uleb128 0xb
 413 005d 39       		.uleb128 0x39
 414 005e 0B       		.uleb128 0xb
 415 005f 01       		.uleb128 0x1
 416 0060 13       		.uleb128 0x13
 417 0061 00       		.byte	0
 418 0062 00       		.byte	0
 419 0063 0A       		.uleb128 0xa
 420 0064 0D       		.uleb128 0xd
 421 0065 00       		.byte	0
 422 0066 03       		.uleb128 0x3
 423 0067 0E       		.uleb128 0xe
 424 0068 3A       		.uleb128 0x3a
 425 0069 0B       		.uleb128 0xb
 426 006a 3B       		.uleb128 0x3b
 427 006b 0B       		.uleb128 0xb
 428 006c 39       		.uleb128 0x39
 429 006d 0B       		.uleb128 0xb
 430 006e 49       		.uleb128 0x49
 431 006f 13       		.uleb128 0x13
 432 0070 38       		.uleb128 0x38
 433 0071 0B       		.uleb128 0xb
 434 0072 00       		.byte	0
 435 0073 00       		.byte	0
 436 0074 0B       		.uleb128 0xb
 437 0075 0D       		.uleb128 0xd
 438 0076 00       		.byte	0
 439 0077 03       		.uleb128 0x3
 440 0078 08       		.uleb128 0x8
 441 0079 3A       		.uleb128 0x3a
 442 007a 0B       		.uleb128 0xb
 443 007b 3B       		.uleb128 0x3b
 444 007c 0B       		.uleb128 0xb
 445 007d 39       		.uleb128 0x39
 446 007e 0B       		.uleb128 0xb
 447 007f 49       		.uleb128 0x49
 448 0080 13       		.uleb128 0x13
 449 0081 38       		.uleb128 0x38
 450 0082 0B       		.uleb128 0xb
 451 0083 00       		.byte	0
 452 0084 00       		.byte	0
 453 0085 0C       		.uleb128 0xc
 454 0086 15       		.uleb128 0x15
 455 0087 01       		.byte	0x1
 456 0088 27       		.uleb128 0x27
ARM GAS  /tmp/ccGFJ5Z6.s 			page 9


 457 0089 19       		.uleb128 0x19
 458 008a 49       		.uleb128 0x49
 459 008b 13       		.uleb128 0x13
 460 008c 01       		.uleb128 0x1
 461 008d 13       		.uleb128 0x13
 462 008e 00       		.byte	0
 463 008f 00       		.byte	0
 464 0090 0D       		.uleb128 0xd
 465 0091 05       		.uleb128 0x5
 466 0092 00       		.byte	0
 467 0093 49       		.uleb128 0x49
 468 0094 13       		.uleb128 0x13
 469 0095 00       		.byte	0
 470 0096 00       		.byte	0
 471 0097 0E       		.uleb128 0xe
 472 0098 13       		.uleb128 0x13
 473 0099 01       		.byte	0x1
 474 009a 0B       		.uleb128 0xb
 475 009b 0B       		.uleb128 0xb
 476 009c 3A       		.uleb128 0x3a
 477 009d 0B       		.uleb128 0xb
 478 009e 3B       		.uleb128 0x3b
 479 009f 0B       		.uleb128 0xb
 480 00a0 39       		.uleb128 0x39
 481 00a1 0B       		.uleb128 0xb
 482 00a2 01       		.uleb128 0x1
 483 00a3 13       		.uleb128 0x13
 484 00a4 00       		.byte	0
 485 00a5 00       		.byte	0
 486 00a6 0F       		.uleb128 0xf
 487 00a7 34       		.uleb128 0x34
 488 00a8 00       		.byte	0
 489 00a9 03       		.uleb128 0x3
 490 00aa 0E       		.uleb128 0xe
 491 00ab 3A       		.uleb128 0x3a
 492 00ac 0B       		.uleb128 0xb
 493 00ad 3B       		.uleb128 0x3b
 494 00ae 0B       		.uleb128 0xb
 495 00af 39       		.uleb128 0x39
 496 00b0 0B       		.uleb128 0xb
 497 00b1 49       		.uleb128 0x49
 498 00b2 13       		.uleb128 0x13
 499 00b3 3F       		.uleb128 0x3f
 500 00b4 19       		.uleb128 0x19
 501 00b5 3C       		.uleb128 0x3c
 502 00b6 19       		.uleb128 0x19
 503 00b7 00       		.byte	0
 504 00b8 00       		.byte	0
 505 00b9 10       		.uleb128 0x10
 506 00ba 34       		.uleb128 0x34
 507 00bb 00       		.byte	0
 508 00bc 03       		.uleb128 0x3
 509 00bd 0E       		.uleb128 0xe
 510 00be 3A       		.uleb128 0x3a
 511 00bf 0B       		.uleb128 0xb
 512 00c0 3B       		.uleb128 0x3b
 513 00c1 0B       		.uleb128 0xb
ARM GAS  /tmp/ccGFJ5Z6.s 			page 10


 514 00c2 39       		.uleb128 0x39
 515 00c3 0B       		.uleb128 0xb
 516 00c4 49       		.uleb128 0x49
 517 00c5 13       		.uleb128 0x13
 518 00c6 00       		.byte	0
 519 00c7 00       		.byte	0
 520 00c8 11       		.uleb128 0x11
 521 00c9 2E       		.uleb128 0x2e
 522 00ca 01       		.byte	0x1
 523 00cb 3F       		.uleb128 0x3f
 524 00cc 19       		.uleb128 0x19
 525 00cd 03       		.uleb128 0x3
 526 00ce 0E       		.uleb128 0xe
 527 00cf 3A       		.uleb128 0x3a
 528 00d0 0B       		.uleb128 0xb
 529 00d1 3B       		.uleb128 0x3b
 530 00d2 0B       		.uleb128 0xb
 531 00d3 39       		.uleb128 0x39
 532 00d4 0B       		.uleb128 0xb
 533 00d5 27       		.uleb128 0x27
 534 00d6 19       		.uleb128 0x19
 535 00d7 01       		.uleb128 0x1
 536 00d8 13       		.uleb128 0x13
 537 00d9 00       		.byte	0
 538 00da 00       		.byte	0
 539 00db 12       		.uleb128 0x12
 540 00dc 05       		.uleb128 0x5
 541 00dd 00       		.byte	0
 542 00de 03       		.uleb128 0x3
 543 00df 0E       		.uleb128 0xe
 544 00e0 3A       		.uleb128 0x3a
 545 00e1 0B       		.uleb128 0xb
 546 00e2 3B       		.uleb128 0x3b
 547 00e3 0B       		.uleb128 0xb
 548 00e4 39       		.uleb128 0x39
 549 00e5 0B       		.uleb128 0xb
 550 00e6 49       		.uleb128 0x49
 551 00e7 13       		.uleb128 0x13
 552 00e8 00       		.byte	0
 553 00e9 00       		.byte	0
 554 00ea 13       		.uleb128 0x13
 555 00eb 05       		.uleb128 0x5
 556 00ec 00       		.byte	0
 557 00ed 03       		.uleb128 0x3
 558 00ee 08       		.uleb128 0x8
 559 00ef 3A       		.uleb128 0x3a
 560 00f0 0B       		.uleb128 0xb
 561 00f1 3B       		.uleb128 0x3b
 562 00f2 0B       		.uleb128 0xb
 563 00f3 39       		.uleb128 0x39
 564 00f4 0B       		.uleb128 0xb
 565 00f5 49       		.uleb128 0x49
 566 00f6 13       		.uleb128 0x13
 567 00f7 00       		.byte	0
 568 00f8 00       		.byte	0
 569 00f9 14       		.uleb128 0x14
 570 00fa 2E       		.uleb128 0x2e
ARM GAS  /tmp/ccGFJ5Z6.s 			page 11


 571 00fb 01       		.byte	0x1
 572 00fc 3F       		.uleb128 0x3f
 573 00fd 19       		.uleb128 0x19
 574 00fe 03       		.uleb128 0x3
 575 00ff 0E       		.uleb128 0xe
 576 0100 3A       		.uleb128 0x3a
 577 0101 0B       		.uleb128 0xb
 578 0102 3B       		.uleb128 0x3b
 579 0103 0B       		.uleb128 0xb
 580 0104 39       		.uleb128 0x39
 581 0105 0B       		.uleb128 0xb
 582 0106 27       		.uleb128 0x27
 583 0107 19       		.uleb128 0x19
 584 0108 00       		.byte	0
 585 0109 00       		.byte	0
 586 010a 00       		.byte	0
 587              		.section	.gnu.debuglto_.debug_line,"e",%progbits
 588              	.Ldebug_line0:
 589 0000 AC010000 		.4byte	.LELT0-.LSLT0
 590              	.LSLT0:
 591 0004 0400     		.2byte	0x4
 592 0006 A6010000 		.4byte	.LELTP0-.LASLTP0
 593              	.LASLTP0:
 594 000a 01       		.byte	0x1
 595 000b 01       		.byte	0x1
 596 000c 01       		.byte	0x1
 597 000d F6       		.byte	0xf6
 598 000e F2       		.byte	0xf2
 599 000f 0D       		.byte	0xd
 600 0010 00       		.byte	0
 601 0011 01       		.byte	0x1
 602 0012 01       		.byte	0x1
 603 0013 01       		.byte	0x1
 604 0014 01       		.byte	0x1
 605 0015 00       		.byte	0
 606 0016 00       		.byte	0
 607 0017 00       		.byte	0
 608 0018 01       		.byte	0x1
 609 0019 00       		.byte	0
 610 001a 00       		.byte	0
 611 001b 01       		.byte	0x1
 612 001c 2E2E2F43 		.ascii	"../ChibiOS/os/hal/include"
 612      68696269 
 612      4F532F6F 
 612      732F6861 
 612      6C2F696E 
 613 0035 00       		.byte	0
 614 0036 2E2E2F46 		.ascii	"../FreeRTOS/include"
 614      72656552 
 614      544F532F 
 614      696E636C 
 614      756465
 615 0049 00       		.byte	0
 616 004a 7368656C 		.ascii	"shell/../drivers"
 616      6C2F2E2E 
 616      2F647269 
 616      76657273 
ARM GAS  /tmp/ccGFJ5Z6.s 			page 12


 617 005a 00       		.byte	0
 618 005b 7368656C 		.ascii	"shell"
 618      6C
 619 0060 00       		.byte	0
 620 0061 2F686F6D 		.ascii	"/home/matt/gcc-arm-none-eabi-10-2020-q4-major/arm-n"
 620      652F6D61 
 620      74742F67 
 620      63632D61 
 620      726D2D6E 
 621 0094 6F6E652D 		.ascii	"one-eabi/include/machine"
 621      65616269 
 621      2F696E63 
 621      6C756465 
 621      2F6D6163 
 622 00ac 00       		.byte	0
 623 00ad 2F686F6D 		.ascii	"/home/matt/gcc-arm-none-eabi-10-2020-q4-major/arm-n"
 623      652F6D61 
 623      74742F67 
 623      63632D61 
 623      726D2D6E 
 624 00e0 6F6E652D 		.ascii	"one-eabi/include/sys"
 624      65616269 
 624      2F696E63 
 624      6C756465 
 624      2F737973 
 625 00f4 00       		.byte	0
 626 00f5 2F686F6D 		.ascii	"/home/matt/gcc-arm-none-eabi-10-2020-q4-major/lib/g"
 626      652F6D61 
 626      74742F67 
 626      63632D61 
 626      726D2D6E 
 627 0128 63632F61 		.ascii	"cc/arm-none-eabi/10.2.1/include"
 627      726D2D6E 
 627      6F6E652D 
 627      65616269 
 627      2F31302E 
 628 0147 00       		.byte	0
 629 0148 00       		.byte	0
 630 0149 5F646566 		.ascii	"_default_types.h\000"
 630      61756C74 
 630      5F747970 
 630      65732E68 
 630      00
 631 015a 05       		.uleb128 0x5
 632 015b 00       		.uleb128 0
 633 015c 00       		.uleb128 0
 634 015d 5F737464 		.ascii	"_stdint.h\000"
 634      696E742E 
 634      6800
 635 0167 06       		.uleb128 0x6
 636 0168 00       		.uleb128 0
 637 0169 00       		.uleb128 0
 638 016a 73746464 		.ascii	"stddef.h\000"
 638      65662E68 
 638      00
 639 0173 07       		.uleb128 0x7
 640 0174 00       		.uleb128 0
ARM GAS  /tmp/ccGFJ5Z6.s 			page 13


 641 0175 00       		.uleb128 0
 642 0176 6F73616C 		.ascii	"osal_ch.h\000"
 642      5F63682E 
 642      6800
 643 0180 02       		.uleb128 0x2
 644 0181 00       		.uleb128 0
 645 0182 00       		.uleb128 0
 646 0183 68616C5F 		.ascii	"hal_streams.h\000"
 646      73747265 
 646      616D732E 
 646      6800
 647 0191 01       		.uleb128 0x1
 648 0192 00       		.uleb128 0
 649 0193 00       		.uleb128 0
 650 0194 636D6473 		.ascii	"cmdsanity.c\000"
 650      616E6974 
 650      792E6300 
 651 01a0 04       		.uleb128 0x4
 652 01a1 00       		.uleb128 0
 653 01a2 00       		.uleb128 0
 654 01a3 73797374 		.ascii	"system.h\000"
 654      656D2E68 
 654      00
 655 01ac 03       		.uleb128 0x3
 656 01ad 00       		.uleb128 0
 657 01ae 00       		.uleb128 0
 658 01af 00       		.byte	0
 659              	.LELTP0:
 660              	.LELT0:
 661              		.section	.gnu.debuglto_.debug_str,"eMS",%progbits,1
 662              	.LASF27:
 663 0000 7368656C 		.ascii	"shell/cmdsanity.c\000"
 663      6C2F636D 
 663      6473616E 
 663      6974792E 
 663      6300
 664              	.LASF4:
 665 0012 5F5F7569 		.ascii	"__uint8_t\000"
 665      6E74385F 
 665      7400
 666              	.LASF15:
 667 001c 73697A65 		.ascii	"size_t\000"
 667      5F7400
 668              	.LASF5:
 669 0023 5F5F696E 		.ascii	"__int32_t\000"
 669      7433325F 
 669      7400
 670              	.LASF25:
 671 002d 61726776 		.ascii	"argv\000"
 671      00
 672              	.LASF32:
 673 0032 636D6453 		.ascii	"cmdSanity\000"
 673      616E6974 
 673      7900
 674              	.LASF28:
 675 003c 2F686F6D 		.ascii	"/home/matt/hardware/electrosense-converter-firmware"
 675      652F6D61 
ARM GAS  /tmp/ccGFJ5Z6.s 			page 14


 675      74742F68 
 675      61726477 
 675      6172652F 
 676 006f 56322F66 		.ascii	"V2/firmware\000"
 676      69726D77 
 676      61726500 
 677              	.LASF23:
 678 007b 75736572 		.ascii	"user\000"
 678      00
 679              	.LASF10:
 680 0080 6C6F6E67 		.ascii	"long long unsigned int\000"
 680      206C6F6E 
 680      6720756E 
 680      7369676E 
 680      65642069 
 681              	.LASF21:
 682 0097 42617365 		.ascii	"BaseSequentialStream\000"
 682      53657175 
 682      656E7469 
 682      616C5374 
 682      7265616D 
 683              	.LASF1:
 684 00ac 756E7369 		.ascii	"unsigned char\000"
 684      676E6564 
 684      20636861 
 684      7200
 685              	.LASF31:
 686 00ba 73616E69 		.ascii	"sanitySettingsLocked\000"
 686      74795365 
 686      7474696E 
 686      67734C6F 
 686      636B6564 
 687              	.LASF33:
 688 00cf 636D6453 		.ascii	"cmdSanityUsage\000"
 688      616E6974 
 688      79557361 
 688      676500
 689              	.LASF3:
 690 00de 73686F72 		.ascii	"short unsigned int\000"
 690      7420756E 
 690      7369676E 
 690      65642069 
 690      6E7400
 691              	.LASF19:
 692 00f1 77726974 		.ascii	"write\000"
 692      6500
 693              	.LASF26:
 694 00f7 474E5520 		.ascii	"GNU C17 10.2.1 20201103 (release) -mcpu=cortex-m3 -"
 694      43313720 
 694      31302E32 
 694      2E312032 
 694      30323031 
 695 012a 6D6E6F2D 		.ascii	"mno-thumb-interwork -mthumb -mfloat-abi=soft -march"
 695      7468756D 
 695      622D696E 
 695      74657277 
 695      6F726B20 
ARM GAS  /tmp/ccGFJ5Z6.s 			page 15


 696 015d 3D61726D 		.ascii	"=armv7-m -ggdb -Os -fomit-frame-pointer -falign-fun"
 696      76372D6D 
 696      202D6767 
 696      6462202D 
 696      4F73202D 
 697 0190 6374696F 		.ascii	"ctions=16 -ffunction-sections -fdata-sections -fno-"
 697      6E733D31 
 697      36202D66 
 697      66756E63 
 697      74696F6E 
 698 01c3 636F6D6D 		.ascii	"common -flto\000"
 698      6F6E202D 
 698      666C746F 
 698      00
 699              	.LASF8:
 700 01d0 6C6F6E67 		.ascii	"long unsigned int\000"
 700      20756E73 
 700      69676E65 
 700      6420696E 
 700      7400
 701              	.LASF7:
 702 01e2 5F5F7569 		.ascii	"__uint32_t\000"
 702      6E743332 
 702      5F7400
 703              	.LASF20:
 704 01ed 72656164 		.ascii	"read\000"
 704      00
 705              	.LASF11:
 706 01f2 756E7369 		.ascii	"unsigned int\000"
 706      676E6564 
 706      20696E74 
 706      00
 707              	.LASF17:
 708 01ff 63686172 		.ascii	"char\000"
 708      00
 709              	.LASF12:
 710 0204 75696E74 		.ascii	"uint8_t\000"
 710      385F7400 
 711              	.LASF18:
 712 020c 6D73675F 		.ascii	"msg_t\000"
 712      7400
 713              	.LASF13:
 714 0212 696E7433 		.ascii	"int32_t\000"
 714      325F7400 
 715              	.LASF9:
 716 021a 6C6F6E67 		.ascii	"long long int\000"
 716      206C6F6E 
 716      6720696E 
 716      7400
 717              	.LASF2:
 718 0228 73686F72 		.ascii	"short int\000"
 718      7420696E 
 718      7400
 719              	.LASF24:
 720 0232 61726763 		.ascii	"argc\000"
 720      00
 721              	.LASF14:
ARM GAS  /tmp/ccGFJ5Z6.s 			page 16


 722 0237 75696E74 		.ascii	"uint32_t\000"
 722      33325F74 
 722      00
 723              	.LASF6:
 724 0240 6C6F6E67 		.ascii	"long int\000"
 724      20696E74 
 724      00
 725              	.LASF16:
 726 0249 6C6F6E67 		.ascii	"long double\000"
 726      20646F75 
 726      626C6500 
 727              	.LASF0:
 728 0255 7369676E 		.ascii	"signed char\000"
 728      65642063 
 728      68617200 
 729              	.LASF22:
 730 0261 5F426F6F 		.ascii	"_Bool\000"
 730      6C00
 731              	.LASF29:
 732 0267 42617365 		.ascii	"BaseSequentialStreamVMT\000"
 732      53657175 
 732      656E7469 
 732      616C5374 
 732      7265616D 
 733              	.LASF30:
 734 027f 73616E69 		.ascii	"sanityRebootSeconds\000"
 734      74795265 
 734      626F6F74 
 734      5365636F 
 734      6E647300 
 735              		.text
 736              		.section	.gnu.lto_.profile.6f9289ac8b7a19e8,"e",%progbits
 737 0000 789C6362 		.ascii	"x\234cb\000\001\000\000\022\000\003"
 737      00010000 
 737      120003
 738              		.text
 739              		.section	.gnu.lto_.icf.6f9289ac8b7a19e8,"e",%progbits
 740 0000 789C9364 		.ascii	"x\234\223d@\000\026\206\236\236\355\374\214\2576\177"
 740      40001686 
 740      9E9EEDFC 
 740      8CAF367F 
 741 0010 B8C8C1DC 		.ascii	"\270\310\301\334y\243i\015\037\313\311\243\377\316p"
 741      79A3690D 
 741      1FCBC9A3 
 741      FFCE70
 742 001f 3000008F 		.ascii	"0\000\000\217\214\013g"
 742      8C0B67
 743              		.text
 744              		.section	.gnu.lto_.ipa_sra.6f9289ac8b7a19e8,"e",%progbits
 745 0000 789C558B 		.ascii	"x\234U\213A\022\300 \010\003\023\211\323K\037]\307\257"
 745      4112C020 
 745      08031389 
 745      D34B1F5D 
 745      C7AF
 746 0012 F8D01AEA 		.ascii	"\370\320\032\352\214\225\003,\260\351\330\025(\020."
 746      8C95032C 
 746      B0E9D815 
ARM GAS  /tmp/ccGFJ5Z6.s 			page 17


 746      28102E
 747 0021 8EC00842 		.ascii	"\216\300\010B\004*\013\037}\357\211\\\346&{3rX\177\274"
 747      042A0B1F 
 747      7DEF895C 
 747      E6267B33 
 747      72587FBC 
 748 0035 17CAB76A 		.ascii	"\027\312\267j7wg\310\246\224rt7\274\255J\005\354"
 748      377767C8 
 748      A6947274 
 748      37BCAD4A 
 748      05EC
 749              		.text
 750              		.section	.gnu.lto_.inline.6f9289ac8b7a19e8,"e",%progbits
 751 0000 789CFBCA 		.ascii	"x\234\373\312\200\000\314\014\014b\273;\217\2671\247"
 751      8000CC0C 
 751      0C62BB3B 
 751      8FB731A7 
 752 0010 3302C112 		.ascii	"3\002\301\022f\260\010\013\337\265\027\023o2\24520\260"
 752      66B0080B 
 752      DFB51713 
 752      6F32A532 
 752      30B0
 753 0022 35000153 		.ascii	"5\000\001S\012\023\003\023\003\343\303\203\353g0'21"
 753      0A130313 
 753      03E3C383 
 753      EB673027 
 753      3231
 754 0034 B0C0D90C 		.ascii	"\260\300\331\014, \023x\200\004\323\004?\006\026^t\006"
 754      2C201378 
 754      8004D304 
 754      3F06165E 
 754      7406
 755 0046 33030F50 		.ascii	"3\003\017P\373\006\246\014F\240~\206F \273\016\305H"
 755      FB06A60C 
 755      46A07E86 
 755      4620BB0E 
 755      C548
 756 0058 24CD980C 		.ascii	"$\315\230\014\026\006\256\226\017k?0\247123\025,afb"
 756      1606AE96 
 756      0F6B3F30 
 756      A7313233 
 756      152C6166 
 757 006d D4068A17 		.ascii	"\324\006\212\027\302\030@\2472A\234\0173\266\021n,\013"
 757      C21840A7 
 757      32419C0F 
 757      33B6116E 
 757      2C0B
 758 007f C4060601 		.ascii	"\304\006\006\001\220I\334\014\014\034\014\214\023\374"
 758      9049DC0C 
 758      0C1C0C8C 
 758      13FC
 759 008d 40E6B280 		.ascii	"@\346\262\200\014\006\032\015\000\367\332/\243"
 759      0C061A0D 
 759      00F7DA2F 
 759      A3
 760              		.text
 761              		.section	.gnu.lto_.jmpfuncs.6f9289ac8b7a19e8,"e",%progbits
ARM GAS  /tmp/ccGFJ5Z6.s 			page 18


 762 0000 789C7590 		.ascii	"x\234u\220=\016\3020\014\205\375\342\360\323\"`@L,p"
 762      3D0EC230 
 762      0C85FDE2 
 762      F0D32260 
 762      404C2C70 
 763 0014 04563656 		.ascii	"\004V6VV\304\204\030*\210\252\012\004C\272\260\224\215"
 763      56C48418 
 763      2A88AA0A 
 763      0443BAB0 
 763      948D
 764 0026 1971865C 		.ascii	"\031q\206\\\001fn\006N+\006Zj)\212\363\354\357\311\361"
 764      01666E06 
 764      4E2B065A 
 764      6A298AF3 
 764      ECEFC9F1 
 765 003a 0D440B2A 		.ascii	"\015D\013*\202I\001\014\307|q\014\2553\002\341\245A"
 765      8249010C 
 765      C77C710C 
 765      AD3302E1 
 765      A541
 766 004c 72DE127D 		.ascii	"r\336\022}\342\011\256m\307\372W\206\272\263\343\006"
 766      E209AE6D 
 766      C7FA5786 
 766      BAB3E306 
 767 005c 505CB9A6 		.ascii	"P\\\271\246\251\202\016=\332,\243x\000OT\332s\313\026"
 767      A9820E3D 
 767      DA2CA378 
 767      004F54DA 
 767      73CB16
 768 006f C25C0E7D 		.ascii	"\302\\\016}\211\0302\235\014\347\007\253\272\217\274"
 768      8918329D 
 768      0CE707AB 
 768      BA8FBC
 769 007e 7BBBC6FD 		.ascii	"{\273\306\375/1\365DPOT??\367DXG\310x\350\221\343\216"
 769      2F31F544 
 769      504F543F 
 769      3FF74458 
 769      47C878E8 
 770 0095 2A36A864 		.ascii	"*6\250d\223P:C\331H\377\3232.K4X\2324M\216\261\035\037"
 770      93503A43 
 770      D948FFD3 
 770      322E4B34 
 770      589A344D 
 771 00ad 4EDBBDD9 		.ascii	"N\333\275\331M\272!5|J\303\300F\307$=\217\327;s\210"
 771      4DBA2135 
 771      7C4AC3C0 
 771      46C7243D 
 771      8FD73B73 
 772 00c2 CED66C37 		.ascii	"\316\326l7R\353\177U\337#\357`e\243\330\314$\373\000"
 772      52EB7F55 
 772      DF23EF60 
 772      65A3D8CC 
 772      24FB00
 773 00d5 6FB1850D 		.ascii	"o\261\205\015"
 774              		.text
 775              		.section	.gnu.lto_.pureconst.6f9289ac8b7a19e8,"e",%progbits
 776 0000 789CE362 		.ascii	"x\234\343b```f\230\305\302<\203\205e\006\013\000\011"
ARM GAS  /tmp/ccGFJ5Z6.s 			page 19


 776      60606066 
 776      98C5C23C 
 776      83856506 
 776      0B0009
 777 0013 FE01EB   		.ascii	"\376\001\353"
 778              		.text
 779              		.section	.gnu.lto_.lto.6f9289ac8b7a19e8,"e",%progbits
 780 0000 09000200 		.ascii	"\011\000\002\000\001\000\000\000"
 780      01000000 
 781              		.text
 782              		.section	.gnu.lto_cmdSanityUsage.89.6f9289ac8b7a19e8,"e",%progbits
 783 0000 789C7590 		.ascii	"x\234u\220\275K\003A\020\305\347\335$\3213\210 ^\037"
 783      BD4B0341 
 783      10C5E7DD 
 783      24D13388 
 783      205E1F
 784 0013 B1100B3D 		.ascii	"\261\020\013=H\004\305F\377\011\005\025\213\343\262"
 784      4804C546 
 784      FF090515 
 784      8BE3B2
 785 0022 1AF19293 		.ascii	"\032\361\222\223\273CI\225\215DA\233\370\321\212\205"
 785      BB434995 
 785      8D44419B 
 785      F8D18A85 
 786 0032 5C612722 		.ascii	"\\a'\"~\241H,,\354\304\326F\254\304J\254,\204\270I\214"
 786      7EA1482C 
 786      2CECC4D6 
 786      46ACC44A 
 786      AC2C84B8 
 787 0048 DAB830F0 		.ascii	"\332\2700\360\336\033~\2733;\005\242=\"\352Q\005&lo"
 787      DE1B7EBB 
 787      333B05A2 
 787      3D22EA51 
 787      05266C6F 
 788 005c 6D6824A5 		.ascii	"mh$\245\034k\321P\334\332\320q\201\272\003\0254\024"
 788      1C6BD150 
 788      DCDAD071 
 788      81BA0315 
 788      3414
 789 006e B0C37DCA 		.ascii	"\260\303}\312~\334>?\335A\036T\020\262\302U\325\317"
 789      7EDC3E3F 
 789      DD411E54 
 789      10B2C255 
 789      D5CF
 790 0080 2E639B43 		.ascii	".c\233C\006\"\337JCB)\036\247\336\212\224\367\217\347"
 790      0622DF4A 
 790      4342291E 
 790      A7DE8A94 
 790      F78FE7
 791 0093 52EA1432 		.ascii	"R\352\0242\343\014\212\301)p\242^W\301\344U\204(\326"
 791      E30C8AC1 
 791      2970A25E 
 791      57C1E455 
 791      8428D6
 792 00a6 BC496574 		.ascii	"\274Iet\370\020\255\310\317jY\312j\327i<\246\001\347"
 792      F810ADC8 
 792      CF6A59CA 
ARM GAS  /tmp/ccGFJ5Z6.s 			page 20


 792      6AD7693C 
 792      A601E7
 793 00b9 2A2E736D 		.ascii	"*.sm4\031\201\254\020m\262\3260Ee^!\237\217\014z\303"
 793      341981AC 
 793      106DB2D6 
 793      3045655E 
 793      219F8F0C 
 794 00cf 6A824AD0 		.ascii	"j\202J\320B\216\354\261\002\366YS\003t\273k\255!GKX"
 794      428EECB1 
 794      02F65953 
 794      0374BB6B 
 794      AD21474B 
 795 00e4 93F2C508 		.ascii	"\223\362\305\0109\206K\250\275Bn\251s\307\377r\371\032"
 795      39864BA8 
 795      BD426EA9 
 795      73C7FF72 
 795      F91A
 796 00f6 D7FAC3E9 		.ascii	"\327\372\303\351\270\376\313\235\374\313\255\243\006"
 796      B8FECB9D 
 796      FCCBADA3 
 796      06
 797 0103 B6FD8071 		.ascii	"\266\375\200q\3344\301w\254<\235E\353\337Uf\374nC4j"
 797      DC34C177 
 797      AC3C9D45 
 797      EBDF5566 
 797      FC6E4334 
 798 0118 66DCAC30 		.ascii	"f\334\2540\263V\020\230\031\313K/[\2360\205#\354\300"
 798      B3561098 
 798      19CB4B2F 
 798      5B9E3085 
 798      23ECC0
 799 012b 737D91F3 		.ascii	"s}\221\363E\277\355\346\226\204\027\010\257\177v\336"
 799      45BFEDE6 
 799      96841708 
 799      AF7F76DE 
 800 013b CBD6FA13 		.ascii	"\313\326\372\023I\263)\251\323\317\010\3071\355l\332"
 800      49B329A9 
 800      D3CF08C7 
 800      31ED6CDA 
 801 014b B772F341 		.ascii	"\267r\363A~\300&\2663\213\306\237` \225LZ\203\303\251"
 801      7EC026B6 
 801      338BC69F 
 801      6020954C 
 801      5A83C3A9 
 802 015f 21D2C77D 		.ascii	"!\322\307}kN\214\264\267Q\207\336\350&\034\327^P\336"
 802      6B4E8CB4 
 802      B75187DE 
 802      E8261CD7 
 802      5E50DE
 803 0172 68FAE9B4 		.ascii	"h\372\351\264p\254\274/\354\031\225~\001e\216\236\020"
 803      70ACBC2F 
 803      EC19957E 
 803      01658E9E 
 803      10
 804              		.text
 805              		.section	.gnu.lto_cmdSanity.90.6f9289ac8b7a19e8,"e",%progbits
 806 0000 789C4D90 		.ascii	"x\234M\220\277k\024Q\020\307g\336\274\335\334\245P\021"
ARM GAS  /tmp/ccGFJ5Z6.s 			page 21


 806      BF6B1451 
 806      10C767DE 
 806      BCDDDCA5 
 806      5011
 807 0012 AEB0D1EB 		.ascii	"\256\260\321\353\202J\262p\021Lg\376\000\333X\\\267"
 807      824AB270 
 807      114C67FE 
 807      00DB585C 
 807      B7
 808 0023 6C562F70 		.ascii	"lV/p?\302\356\032I!y\311\235\234h\261w\221T\206S\217"
 808      3FC2EE1A 
 808      492179C9 
 808      9D9C68B1 
 808      77915486 
 809 0039 855869A5 		.ascii	"\205Xi\245\211?s bas\244\025DR\210\246\0126Q#\236\263"
 809      893F7320 
 809      626173A4 
 809      15445288 
 809      A60A3651 
 810 0050 6F37720F 		.ascii	"o7r\017\336{\363f>\337y3C\002\340&\000\\\346\215&\340"
 810      DE7BF366 
 810      3EDF7933 
 810      4302E026 
 810      005CE68D 
 811 0066 6AFB8E00 		.ascii	"j\373\216\000\245\324\364\210\020\365\366]\201\333\330"
 811      A5D4F488 
 811      10F5F65D 
 811      81DBD8
 812 0075 FCF2292F 		.ascii	"\374\362)/\033\355c\277\036Dg$\341Z&\211K\\k\217j\313"
 812      1BED63BF 
 812      1E446724 
 812      E15A2689 
 812      4B5C6B8F 
 813 008b C0E5D442 		.ascii	"\300\345\324BX\022$\015\\\302{t\226=?\337\357\366?\242"
 813      5812240D 
 813      5CC27B74 
 813      963D3FDF 
 813      EFF63FA2 
 814 009f 7ADCC388 		.ascii	"z\334\303\210\000:\274\365Z'\\\245\210\020ej\011\314"
 814      003ABCF5 
 814      5A275CA5 
 814      8810656A 
 814      09CC
 815 00b1 B3453330 		.ascii	"\263E30\326S\252\377dK\251,DD\270\211\254\301\347\210"
 815      D653AAFF 
 815      644BA92C 
 815      4444B889 
 815      ACC1E788 
 816 00c5 CF10708B 		.ascii	"\317\020p\213\223P\261\036kh>!\367RR\342\213a\362%\223"
 816      9350B11E 
 816      6B683E21 
 816      F75252E2 
 816      8B61F225 
 817 00da B2186A32 		.ascii	"\262\030j2\2001.\244\177\230\222\006\276\032&_3i\024"
 817      80312EA4 
 817      7F989206 
 817      BE1A265F 
ARM GAS  /tmp/ccGFJ5Z6.s 			page 22


 817      336914
 818 00ed EF6B7231 		.ascii	"\357kr1\311\031\326\233\352\204\214\310\3047\303\344"
 818      C919D69B 
 818      EA848CC8 
 818      C437C3E4 
 819 00fd 5B26CDE2 		.ascii	"[&\315\342\206\0040u'<\030\236\0307\363t\307\350\251"
 819      86043075 
 819      273C189E 
 819      1837F374 
 819      C7E8A9
 820 0110 3F8350A9 		.ascii	"?\203P\251\203\334\327\343YD.T g\226\310\205\230\310"
 820      83DCD7E3 
 820      59442E54 
 820      206796C8 
 820      8598C8
 821 0123 4A809060 		.ascii	"J\200\220`\300\213P\365\000Z$\222\3072?\366P\355n\317"
 821      C08B50F5 
 821      005A2492 
 821      C7323FF6 
 821      50ED6ECF 
 822 0137 C4D9626B 		.ascii	"\304\331bk\007\341;6\276\275;\335\345\231\234\327\303"
 822      07E13B36 
 822      BEBD3BDD 
 822      E5999CD7 
 822      C3
 823 0148 6A116DAA 		.ascii	"j\021m\252\317\267DJ\213s\334\316\376\337\225\346m\301"
 823      CFB7444A 
 823      8B73DCCE 
 823      FEDF95E6 
 823      6DC1
 824 015a E3808D74 		.ascii	"\343\200\215t\246]\302\243`k\375a\206\273\032\012\011"
 824      A65DC2A3 
 824      606BFD61 
 824      86BB1A0A 
 824      09
 825 016b D847031A 		.ascii	"\330G\003\032\310\212\221\016\203\354\222]2#\312\350"
 825      C88A910E 
 825      83EC925D 
 825      3223CAE8 
 826 017b FCF2C3E0 		.ascii	"\374\362\303\340\321o\374_\315\301)}\035\346X\325\310"
 826      D16FFC5F 
 826      CDC1297D 
 826      1DE658D5 
 826      C8
 827 018c 27B26C87 		.ascii	"'\262l\207\223\304\262\210F\265\306\340\217\224\324"
 827      93C4B288 
 827      46B5C6E0 
 827      8F94D4
 828 019b 9A1FB832 		.ascii	"\232\037\2702\235\374\024r\177\332\035w\011p\311*\325"
 828      9DFC1472 
 828      7FDA1D77 
 828      0970C92A 
 828      D5
 829 01ac 2AAE55B1 		.ascii	"*\256U\261\203\300*\331\336\354\015\333s-\267\354:\201"
 829      83C02AD9 
 829      DEEC0DDB 
 829      732DB7EC 
ARM GAS  /tmp/ccGFJ5Z6.s 			page 23


 829      3A81
 830 01be 57F3DDAA 		.ascii	"W\363\335\252\357\216;\265\352\202\353\005\2567~u\316"
 830      EF8E3BB5 
 830      EA82EB05 
 830      AE377E75 
 830      CE
 831 01cf ABC4F12B 		.ascii	"\253\304\361+\005\353\310\204\223~\311-\227-\2472\353"
 831      05EBC884 
 831      937EC92D 
 831      972DA732 
 831      EB
 832 01e0 DBD5B960 		.ascii	"\333\325\271`q\302\001y\335w\275\334\220gb\262P\260"
 832      71C20179 
 832      DD77BDDC 
 832      906762B2 
 832      50B0
 833 01f2 2F4C4D5E 		.ascii	"/LM^\004rJ\363\322\366\2569\361\261\360\017\232*\325"
 833      04724AF3 
 833      D2F6AE39 
 833      F1B1F00F 
 833      9A2AD5
 834 0205 20       		.ascii	" "
 835              		.text
 836              		.section	.gnu.lto_cmdSanity.part.0.95.6f9289ac8b7a19e8,"e",%progbits
 837 0000 789C6D53 		.ascii	"x\234mS]h\223W\030~\237s\316\367\345\247Z]]\347n\306"
 837      5D689357 
 837      187E9F73 
 837      CEF7E5A7 
 837      5A5D5DE7 
 838 0016 D28B2216 		.ascii	"\322\213\"\0264\320\016\034\336\350\345\356\307\006"
 838      34D00E1C 
 838      DEE8E5EE 
 838      C706
 839 0024 BD0CE937 		.ascii	"\275\014\3517[\326&[\222*\3026\317\322\264\035\255\220"
 839      5BD6265B 
 839      922AC236 
 839      CFD2B41D 
 839      AD90
 840 0036 A483B563 		.ascii	"\244\203\265c\245\224\020jw\243 cs\177\256\352\334\334"
 840      A594106A 
 840      77A32063 
 840      737FAEEA 
 840      DCDC
 841 0048 5456C7E6 		.ascii	"TV\307\346\030\332\013e\242\366\242d\202\"\242n\357"
 841      18DA0B65 
 841      A2F6A264 
 841      8222A26E 
 841      EF
 842 0059 39DF9726 		.ascii	"9\337\227&\005C\276/\347\234\367y\237\347y\337\363\346"
 842      0543BE2F 
 842      E79CF779 
 842      9FE779DF 
 842      F3E6
 843 006b 3D45344D 		.ascii	"=E4MD\223\374 J\3704\017\322Z\357\017E\320f\177\205"
 843      4493FC20 
 843      4AF8340F 
 843      D25AEF0F 
ARM GAS  /tmp/ccGFJ5Z6.s 			page 24


 843      45D0667F 
 844 0080 18294F0A 		.ascii	"\030)O\012\374\214\177\306\037mR\205r\353\354\303\321"
 844      FC8C7FC6 
 844      1F6D5285 
 844      72EBECC3 
 844      D1
 845 0091 1E25315D 		.ascii	"\036%1]\216\332\270\022\243\345\226\007Wj]j\254\334"
 845      8EDAB812 
 845      A3E59607 
 845      576A5D6A 
 845      ACDC
 846 00a3 3A71BCD8 		.ascii	":q\274\330\256\034\314LU\376]\333k\303.\003'\204O\031"
 846      AE1CCC4C 
 846      55FE5DDB 
 846      6BC32E03 
 846      27844F19 
 847 00b7 B2814727 		.ascii	"\262\201G'\025\263\331\2030>\\\017\202\216D\204T\216"
 847      15B3D983 
 847      303E5C0F 
 847      828E4484 
 847      548E
 848 00c9 CBA747F0 		.ascii	"\313\247G\360\261\234\225\330\311\201\207\347o._\204"
 848      B19C95D8 
 848      C98187E7 
 848      6F2E5F84 
 849 00d9 5E5C4255 		.ascii	"^\\BU\022\315\361c?&Tj\234\302\270\377\202\337\2345"
 849      12CDF163 
 849      3F26546A 
 849      9CC2B8FF 
 849      82DF9C35 
 850 00ed 25AB1250 		.ascii	"%\253\022P\301J \306+\371\206\211\354X\322zy\365\224"
 850      C14A20C6 
 850      2BF98689 
 850      EC58D27A 
 850      79F594
 851 0100 D611AA4A 		.ascii	"\326\021\252J\211S`:|\005|\011\302\327\314${\213\312"
 851      8953603A 
 851      7C057C09 
 851      C2D7CC24 
 851      7B8BCA
 852 0113 604AB37A 		.ascii	"`J\263zI\325\021\330\200042\275NV\034\031\327[\031\252"
 852      49D511D8 
 852      80303432 
 852      BD4E561C 
 852      19D75B19 
 853 0128 F06D33D9 		.ascii	"\360m3\331w\014U\275\307\232\311|\0046 \210\214K\231"
 853      770C55BD 
 853      C79AC97C 
 853      04362088 
 853      8C4B99
 854 013b 23CB753C 		.ascii	"#\313u<0\346\340t3\327\017\214tzGT\027W\\{\232\037\377"
 854      30E6E074 
 854      33D70F8C 
 854      747A4754 
 854      17575C7B 
 855 0152 48F09E8E 		.ascii	"H\360\236\216\005\2150\371\207i\207\211\255<x\367\265"
 855      058D30F9 
ARM GAS  /tmp/ccGFJ5Z6.s 			page 25


 855      87698789 
 855      AD3C78F7 
 855      B5
 856 0163 AA7471A6 		.ascii	"\252tq\2469\373,g\273\275\237m\310v\233\263]\333T\374"
 856      39FB2C67 
 856      BBBD9F6D 
 856      C8769BB3 
 856      5DDB54FC 
 857 0177 08B3E95C 		.ascii	"\010\263\351\\2<G\271\246B\254n\004\015#~F\247\366\213"
 857      323C47B9 
 857      A642AC6E 
 857      040D237E 
 857      46A7F68B 
 858 018b 2AC4A82E 		.ascii	"*\304\250.\207\206\034c\\\302O\300y\230{1\304\304_\341"
 858      87861C63 
 858      5CC24FC0 
 858      79987B31 
 858      C4C45FE1 
 859 019f 1F9DF8DD 		.ascii	"\037\235\370\335\321\372\361\177E\255\257\277\214-`"
 859      D1FAF17F 
 859      45ADAFBF 
 859      8C2D60
 860 01ae 829000BE 		.ascii	"\202\220\000\276\001\003\277\207\342m\3301\244.\277"
 860      0103BF87 
 860      E26DD831 
 860      A42EBF
 861 01bd 22217E45 		.ascii	"\"!~E\211\212\322\314\207VLR\222\021\177)i\025y<\273"
 861      898AD2CC 
 861      87564C52 
 861      92117F29 
 861      6915793C 
 862 01d2 23C6E72A 		.ascii	"#\306\347*\004\213\341\002\326q\245\331\371ps\345\306"
 862      048BE102 
 862      D671A5D9 
 862      F97073E5 
 862      C6
 863 01e3 A941B1AB 		.ascii	"\251A\261\253_\214\347\222\024\015j}\363\317[a\236Q"
 863      5F8CE792 
 863      140D6A7D 
 863      F3CF5B61 
 863      9E51
 864 01f5 5A43FE93 		.ascii	"ZC\376\223\317[+\022\3010\265\330.\025\300\202-\213"
 864      CF5B2B12 
 864      C130B5D8 
 864      2E15C082 
 864      2D8B
 865 0207 3C740BB6 		.ascii	"<t\013\266\002\\\004~e\222\273(\334=\227\252\370\320"
 865      025C047E 
 865      6592BB28 
 865      DC3D97AA 
 865      F8D0
 866 0219 107CA192 		.ascii	"\020|\241\222\224\363\247\227oS@\374\3270\3250\032#"
 866      94F3A797 
 866      6F5340FC 
 866      D730D530 
 866      1A23
 867 022b CBB1694E 		.ascii	"\313\261iN\012\242\212\024L\332\361\301\030\033\334"
ARM GAS  /tmp/ccGFJ5Z6.s 			page 26


 867      0AA28A14 
 867      4CDAF1C1 
 867      181BDC
 868 023a 5CC098D6 		.ascii	"\\\300\230\326w^\252\312V\374\006\266P\225[,\211\272"
 868      775EAACA 
 868      56FC06B6 
 868      50955B2C 
 868      89BA
 869 024c 71E6C48C 		.ascii	"q\346\304\214\014H\376~\3378\233\231\\\021\025Y\237"
 869      0C48FE7E 
 869      DF389B99 
 869      5C111559 
 869      9F
 870 025d 7315B809 		.ascii	"s\025\270\011Wxn\257\260\270\221\251H\307\012m\235\343"
 870      57786EAF 
 870      B0B891A9 
 870      48C70A6D 
 870      9DE3
 871 026f C9251FDC 		.ascii	"\311%\037\3341\005\243\364\234U\342E\033\376\360\205"
 871      3105A3F4 
 871      9C55E245 
 871      1BFEF085 
 872 027f B69902EE 		.ascii	"\266\231\002\356\234[\000g\241+0\357\024\356_.\213@"
 872      9C5B0067 
 872      A12B30EF 
 872      14EE5F2E 
 872      8B40
 873 0291 F7DAB0D1 		.ascii	"\367\332\260\321\275\267\330\371\254&\\\265M\360K\207"
 873      BDB7D8F9 
 873      AC265CB5 
 873      4DF04B87 
 874 02a1 85AF0C53 		.ascii	"\205\257\014SI\350\013\312\022\271+\227n\214! \252\301"
 874      49E80BCA 
 874      12B92B97 
 874      6E8C2120 
 874      AAC1
 875 02b3 D89B9F66 		.ascii	"\330\233\237f)\327\022=?g\376\015l\320\344\267#Z\225"
 875      29D7123D 
 875      3F67FE0D 
 875      6CD0E4B7 
 875      235A95
 876 02c6 2F18A9C7 		.ascii	"/\030\251\307\343\214\0101\2107gk\023\227\353\305no"
 876      E38C0831 
 876      8837676B 
 876      1397EBC5 
 876      6E6F
 877 02d8 DCC3F645 		.ascii	"\334\303\366E\356\341\002x\\_\304u\340\032\230%d\025"
 877      EEE10278 
 877      5C5FC475 
 877      E01A9825 
 877      6415
 878 02ea 434F264E 		.ascii	"CO&N\256\325\025\357{M^\302\365\253\276\207\374~\377"
 878      AED515EF 
 878      7B4D5EC2 
 878      F5ABBE87 
 878      FC7EFF
 879 02fd 9A8A12FE 		.ascii	"\232\212\022\376!_\010\355\213\367\247\207\274\370P"
ARM GAS  /tmp/ccGFJ5Z6.s 			page 27


 879      215F08ED 
 879      8BF7A787 
 879      BCF850
 880 030c 22978BF7 		.ascii	"\"\227\213\367'2}\207\022\031/\356\015z\311\\&\235\365"
 880      27327D87 
 880      12192FEE 
 880      0D7AC95C 
 880      269DF5
 881 031f 52596F57 		.ascii	"RYoW2\235:\350er^f\327[\003\231!\023\177\263;^_R[\266"
 881      329D3AE8 
 881      65725E66 
 881      D75B0399 
 881      21137FB3 
 882 0339 DF1B1C8C 		.ascii	"\337\033\034\214'\207\372\262\211\324@\356\360\356$"
 882      2787FAB2 
 882      89D440EE 
 882      F0EE24
 883 0348 C964FF3B 		.ascii	"\311d\377;\355M\007\273{\272\273\023\257\274\332\263"
 883      ED4D07BB 
 883      7BBABB13 
 883      AFBCDAB3 
 884 0358 87542273 		.ascii	"\207T\"s\340\240\032\316z\031\263Jn{\335\313\345\006"
 884      E0A01ACE 
 884      7A19B34A 
 884      6E7BDDCB 
 884      E506
 885 036a 5207B2B1 		.ascii	"R\007\262\261\301t\362m\257\257cs\224\034\263\244\377"
 885      C174F26D 
 885      AFAF6373 
 885      941CB3A4 
 885      FF
 886 037b 01F3139A 		.ascii	"\001\363\023\232\330"
 886      D8
 887              		.text
 888              		.section	.gnu.lto_.symbol_nodes.6f9289ac8b7a19e8,"e",%progbits
 889 0000 789C758E 		.ascii	"x\234u\216;\012\302@\024E\357\235\227I\300\015X\352"
 889      3B0AC240 
 889      1445EF9D 
 889      9749C00D 
 889      58EA
 890 0012 5AC47DCD 		.ascii	"Z\304}\315\004\242\265\245\245\212\275\245h!(\202\215"
 890      04A2B5A5 
 890      A58ABDA5 
 890      68212882 
 890      8D
 891 0023 88A5BF44 		.ascii	"\210\245\277D\002\202{\260\2113\032\002\202\271\325"
 891      02827BB0 
 891      89331A02 
 891      82B9D5
 892 0032 8173E0BD 		.ascii	"\201s\340\275&\001\250;\014\254[\300\301\001\216\261"
 892      2601A83B 
 892      0CAC5BC0 
 892      C1018EB1 
 893 0042 48E2D82A 		.ascii	"H\342\330*x\011\350\023`;\200\350\014l\373\376\014\303"
 893      7809E813 
 893      603B80E8 
 893      0C6CFBFE 
ARM GAS  /tmp/ccGFJ5Z6.s 			page 28


 893      0CC3
 894 0054 9F7E6963 		.ascii	"\237~ic\226\265\272\300\250\302M\376H^a\244(\327\372"
 894      96B5BAC0 
 894      A8C24DFE 
 894      485E61A4 
 894      28D7FA
 895 0067 04F097BD 		.ascii	"\004\360\227\275\345\015&\250s)\214\256q\202(\335\347"
 895      E50D26A8 
 895      73298CAE 
 895      718228DD 
 895      E7
 896 0078 7DF2D110 		.ascii	"}\362\321\020\204\371z6\024&\221@\217V\307'8\015E\364"
 896      84F97A36 
 896      14269140 
 896      8F56C727 
 896      380D45F4 
 897 008c F7D96E45 		.ascii	"\367\331nE\011+\334R\002\314m\326S\3348\224]1~\221\223"
 897      092BDC52 
 897      02CC6DD6 
 897      53DC3894 
 897      5D317E91 
 898 00a1 106FAFF2 		.ascii	"\020o\257\362ZF"
 898      5A46
 899              		.text
 900              		.section	.gnu.lto_.refs.6f9289ac8b7a19e8,"e",%progbits
 901 0000 789CE367 		.ascii	"x\234\343g```f``dc`d\344g`d\022e`\000\000\002q\000C"
 901      60606066 
 901      60606463 
 901      6064E467 
 901      60641265 
 902              		.text
 903              		.section	.gnu.lto_.decls.6f9289ac8b7a19e8,"e",%progbits
 904 0000 789C6D56 		.ascii	"x\234mV}PT\327\025\277\347\336\307\356\362D\260\012"
 904      7D5054D7 
 904      15BFE7DE 
 904      C7EEF244 
 904      B00A
 905 0012 633F3296 		.ascii	"c?2\226\241\261n\222.\253K&:\235\316\224If\322\217|"
 905      A1B16E92 
 905      2EAB4B26 
 905      3A9DCE94 
 905      4966D28F 
 906 0027 34539274 		.ascii	"4S\222t\306\351\214]w\237\260\355.kv\027\223\374\367"
 906      C6E98C5D 
 906      779FB0ED 
 906      2E6B7617 
 906      93FCF7
 907 003a 4483A848 		.ascii	"D\203\250HPRE\201B\265F\242F\264\301\252\030\315\026"
 907      50524581 
 907      42B546A2 
 907      46B4C1AA 
 907      18CD16
 908 004d 0D6240C5 		.ascii	"\015b@\305TL\304\250\370\011B\374 \242\242\242\366\334"
 908      544CC4A8 
 908      F80942FC 
 908      20A2A2A2 
 908      F6DC
ARM GAS  /tmp/ccGFJ5Z6.s 			page 29


 909 005f 7B77F72D 		.ascii	"{w\367-d\337p\336\273\234\373;\277\363;\347\336w\337"
 909      64DF70DE 
 909      BB9CFB3B 
 909      BFF33BE7 
 909      DE77DF
 910 0072 FE398590 		.ascii	"\3769\205\220\337SB:\200\220\307x)\204\220\343h\350"
 910      DF53423A 
 910      8090C778 
 910      298490E3 
 910      68E8
 911 0084 26CD687B 		.ascii	"&\315h{\321f\243\035B\353\210\314u\242u\241u\243\235"
 911      D166A31D 
 911      42EB88CC 
 911      75A275A1 
 911      75A39D
 912 0097 43BB8496 		.ascii	"C\273\204\226O\344eB\273\213\366\000\355\026\032E\336"
 912      4FE46542 
 912      BB8BF600 
 912      ED161A45 
 912      DE
 913 00a8 34B41FA2 		.ascii	"4\264\037\242a\0322\005\237O\002\031u\335\005\231\257"
 913      611A3205 
 913      9F4F0219 
 913      75DD0599 
 913      AF
 914 00b9 006D225A 		.ascii	"\000m\"Zz$\337T\220\334?\307'\200\3145\015d^k\204\203"
 914      7A24DF54 
 914      90DC3FC7 
 914      2780CC35 
 914      0D645E6B 
 915 00cf 4672D131 		.ascii	"Fr\3211\234\374\352E\337\2701\274\371\021\356\331\221"
 915      9CFCEA45 
 915      DFB831BC 
 915      F911EED9 
 915      91
 916 00e0 DA9E42CC 		.ascii	"\332\236B\314\035|>\215\317\373\2218\026\321\036\255"
 916      1D7C3E8D 
 916      CFFB9138 
 916      16D11EAD 
 917 00f0 8353EF1B 		.ascii	"\203S\357\033\303}\003\235?J\240yo$\007\347\177\002"
 917      C37D039D 
 917      3F4AA079 
 917      6F2407E7 
 917      7F02
 918 0102 640F794F 		.ascii	"d\017yO\246\241=\003\262&\336\307_Dj\262\201\354'\357"
 918      A6A13D03 
 918      B226DEC7 
 918      5F446AB2 
 918      81EC27EF 
 919 0116 6B2A8EB3 		.ascii	"k*\216\263A\366v2>\355h?\213\324\225\024\247)\276\247"
 919      41F67632 
 919      3EED683F 
 919      8BD49514 
 919      A729BEA7 
 920 012a 2CA22D51 		.ascii	",\242-Q_W1\230\010\012\336\323!\223QR\315L\017Otu\232"
 920      5F573198 
 920      080ADED3 
ARM GAS  /tmp/ccGFJ5Z6.s 			page 30


 920      21935152 
 920      CD4C0F4F 
 921 0141 D59F00E0 		.ascii	"\325\237\000\340_X\327\373\364\226\205\214@\016L'\360"
 921      5F58D7FB 
 921      F496858C 
 921      400E4C27 
 921      F0
 922 0152 1F805D40 		.ascii	"\037\200]@`7\300\036\2408,\326\365\221\237\342\263\232"
 922      6037C01E 
 922      A0382CD6 
 922      F5919FE2 
 922      B39A
 923 0164 D11DC557 		.ascii	"\321\035\305WG\222S\020\177S\257oQ\320\007;\001\232"
 923      47925310 
 923      7F53AF6F 
 923      51D0073B 
 923      019A
 924 0176 7801CD78 		.ascii	"x\001\315xC\300\321\215\247\257\201\001h6\000{\271D"
 924      43C0D18D 
 924      A7AF8101 
 924      6836007B 
 924      B944
 925 0188 33B1EBE2 		.ascii	"3\261\353\342Z\237J\340S)2k\034\233E\330\257x\364\231"
 925      5A9F4AE0 
 925      5329326B 
 925      1C9B45D8 
 925      AF78F499 
 926 019c 6D370FD0 		.ascii	"m7\017\320I\022\021\026\263\360\031\312\003\330\307"
 926      49121116 
 926      B3F019CA 
 926      03D8C7
 927 01ab FF41C096 		.ascii	"\377A\300\226\232\275\203\026\001\010'\006\034\014\327"
 927      9ABD8316 
 927      01082706 
 927      1C0CD7
 928 01ba 9E508DFC 		.ascii	"\236P\215\374\3775\362\267\010\201\312\247w\326~\002"
 928      FF35F2B7 
 928      0881CAA7 
 928      77D67E02 
 929 01ca 4F4E42C4 		.ascii	"ONB\304\360\251\222\223\353\237^\271|\211^\261\220\341"
 929      F0A99293 
 929      EB9F5EB9 
 929      7C895EB1 
 929      90E1
 930 01dc 34EC0738 		.ascii	"4\354\0078h\340\355h3\210\316\231\364\260Bb\376\203"
 930      68E0ED68 
 930      3388CE99 
 930      F4B04262 
 930      FE83
 931 01ee 3C191CE0 		.ascii	"<\031\034\340\371\030f\305\234\273\253;v\011Q\243\220"
 931      F91866C5 
 931      9CBBAB3B 
 931      760951A3 
 931      90
 932 01ff F039C463 		.ascii	"\3609\304c\021\327]{\251=\305\320\326j\344:\004\221"
 932      11D75D7B 
 932      A93DC5D0 
ARM GAS  /tmp/ccGFJ5Z6.s 			page 31


 932      D66AE43A 
 932      0491
 933 0211 259A88B0 		.ascii	"%\232\210\260\232e#\267,\252\240\013/NFg\024u\030I\355"
 933      9A6523B7 
 933      2CAAA00B 
 933      2F4E4667 
 933      14751849 
 934 0226 D0060239 		.ascii	"\320\006\0029I,f\025_\224e\017\267o\244\0231`\261\256"
 934      492C6615 
 934      5F94650F 
 934      B76FA413 
 934      3160B1AE 
 935 023a FF85AF49 		.ascii	"\377\205\257I;\300\027<\000\337d\036\304s\367U\037o"
 935      3BC0173C 
 935      00DF641E 
 935      C473F755 
 935      1F6F
 936 024c 4D49447A 		.ascii	"MIDzD\2206I\322$AjE|\361\026\275X\211\347<\006p\224"
 936      44903649 
 936      D224416A 
 936      457CF116 
 936      BD5889E7 
 937 0264 E33B41C4 		.ascii	"\343;A\304p\316\015\245\013_6\312\3514\3129.\313y\002"
 937      70CE0DA5 
 937      0B5F36CA 
 937      E934CA39 
 937      2ECB7902 
 938 0278 1E837810 		.ascii	"\036\203x\020\366\245hTG\353\2126P\307\354\266\023\200"
 938      F6A56854 
 938      47EB8A36 
 938      50C7ECB6 
 938      1380
 939 028a 08ECD2FF 		.ascii	"\010\354\322\377\000\276\224*\322\021\272\274}\305J"
 939      00BE942A 
 939      D211BABC 
 939      7DC54A
 940 0299 48A4F72B 		.ascii	"H\244\367+\241\367\244Df\010\275\015\274\011{v\016\335"
 940      A1F7A444 
 940      6608BD0D 
 940      BC097B76 
 940      0EDD
 941 02ab 4D8E177C 		.ascii	"M\216\027|\012\340k\036\320\015\"H\3667\025\221G:\302"
 941      0AE06B1E 
 941      D00D2248 
 941      F6371591 
 941      473AC2
 942 02be 6BD31251 		.ascii	"k\323\022Q\177#\250OK\3524A=\314e\267]\355i\037\027"
 942      7F23A84F 
 942      4BEA3441 
 942      3DCC65B7 
 942      5DED691F 
 943 02d3 4F7D16E0 		.ascii	"O}\026\340\014\0178\007\"HR[\020y\273\256q\267\222\210"
 943      0C0F3807 
 943      2248525B 
 943      1079BBAE 
 943      71B79288 
 944 02e7 FABCA0EE 		.ascii	"\372\274\240\356\221\324\311\202\272\215So\355\371d"
ARM GAS  /tmp/ccGFJ5Z6.s 			page 32


 944      91D4C982 
 944      BA8D536F 
 944      EDF964
 945 02f6 CBA8365F 		.ascii	"\313\2506_\004\270\300\003.\201\010\342\230S\035\233"
 945      04B8C003 
 945      2E8108E2 
 945      98531D9B 
 946 0306 EB922E83 		.ascii	"\353\222.\203x\327\0257`Y\317\341M%\263\031I\327\251"
 946      78D71537 
 946      6059CFE1 
 946      4D25B319 
 946      49D7A9
 947 0319 4E4D6E46 		.ascii	"NMnFU\2462\267\332\006S\254C,\327B\255i\252\245\341"
 947      55A632B7 
 947      DA0653AC 
 947      432CD742 
 947      AD69AAA5 
 948 032e 004C5093 		.ascii	"\000LP\223,\224\366\231\335\252\365>l\245\365\246\314"
 948      2C94F699 
 948      DDAAF53E 
 948      6CA5F5A6 
 948      CC
 949 033f 5C5D7197 		.ascii	"\\]q\227e\364\231uZ\361jzN.\336\373\314m\340\306\250"
 949      65F49975 
 949      5AF16A7A 
 949      4E2EDEFB 
 949      CC6DE0C6 
 950 0354 D714CB04 		.ascii	"\327\024\313\004\034\365\231\325!V\277\302\344>BK\247"
 950      1CF599D5 
 950      2156BFC2 
 950      E43E424B 
 950      A7
 951 0365 E15E53DD 		.ascii	"\341^S\335\216t\224\227k\261LIka-\354EB,\226\355\333"
 951      8E749497 
 951      6BB14C49 
 951      6B612DEC 
 951      45422C96 
 952 037b 32D43E73 		.ascii	"2\324>s\032RX\335\231\023\334\231im\220\344v\253\351"
 952      1A5258DD 
 952      9913DC99 
 952      696D90E4 
 952      76ABE9
 953 038e 568222DC 		.ascii	"V\202\"\334\016G.U\221Y\261\264\201\203A\212C??0Y\005"
 953      0E472E55 
 953      9159B1B4 
 953      8183418A 
 953      433F3F30 
 954 03a4 35794AA6 		.ascii	"5yJ\246\225\0207y\221\"/{\034\275\300\2149\335\306\277"
 954      95103779 
 954      91222F7B 
 954      1CBDC08C 
 954      39DDC6BF 
 955 03b8 0056953A 		.ascii	"\000V\225:({\251\317\214\347\033\315$DW,))\240\343#"
 955      287BA9CF 
 955      8CE71BCD 
 955      2444572C 
 955      2929A0E3 
ARM GAS  /tmp/ccGFJ5Z6.s 			page 33


 956 03cd 79CE4BEE 		.ascii	"y\316K\356\327\034*\3513S\234JW@\247`D\252&<\237\233"
 956      D71C2AE9 
 956      33539C4A 
 956      5740A760 
 956      44AA263C 
 957 03e3 CDF2C4E3 		.ascii	"\315\362\304\343M\344\307*\362\211\233<c\343\323\010"
 957      4DE4C72A 
 957      F2899B3C 
 957      63E3D308 
 958 03f3 3F476263 		.ascii	"?GbcA\036\355Qo\354\021\031K\200\344\241\221#\025 \232"
 958      411EED51 
 958      6FEC1119 
 958      4B80E4A1 
 958      91231520 
 959 0408 844466E3 		.ascii	"\204Df\343\310\015\015\021\035Q\236h\2368\215\206V\\"
 959      C80D0D11 
 959      1D519E68 
 959      9E388D86 
 959      565C
 960 041a 629984C6 		.ascii	"b\231\204\306\307\210\270Q\302\015J\022\243\215J\"\362"
 960      C788B851 
 960      C20D4A12 
 960      A38D4A22 
 960      F2
 961 042b 1FDC37F7 		.ascii	"\037\3347\367\312\206\016\247^\301\276\351\303\265\307"
 961      CA860EA7 
 961      5EC1BEE9 
 961      C3B5C7
 962 043a CC905191 		.ascii	"\314\220Q\221K\200}\207/\343\"*N\352\325%'-\374\033"
 962      4B807D87 
 962      2FE3222A 
 962      4EEAD525 
 962      272DFC1B 
 963 044e 8F2733F8 		.ascii	"\217'3\370\321\261\244f\3257I\3021\033\256\362W\352"
 963      D1B1A466 
 963      D53749C2 
 963      311BAEF2 
 963      57EA
 964 0460 F47B3BCA 		.ascii	"\364{;\312a\324iL`\3008j\257\236\374\370\2242\372\260"
 964      61D4694C 
 964      60C0386A 
 964      AF9EFCF8 
 964      9432FAB0 
 965 0474 C6232F0E 		.ascii	"\306#/\016\260\364\330\305\322$\343\200\370\3268 \256"
 965      B0F4D8C5 
 965      D224E380 
 965      F8D63820 
 965      AE
 966 0485 C99DFDE0 		.ascii	"\311\235\375\340\321\211gD\302k\000\375<\343\331\362"
 966      D1896744 
 966      C26B00FD 
 966      3CE3D9F2 
 967 0495 CA665578 		.ascii	"\312fUx\362\341\272|Y\250xY&\340\344\345\256\312\006"
 967      F2E1BA7C 
 967      59A87859 
 967      26E0E4E5 
 967      AECA06
ARM GAS  /tmp/ccGFJ5Z6.s 			page 34


 968 04a8 D3644CF6 		.ascii	"\323dL\366\255\256\247C\001\014\002\334\344dX\022\334"
 968      ADAEA743 
 968      010C02DC 
 968      E4645812 
 968      DC
 969 04b9 908467AF 		.ascii	"\220\204g\257W\225\260\254\252*}\270y\325\2312\263\336"
 969      5795B0AC 
 969      AA2A7DB8 
 969      79D59932 
 969      B3DE
 970 04cb A0EB15B9 		.ascii	"\240\353\025\271\010\200\276\210*\270\305\307\004\256"
 970      0880BE88 
 970      2AB8C5C7 
 970      04AE
 971 04d9 005C86AC 		.ascii	"\000\\\206\254\273,Q\037F\312\353\326$Ge\015qYe\203"
 971      BB2C511F 
 971      46CAEBD6 
 971      2447650D 
 971      71596583 
 972 04ed CBAF8C4F 		.ascii	"\313\257\214O\220\371\0162\335\306AVE\225^QS\037\246"
 972      90F90E32 
 972      DDC64156 
 972      45955E51 
 972      531FA6
 973 0500 BACED009 		.ascii	"\272\316\320\011\275q\331z\243\331\010\253\027}\357"
 973      BD71D97A 
 973      A3D908AB 
 973      177DEF
 974 050f D9B2EBFD 		.ascii	"\331\262\353\375\324(=\317\027.k\375wj\002\366\373\030"
 974      D4283DCF 
 974      172E6BFD 
 974      776A02F6 
 974      FB18
 975 0521 794FD6F5 		.ascii	"yO\326\365\305\216\301\245f^\327\366\243\273u=\011\261"
 975      C58EC1A5 
 975      665ED7F6 
 975      A3BB753D 
 975      09B1
 976 0533 0A4EC370 		.ascii	"\012N\303p$\017\301Q\264\246&\2055\212<\365\217:?\032"
 976      240FC151 
 976      B4A62685 
 976      358A3CF5 
 976      8F3A3F1A 
 977 0547 270EDB70 		.ascii	"'\016\333p\342O;b\316\325\326\255\214\373\"=4V\350\221"
 977      E24F3B62 
 977      CED5D6AD 
 977      8CFB223D 
 977      3456E891 
 978 055b 4C5CB9EC 		.ascii	"L\\\271\354|\277\354\305#q\202\207\367/\332\231\022"
 978      7CBFECC5 
 978      23718287 
 978      F72FDA99 
 978      12
 979 056c 15FF9853 		.ascii	"\025\377\230S4]9\364\231\032S?;\246~!\356a\235\012\222"
 979      345D39F4 
 979      991A533F 
 979      3BA67E21 
ARM GAS  /tmp/ccGFJ5Z6.s 			page 35


 979      EE619D0A 
 980 0581 BD4327EE 		.ascii	"\275C'\356&eU\341>\274Yy\252\334\\o\305I\030\211i\037"
 980      266555E1 
 980      3EBC5979 
 980      AADC5C6F 
 980      C5491889 
 981 0597 110F7681 		.ascii	"\021\017v\201\022vU(\337\274z\353 O\002\2131\236]\027"
 981      12765528 
 981      DFBC7AEB 
 981      204F028B 
 981      319E5D17 
 982 05ab BE0B3DE5 		.ascii	"\276\013=\345\037\002\367\225 \357{\224\335\022\336"
 982      1F02F795 
 982      20EF7B94 
 982      DD12DE
 983 05ba 8B255DFB 		.ascii	"\213%]\373\307qo)z\227P\364\264~\325\332\030\025,\272"
 983      C7716F29 
 983      7A9750F4 
 983      B47ED5DA 
 983      18152CBA 
 984 05ce 7BAB717B 		.ascii	"{\253q{\277)\352XF\331\003\021\270\357\366\231\303\224"
 984      BF29EA58 
 984      46D90311 
 984      B8EFF699 
 984      C394
 985 05e0 07964989 		.ascii	"\007\226I\211-\355{\226\244\214\255\002V k9\332r\011"
 985      2DED7B96 
 985      A48CAD02 
 985      56206B39 
 985      DA7209
 986 05f3 6AAB3BB4 		.ascii	"j\253;\264)9\253\252T\037^\335\335Qf\256o\320\303\013"
 986      2939ABAA 
 986      541F5EDD 
 986      DD5166AE 
 986      6FD0C30B 
 987 0607 75A59F21 		.ascii	"u\245\237!\006\026QQ\016,E\370\"qD\260\343\214\007U"
 987      06165151 
 987      0E2C45F8 
 987      227144B0 
 987      E38C0755 
 988 061b 7F57B75D 		.ascii	"\177W\267]v\254K\012\372\372\306\316\201\361\302\201"
 988      76AC4B0A 
 988      FAFAC6CE 
 988      81F1C281 
 989 062b 3F8E56F2 		.ascii	"?\216V\362\355m\022g\230Y\214\370\313\364\016\353\026"
 989      ED6D1267 
 989      98598CF8 
 989      CBF40EEB 
 989      16
 990 063c A187AE2F 		.ascii	"\241\207\256/\355Qc_\223\330\357\212\277S\304\341\007"
 990      ED51635F 
 990      93D8EF8A 
 990      BF53C4E1 
 990      07
 991 064d F3030A95 		.ascii	"\363\003\012\225\274\344\236\017\252\216\245\305\264"
 991      BCE49E0F 
 991      AA8EA5C5 
ARM GAS  /tmp/ccGFJ5Z6.s 			page 36


 991      B4
 992 065a AFA6B125 		.ascii	"\257\246\261%X\203ZVI\351\347w\016\364\247\211%\370"
 992      58835A56 
 992      49E9E777 
 992      0EF4A789 
 992      25F8
 993 066c A0AEDF51 		.ascii	"\240\256\337Q\243\267P\234\205\012\032]\203\012)y\230"
 993      A3B7509C 
 993      850A1A5D 
 993      830A2979 
 993      98
 994 067d E735352F 		.ascii	"\34755/k\332\240\310_\206\311\024jh1\337n5T|\267\027"
 994      6BDAA0C8 
 994      5F86C914 
 994      6A6831DF 
 994      6E35547C 
 995 0693 A74476D2 		.ascii	"\247Dv\322Z>C`\035\205j\312\036125\\\301\337\272\216"
 995      5A3E4360 
 995      1D856ACA 
 995      1E313235 
 995      5CC1DFBA 
 996 06a8 5FAEC3C3 		.ascii	"_\256\303\303\000\247\240\226\223\013,\341\343u4k\200"
 996      00A7A096 
 996      930B2CE1 
 996      E375346B 
 996      80
 997 06b9 B14A857F 		.ascii	"\261J\205\177,\247\211\202\323\304\210\260M\012WX\022"
 997      2CA78982 
 997      D3C488B0 
 997      4D0A5758 
 997      12
 998 06ca EEEDB4A8 		.ascii	"\356\355\264\250=c\213]O\021\203<\377\244P\317\213\355"
 998      3D638B5D 
 998      4F11833C 
 998      FFA450CF 
 998      8BED
 999 06dc 5A72D032 		.ascii	"Zr\3202\365\036\326\321y1\274\313z`Q\375oa\003\205:"
 999      F51ED6D1 
 999      7931BCCB 
 999      7A6051FD 
 999      6F610385 
 1000 06f1 912BBA77 		.ascii	"\221+\272w\353(\311:\307_\355\263\275#\207\251\261\275"
 1000      EB28C93A 
 1000      C75FEDB3 
 1000      BD2387A9 
 1000      B1BD
 1001 0703 71D74521 		.ascii	"q\327E!\033e[z\316V\227\307\375Z\274dp|(\001\357\337"
 1001      1B655B7A 
 1001      CE5697C7 
 1001      FD5ABC64 
 1001      707C2801 
 1002 0719 283E1277 		.ascii	"(>\022w\204\2353\000\233$`(|\345O\306|\2671\337 \347"
 1002      849D3300 
 1002      9B246028 
 1002      7CE54FC6 
 1002      7CB731DF 
 1003 072f FF75E4F6 		.ascii	"\377u\344\366xc\376\2161\377\221\234\337x\274\266^1"
ARM GAS  /tmp/ccGFJ5Z6.s 			page 37


 1003      7863FE8E 
 1003      31FF919C 
 1003      DF78BCB6 
 1003      5E31
 1004 0741 00F70DC0 		.ascii	"\000\367\015\300f\011h\032\370\274\324d\000j\214\032"
 1004      6609681A 
 1004      F8BCD464 
 1004      006A8C1A 
 1005 0751 B64840C9 		.ascii	"\266H@\311`\357?\342\000\035\006\303V\0118\266\357B"
 1005      60EF3FE2 
 1005      001D06C3 
 1005      560938B6 
 1005      EF42
 1006 0763 3B3300E5 		.ascii	";3\000\345\006\303\307\022\260\256\264\261)\256\013"
 1006      06C3C712 
 1006      B0AEB4B1 
 1006      29AE0B
 1007 0772 6B0CC036 		.ascii	"k\014\3006\011h^yuW\\\212\015\006\240\221\357\033\305"
 1007      09685E79 
 1007      75575C8A 
 1007      0D06A091 
 1007      EF1BC5
 1008 0785 55E00CFC 		.ascii	"U\340\014\374 X\240y\275v\227\317\035t\026zB\357f\273"
 1008      2058A079 
 1008      BD7697CF 
 1008      1D74167A 
 1008      42EF66BB 
 1009 0799 2CBF79F5 		.ascii	",\277y\365\215\314\027f\314$\031q\316\354\034\207\303"
 1009      8DCC1766 
 1009      CC241971 
 1009      CEEC1C87 
 1009      C3
 1010 07aa F9ECAC9C 		.ascii	"\371\354\254\234\231\204-\360\205&?\357\014jy\332[E"
 1010      99842DF0 
 1010      85263FEF 
 1010      0C6A79DA 
 1010      5B45
 1011 07bc 5A61C8E3 		.ascii	"Za\310\343\364\346\205\002\232\323\367\346+\257\377"
 1011      F4E68502 
 1011      9AD3F7E6 
 1011      2BAFFF
 1012 07cb DA5EE0F7 		.ascii	"\332^\340\367i"
 1012      69
 1013 07d0 769F3314 		.ascii	"v\2373\024\262#\267\373mg@\263k^\315\025\012\370\203"
 1013      B223B7FB 
 1013      6D6740B3 
 1013      6B5ECD15 
 1013      0AF883
 1014 07e3 5A6150B3 		.ascii	"ZaP\263\271\374\205\013\264@H\013\330\346y\002>>\377"
 1014      B9FC850B 
 1014      B440480B 
 1014      D8E67902 
 1014      3E3EFF
 1015 07f6 A6C31E1D 		.ascii	"\246\303\036\035\022kv\266\375\205\002\317\\\317\037"
 1015      126B76B6 
 1015      FD8502CF 
 1015      5CCF1F
ARM GAS  /tmp/ccGFJ5Z6.s 			page 38


 1016 0805 F2ECFE20 		.ascii	"\362\354\376 Rx\355\236B\227\267\310\255\361\361\234"
 1016      5278ED9E 
 1016      4297B7C8 
 1016      ADF1F19C 
 1017 0815 A0C813CC 		.ascii	"\240\310\023\314. \351\211\004\230\213<\205\241YsBl"
 1017      2E20E989 
 1017      04988B3C 
 1017      85A15973 
 1017      426C
 1018 0827 C673C4E2 		.ascii	"\306s\304\342\014\370\026\314\264\371\210\352\362c\272"
 1018      0CF816CC 
 1018      B4F988EA 
 1018      F263BA
 1019 0836 776CBE1C 		.ascii	"wl\276\0342\001\353\311\223\365\314w\006B\331\323\223"
 1019      3201EBC9 
 1019      93F5CC77 
 1019      0642D9D3 
 1019      93
 1020 0847 638E89DF 		.ascii	"c\216\211\337\353\002I\215M\276\021t\346k\026W\301\374"
 1020      EB02498D 
 1020      4DBE1174 
 1020      E66B1657 
 1020      C1FC
 1021 0859 00F2CF7B 		.ascii	"\000\362\317{\352\373\032\275\236\271\366\2106{\024"
 1021      EAFB1ABD 
 1021      9EB9F688 
 1021      367B14
 1022 0868 86224DE8 		.ascii	"\206\"M\350s\371\346+\363\213\002\232\342\325\234\363"
 1022      73F9E62B 
 1022      F38B029A 
 1022      E2D59CF3 
 1023 0878 CC85FE50 		.ascii	"\314\205\376PA\300\3776>\013\013\213\274\336W\342\332"
 1023      41C0FF36 
 1023      3E0B0B8B 
 1023      BCDE57E2 
 1023      DA
 1024 0889 95EF72D9 		.ascii	"\225\357r\331P\263\015\2474\233\346\234\353\261\315"
 1024      50B30DA7 
 1024      349BE69C 
 1024      EBB1CD
 1025 0898 986E734C 		.ascii	"\230nsLwL\267\275\365\254\315\347\374\253?`\0375\035"
 1025      774CB7BD 
 1025      F5ACCDE7 
 1025      FCAB3F60 
 1025      1F351D
 1026 08ab 6B0C26F1 		.ascii	"k\014&\361\024\346c:\013\216^\367\377\2560d\306\374"
 1026      14E6633A 
 1026      0B8E5EF7 
 1026      FFAE3064 
 1026      C6FC
 1027 08bd 398E39A1 		.ascii	"9\2169\241\014Y\024\352-\012y\274\342\206\260\2449\317"
 1027      0C5914EA 
 1027      2D0A79BC 
 1027      E286B0A4 
 1027      39CF
 1028 08cf FBFDDE74 		.ascii	"\373\375\336tYg\236\026\012at\360e\277\353o\232{\222"
 1028      59679E16 
ARM GAS  /tmp/ccGFJ5Z6.s 			page 39


 1028      0A6174F0 
 1028      65BFEB6F 
 1028      9A7B92
 1029 08e2 74FE519B 		.ascii	"t\376Q\233\353\367\207\3624\\+w\320R\024a\373q\214\315"
 1029      EBF787F2 
 1029      345C2B77 
 1029      D0521461 
 1029      FB718CCD 
 1030 08f6 1DF0E01A 		.ascii	"\035\360\340\032\006\355\301w\203!\315\207\224\377\007"
 1030      06EDC177 
 1030      8321CD87 
 1030      94FF07
 1031 0905 417489A3 		.ascii	"At\211\243"
 1032              		.text
 1033              		.section	.gnu.lto_.symtab.6f9289ac8b7a19e8,"e",%progbits
 1034 0000 636D6453 		.ascii	"cmdSanityUsage\000"
 1034      616E6974 
 1034      79557361 
 1034      676500
 1035 000f 00       		.ascii	"\000"
 1036 0010 00       		.ascii	"\000"
 1037 0011 00       		.ascii	"\000"
 1038 0012 00000000 		.ascii	"\000\000\000\000\000\000\000\000"
 1038      00000000 
 1039 001a FB000000 		.ascii	"\373\000\000\000"
 1040 001e 636D6453 		.ascii	"cmdSanity\000"
 1040      616E6974 
 1040      7900
 1041 0028 00       		.ascii	"\000"
 1042 0029 00       		.ascii	"\000"
 1043 002a 00       		.ascii	"\000"
 1044 002b 00000000 		.ascii	"\000\000\000\000\000\000\000\000"
 1044      00000000 
 1045 0033 F3000000 		.ascii	"\363\000\000\000"
 1046 0037 73616E69 		.ascii	"sanityRebootSeconds\000"
 1046      74795265 
 1046      626F6F74 
 1046      5365636F 
 1046      6E647300 
 1047 004b 00       		.ascii	"\000"
 1048 004c 02       		.ascii	"\002"
 1049 004d 00       		.ascii	"\000"
 1050 004e 00000000 		.ascii	"\000\000\000\000\000\000\000\000"
 1050      00000000 
 1051 0056 24010000 		.ascii	"$\001\000\000"
 1052 005a 63687072 		.ascii	"chprintf\000"
 1052      696E7466 
 1052      00
 1053 0063 00       		.ascii	"\000"
 1054 0064 02       		.ascii	"\002"
 1055 0065 00       		.ascii	"\000"
 1056 0066 00000000 		.ascii	"\000\000\000\000\000\000\000\000"
 1056      00000000 
 1057 006e 02010000 		.ascii	"\002\001\000\000"
 1058 0072 73747254 		.ascii	"strToInt\000"
 1058      6F496E74 
 1058      00
ARM GAS  /tmp/ccGFJ5Z6.s 			page 40


 1059 007b 00       		.ascii	"\000"
 1060 007c 02       		.ascii	"\002"
 1061 007d 00       		.ascii	"\000"
 1062 007e 00000000 		.ascii	"\000\000\000\000\000\000\000\000"
 1062      00000000 
 1063 0086 18010000 		.ascii	"\030\001\000\000"
 1064              		.text
 1065              		.section	.gnu.lto_.ext_symtab.6f9289ac8b7a19e8,"e",%progbits
 1066 0000 01       		.ascii	"\001"
 1067 0001 01       		.ascii	"\001"
 1068 0002 00       		.ascii	"\000"
 1069 0003 01       		.ascii	"\001"
 1070 0004 00       		.ascii	"\000"
 1071 0005 02       		.ascii	"\002"
 1072 0006 01       		.ascii	"\001"
 1073 0007 01       		.ascii	"\001"
 1074 0008 00       		.ascii	"\000"
 1075 0009 01       		.ascii	"\001"
 1076 000a 00       		.ascii	"\000"
 1077              		.text
 1078              		.section	.gnu.lto_.opts,"e",%progbits
 1079 0000 272D666E 		.ascii	"'-fno-openmp' '-fno-openacc' '-fno-pie' '-fcf-prote"
 1079      6F2D6F70 
 1079      656E6D70 
 1079      2720272D 
 1079      666E6F2D 
 1080 0033 6374696F 		.ascii	"ction=none' '-g' '-mcpu=cortex-m3' '-mno-thumb-inte"
 1080      6E3D6E6F 
 1080      6E652720 
 1080      272D6727 
 1080      20272D6D 
 1081 0066 72776F72 		.ascii	"rwork' '-mthumb' '-mfloat-abi=soft' '-march=armv7-m"
 1081      6B272027 
 1081      2D6D7468 
 1081      756D6227 
 1081      20272D6D 
 1082 0099 2720272D 		.ascii	"' '-Os' '-fomit-frame-pointer' '-falign-functions=1"
 1082      4F732720 
 1082      272D666F 
 1082      6D69742D 
 1082      6672616D 
 1083 00cc 36272027 		.ascii	"6' '-ffunction-sections' '-fdata-sections' '-fno-co"
 1083      2D666675 
 1083      6E637469 
 1083      6F6E2D73 
 1083      65637469 
 1084 00ff 6D6D6F6E 		.ascii	"mmon' '-flto' '-Xassembler' '-alms=build/lst/cmdsan"
 1084      2720272D 
 1084      666C746F 
 1084      2720272D 
 1084      58617373 
 1085 0132 6974792E 		.ascii	"ity.lst'\000"
 1085      6C737427 
 1085      00
 1086              		.text
 1087              		.comm	__gnu_lto_slim,1,1
 1088              		.ident	"GCC: (GNU Arm Embedded Toolchain 10-2020-q4-major) 10.2.1 20201103 (release)"
ARM GAS  /tmp/ccGFJ5Z6.s 			page 41


ARM GAS  /tmp/ccGFJ5Z6.s 			page 42


DEFINED SYMBOLS
                            *ABS*:0000000000000000 cmdsanity.c
     /tmp/ccGFJ5Z6.s:23     .gnu.debuglto_.debug_info:0000000000000000 cmdsanity.c.322a4837
                            *COM*:0000000000000001 __gnu_lto_slim

NO UNDEFINED SYMBOLS
