ARM GAS  /tmp/ccGllTKA.s 			page 1


   1              		.cpu cortex-m3
   2              		.eabi_attribute 20, 1
   3              		.eabi_attribute 21, 1
   4              		.eabi_attribute 23, 3
   5              		.eabi_attribute 24, 1
   6              		.eabi_attribute 25, 1
   7              		.eabi_attribute 26, 1
   8              		.eabi_attribute 30, 4
   9              		.eabi_attribute 34, 1
  10              		.eabi_attribute 18, 4
  11              		.file	"hal.c"
  12              		.file 1 "/home/matt/gcc-arm-none-eabi-10-2020-q4-major/arm-none-eabi/include/machine/_default_type
  13              		.file 2 "/home/matt/gcc-arm-none-eabi-10-2020-q4-major/arm-none-eabi/include/sys/_stdint.h"
  14              		.file 3 "../ChibiOS/os/hal/ports/STM32/LLD/GPIOv1/hal_pal_lld.h"
  15              		.file 4 "../ChibiOS/os/hal/src/hal.c"
  16              		.file 5 "../FreeRTOS/include/osal_ch.h"
  17              		.section	.gnu.debuglto_.debug_info,"e",%progbits
  18              	.Ldebug_info0:
  19              		.hidden	hal.c.c2811f16
  20              		.weak	hal.c.c2811f16
  21              	hal.c.c2811f16:
  22 0000 44010000 		.4byte	0x144
  23 0004 0400     		.2byte	0x4
  24 0006 00000000 		.4byte	.Ldebug_abbrev0
  25 000a 04       		.byte	0x4
  26 000b 01       		.uleb128 0x1
  27 000c C6000000 		.4byte	.LASF21
  28 0010 0C       		.byte	0xc
  29 0011 C7010000 		.4byte	.LASF22
  30 0015 14000000 		.4byte	.LASF23
  31 0019 00000000 		.4byte	.Ldebug_line0
  32 001d 02       		.uleb128 0x2
  33 001e 01       		.byte	0x1
  34 001f 06       		.byte	0x6
  35 0020 35020000 		.4byte	.LASF0
  36 0024 02       		.uleb128 0x2
  37 0025 01       		.byte	0x1
  38 0026 08       		.byte	0x8
  39 0027 79000000 		.4byte	.LASF1
  40 002b 02       		.uleb128 0x2
  41 002c 02       		.byte	0x2
  42 002d 05       		.byte	0x5
  43 002e 06020000 		.4byte	.LASF2
  44 0032 02       		.uleb128 0x2
  45 0033 02       		.byte	0x2
  46 0034 07       		.byte	0x7
  47 0035 B3000000 		.4byte	.LASF3
  48 0039 02       		.uleb128 0x2
  49 003a 04       		.byte	0x4
  50 003b 05       		.byte	0x5
  51 003c 20020000 		.4byte	.LASF4
  52 0040 03       		.uleb128 0x3
  53 0041 BC010000 		.4byte	.LASF9
  54 0045 01       		.byte	0x1
  55 0046 4F       		.byte	0x4f
  56 0047 19       		.byte	0x19
  57 0048 4C000000 		.4byte	0x4c
ARM GAS  /tmp/ccGllTKA.s 			page 2


  58 004c 02       		.uleb128 0x2
  59 004d 04       		.byte	0x4
  60 004e 07       		.byte	0x7
  61 004f A1000000 		.4byte	.LASF5
  62 0053 02       		.uleb128 0x2
  63 0054 08       		.byte	0x8
  64 0055 05       		.byte	0x5
  65 0056 F8010000 		.4byte	.LASF6
  66 005a 02       		.uleb128 0x2
  67 005b 08       		.byte	0x8
  68 005c 07       		.byte	0x7
  69 005d 5B000000 		.4byte	.LASF7
  70 0061 04       		.uleb128 0x4
  71 0062 04       		.byte	0x4
  72 0063 05       		.byte	0x5
  73 0064 696E7400 		.ascii	"int\000"
  74 0068 02       		.uleb128 0x2
  75 0069 04       		.byte	0x4
  76 006a 07       		.byte	0x7
  77 006b 07000000 		.4byte	.LASF8
  78 006f 03       		.uleb128 0x3
  79 0070 17020000 		.4byte	.LASF10
  80 0074 02       		.byte	0x2
  81 0075 30       		.byte	0x30
  82 0076 14       		.byte	0x14
  83 0077 40000000 		.4byte	0x40
  84 007b 02       		.uleb128 0x2
  85 007c 08       		.byte	0x8
  86 007d 04       		.byte	0x4
  87 007e 29020000 		.4byte	.LASF11
  88 0082 02       		.uleb128 0x2
  89 0083 01       		.byte	0x1
  90 0084 08       		.byte	0x8
  91 0085 EA010000 		.4byte	.LASF12
  92 0089 02       		.uleb128 0x2
  93 008a 01       		.byte	0x1
  94 008b 02       		.byte	0x2
  95 008c 41020000 		.4byte	.LASF13
  96 0090 05       		.uleb128 0x5
  97 0091 0C       		.byte	0xc
  98 0092 03       		.byte	0x3
  99 0093 68       		.byte	0x68
 100 0094 09       		.byte	0x9
 101 0095 C1000000 		.4byte	0xc1
 102 0099 06       		.uleb128 0x6
 103 009a 6F647200 		.ascii	"odr\000"
 104 009e 03       		.byte	0x3
 105 009f 6A       		.byte	0x6a
 106 00a0 11       		.byte	0x11
 107 00a1 6F000000 		.4byte	0x6f
 108 00a5 00       		.byte	0
 109 00a6 06       		.uleb128 0x6
 110 00a7 63726C00 		.ascii	"crl\000"
 111 00ab 03       		.byte	0x3
 112 00ac 6C       		.byte	0x6c
 113 00ad 11       		.byte	0x11
 114 00ae 6F000000 		.4byte	0x6f
ARM GAS  /tmp/ccGllTKA.s 			page 3


 115 00b2 04       		.byte	0x4
 116 00b3 06       		.uleb128 0x6
 117 00b4 63726800 		.ascii	"crh\000"
 118 00b8 03       		.byte	0x3
 119 00b9 6E       		.byte	0x6e
 120 00ba 11       		.byte	0x11
 121 00bb 6F000000 		.4byte	0x6f
 122 00bf 08       		.byte	0x8
 123 00c0 00       		.byte	0
 124 00c1 03       		.uleb128 0x3
 125 00c2 87000000 		.4byte	.LASF14
 126 00c6 03       		.byte	0x3
 127 00c7 6F       		.byte	0x6f
 128 00c8 03       		.byte	0x3
 129 00c9 90000000 		.4byte	0x90
 130 00cd 05       		.uleb128 0x5
 131 00ce 3C       		.byte	0x3c
 132 00cf 03       		.byte	0x3
 133 00d0 78       		.byte	0x78
 134 00d1 09       		.byte	0x9
 135 00d2 18010000 		.4byte	0x118
 136 00d6 07       		.uleb128 0x7
 137 00d7 9A000000 		.4byte	.LASF15
 138 00db 03       		.byte	0x3
 139 00dc 7A       		.byte	0x7a
 140 00dd 19       		.byte	0x19
 141 00de C1000000 		.4byte	0xc1
 142 00e2 00       		.byte	0
 143 00e3 07       		.uleb128 0x7
 144 00e4 E3010000 		.4byte	.LASF16
 145 00e8 03       		.byte	0x3
 146 00e9 7C       		.byte	0x7c
 147 00ea 19       		.byte	0x19
 148 00eb C1000000 		.4byte	0xc1
 149 00ef 0C       		.byte	0xc
 150 00f0 07       		.uleb128 0x7
 151 00f1 10020000 		.4byte	.LASF17
 152 00f5 03       		.byte	0x3
 153 00f6 7E       		.byte	0x7e
 154 00f7 19       		.byte	0x19
 155 00f8 C1000000 		.4byte	0xc1
 156 00fc 18       		.byte	0x18
 157 00fd 07       		.uleb128 0x7
 158 00fe 00000000 		.4byte	.LASF18
 159 0102 03       		.byte	0x3
 160 0103 80       		.byte	0x80
 161 0104 19       		.byte	0x19
 162 0105 C1000000 		.4byte	0xc1
 163 0109 24       		.byte	0x24
 164 010a 07       		.uleb128 0x7
 165 010b 72000000 		.4byte	.LASF19
 166 010f 03       		.byte	0x3
 167 0110 83       		.byte	0x83
 168 0111 19       		.byte	0x19
 169 0112 C1000000 		.4byte	0xc1
 170 0116 30       		.byte	0x30
 171 0117 00       		.byte	0
ARM GAS  /tmp/ccGllTKA.s 			page 4


 172 0118 03       		.uleb128 0x3
 173 0119 9F010000 		.4byte	.LASF20
 174 011d 03       		.byte	0x3
 175 011e 8D       		.byte	0x8d
 176 011f 03       		.byte	0x3
 177 0120 CD000000 		.4byte	0xcd
 178 0124 08       		.uleb128 0x8
 179 0125 18010000 		.4byte	0x118
 180 0129 09       		.uleb128 0x9
 181 012a A9010000 		.4byte	.LASF24
 182 012e 03       		.byte	0x3
 183 012f 6701     		.2byte	0x167
 184 0131 18       		.byte	0x18
 185 0132 24010000 		.4byte	0x124
 186 0136 0A       		.uleb128 0xa
 187 0137 53000000 		.4byte	.LASF25
 188 013b 04       		.byte	0x4
 189 013c 38       		.byte	0x38
 190 013d 06       		.byte	0x6
 191 013e 0B       		.uleb128 0xb
 192 013f EF010000 		.4byte	.LASF26
 193 0143 05       		.byte	0x5
 194 0144 4E01     		.2byte	0x14e
 195 0146 14       		.byte	0x14
 196 0147 00       		.byte	0
 197              		.section	.gnu.debuglto_.debug_abbrev,"e",%progbits
 198              	.Ldebug_abbrev0:
 199 0000 01       		.uleb128 0x1
 200 0001 11       		.uleb128 0x11
 201 0002 01       		.byte	0x1
 202 0003 25       		.uleb128 0x25
 203 0004 0E       		.uleb128 0xe
 204 0005 13       		.uleb128 0x13
 205 0006 0B       		.uleb128 0xb
 206 0007 03       		.uleb128 0x3
 207 0008 0E       		.uleb128 0xe
 208 0009 1B       		.uleb128 0x1b
 209 000a 0E       		.uleb128 0xe
 210 000b 10       		.uleb128 0x10
 211 000c 17       		.uleb128 0x17
 212 000d 00       		.byte	0
 213 000e 00       		.byte	0
 214 000f 02       		.uleb128 0x2
 215 0010 24       		.uleb128 0x24
 216 0011 00       		.byte	0
 217 0012 0B       		.uleb128 0xb
 218 0013 0B       		.uleb128 0xb
 219 0014 3E       		.uleb128 0x3e
 220 0015 0B       		.uleb128 0xb
 221 0016 03       		.uleb128 0x3
 222 0017 0E       		.uleb128 0xe
 223 0018 00       		.byte	0
 224 0019 00       		.byte	0
 225 001a 03       		.uleb128 0x3
 226 001b 16       		.uleb128 0x16
 227 001c 00       		.byte	0
 228 001d 03       		.uleb128 0x3
ARM GAS  /tmp/ccGllTKA.s 			page 5


 229 001e 0E       		.uleb128 0xe
 230 001f 3A       		.uleb128 0x3a
 231 0020 0B       		.uleb128 0xb
 232 0021 3B       		.uleb128 0x3b
 233 0022 0B       		.uleb128 0xb
 234 0023 39       		.uleb128 0x39
 235 0024 0B       		.uleb128 0xb
 236 0025 49       		.uleb128 0x49
 237 0026 13       		.uleb128 0x13
 238 0027 00       		.byte	0
 239 0028 00       		.byte	0
 240 0029 04       		.uleb128 0x4
 241 002a 24       		.uleb128 0x24
 242 002b 00       		.byte	0
 243 002c 0B       		.uleb128 0xb
 244 002d 0B       		.uleb128 0xb
 245 002e 3E       		.uleb128 0x3e
 246 002f 0B       		.uleb128 0xb
 247 0030 03       		.uleb128 0x3
 248 0031 08       		.uleb128 0x8
 249 0032 00       		.byte	0
 250 0033 00       		.byte	0
 251 0034 05       		.uleb128 0x5
 252 0035 13       		.uleb128 0x13
 253 0036 01       		.byte	0x1
 254 0037 0B       		.uleb128 0xb
 255 0038 0B       		.uleb128 0xb
 256 0039 3A       		.uleb128 0x3a
 257 003a 0B       		.uleb128 0xb
 258 003b 3B       		.uleb128 0x3b
 259 003c 0B       		.uleb128 0xb
 260 003d 39       		.uleb128 0x39
 261 003e 0B       		.uleb128 0xb
 262 003f 01       		.uleb128 0x1
 263 0040 13       		.uleb128 0x13
 264 0041 00       		.byte	0
 265 0042 00       		.byte	0
 266 0043 06       		.uleb128 0x6
 267 0044 0D       		.uleb128 0xd
 268 0045 00       		.byte	0
 269 0046 03       		.uleb128 0x3
 270 0047 08       		.uleb128 0x8
 271 0048 3A       		.uleb128 0x3a
 272 0049 0B       		.uleb128 0xb
 273 004a 3B       		.uleb128 0x3b
 274 004b 0B       		.uleb128 0xb
 275 004c 39       		.uleb128 0x39
 276 004d 0B       		.uleb128 0xb
 277 004e 49       		.uleb128 0x49
 278 004f 13       		.uleb128 0x13
 279 0050 38       		.uleb128 0x38
 280 0051 0B       		.uleb128 0xb
 281 0052 00       		.byte	0
 282 0053 00       		.byte	0
 283 0054 07       		.uleb128 0x7
 284 0055 0D       		.uleb128 0xd
 285 0056 00       		.byte	0
ARM GAS  /tmp/ccGllTKA.s 			page 6


 286 0057 03       		.uleb128 0x3
 287 0058 0E       		.uleb128 0xe
 288 0059 3A       		.uleb128 0x3a
 289 005a 0B       		.uleb128 0xb
 290 005b 3B       		.uleb128 0x3b
 291 005c 0B       		.uleb128 0xb
 292 005d 39       		.uleb128 0x39
 293 005e 0B       		.uleb128 0xb
 294 005f 49       		.uleb128 0x49
 295 0060 13       		.uleb128 0x13
 296 0061 38       		.uleb128 0x38
 297 0062 0B       		.uleb128 0xb
 298 0063 00       		.byte	0
 299 0064 00       		.byte	0
 300 0065 08       		.uleb128 0x8
 301 0066 26       		.uleb128 0x26
 302 0067 00       		.byte	0
 303 0068 49       		.uleb128 0x49
 304 0069 13       		.uleb128 0x13
 305 006a 00       		.byte	0
 306 006b 00       		.byte	0
 307 006c 09       		.uleb128 0x9
 308 006d 34       		.uleb128 0x34
 309 006e 00       		.byte	0
 310 006f 03       		.uleb128 0x3
 311 0070 0E       		.uleb128 0xe
 312 0071 3A       		.uleb128 0x3a
 313 0072 0B       		.uleb128 0xb
 314 0073 3B       		.uleb128 0x3b
 315 0074 05       		.uleb128 0x5
 316 0075 39       		.uleb128 0x39
 317 0076 0B       		.uleb128 0xb
 318 0077 49       		.uleb128 0x49
 319 0078 13       		.uleb128 0x13
 320 0079 3F       		.uleb128 0x3f
 321 007a 19       		.uleb128 0x19
 322 007b 3C       		.uleb128 0x3c
 323 007c 19       		.uleb128 0x19
 324 007d 00       		.byte	0
 325 007e 00       		.byte	0
 326 007f 0A       		.uleb128 0xa
 327 0080 2E       		.uleb128 0x2e
 328 0081 00       		.byte	0
 329 0082 3F       		.uleb128 0x3f
 330 0083 19       		.uleb128 0x19
 331 0084 03       		.uleb128 0x3
 332 0085 0E       		.uleb128 0xe
 333 0086 3A       		.uleb128 0x3a
 334 0087 0B       		.uleb128 0xb
 335 0088 3B       		.uleb128 0x3b
 336 0089 0B       		.uleb128 0xb
 337 008a 39       		.uleb128 0x39
 338 008b 0B       		.uleb128 0xb
 339 008c 27       		.uleb128 0x27
 340 008d 19       		.uleb128 0x19
 341 008e 00       		.byte	0
 342 008f 00       		.byte	0
ARM GAS  /tmp/ccGllTKA.s 			page 7


 343 0090 0B       		.uleb128 0xb
 344 0091 2E       		.uleb128 0x2e
 345 0092 00       		.byte	0
 346 0093 03       		.uleb128 0x3
 347 0094 0E       		.uleb128 0xe
 348 0095 3A       		.uleb128 0x3a
 349 0096 0B       		.uleb128 0xb
 350 0097 3B       		.uleb128 0x3b
 351 0098 05       		.uleb128 0x5
 352 0099 39       		.uleb128 0x39
 353 009a 0B       		.uleb128 0xb
 354 009b 27       		.uleb128 0x27
 355 009c 19       		.uleb128 0x19
 356 009d 00       		.byte	0
 357 009e 00       		.byte	0
 358 009f 00       		.byte	0
 359              		.section	.gnu.debuglto_.debug_line,"e",%progbits
 360              	.Ldebug_line0:
 361 0000 49010000 		.4byte	.LELT0-.LSLT0
 362              	.LSLT0:
 363 0004 0400     		.2byte	0x4
 364 0006 43010000 		.4byte	.LELTP0-.LASLTP0
 365              	.LASLTP0:
 366 000a 01       		.byte	0x1
 367 000b 01       		.byte	0x1
 368 000c 01       		.byte	0x1
 369 000d F6       		.byte	0xf6
 370 000e F2       		.byte	0xf2
 371 000f 0D       		.byte	0xd
 372 0010 00       		.byte	0
 373 0011 01       		.byte	0x1
 374 0012 01       		.byte	0x1
 375 0013 01       		.byte	0x1
 376 0014 01       		.byte	0x1
 377 0015 00       		.byte	0
 378 0016 00       		.byte	0
 379 0017 00       		.byte	0
 380 0018 01       		.byte	0x1
 381 0019 00       		.byte	0
 382 001a 00       		.byte	0
 383 001b 01       		.byte	0x1
 384 001c 2E2E2F43 		.ascii	"../ChibiOS/os/hal/ports/STM32/LLD/GPIOv1"
 384      68696269 
 384      4F532F6F 
 384      732F6861 
 384      6C2F706F 
 385 0044 00       		.byte	0
 386 0045 2E2E2F43 		.ascii	"../ChibiOS/os/hal/src"
 386      68696269 
 386      4F532F6F 
 386      732F6861 
 386      6C2F7372 
 387 005a 00       		.byte	0
 388 005b 2E2E2F46 		.ascii	"../FreeRTOS/include"
 388      72656552 
 388      544F532F 
 388      696E636C 
ARM GAS  /tmp/ccGllTKA.s 			page 8


 388      756465
 389 006e 00       		.byte	0
 390 006f 2F686F6D 		.ascii	"/home/matt/gcc-arm-none-eabi-10-2020-q4-major/arm-n"
 390      652F6D61 
 390      74742F67 
 390      63632D61 
 390      726D2D6E 
 391 00a2 6F6E652D 		.ascii	"one-eabi/include/machine"
 391      65616269 
 391      2F696E63 
 391      6C756465 
 391      2F6D6163 
 392 00ba 00       		.byte	0
 393 00bb 2F686F6D 		.ascii	"/home/matt/gcc-arm-none-eabi-10-2020-q4-major/arm-n"
 393      652F6D61 
 393      74742F67 
 393      63632D61 
 393      726D2D6E 
 394 00ee 6F6E652D 		.ascii	"one-eabi/include/sys"
 394      65616269 
 394      2F696E63 
 394      6C756465 
 394      2F737973 
 395 0102 00       		.byte	0
 396 0103 00       		.byte	0
 397 0104 5F646566 		.ascii	"_default_types.h\000"
 397      61756C74 
 397      5F747970 
 397      65732E68 
 397      00
 398 0115 04       		.uleb128 0x4
 399 0116 00       		.uleb128 0
 400 0117 00       		.uleb128 0
 401 0118 5F737464 		.ascii	"_stdint.h\000"
 401      696E742E 
 401      6800
 402 0122 05       		.uleb128 0x5
 403 0123 00       		.uleb128 0
 404 0124 00       		.uleb128 0
 405 0125 68616C5F 		.ascii	"hal_pal_lld.h\000"
 405      70616C5F 
 405      6C6C642E 
 405      6800
 406 0133 01       		.uleb128 0x1
 407 0134 00       		.uleb128 0
 408 0135 00       		.uleb128 0
 409 0136 68616C2E 		.ascii	"hal.c\000"
 409      6300
 410 013c 02       		.uleb128 0x2
 411 013d 00       		.uleb128 0
 412 013e 00       		.uleb128 0
 413 013f 6F73616C 		.ascii	"osal_ch.h\000"
 413      5F63682E 
 413      6800
 414 0149 03       		.uleb128 0x3
 415 014a 00       		.uleb128 0
 416 014b 00       		.uleb128 0
ARM GAS  /tmp/ccGllTKA.s 			page 9


 417 014c 00       		.byte	0
 418              	.LELTP0:
 419              	.LELT0:
 420              		.section	.gnu.debuglto_.debug_str,"eMS",%progbits,1
 421              	.LASF18:
 422 0000 50444461 		.ascii	"PDData\000"
 422      746100
 423              	.LASF8:
 424 0007 756E7369 		.ascii	"unsigned int\000"
 424      676E6564 
 424      20696E74 
 424      00
 425              	.LASF23:
 426 0014 2F686F6D 		.ascii	"/home/matt/hardware/electrosense-converter-firmware"
 426      652F6D61 
 426      74742F68 
 426      61726477 
 426      6172652F 
 427 0047 56322F66 		.ascii	"V2/firmware\000"
 427      69726D77 
 427      61726500 
 428              	.LASF25:
 429 0053 68616C49 		.ascii	"halInit\000"
 429      6E697400 
 430              	.LASF7:
 431 005b 6C6F6E67 		.ascii	"long long unsigned int\000"
 431      206C6F6E 
 431      6720756E 
 431      7369676E 
 431      65642069 
 432              	.LASF19:
 433 0072 50454461 		.ascii	"PEData\000"
 433      746100
 434              	.LASF1:
 435 0079 756E7369 		.ascii	"unsigned char\000"
 435      676E6564 
 435      20636861 
 435      7200
 436              	.LASF14:
 437 0087 73746D33 		.ascii	"stm32_gpio_setup_t\000"
 437      325F6770 
 437      696F5F73 
 437      65747570 
 437      5F7400
 438              	.LASF15:
 439 009a 50414461 		.ascii	"PAData\000"
 439      746100
 440              	.LASF5:
 441 00a1 6C6F6E67 		.ascii	"long unsigned int\000"
 441      20756E73 
 441      69676E65 
 441      6420696E 
 441      7400
 442              	.LASF3:
 443 00b3 73686F72 		.ascii	"short unsigned int\000"
 443      7420756E 
 443      7369676E 
ARM GAS  /tmp/ccGllTKA.s 			page 10


 443      65642069 
 443      6E7400
 444              	.LASF21:
 445 00c6 474E5520 		.ascii	"GNU C17 10.2.1 20201103 (release) -mcpu=cortex-m3 -"
 445      43313720 
 445      31302E32 
 445      2E312032 
 445      30323031 
 446 00f9 6D6E6F2D 		.ascii	"mno-thumb-interwork -mthumb -mfloat-abi=soft -march"
 446      7468756D 
 446      622D696E 
 446      74657277 
 446      6F726B20 
 447 012c 3D61726D 		.ascii	"=armv7-m -ggdb -Os -fomit-frame-pointer -falign-fun"
 447      76372D6D 
 447      202D6767 
 447      6462202D 
 447      4F73202D 
 448 015f 6374696F 		.ascii	"ctions=16 -ffunction-sections -fdata-sections -fno-"
 448      6E733D31 
 448      36202D66 
 448      66756E63 
 448      74696F6E 
 449 0192 636F6D6D 		.ascii	"common -flto\000"
 449      6F6E202D 
 449      666C746F 
 449      00
 450              	.LASF20:
 451 019f 50414C43 		.ascii	"PALConfig\000"
 451      6F6E6669 
 451      6700
 452              	.LASF24:
 453 01a9 70616C5F 		.ascii	"pal_default_config\000"
 453      64656661 
 453      756C745F 
 453      636F6E66 
 453      696700
 454              	.LASF9:
 455 01bc 5F5F7569 		.ascii	"__uint32_t\000"
 455      6E743332 
 455      5F7400
 456              	.LASF22:
 457 01c7 2E2E2F43 		.ascii	"../ChibiOS/os/hal/src/hal.c\000"
 457      68696269 
 457      4F532F6F 
 457      732F6861 
 457      6C2F7372 
 458              	.LASF16:
 459 01e3 50424461 		.ascii	"PBData\000"
 459      746100
 460              	.LASF12:
 461 01ea 63686172 		.ascii	"char\000"
 461      00
 462              	.LASF26:
 463 01ef 6F73616C 		.ascii	"osalInit\000"
 463      496E6974 
 463      00
ARM GAS  /tmp/ccGllTKA.s 			page 11


 464              	.LASF6:
 465 01f8 6C6F6E67 		.ascii	"long long int\000"
 465      206C6F6E 
 465      6720696E 
 465      7400
 466              	.LASF2:
 467 0206 73686F72 		.ascii	"short int\000"
 467      7420696E 
 467      7400
 468              	.LASF17:
 469 0210 50434461 		.ascii	"PCData\000"
 469      746100
 470              	.LASF10:
 471 0217 75696E74 		.ascii	"uint32_t\000"
 471      33325F74 
 471      00
 472              	.LASF4:
 473 0220 6C6F6E67 		.ascii	"long int\000"
 473      20696E74 
 473      00
 474              	.LASF11:
 475 0229 6C6F6E67 		.ascii	"long double\000"
 475      20646F75 
 475      626C6500 
 476              	.LASF0:
 477 0235 7369676E 		.ascii	"signed char\000"
 477      65642063 
 477      68617200 
 478              	.LASF13:
 479 0241 5F426F6F 		.ascii	"_Bool\000"
 479      6C00
 480              		.text
 481              		.section	.gnu.lto_.profile.92d333d76ce22b1a,"e",%progbits
 482 0000 789C6362 		.ascii	"x\234cb\000\001\000\000\022\000\003"
 482      00010000 
 482      120003
 483              		.text
 484              		.section	.gnu.lto_.icf.92d333d76ce22b1a,"e",%progbits
 485 0000 789CE360 		.ascii	"x\234\343`@\000F\206\267\337\016,fe\000\000\020\013"
 485      40004686 
 485      B7DF0E2C 
 485      66650000 
 485      100B
 486 0012 0355     		.ascii	"\003U"
 487              		.text
 488              		.section	.gnu.lto_.ipa_sra.92d333d76ce22b1a,"e",%progbits
 489 0000 789C1367 		.ascii	"x\234\023g@\000F\020\302\204\000\003\315\000#"
 489      40004610 
 489      C2840003 
 489      CD0023
 490              		.text
 491              		.section	.gnu.lto_.inline.92d333d76ce22b1a,"e",%progbits
 492 0000 789C8B66 		.ascii	"x\234\213f@\000F\006\006\336\206\206\206/L\231\214\014"
 492      40004606 
 492      06DE8686 
 492      862F4C99 
 492      8C0C
ARM GAS  /tmp/ccGllTKA.s 			page 12


 493 0012 4C0C0C8D 		.ascii	"L\014\014\215@v\035\003\003\033\220j`Ja\002\01110r1"
 493      40761D03 
 493      031B906A 
 493      604A6102 
 493      09313072 
 494 0027 10493271 		.ascii	"\020I2q\203M\204p\030\000\203\305\010\241"
 494      834D8470 
 494      180083C5 
 494      08A1
 495              		.text
 496              		.section	.gnu.lto_.jmpfuncs.92d333d76ce22b1a,"e",%progbits
 497 0000 789C3361 		.ascii	"x\2343a@\000F\004\223\211y\0053P\340\000\013#\003\020"
 497      40004604 
 497      93897905 
 497      3350E000 
 497      0B230310 
 498 0014 FFF9FFFF 		.ascii	"\377\371\377\377??#\323$\346%\314\014\214\214\020\352"
 498      3F3F23D3 
 498      24E625CC 
 498      0C8C8C10 
 498      EA
 499 0025 3F488C81 		.ascii	"?H\214\201\001\000\374\321\015\002"
 499      0100FCD1 
 499      0D02
 500              		.text
 501              		.section	.gnu.lto_.pureconst.92d333d76ce22b1a,"e",%progbits
 502 0000 789C6361 		.ascii	"x\234ca```d\230\301\002\000\001`\000\242"
 502      60606064 
 502      98C10200 
 502      016000A2 
 503              		.text
 504              		.section	.gnu.lto_.lto.92d333d76ce22b1a,"e",%progbits
 505 0000 09000200 		.ascii	"\011\000\002\000\001\000\000\000"
 505      01000000 
 506              		.text
 507              		.section	.gnu.lto_halInit.88.92d333d76ce22b1a,"e",%progbits
 508 0000 789C5D91 		.ascii	"x\234]\221\317K\002A\024\307\337\333\247\253\026\375"
 508      CF4B0241 
 508      14C7DFDB 
 508      A7AB16FD 
 509 0010 07114174 		.ascii	"\007\021At\350\240\013\375\003\005A\207 \202\012\257"
 509      E8A00BFD 
 509      03054187 
 509      20820AAF 
 510 0020 B1AD132B 		.ascii	"\261\255\023+\370\003V\253S8\251t\220\3024\360\020\341"
 510      F80356AB 
 510      5338A974 
 510      90C234F0 
 510      10E1
 511 0032 69093DD5 		.ascii	"i\011=\325\245\310\350\340\245sd\3201B\350\322)\354"
 511      A5C8E8E0 
 511      A57364D0 
 511      3142E8D2 
 511      29EC
 512 0044 508451B3 		.ascii	"P\204Q\263\273\312\242\003\303{\337\367\371\316{\303"
 512      BBCAA203 
 512      C37BDFF7 
ARM GAS  /tmp/ccGllTKA.s 			page 13


 512      F9CE7BC3 
 513 0054 4C0301F6 		.ascii	"L\003\001\366\000`Jl$\300r\251 \001\347|\336'\341~\251"
 513      00604A6C 
 513      24C072A9 
 513      2001E77C 
 513      DE27E17E 
 514 0069 10C02BB4 		.ascii	"\020\300+\264\025BF\302\014\236\320\214\220\337\367"
 514      154246C2 
 514      0C9ED08C 
 514      90DFF7
 515 0078 6DFE80BC 		.ascii	"m\376\200\274\326D\223\000\252b\367\226\334W\242+\\"
 515      D6449300 
 515      AA62F796 
 515      DC57A22B 
 515      5C
 516 0089 B4BC4DDE 		.ascii	"\264\274M\336\375+r\376\326\306\372\364(@\221\254\326"
 516      FD2B72FE 
 516      D6C6FAF4 
 516      284091AC 
 516      D6
 517 009a DC83BC09 		.ascii	"\334\203\274\011pL\222#rB\274#o\177\215Y\341\363\367"
 517      704C9223 
 517      7242BC23 
 517      6F7F8D59 
 517      E1F3F7
 518 00ad E8AE5241 		.ascii	"\350\256RA\247\364\030\266B\247~\330]\026\027\201\017"
 518      A7F418B6 
 518      42A77ED8 
 518      5D161781 
 518      0F
 519 00be CC4D421E 		.ascii	"\314MB\036%\223\260J\302b\222d\333\312\262@\371\036"
 519      2593B04A 
 519      C2629264 
 519      DBCAB240 
 519      F91E
 520 00d0 A2AAA8C2 		.ascii	"\242\252\250\302\031a\231L\362\240\225\345Q\026i\215"
 520      1961994C 
 520      F2A095E5 
 520      5116698D 
 521 00e0 ECF2397A 		.ascii	"\354\3629zL\362b\003\361\006\305\211\003\316\375\226"
 521      4CF26203 
 521      F106C589 
 521      03CEFD96 
 522 00f0 EF16C504 		.ascii	"\357\026\305\004\223d\273\341\263<8\213\334Y\247\276"
 522      9364BBE1 
 522      B33C388B 
 522      DC59A7BE 
 523 0100 41E471D1 		.ascii	"A\344q\321\365\020\362\272\2505\204d\027\275\014!\237"
 523      F510F2BA 
 523      A8358464 
 523      17BD0C21 
 523      9F
 524 0111 8B7E8690 		.ascii	"\213~\206\220\337E\227#\203(\340\240\016f_\237\226\354"
 524      DF459723 
 524      8328E0A0 
 524      0E665F9F 
 524      96EC
ARM GAS  /tmp/ccGllTKA.s 			page 14


 525 0123 BF28123A 		.ascii	"\277(\022:\357\233mZrN\321\223q\246\304\325tZ\321U#"
 525      EF9B6D5A 
 525      724ED193 
 525      71A6C4D5 
 525      745AD155 
 526 0138 B2AB1A4C 		.ascii	"\262\253\032La1\246\245\215d\212%R,\250%\023;\314H3"
 526      6131A6A5 
 526      8D648A25 
 526      522CA825 
 526      133BCC48 
 527 014d 23B81535 		.ascii	"#\270\0255\342\026\017\317*\375\024\306C!eA\217nFW\326"
 527      E2160FCF 
 527      2AFD14C6 
 527      43216541 
 527      8F6E4657 
 528 0162 94644AB4 		.ascii	"\224dJ\264\210))C\263bH\203\011\001\027\015\306V\327"
 528      88292943 
 528      B3624883 
 528      0901170D 
 528      C656D7
 529 0175 058D26B4 		.ascii	"\005\215&\264\330v\204\011\227\032\333\320\364\220\016"
 529      D8768409 
 529      971ADBD0 
 529      F4900E
 530 0184 FF68EFB2 		.ascii	"\377h\357\262\376"
 530      FE
 531              		.text
 532              		.section	.gnu.lto_.symbol_nodes.92d333d76ce22b1a,"e",%progbits
 533 0000 789C7590 		.ascii	"x\234u\220\271\021\302@\014\000W\226\355\263M\021\320"
 533      B911C240 
 533      0C005796 
 533      EDB34D11 
 533      D0
 534 0011 A94C424C 		.ascii	"\251LBL\021TA\021\304\374\337\320\007\310X\251\224\334"
 534      11544111 
 534      C4FCDFD0 
 534      07C858A9 
 534      94DC
 535 0023 CEAE2ED1 		.ascii	"\316\256.\321F\200\352\2101\372\324\262=\340\314~\\"
 535      4680EA88 
 535      31FAD4B2 
 535      3DE0CC7E 
 535      5C
 536 0034 0B5382E6 		.ascii	"\013S\202\346\002+\177\345\215\3117f\371_d\3724m\311"
 536      022B7FE5 
 536      8DC93766 
 536      F95F64FA 
 536      346DC9
 537 0047 0BABB2F6 		.ascii	"\013\253\262\366\3044k\017\254\316\332\035k\262v\303"
 537      C4346B0F 
 537      ACCEDA1D 
 537      6BB276C3 
 538 0057 DAAC5DB1 		.ascii	"\332\254]\261\222\2653\326e\355\204\365IS\206\371<;"
 538      92B533D6 
 538      65ED84F5 
 538      495386F9 
 538      3C3B
ARM GAS  /tmp/ccGllTKA.s 			page 15


 539 0069 51FA193F 		.ascii	"Q\372\031?\216]\330V)a\035\333\260Ei\302:\326a\007E"
 539      8E5DD856 
 539      29611DDB 
 539      B04569C2 
 539      3AD66107 
 540 007e C33A5661 		.ascii	"\303:Va\027\374\000U?\221%"
 540      17FC0055 
 540      3F9125
 541              		.text
 542              		.section	.gnu.lto_.refs.92d333d76ce22b1a,"e",%progbits
 543 0000 789C6367 		.ascii	"x\234cg```d`bdg`\000\000\000\202\000\023"
 543      60606064 
 543      60626467 
 543      60000000 
 543      820013
 544              		.text
 545              		.section	.gnu.lto_.decls.92d333d76ce22b1a,"e",%progbits
 546 0000 789C8D95 		.ascii	"x\234\215\225\177L\024G\024\307\347\355\036w{\353!D"
 546      7F4C1447 
 546      14C7E7ED 
 546      1E777BEB 
 546      2144
 547 0012 B1366963 		.ascii	"\2616ic\210\241\221\244\201\223#\221\376aR\004\304\030"
 547      88A191A4 
 547      81932391 
 547      FE615204 
 547      C418
 548 0024 A990AAFD 		.ascii	"\251\220\252\375\243\377\\\360\366\360.\001\216\334"
 548      A3FF5CF0 
 548      F6F02E01 
 548      8EDC
 549 0032 1DEA9F6B 		.ascii	"\035\352\237k\024\265r\022l\253%\202JE[mMs\246\225\372"
 549      14B57212 
 549      6CAB2582 
 549      4A455B6D 
 549      4D73A695 
 550 0047 AB16C11F 		.ascii	"\253\026\301\037\370\253\376F@T\004\205S@i\005D$\332"
 550      F8ABFE46 
 550      40540485 
 550      53406905 
 550      4424DA
 551 005a 37B37BB7 		.ascii	"7\263{\267\207\250a\303\333\231\235\371\274\357{ofn"
 551      87A861C3 
 551      DB999DF9 
 551      BCEF7B6F 
 551      666E
 552 006c 98221032 		.ascii	"\230\"\0202\310\021r\234\020\362\032\037\354\222\253"
 552      C811729C 
 552      10F21A1F 
 552      EC92AB
 553 007b 6880D64A 		.ascii	"h\200\326J\224GD\273\217\326\211\366\020\255\033\355"
 553      944744BB 
 553      8FD689F6 
 553      10AD1BED 
 554 008b 115A0F5A 		.ascii	"\021Z\017Z\037\332S\264!\264a\325o\204\214}\032p\320"
 554      1FDA53B4 
 554      21B461D5 
ARM GAS  /tmp/ccGllTKA.s 			page 16


 554      6F848C7D 
 554      1A70D0
 555 009e 80AD03ED 		.ascii	"\200\255\003\355%Z;\332\250\252\337\2026\370F\234aU"
 555      255A3BDA 
 555      A8AADF82 
 555      36F8469C 
 555      6155
 556 00b0 EFA9AADF 		.ascii	"\357\251\252\337\243\306\353V\343w\276#\316\267<L\001"
 556      A3C6EB56 
 556      E377BE23 
 556      CEB73C4C 
 556      01
 557 00c1 1DBE6320 		.ascii	"\035\276c \226\365g\263\267\211\215\264+\323\261<\247"
 557      96F567B3 
 557      B7898DB4 
 557      2BD3B13C 
 557      A7
 558 00d2 7404DE48 		.ascii	"t\004\336H;\263\200V\035\305z\204\217$f\231=\273? \360"
 558      3BB38056 
 558      1DC57A84 
 558      8F246699 
 558      3DBB3F20 
 559 00e7 373055CB 		.ascii	"70U\313$>\215T\362\\\357\351G\027#\305:Y\356\227\353"
 559      243E8D54 
 559      F25CEFE9 
 559      471723C5 
 559      3A59EE97 
 560 00fc D619091C 		.ascii	"\326\031\011\034\002\370\003\010\234\004\364\254\003"
 560      02F80308 
 560      9C04F4AC 
 560      03
 561 0109 3801F017 		.ascii	"8\001\360\027\360\213\010\237\215\260\360s\271\257E"
 561      F08B089F 
 561      8DB0F073 
 561      B9AF45
 562 0118 1F37352E 		.ascii	"\03775.\016\371\341[gn\326\247l)\331 \227\257\341\241"
 562      0EF9E15B 
 562      676ED6A7 
 562      6C29D920 
 562      97AFE1A1 
 563 012c 1EE014C0 		.ascii	"\036\340\024\300\031P\375\011\034\243\257$\202A\327"
 563      1950FD09 
 563      1CA3AF24 
 563      8241D7
 564 013b C9729D8E 		.ascii	"\311r\235\216\300a\200?\351\0302\250{\026\240\021\340"
 564      C061803F 
 564      E91832A8 
 564      7B16A011 
 564      E0
 565 014c 34CD05B5 		.ascii	"4\315\005\265\374\255k7\310\321\353LT\246a\214\214\231"
 565      FCAD6B37 
 565      C8D1EB4C 
 565      54A6618C 
 565      8C99
 566 015e A950A44D 		.ascii	"\251P\244MC\216\217C\016a\225\027\200\326sV\336\336"
 566      438E8F43 
 566      0E619517 
ARM GAS  /tmp/ccGllTKA.s 			page 17


 566      80D67356 
 566      DEDE
 567 0170 0253DF0C 		.ascii	"\002S\337\014\013\347`|`\266`\037\362w\321\367!Z/(#"
 567      0BE7607C 
 567      60B6601F 
 567      F277D1F7 
 567      215A2F28 
 568 0185 739585E5 		.ascii	"s\225\205\345\371gT\320tloO\207@k\216\213C\325\376\321"
 568      F96754D0 
 568      746C6F4F 
 568      87406B8E 
 568      8B43D5FE 
 569 019a 9AC5B4DE 		.ascii	"\232\305\264\336\363\000\227\000\256C\250,V/\246\241"
 569      F3009700 
 569      AE43A82C 
 569      562FA6A1 
 570 01aa 45BE0270 		.ascii	"E\276\002p\231\016^gqo\000\\\003\270\005\320\004p\223"
 570      990E5E67 
 570      716F005C 
 570      03B805D0 
 570      047093
 571 01bd 4647D03F 		.ascii	"FG\320?R#\263\232P\355\2371j\346\340\342\371K\367\206"
 571      5223B39A 
 571      50ED9F31 
 571      6AE6E0E2 
 571      F94BF786 
 572 01d1 90AB6390 		.ascii	"\220\253c\220\332\320\002\3737j\314\3211\314\021-)\377"
 572      DAD002FB 
 572      376ACCD1 
 572      31CC112D 
 572      29FF
 573 01e3 2B2DD6C5 		.ascii	"+-\326\3051\320\005E\210\037a\353w\260\246\257{\022"
 573      31D00545 
 573      881F61EB 
 573      77B0A6AF 
 573      7B12
 574 01f5 5BBFBAB0 		.ascii	"[\277\272\260*\240\031\336U\007\372\264\267n.1\232\330"
 574      2AA019DE 
 574      5507FAB4 
 574      B76E2E31 
 574      9AD8
 575 0207 19AAAED7 		.ascii	"\031\252\256\327A\213\2667\255\300\200\226\213\277\354"
 575      418BB637 
 575      ADC08096 
 575      8BBFEC
 576 0216 8AC035E6 		.ascii	"\212\3005\346\360S'\001@\363\034|\211\344k\236\304\310"
 576      F0532701 
 576      40F31C7C 
 576      89E46B9E 
 576      C4C8
 577 0228 9CCCE925 		.ascii	"\234\314\351%\236\023y\221\227\304F\230\021?\300\247"
 577      9E137991 
 577      97C44698 
 577      113FC0A7 
 578 0238 0A5C7C94 		.ascii	"\012\\|\224(\354k\200h1B\340\270\200A\022\343G\340\000"
 578      28EC6B80 
 578      683142E0 
ARM GAS  /tmp/ccGllTKA.s 			page 18


 578      B8804112 
 578      E347E000 
 579 024c 57AD8F4D 		.ascii	"W\255\217M\225u\222oZ\300 s\345\213c\222S\361\03504"
 579      9575926F 
 579      5AC02073 
 579      E58B6392 
 579      53F11D30 
 580 0261 82845E39 		.ascii	"\202\204^9:!\032{\001\2038\300Wo\326K\227\270\215\263"
 580      3A211A7B 
 580      018338C0 
 580      576FD64B 
 580      97B88DB3 
 581 0275 70B345C9 		.ascii	"p\263E\311\022\203\365\244\012\302\214\250z\276\236"
 581      1283F5A4 
 581      0AC28CA8 
 581      7ABE9E
 582 0284 CF244410 		.ascii	"\317$D\020\374\277M\023\003\206(\224\210\227b\243\245"
 582      FCBF4D13 
 582      03862894 
 582      889762A3 
 582      A5
 583 0295 D8A84688 		.ascii	"\330\250F\210\220$1&\236`\022\222\305\222\312\211\250"
 583      90243126 
 583      9E601292 
 583      C592CA89 
 583      A8
 584 02a6 AC131AC1 		.ascii	"\254\023\032\301\302\203\311\"\337\357\231.\202h\234"
 584      C283C922 
 584      DFEF992E 
 584      82689C
 585 02b5 111B4F88 		.ascii	"\021\033O\210D29\324\345_\007\0370`LI\373\004\210\027"
 585      443239D4 
 585      E55F071F 
 585      30604C49 
 585      FB048817 
 586 02c9 390BC72F 		.ascii	"9\013\307/\012\340\375\300q\261\270\331:\301d\002\031"
 586      0AE0FDC0 
 586      71B1B8D9 
 586      3AC16402 
 586      19
 587 02da 1BA37591 		.ascii	"\033\243u\221\224c\021I\300\300\341T\214\016d\0164O"
 587      94631149 
 587      C0C0E154 
 587      8C0E640E 
 587      344F
 588 02ec 518F5780 		.ascii	"Q\217W\200\317\250\374\360\351\002\022\240\177\312\213"
 588      CFA8FCF0 
 588      E90212A0 
 588      7FCA8B
 589 02fb D00F121E 		.ascii	"\320\017\022\036\206\215S\022\027\026\224\333#8\032"
 589      868D5312 
 589      171694DB 
 589      23381A
 590 030a 6AD4BE02 		.ascii	"j\324\276\002(:\234z\263\000\004\203\020u6L\\\313A\315"
 590      283A9C7A 
 590      B3000483 
 590      1075364C 
ARM GAS  /tmp/ccGllTKA.s 			page 19


 590      5CCB41CD 
 591 031e 23A8138C 		.ascii	"#\250\023\214\023\226\243\226+n\261\022\204\013\367"
 591      1396A396 
 591      2B6EB112 
 591      840BF7
 592 032d 617E6312 		.ascii	"a~c\022\327$IH6\230\022Q>\360\334\274\360\015\234\233"
 592      D7244948 
 592      36981251 
 592      3EF0DCBC 
 592      F00D9C9B 
 593 0341 DC85EB26 		.ascii	"\334\205\353&\267\357\331o\204i\345\251\004\370*\365"
 593      B7EFD96F 
 593      8469E5A9 
 593      04F82AF5 
 594 0351 AAE3D8EF 		.ascii	"\252\343\330\3574\032\261\015\307\312.\210\323\221\352"
 594      341AB10D 
 594      C7CA2E88 
 594      D391EA
 595 0360 95E51870 		.ascii	"\225\345\030p\300=\200\2734B;\212\273\224\023\372}\343"
 595      C03D80BB 
 595      34423B8A 
 595      BB9413FA 
 595      7DE3
 596 0372 01DDCC8A 		.ascii	"\001\335\314\212\012y\270\342\273a\237A\336G\017\004"
 596      0A79B8E2 
 596      BB619F41 
 596      DE470F04 
 597 0382 CEC31D7A 		.ascii	"\316\303\035z\250Y\340;\010\267\001\334\006K-\307\237"
 597      A859E03B 
 597      08B701DC 
 597      064B2DC7 
 597      9F
 598 0393 E4A857D9 		.ascii	"\344\250W\331\350\275\2713+\360\252\253\335VU\242\257"
 598      E8BDB933 
 598      2BF0AAAB 
 598      DD5655A2 
 598      AF
 599 03a4 92EB39EA 		.ascii	"\222\3539\352\322\021r\351`\015\377\212\301\337\324"
 599      D21172E9 
 599      600DFF8A 
 599      C1DFD4
 600 03b3 57FE1449 		.ascii	"W\376\024I\351\303U\333w\2545T\307S\366A\210}\240\260"
 600      E9C355DB 
 600      77AC3554 
 600      C753F641 
 600      887DA0B0 
 601 03c7 BFF2941D 		.ascii	"\277\362\224\035\032-\353\002\3066U\366\225\250lW\210"
 601      1A2DEB02 
 601      C63655F6 
 601      95A86C57 
 601      88
 602 03d8 ED52D87B 		.ascii	"\355R\330{\214=\361x\367\015\003cw\356:\232\034L\"\020"
 602      8C3DF178 
 602      F70D0363 
 602      77EE3A9A 
 602      1C4C2210 
 603 03ec 82030AEC 		.ascii	"\202\003\012\354\323Q\270\251\264\257\207cpsG\373\026"
ARM GAS  /tmp/ccGllTKA.s 			page 20


 603      D351B8A9 
 603      B4AF8763 
 603      707347FB 
 603      16
 604 03fd 08D28F43 		.ascii	"\010\322\217C\364c\205>\302\350\343\217\236\375\250"
 604      F463853E 
 604      C2E8E38F 
 604      9EFDA8
 605 040c A45CDE55 		.ascii	"\244\\\336U\2765D\367\206\350^\205\0160zw\247\357\234"
 605      BE3544F7 
 605      86E85E85 
 605      0E307A77 
 605      A7EF9C
 606 041f 92F4956E 		.ascii	"\222\364\225n\377\222 \374$\004?Q\340\255\021\024\276"
 606      FF9220FC 
 606      24043F51 
 606      E0AD1114 
 606      BE
 607 0430 5D72B08C 		.ascii	"]r\260\214]\303\370\324\251G\345_\025\305\351\247\015"
 607      5DC3F8D4 
 607      A947E55F 
 607      15C5E9A7 
 607      0D
 608 0441 0343EC96 		.ascii	"\003C\354\226\221\353\324iz\303\204\001w\233GOM\322"
 608      91EBD469 
 608      7AC38401 
 608      779B474F 
 608      4DD2
 609 0453 AE94FFB4 		.ascii	"\256\224\377\264+\345\231r\245\354\331V[\025\251#l\000"
 609      2BE59972 
 609      A5ECD956 
 609      5B15A923 
 609      6C00
 610 0465 5C38D0B8 		.ascii	"\\8\320\270e\375\316\250\267\034\202A\334\327\001\305"
 610      65FDCEA8 
 610      B71C8241 
 610      DCD701C5 
 611 0475 677DE5DA 		.ascii	"g}\345\332Neu\2326\265\225\322e\037\004\350\017\025"
 611      4E65759A 
 611      36B595D2 
 611      651F04E8 
 611      0F15
 612 0487 D0AF1450 		.ascii	"\320\257\024P\303\012\370!\340\2736Y\251\266\247\277"
 612      C30AF821 
 612      E0BB3659 
 612      A9B6A7BF 
 613 0497 3858EDF3 		.ascii	"8X\355\363\020\374\\\201;\031\374\373\241\222\035\246"
 613      10FC5C81 
 613      3B19FCFB 
 613      A1921DA6 
 614 04a7 4FAAF0A4 		.ascii	"O\252\360\2444m\272\\:y\215\254\334\202/\330\215\031"
 614      346DBA5C 
 614      3A798DAC 
 614      DC822FD8 
 614      8D19
 615 04b9 FC3FF002 		.ascii	"\374?\360\002\210e?\207\364\3716\377KA\253\255]\253"
 615      88653F87 
ARM GAS  /tmp/ccGllTKA.s 			page 21


 615      F4F936FF 
 615      4B41ABAD 
 615      5DAB
 616 04cb ED259347 		.ascii	"\355%\223G\344V\377\220\237\323\220A\015\031\245q\365"
 616      E456FF90 
 616      9FD39041 
 616      0D19A571 
 616      F5
 617 04dc 391919B9 		.ascii	"9\031\031\271\336\\\336\346\316\377(1\321\234\356p."
 617      DE5CDEE6 
 617      CEFF2831 
 617      D19CEE70 
 617      2E
 618 04ed 77662F31 		.ascii	"wf/1\273<fGn\276\331\343\266\3216\321&,X\274,6=)\205"
 618      BB3C6647 
 618      6EBED9E3 
 618      B6D136D1 
 618      262C58BC 
 619 0506 44B1CF44 		.ascii	"D\261\317D\233\345\263\244\244\274\2449D(v\026z\223"
 619      9BE5B3A4 
 619      A4BCA439 
 619      44287616 
 619      7A93
 620 0518 2D562FEF 		.ascii	"-V/\357\222\334\250\342\370\334\354p\025\330\315\005"
 620      92DCA8E2 
 620      F8DCEC70 
 620      15D8CD05 
 621 0528 B95E2FBA 		.ascii	"\271^/\272\272\245U\271n\273\331\236o\267y\335.\217"
 621      BAA555B9 
 621      6EBBD99E 
 621      6FB779DD 
 621      2E8F
 622 053a BDD0634F 		.ascii	"\275\320cO\260\271\012W\332\335^\273;!\317\351.\240"
 622      B0B90A57 
 622      DADD5EBB 
 622      3B21CFE9 
 622      2EA0
 623 054c F35F59CC 		.ascii	"\363_Y\314\301.I\031\237E\221\313\355\365\230\227,\375"
 623      C12E4919 
 623      9F4591CB 
 623      EDF59897 
 623      2CFD
 624 055e 22D962CE 		.ascii	"\"\331b\316\312\3120/\310Y\230\2752\211NY\213\320\362"
 624      CACA302F 
 624      C85998BD 
 624      32894E59 
 624      8BD0F2
 625 0571 F3A54407 		.ascii	"\363\245D\007\231\342\361\026`\036+\212\234.\253\307"
 625      99E2F116 
 625      601E2B8A 
 625      9C2EABC7 
 626 0581 EE2D2EB2 		.ascii	"\356-.\262z\3659\351\2646}N\232\322\314S\232\371\264"
 626      7AF539E9 
 626      B4367D4E 
 626      9AD2CC53 
 626      9AF9B4
 627 0594 31E6CCCB 		.ascii	"1\346\314\313Jw\025\3469W\360\264\212\\w\301\312\224"
ARM GAS  /tmp/ccGllTKA.s 			page 22


 627      4A7715E6 
 627      3957F0B4 
 627      8A5C77C1 
 627      CA94
 628 05a6 840222DA 		.ascii	"\204\002\"\3320\226}uBA21\240\376\302B\247\367\343\367"
 628      30967D75 
 628      42413231 
 628      A0FEC242 
 628      A7F7E3F7 
 629 05ba 2C0B312E 		.ascii	",\0131.wa\215\024\263\214\307\330\234\307\2346\377\313"
 629      77618D14 
 629      B38CC7D8 
 629      9CC79C36 
 629      FFCB
 630 05cc A5D95919 		.ascii	"\245\331Y\031\326\314\244\331\311\326eK\322\224qL\331"
 630      D6CCA4D9 
 630      C9D6654B 
 630      D294714C 
 630      D9
 631 05dd B04A5A41 		.ascii	"\260JZA]\343\306\273:\013m\371\305\222\235\325\210\024"
 631      5DE3C6BB 
 631      3A0B6DF9 
 631      C5929DD5 
 631      8814
 632 05ef 853D5231 		.ascii	"\205=R1\205?}?\354\261\273\235\330\024{\226S\037l&\020"
 632      853F7D3F 
 632      ECB1BB9D 
 632      D8147B96 
 632      531F6C26 
 633 0604 40853D45 		.ascii	"@\205=E\316\011\300H!\254\367\260\242gM$\031\252\355"
 633      CE09C048 
 633      21ACF7B0 
 633      A2674D24 
 633      19AAED
 634 0617 B4D826A0 		.ascii	"\264\330&\240\215\024\302\221\301]\265:\321\305\344"
 634      8D14C291 
 634      C15DB53A 
 634      D1C5E4
 635 0626 08FB78CB 		.ascii	"\010\373x\313\"\207\037\016\366\316LZ\275\332\354\320"
 635      22871F0E 
 635      F6CE4C5A 
 635      BDDAECD0 
 636 0636 CE051593 		.ascii	"\316\005\025\223\354y\271\305\371^\253\215\355\370\377"
 636      EC79B9C5 
 636      F95EAB8D 
 636      EDF8FF
 637 0645 289A560C 		.ascii	"(\232V\014"
 638              		.text
 639              		.section	.gnu.lto_.symtab.92d333d76ce22b1a,"e",%progbits
 640 0000 68616C49 		.ascii	"halInit\000"
 640      6E697400 
 641 0008 00       		.ascii	"\000"
 642 0009 00       		.ascii	"\000"
 643 000a 00       		.ascii	"\000"
 644 000b 00000000 		.ascii	"\000\000\000\000\000\000\000\000"
 644      00000000 
 645 0013 E1000000 		.ascii	"\341\000\000\000"
ARM GAS  /tmp/ccGllTKA.s 			page 23


 646 0017 70616C5F 		.ascii	"pal_default_config\000"
 646      64656661 
 646      756C745F 
 646      636F6E66 
 646      696700
 647 002a 00       		.ascii	"\000"
 648 002b 02       		.ascii	"\002"
 649 002c 00       		.ascii	"\000"
 650 002d 00000000 		.ascii	"\000\000\000\000\000\000\000\000"
 650      00000000 
 651 0035 FA000000 		.ascii	"\372\000\000\000"
 652 0039 626F6172 		.ascii	"boardInit\000"
 652      64496E69 
 652      7400
 653 0043 00       		.ascii	"\000"
 654 0044 02       		.ascii	"\002"
 655 0045 00       		.ascii	"\000"
 656 0046 00000000 		.ascii	"\000\000\000\000\000\000\000\000"
 656      00000000 
 657 004e E3000000 		.ascii	"\343\000\000\000"
 658 0052 77646749 		.ascii	"wdgInit\000"
 658      6E697400 
 659 005a 00       		.ascii	"\000"
 660 005b 02       		.ascii	"\002"
 661 005c 00       		.ascii	"\000"
 662 005d 00000000 		.ascii	"\000\000\000\000\000\000\000\000"
 662      00000000 
 663 0065 E5000000 		.ascii	"\345\000\000\000"
 664 0069 73647549 		.ascii	"sduInit\000"
 664      6E697400 
 665 0071 00       		.ascii	"\000"
 666 0072 02       		.ascii	"\002"
 667 0073 00       		.ascii	"\000"
 668 0074 00000000 		.ascii	"\000\000\000\000\000\000\000\000"
 668      00000000 
 669 007c E7000000 		.ascii	"\347\000\000\000"
 670 0080 75736249 		.ascii	"usbInit\000"
 670      6E697400 
 671 0088 00       		.ascii	"\000"
 672 0089 02       		.ascii	"\002"
 673 008a 00       		.ascii	"\000"
 674 008b 00000000 		.ascii	"\000\000\000\000\000\000\000\000"
 674      00000000 
 675 0093 E9000000 		.ascii	"\351\000\000\000"
 676 0097 73706949 		.ascii	"spiInit\000"
 676      6E697400 
 677 009f 00       		.ascii	"\000"
 678 00a0 02       		.ascii	"\002"
 679 00a1 00       		.ascii	"\000"
 680 00a2 00000000 		.ascii	"\000\000\000\000\000\000\000\000"
 680      00000000 
 681 00aa EB000000 		.ascii	"\353\000\000\000"
 682 00ae 7364496E 		.ascii	"sdInit\000"
 682      697400
 683 00b5 00       		.ascii	"\000"
 684 00b6 02       		.ascii	"\002"
 685 00b7 00       		.ascii	"\000"
ARM GAS  /tmp/ccGllTKA.s 			page 24


 686 00b8 00000000 		.ascii	"\000\000\000\000\000\000\000\000"
 686      00000000 
 687 00c0 ED000000 		.ascii	"\355\000\000\000"
 688 00c4 69326349 		.ascii	"i2cInit\000"
 688      6E697400 
 689 00cc 00       		.ascii	"\000"
 690 00cd 02       		.ascii	"\002"
 691 00ce 00       		.ascii	"\000"
 692 00cf 00000000 		.ascii	"\000\000\000\000\000\000\000\000"
 692      00000000 
 693 00d7 EF000000 		.ascii	"\357\000\000\000"
 694 00db 5F70616C 		.ascii	"_pal_lld_init\000"
 694      5F6C6C64 
 694      5F696E69 
 694      7400
 695 00e9 00       		.ascii	"\000"
 696 00ea 02       		.ascii	"\002"
 697 00eb 00       		.ascii	"\000"
 698 00ec 00000000 		.ascii	"\000\000\000\000\000\000\000\000"
 698      00000000 
 699 00f4 F6000000 		.ascii	"\366\000\000\000"
 700 00f8 68616C5F 		.ascii	"hal_lld_init\000"
 700      6C6C645F 
 700      696E6974 
 700      00
 701 0105 00       		.ascii	"\000"
 702 0106 02       		.ascii	"\002"
 703 0107 00       		.ascii	"\000"
 704 0108 00000000 		.ascii	"\000\000\000\000\000\000\000\000"
 704      00000000 
 705 0110 F8000000 		.ascii	"\370\000\000\000"
 706              		.text
 707              		.section	.gnu.lto_.ext_symtab.92d333d76ce22b1a,"e",%progbits
 708 0000 01       		.ascii	"\001"
 709 0001 01       		.ascii	"\001"
 710 0002 00       		.ascii	"\000"
 711 0003 02       		.ascii	"\002"
 712 0004 00       		.ascii	"\000"
 713 0005 01       		.ascii	"\001"
 714 0006 00       		.ascii	"\000"
 715 0007 01       		.ascii	"\001"
 716 0008 00       		.ascii	"\000"
 717 0009 01       		.ascii	"\001"
 718 000a 00       		.ascii	"\000"
 719 000b 01       		.ascii	"\001"
 720 000c 00       		.ascii	"\000"
 721 000d 01       		.ascii	"\001"
 722 000e 00       		.ascii	"\000"
 723 000f 01       		.ascii	"\001"
 724 0010 00       		.ascii	"\000"
 725 0011 01       		.ascii	"\001"
 726 0012 00       		.ascii	"\000"
 727 0013 01       		.ascii	"\001"
 728 0014 00       		.ascii	"\000"
 729 0015 01       		.ascii	"\001"
 730 0016 00       		.ascii	"\000"
 731              		.text
ARM GAS  /tmp/ccGllTKA.s 			page 25


 732              		.section	.gnu.lto_.opts,"e",%progbits
 733 0000 272D666E 		.ascii	"'-fno-openmp' '-fno-openacc' '-fno-pie' '-fcf-prote"
 733      6F2D6F70 
 733      656E6D70 
 733      2720272D 
 733      666E6F2D 
 734 0033 6374696F 		.ascii	"ction=none' '-g' '-mcpu=cortex-m3' '-mno-thumb-inte"
 734      6E3D6E6F 
 734      6E652720 
 734      272D6727 
 734      20272D6D 
 735 0066 72776F72 		.ascii	"rwork' '-mthumb' '-mfloat-abi=soft' '-march=armv7-m"
 735      6B272027 
 735      2D6D7468 
 735      756D6227 
 735      20272D6D 
 736 0099 2720272D 		.ascii	"' '-Os' '-fomit-frame-pointer' '-falign-functions=1"
 736      4F732720 
 736      272D666F 
 736      6D69742D 
 736      6672616D 
 737 00cc 36272027 		.ascii	"6' '-ffunction-sections' '-fdata-sections' '-fno-co"
 737      2D666675 
 737      6E637469 
 737      6F6E2D73 
 737      65637469 
 738 00ff 6D6D6F6E 		.ascii	"mmon' '-flto' '-Xassembler' '-alms=build/lst/hal.ls"
 738      2720272D 
 738      666C746F 
 738      2720272D 
 738      58617373 
 739 0132 742700   		.ascii	"t'\000"
 740              		.text
 741              		.comm	__gnu_lto_slim,1,1
 742              		.ident	"GCC: (GNU Arm Embedded Toolchain 10-2020-q4-major) 10.2.1 20201103 (release)"
ARM GAS  /tmp/ccGllTKA.s 			page 26


DEFINED SYMBOLS
                            *ABS*:0000000000000000 hal.c
     /tmp/ccGllTKA.s:21     .gnu.debuglto_.debug_info:0000000000000000 hal.c.c2811f16
                            *COM*:0000000000000001 __gnu_lto_slim

NO UNDEFINED SYMBOLS
