ARM GAS  /tmp/cclIfzlH.s 			page 1


   1              		.cpu cortex-m3
   2              		.eabi_attribute 20, 1
   3              		.eabi_attribute 21, 1
   4              		.eabi_attribute 23, 3
   5              		.eabi_attribute 24, 1
   6              		.eabi_attribute 25, 1
   7              		.eabi_attribute 26, 1
   8              		.eabi_attribute 30, 4
   9              		.eabi_attribute 34, 1
  10              		.eabi_attribute 18, 4
  11              		.file	"hal_wdg_lld.c"
  12              		.file 1 "/home/matt/gcc-arm-none-eabi-10-2020-q4-major/arm-none-eabi/include/machine/_default_type
  13              		.file 2 "/home/matt/gcc-arm-none-eabi-10-2020-q4-major/arm-none-eabi/include/sys/_stdint.h"
  14              		.file 3 "../ChibiOS/os/common/ext/CMSIS/ST/STM32F1xx/stm32f103xb.h"
  15              		.file 4 "/home/matt/gcc-arm-none-eabi-10-2020-q4-major/lib/gcc/arm-none-eabi/10.2.1/include/stddef
  16              		.file 5 "../ChibiOS/os/hal/include/hal_wdg.h"
  17              		.file 6 "../ChibiOS/os/hal/ports/STM32/LLD/xWDGv1/hal_wdg_lld.h"
  18              		.file 7 "../ChibiOS/os/hal/ports/STM32/LLD/xWDGv1/hal_wdg_lld.c"
  19              		.section	.gnu.debuglto_.debug_info,"e",%progbits
  20              	.Ldebug_info0:
  21              		.hidden	hal_wdg_lld.c.f6b984fe
  22              		.weak	hal_wdg_lld.c.f6b984fe
  23              	hal_wdg_lld.c.f6b984fe:
  24 0000 06020000 		.4byte	0x206
  25 0004 0400     		.2byte	0x4
  26 0006 00000000 		.4byte	.Ldebug_abbrev0
  27 000a 04       		.byte	0x4
  28 000b 01       		.uleb128 0x1
  29 000c 15000000 		.4byte	.LASF28
  30 0010 0C       		.byte	0xc
  31 0011 19020000 		.4byte	.LASF29
  32 0015 19010000 		.4byte	.LASF30
  33 0019 00000000 		.4byte	.Ldebug_line0
  34 001d 02       		.uleb128 0x2
  35 001e 01       		.byte	0x1
  36 001f 06       		.byte	0x6
  37 0020 82020000 		.4byte	.LASF0
  38 0024 02       		.uleb128 0x2
  39 0025 01       		.byte	0x1
  40 0026 08       		.byte	0x8
  41 0027 95010000 		.4byte	.LASF1
  42 002b 02       		.uleb128 0x2
  43 002c 02       		.byte	0x2
  44 002d 05       		.byte	0x5
  45 002e 50020000 		.4byte	.LASF2
  46 0032 02       		.uleb128 0x2
  47 0033 02       		.byte	0x2
  48 0034 07       		.byte	0x7
  49 0035 C0010000 		.4byte	.LASF3
  50 0039 02       		.uleb128 0x2
  51 003a 04       		.byte	0x4
  52 003b 05       		.byte	0x5
  53 003c 6D020000 		.4byte	.LASF4
  54 0040 03       		.uleb128 0x3
  55 0041 D3010000 		.4byte	.LASF9
  56 0045 01       		.byte	0x1
  57 0046 4F       		.byte	0x4f
ARM GAS  /tmp/cclIfzlH.s 			page 2


  58 0047 19       		.byte	0x19
  59 0048 4C000000 		.4byte	0x4c
  60 004c 02       		.uleb128 0x2
  61 004d 04       		.byte	0x4
  62 004e 07       		.byte	0x7
  63 004f AE010000 		.4byte	.LASF5
  64 0053 02       		.uleb128 0x2
  65 0054 08       		.byte	0x8
  66 0055 05       		.byte	0x5
  67 0056 00000000 		.4byte	.LASF6
  68 005a 02       		.uleb128 0x2
  69 005b 08       		.byte	0x8
  70 005c 07       		.byte	0x7
  71 005d 73010000 		.4byte	.LASF7
  72 0061 04       		.uleb128 0x4
  73 0062 04       		.byte	0x4
  74 0063 05       		.byte	0x5
  75 0064 696E7400 		.ascii	"int\000"
  76 0068 02       		.uleb128 0x2
  77 0069 04       		.byte	0x4
  78 006a 07       		.byte	0x7
  79 006b F0010000 		.4byte	.LASF8
  80 006f 03       		.uleb128 0x3
  81 0070 64020000 		.4byte	.LASF10
  82 0074 02       		.byte	0x2
  83 0075 30       		.byte	0x30
  84 0076 14       		.byte	0x14
  85 0077 40000000 		.4byte	0x40
  86 007b 05       		.uleb128 0x5
  87 007c 6F000000 		.4byte	0x6f
  88 0080 06       		.uleb128 0x6
  89 0081 10       		.byte	0x10
  90 0082 03       		.byte	0x3
  91 0083 A501     		.2byte	0x1a5
  92 0085 09       		.byte	0x9
  93 0086 C0000000 		.4byte	0xc0
  94 008a 07       		.uleb128 0x7
  95 008b 4B5200   		.ascii	"KR\000"
  96 008e 03       		.byte	0x3
  97 008f A701     		.2byte	0x1a7
  98 0091 11       		.byte	0x11
  99 0092 7B000000 		.4byte	0x7b
 100 0096 00       		.byte	0
 101 0097 07       		.uleb128 0x7
 102 0098 505200   		.ascii	"PR\000"
 103 009b 03       		.byte	0x3
 104 009c A801     		.2byte	0x1a8
 105 009e 11       		.byte	0x11
 106 009f 7B000000 		.4byte	0x7b
 107 00a3 04       		.byte	0x4
 108 00a4 07       		.uleb128 0x7
 109 00a5 524C5200 		.ascii	"RLR\000"
 110 00a9 03       		.byte	0x3
 111 00aa A901     		.2byte	0x1a9
 112 00ac 11       		.byte	0x11
 113 00ad 7B000000 		.4byte	0x7b
 114 00b1 08       		.byte	0x8
ARM GAS  /tmp/cclIfzlH.s 			page 3


 115 00b2 07       		.uleb128 0x7
 116 00b3 535200   		.ascii	"SR\000"
 117 00b6 03       		.byte	0x3
 118 00b7 AA01     		.2byte	0x1aa
 119 00b9 11       		.byte	0x11
 120 00ba 7B000000 		.4byte	0x7b
 121 00be 0C       		.byte	0xc
 122 00bf 00       		.byte	0
 123 00c0 08       		.uleb128 0x8
 124 00c1 F4000000 		.4byte	.LASF11
 125 00c5 03       		.byte	0x3
 126 00c6 AB01     		.2byte	0x1ab
 127 00c8 03       		.byte	0x3
 128 00c9 80000000 		.4byte	0x80
 129 00cd 03       		.uleb128 0x3
 130 00ce 0E000000 		.4byte	.LASF12
 131 00d2 04       		.byte	0x4
 132 00d3 D1       		.byte	0xd1
 133 00d4 17       		.byte	0x17
 134 00d5 68000000 		.4byte	0x68
 135 00d9 02       		.uleb128 0x2
 136 00da 08       		.byte	0x8
 137 00db 04       		.byte	0x4
 138 00dc 76020000 		.4byte	.LASF13
 139 00e0 02       		.uleb128 0x2
 140 00e1 01       		.byte	0x1
 141 00e2 08       		.byte	0x8
 142 00e3 0A020000 		.4byte	.LASF14
 143 00e7 02       		.uleb128 0x2
 144 00e8 01       		.byte	0x1
 145 00e9 02       		.byte	0x2
 146 00ea 8E020000 		.4byte	.LASF15
 147 00ee 09       		.uleb128 0x9
 148 00ef 07       		.byte	0x7
 149 00f0 01       		.byte	0x1
 150 00f1 24000000 		.4byte	0x24
 151 00f5 05       		.byte	0x5
 152 00f6 31       		.byte	0x31
 153 00f7 0E       		.byte	0xe
 154 00f8 0F010000 		.4byte	0x10f
 155 00fc 0A       		.uleb128 0xa
 156 00fd A3010000 		.4byte	.LASF16
 157 0101 00       		.byte	0
 158 0102 0A       		.uleb128 0xa
 159 0103 94020000 		.4byte	.LASF17
 160 0107 01       		.byte	0x1
 161 0108 0A       		.uleb128 0xa
 162 0109 0F020000 		.4byte	.LASF18
 163 010d 02       		.byte	0x2
 164 010e 00       		.byte	0
 165 010f 03       		.uleb128 0x3
 166 0110 8A010000 		.4byte	.LASF19
 167 0114 05       		.byte	0x5
 168 0115 35       		.byte	0x35
 169 0116 03       		.byte	0x3
 170 0117 EE000000 		.4byte	0xee
 171 011b 03       		.uleb128 0x3
ARM GAS  /tmp/cclIfzlH.s 			page 4


 172 011c 5A020000 		.4byte	.LASF20
 173 0120 06       		.byte	0x6
 174 0121 6E       		.byte	0x6e
 175 0122 1A       		.byte	0x1a
 176 0123 27010000 		.4byte	0x127
 177 0127 0B       		.uleb128 0xb
 178 0128 5A020000 		.4byte	.LASF20
 179 012c 0C       		.byte	0xc
 180 012d 06       		.byte	0x6
 181 012e 8C       		.byte	0x8c
 182 012f 08       		.byte	0x8
 183 0130 5C010000 		.4byte	0x15c
 184 0134 0C       		.uleb128 0xc
 185 0135 EE000000 		.4byte	.LASF21
 186 0139 06       		.byte	0x6
 187 013a 90       		.byte	0x90
 188 013b 1D       		.byte	0x1d
 189 013c 0F010000 		.4byte	0x10f
 190 0140 00       		.byte	0
 191 0141 0C       		.uleb128 0xc
 192 0142 E4010000 		.4byte	.LASF22
 193 0146 06       		.byte	0x6
 194 0147 94       		.byte	0x94
 195 0148 1E       		.byte	0x1e
 196 0149 90010000 		.4byte	0x190
 197 014d 04       		.byte	0x4
 198 014e 0D       		.uleb128 0xd
 199 014f 77646700 		.ascii	"wdg\000"
 200 0153 06       		.byte	0x6
 201 0154 99       		.byte	0x99
 202 0155 1E       		.byte	0x1e
 203 0156 96010000 		.4byte	0x196
 204 015a 08       		.byte	0x8
 205 015b 00       		.byte	0
 206 015c 0E       		.uleb128 0xe
 207 015d 08       		.byte	0x8
 208 015e 06       		.byte	0x6
 209 015f 74       		.byte	0x74
 210 0160 09       		.byte	0x9
 211 0161 7F010000 		.4byte	0x17f
 212 0165 0D       		.uleb128 0xd
 213 0166 707200   		.ascii	"pr\000"
 214 0169 06       		.byte	0x6
 215 016a 79       		.byte	0x79
 216 016b 0F       		.byte	0xf
 217 016c 6F000000 		.4byte	0x6f
 218 0170 00       		.byte	0
 219 0171 0D       		.uleb128 0xd
 220 0172 726C7200 		.ascii	"rlr\000"
 221 0176 06       		.byte	0x6
 222 0177 7E       		.byte	0x7e
 223 0178 0F       		.byte	0xf
 224 0179 6F000000 		.4byte	0x6f
 225 017d 04       		.byte	0x4
 226 017e 00       		.byte	0
 227 017f 03       		.uleb128 0x3
 228 0180 01010000 		.4byte	.LASF23
ARM GAS  /tmp/cclIfzlH.s 			page 5


 229 0184 06       		.byte	0x6
 230 0185 87       		.byte	0x87
 231 0186 03       		.byte	0x3
 232 0187 5C010000 		.4byte	0x15c
 233 018b 0F       		.uleb128 0xf
 234 018c 7F010000 		.4byte	0x17f
 235 0190 10       		.uleb128 0x10
 236 0191 04       		.byte	0x4
 237 0192 8B010000 		.4byte	0x18b
 238 0196 10       		.uleb128 0x10
 239 0197 04       		.byte	0x4
 240 0198 C0000000 		.4byte	0xc0
 241 019c 11       		.uleb128 0x11
 242 019d DE010000 		.4byte	.LASF31
 243 01a1 06       		.byte	0x6
 244 01a2 A5       		.byte	0xa5
 245 01a3 12       		.byte	0x12
 246 01a4 1B010000 		.4byte	0x11b
 247 01a8 12       		.uleb128 0x12
 248 01a9 9C010000 		.4byte	0x19c
 249 01ad 07       		.byte	0x7
 250 01ae 2B       		.byte	0x2b
 251 01af 0B       		.byte	0xb
 252 01b0 13       		.uleb128 0x13
 253 01b1 0B010000 		.4byte	.LASF24
 254 01b5 07       		.byte	0x7
 255 01b6 85       		.byte	0x85
 256 01b7 06       		.byte	0x6
 257 01b8 C9010000 		.4byte	0x1c9
 258 01bc 14       		.uleb128 0x14
 259 01bd EB010000 		.4byte	.LASF26
 260 01c1 07       		.byte	0x7
 261 01c2 85       		.byte	0x85
 262 01c3 20       		.byte	0x20
 263 01c4 C9010000 		.4byte	0x1c9
 264 01c8 00       		.byte	0
 265 01c9 10       		.uleb128 0x10
 266 01ca 04       		.byte	0x4
 267 01cb 1B010000 		.4byte	0x11b
 268 01cf 13       		.uleb128 0x13
 269 01d0 FD010000 		.4byte	.LASF25
 270 01d4 07       		.byte	0x7
 271 01d5 78       		.byte	0x78
 272 01d6 06       		.byte	0x6
 273 01d7 E8010000 		.4byte	0x1e8
 274 01db 14       		.uleb128 0x14
 275 01dc EB010000 		.4byte	.LASF26
 276 01e0 07       		.byte	0x7
 277 01e1 78       		.byte	0x78
 278 01e2 1E       		.byte	0x1e
 279 01e3 C9010000 		.4byte	0x1c9
 280 01e7 00       		.byte	0
 281 01e8 13       		.uleb128 0x13
 282 01e9 65010000 		.4byte	.LASF27
 283 01ed 07       		.byte	0x7
 284 01ee 52       		.byte	0x52
 285 01ef 06       		.byte	0x6
ARM GAS  /tmp/cclIfzlH.s 			page 6


 286 01f0 01020000 		.4byte	0x201
 287 01f4 14       		.uleb128 0x14
 288 01f5 EB010000 		.4byte	.LASF26
 289 01f9 07       		.byte	0x7
 290 01fa 52       		.byte	0x52
 291 01fb 1F       		.byte	0x1f
 292 01fc C9010000 		.4byte	0x1c9
 293 0200 00       		.byte	0
 294 0201 15       		.uleb128 0x15
 295 0202 58010000 		.4byte	.LASF32
 296 0206 07       		.byte	0x7
 297 0207 43       		.byte	0x43
 298 0208 06       		.byte	0x6
 299 0209 00       		.byte	0
 300              		.section	.gnu.debuglto_.debug_abbrev,"e",%progbits
 301              	.Ldebug_abbrev0:
 302 0000 01       		.uleb128 0x1
 303 0001 11       		.uleb128 0x11
 304 0002 01       		.byte	0x1
 305 0003 25       		.uleb128 0x25
 306 0004 0E       		.uleb128 0xe
 307 0005 13       		.uleb128 0x13
 308 0006 0B       		.uleb128 0xb
 309 0007 03       		.uleb128 0x3
 310 0008 0E       		.uleb128 0xe
 311 0009 1B       		.uleb128 0x1b
 312 000a 0E       		.uleb128 0xe
 313 000b 10       		.uleb128 0x10
 314 000c 17       		.uleb128 0x17
 315 000d 00       		.byte	0
 316 000e 00       		.byte	0
 317 000f 02       		.uleb128 0x2
 318 0010 24       		.uleb128 0x24
 319 0011 00       		.byte	0
 320 0012 0B       		.uleb128 0xb
 321 0013 0B       		.uleb128 0xb
 322 0014 3E       		.uleb128 0x3e
 323 0015 0B       		.uleb128 0xb
 324 0016 03       		.uleb128 0x3
 325 0017 0E       		.uleb128 0xe
 326 0018 00       		.byte	0
 327 0019 00       		.byte	0
 328 001a 03       		.uleb128 0x3
 329 001b 16       		.uleb128 0x16
 330 001c 00       		.byte	0
 331 001d 03       		.uleb128 0x3
 332 001e 0E       		.uleb128 0xe
 333 001f 3A       		.uleb128 0x3a
 334 0020 0B       		.uleb128 0xb
 335 0021 3B       		.uleb128 0x3b
 336 0022 0B       		.uleb128 0xb
 337 0023 39       		.uleb128 0x39
 338 0024 0B       		.uleb128 0xb
 339 0025 49       		.uleb128 0x49
 340 0026 13       		.uleb128 0x13
 341 0027 00       		.byte	0
 342 0028 00       		.byte	0
ARM GAS  /tmp/cclIfzlH.s 			page 7


 343 0029 04       		.uleb128 0x4
 344 002a 24       		.uleb128 0x24
 345 002b 00       		.byte	0
 346 002c 0B       		.uleb128 0xb
 347 002d 0B       		.uleb128 0xb
 348 002e 3E       		.uleb128 0x3e
 349 002f 0B       		.uleb128 0xb
 350 0030 03       		.uleb128 0x3
 351 0031 08       		.uleb128 0x8
 352 0032 00       		.byte	0
 353 0033 00       		.byte	0
 354 0034 05       		.uleb128 0x5
 355 0035 35       		.uleb128 0x35
 356 0036 00       		.byte	0
 357 0037 49       		.uleb128 0x49
 358 0038 13       		.uleb128 0x13
 359 0039 00       		.byte	0
 360 003a 00       		.byte	0
 361 003b 06       		.uleb128 0x6
 362 003c 13       		.uleb128 0x13
 363 003d 01       		.byte	0x1
 364 003e 0B       		.uleb128 0xb
 365 003f 0B       		.uleb128 0xb
 366 0040 3A       		.uleb128 0x3a
 367 0041 0B       		.uleb128 0xb
 368 0042 3B       		.uleb128 0x3b
 369 0043 05       		.uleb128 0x5
 370 0044 39       		.uleb128 0x39
 371 0045 0B       		.uleb128 0xb
 372 0046 01       		.uleb128 0x1
 373 0047 13       		.uleb128 0x13
 374 0048 00       		.byte	0
 375 0049 00       		.byte	0
 376 004a 07       		.uleb128 0x7
 377 004b 0D       		.uleb128 0xd
 378 004c 00       		.byte	0
 379 004d 03       		.uleb128 0x3
 380 004e 08       		.uleb128 0x8
 381 004f 3A       		.uleb128 0x3a
 382 0050 0B       		.uleb128 0xb
 383 0051 3B       		.uleb128 0x3b
 384 0052 05       		.uleb128 0x5
 385 0053 39       		.uleb128 0x39
 386 0054 0B       		.uleb128 0xb
 387 0055 49       		.uleb128 0x49
 388 0056 13       		.uleb128 0x13
 389 0057 38       		.uleb128 0x38
 390 0058 0B       		.uleb128 0xb
 391 0059 00       		.byte	0
 392 005a 00       		.byte	0
 393 005b 08       		.uleb128 0x8
 394 005c 16       		.uleb128 0x16
 395 005d 00       		.byte	0
 396 005e 03       		.uleb128 0x3
 397 005f 0E       		.uleb128 0xe
 398 0060 3A       		.uleb128 0x3a
 399 0061 0B       		.uleb128 0xb
ARM GAS  /tmp/cclIfzlH.s 			page 8


 400 0062 3B       		.uleb128 0x3b
 401 0063 05       		.uleb128 0x5
 402 0064 39       		.uleb128 0x39
 403 0065 0B       		.uleb128 0xb
 404 0066 49       		.uleb128 0x49
 405 0067 13       		.uleb128 0x13
 406 0068 00       		.byte	0
 407 0069 00       		.byte	0
 408 006a 09       		.uleb128 0x9
 409 006b 04       		.uleb128 0x4
 410 006c 01       		.byte	0x1
 411 006d 3E       		.uleb128 0x3e
 412 006e 0B       		.uleb128 0xb
 413 006f 0B       		.uleb128 0xb
 414 0070 0B       		.uleb128 0xb
 415 0071 49       		.uleb128 0x49
 416 0072 13       		.uleb128 0x13
 417 0073 3A       		.uleb128 0x3a
 418 0074 0B       		.uleb128 0xb
 419 0075 3B       		.uleb128 0x3b
 420 0076 0B       		.uleb128 0xb
 421 0077 39       		.uleb128 0x39
 422 0078 0B       		.uleb128 0xb
 423 0079 01       		.uleb128 0x1
 424 007a 13       		.uleb128 0x13
 425 007b 00       		.byte	0
 426 007c 00       		.byte	0
 427 007d 0A       		.uleb128 0xa
 428 007e 28       		.uleb128 0x28
 429 007f 00       		.byte	0
 430 0080 03       		.uleb128 0x3
 431 0081 0E       		.uleb128 0xe
 432 0082 1C       		.uleb128 0x1c
 433 0083 0B       		.uleb128 0xb
 434 0084 00       		.byte	0
 435 0085 00       		.byte	0
 436 0086 0B       		.uleb128 0xb
 437 0087 13       		.uleb128 0x13
 438 0088 01       		.byte	0x1
 439 0089 03       		.uleb128 0x3
 440 008a 0E       		.uleb128 0xe
 441 008b 0B       		.uleb128 0xb
 442 008c 0B       		.uleb128 0xb
 443 008d 3A       		.uleb128 0x3a
 444 008e 0B       		.uleb128 0xb
 445 008f 3B       		.uleb128 0x3b
 446 0090 0B       		.uleb128 0xb
 447 0091 39       		.uleb128 0x39
 448 0092 0B       		.uleb128 0xb
 449 0093 01       		.uleb128 0x1
 450 0094 13       		.uleb128 0x13
 451 0095 00       		.byte	0
 452 0096 00       		.byte	0
 453 0097 0C       		.uleb128 0xc
 454 0098 0D       		.uleb128 0xd
 455 0099 00       		.byte	0
 456 009a 03       		.uleb128 0x3
ARM GAS  /tmp/cclIfzlH.s 			page 9


 457 009b 0E       		.uleb128 0xe
 458 009c 3A       		.uleb128 0x3a
 459 009d 0B       		.uleb128 0xb
 460 009e 3B       		.uleb128 0x3b
 461 009f 0B       		.uleb128 0xb
 462 00a0 39       		.uleb128 0x39
 463 00a1 0B       		.uleb128 0xb
 464 00a2 49       		.uleb128 0x49
 465 00a3 13       		.uleb128 0x13
 466 00a4 38       		.uleb128 0x38
 467 00a5 0B       		.uleb128 0xb
 468 00a6 00       		.byte	0
 469 00a7 00       		.byte	0
 470 00a8 0D       		.uleb128 0xd
 471 00a9 0D       		.uleb128 0xd
 472 00aa 00       		.byte	0
 473 00ab 03       		.uleb128 0x3
 474 00ac 08       		.uleb128 0x8
 475 00ad 3A       		.uleb128 0x3a
 476 00ae 0B       		.uleb128 0xb
 477 00af 3B       		.uleb128 0x3b
 478 00b0 0B       		.uleb128 0xb
 479 00b1 39       		.uleb128 0x39
 480 00b2 0B       		.uleb128 0xb
 481 00b3 49       		.uleb128 0x49
 482 00b4 13       		.uleb128 0x13
 483 00b5 38       		.uleb128 0x38
 484 00b6 0B       		.uleb128 0xb
 485 00b7 00       		.byte	0
 486 00b8 00       		.byte	0
 487 00b9 0E       		.uleb128 0xe
 488 00ba 13       		.uleb128 0x13
 489 00bb 01       		.byte	0x1
 490 00bc 0B       		.uleb128 0xb
 491 00bd 0B       		.uleb128 0xb
 492 00be 3A       		.uleb128 0x3a
 493 00bf 0B       		.uleb128 0xb
 494 00c0 3B       		.uleb128 0x3b
 495 00c1 0B       		.uleb128 0xb
 496 00c2 39       		.uleb128 0x39
 497 00c3 0B       		.uleb128 0xb
 498 00c4 01       		.uleb128 0x1
 499 00c5 13       		.uleb128 0x13
 500 00c6 00       		.byte	0
 501 00c7 00       		.byte	0
 502 00c8 0F       		.uleb128 0xf
 503 00c9 26       		.uleb128 0x26
 504 00ca 00       		.byte	0
 505 00cb 49       		.uleb128 0x49
 506 00cc 13       		.uleb128 0x13
 507 00cd 00       		.byte	0
 508 00ce 00       		.byte	0
 509 00cf 10       		.uleb128 0x10
 510 00d0 0F       		.uleb128 0xf
 511 00d1 00       		.byte	0
 512 00d2 0B       		.uleb128 0xb
 513 00d3 0B       		.uleb128 0xb
ARM GAS  /tmp/cclIfzlH.s 			page 10


 514 00d4 49       		.uleb128 0x49
 515 00d5 13       		.uleb128 0x13
 516 00d6 00       		.byte	0
 517 00d7 00       		.byte	0
 518 00d8 11       		.uleb128 0x11
 519 00d9 34       		.uleb128 0x34
 520 00da 00       		.byte	0
 521 00db 03       		.uleb128 0x3
 522 00dc 0E       		.uleb128 0xe
 523 00dd 3A       		.uleb128 0x3a
 524 00de 0B       		.uleb128 0xb
 525 00df 3B       		.uleb128 0x3b
 526 00e0 0B       		.uleb128 0xb
 527 00e1 39       		.uleb128 0x39
 528 00e2 0B       		.uleb128 0xb
 529 00e3 49       		.uleb128 0x49
 530 00e4 13       		.uleb128 0x13
 531 00e5 3F       		.uleb128 0x3f
 532 00e6 19       		.uleb128 0x19
 533 00e7 3C       		.uleb128 0x3c
 534 00e8 19       		.uleb128 0x19
 535 00e9 00       		.byte	0
 536 00ea 00       		.byte	0
 537 00eb 12       		.uleb128 0x12
 538 00ec 34       		.uleb128 0x34
 539 00ed 00       		.byte	0
 540 00ee 47       		.uleb128 0x47
 541 00ef 13       		.uleb128 0x13
 542 00f0 3A       		.uleb128 0x3a
 543 00f1 0B       		.uleb128 0xb
 544 00f2 3B       		.uleb128 0x3b
 545 00f3 0B       		.uleb128 0xb
 546 00f4 39       		.uleb128 0x39
 547 00f5 0B       		.uleb128 0xb
 548 00f6 00       		.byte	0
 549 00f7 00       		.byte	0
 550 00f8 13       		.uleb128 0x13
 551 00f9 2E       		.uleb128 0x2e
 552 00fa 01       		.byte	0x1
 553 00fb 3F       		.uleb128 0x3f
 554 00fc 19       		.uleb128 0x19
 555 00fd 03       		.uleb128 0x3
 556 00fe 0E       		.uleb128 0xe
 557 00ff 3A       		.uleb128 0x3a
 558 0100 0B       		.uleb128 0xb
 559 0101 3B       		.uleb128 0x3b
 560 0102 0B       		.uleb128 0xb
 561 0103 39       		.uleb128 0x39
 562 0104 0B       		.uleb128 0xb
 563 0105 27       		.uleb128 0x27
 564 0106 19       		.uleb128 0x19
 565 0107 01       		.uleb128 0x1
 566 0108 13       		.uleb128 0x13
 567 0109 00       		.byte	0
 568 010a 00       		.byte	0
 569 010b 14       		.uleb128 0x14
 570 010c 05       		.uleb128 0x5
ARM GAS  /tmp/cclIfzlH.s 			page 11


 571 010d 00       		.byte	0
 572 010e 03       		.uleb128 0x3
 573 010f 0E       		.uleb128 0xe
 574 0110 3A       		.uleb128 0x3a
 575 0111 0B       		.uleb128 0xb
 576 0112 3B       		.uleb128 0x3b
 577 0113 0B       		.uleb128 0xb
 578 0114 39       		.uleb128 0x39
 579 0115 0B       		.uleb128 0xb
 580 0116 49       		.uleb128 0x49
 581 0117 13       		.uleb128 0x13
 582 0118 00       		.byte	0
 583 0119 00       		.byte	0
 584 011a 15       		.uleb128 0x15
 585 011b 2E       		.uleb128 0x2e
 586 011c 00       		.byte	0
 587 011d 3F       		.uleb128 0x3f
 588 011e 19       		.uleb128 0x19
 589 011f 03       		.uleb128 0x3
 590 0120 0E       		.uleb128 0xe
 591 0121 3A       		.uleb128 0x3a
 592 0122 0B       		.uleb128 0xb
 593 0123 3B       		.uleb128 0x3b
 594 0124 0B       		.uleb128 0xb
 595 0125 39       		.uleb128 0x39
 596 0126 0B       		.uleb128 0xb
 597 0127 27       		.uleb128 0x27
 598 0128 19       		.uleb128 0x19
 599 0129 00       		.byte	0
 600 012a 00       		.byte	0
 601 012b 00       		.byte	0
 602              		.section	.gnu.debuglto_.debug_line,"e",%progbits
 603              	.Ldebug_line0:
 604 0000 DD010000 		.4byte	.LELT0-.LSLT0
 605              	.LSLT0:
 606 0004 0400     		.2byte	0x4
 607 0006 D7010000 		.4byte	.LELTP0-.LASLTP0
 608              	.LASLTP0:
 609 000a 01       		.byte	0x1
 610 000b 01       		.byte	0x1
 611 000c 01       		.byte	0x1
 612 000d F6       		.byte	0xf6
 613 000e F2       		.byte	0xf2
 614 000f 0D       		.byte	0xd
 615 0010 00       		.byte	0
 616 0011 01       		.byte	0x1
 617 0012 01       		.byte	0x1
 618 0013 01       		.byte	0x1
 619 0014 01       		.byte	0x1
 620 0015 00       		.byte	0
 621 0016 00       		.byte	0
 622 0017 00       		.byte	0
 623 0018 01       		.byte	0x1
 624 0019 00       		.byte	0
 625 001a 00       		.byte	0
 626 001b 01       		.byte	0x1
 627 001c 2E2E2F43 		.ascii	"../ChibiOS/os/common/ext/CMSIS/ST/STM32F1xx"
ARM GAS  /tmp/cclIfzlH.s 			page 12


 627      68696269 
 627      4F532F6F 
 627      732F636F 
 627      6D6D6F6E 
 628 0047 00       		.byte	0
 629 0048 2E2E2F43 		.ascii	"../ChibiOS/os/hal/include"
 629      68696269 
 629      4F532F6F 
 629      732F6861 
 629      6C2F696E 
 630 0061 00       		.byte	0
 631 0062 2E2E2F43 		.ascii	"../ChibiOS/os/hal/ports/STM32/LLD/xWDGv1"
 631      68696269 
 631      4F532F6F 
 631      732F6861 
 631      6C2F706F 
 632 008a 00       		.byte	0
 633 008b 2F686F6D 		.ascii	"/home/matt/gcc-arm-none-eabi-10-2020-q4-major/arm-n"
 633      652F6D61 
 633      74742F67 
 633      63632D61 
 633      726D2D6E 
 634 00be 6F6E652D 		.ascii	"one-eabi/include/machine"
 634      65616269 
 634      2F696E63 
 634      6C756465 
 634      2F6D6163 
 635 00d6 00       		.byte	0
 636 00d7 2F686F6D 		.ascii	"/home/matt/gcc-arm-none-eabi-10-2020-q4-major/arm-n"
 636      652F6D61 
 636      74742F67 
 636      63632D61 
 636      726D2D6E 
 637 010a 6F6E652D 		.ascii	"one-eabi/include/sys"
 637      65616269 
 637      2F696E63 
 637      6C756465 
 637      2F737973 
 638 011e 00       		.byte	0
 639 011f 2F686F6D 		.ascii	"/home/matt/gcc-arm-none-eabi-10-2020-q4-major/lib/g"
 639      652F6D61 
 639      74742F67 
 639      63632D61 
 639      726D2D6E 
 640 0152 63632F61 		.ascii	"cc/arm-none-eabi/10.2.1/include"
 640      726D2D6E 
 640      6F6E652D 
 640      65616269 
 640      2F31302E 
 641 0171 00       		.byte	0
 642 0172 00       		.byte	0
 643 0173 5F646566 		.ascii	"_default_types.h\000"
 643      61756C74 
 643      5F747970 
 643      65732E68 
 643      00
 644 0184 04       		.uleb128 0x4
ARM GAS  /tmp/cclIfzlH.s 			page 13


 645 0185 00       		.uleb128 0
 646 0186 00       		.uleb128 0
 647 0187 5F737464 		.ascii	"_stdint.h\000"
 647      696E742E 
 647      6800
 648 0191 05       		.uleb128 0x5
 649 0192 00       		.uleb128 0
 650 0193 00       		.uleb128 0
 651 0194 73746D33 		.ascii	"stm32f103xb.h\000"
 651      32663130 
 651      3378622E 
 651      6800
 652 01a2 01       		.uleb128 0x1
 653 01a3 00       		.uleb128 0
 654 01a4 00       		.uleb128 0
 655 01a5 73746464 		.ascii	"stddef.h\000"
 655      65662E68 
 655      00
 656 01ae 06       		.uleb128 0x6
 657 01af 00       		.uleb128 0
 658 01b0 00       		.uleb128 0
 659 01b1 68616C5F 		.ascii	"hal_wdg.h\000"
 659      7764672E 
 659      6800
 660 01bb 02       		.uleb128 0x2
 661 01bc 00       		.uleb128 0
 662 01bd 00       		.uleb128 0
 663 01be 68616C5F 		.ascii	"hal_wdg_lld.h\000"
 663      7764675F 
 663      6C6C642E 
 663      6800
 664 01cc 03       		.uleb128 0x3
 665 01cd 00       		.uleb128 0
 666 01ce 00       		.uleb128 0
 667 01cf 68616C5F 		.ascii	"hal_wdg_lld.c\000"
 667      7764675F 
 667      6C6C642E 
 667      6300
 668 01dd 03       		.uleb128 0x3
 669 01de 00       		.uleb128 0
 670 01df 00       		.uleb128 0
 671 01e0 00       		.byte	0
 672              	.LELTP0:
 673              	.LELT0:
 674              		.section	.gnu.debuglto_.debug_str,"eMS",%progbits,1
 675              	.LASF6:
 676 0000 6C6F6E67 		.ascii	"long long int\000"
 676      206C6F6E 
 676      6720696E 
 676      7400
 677              	.LASF12:
 678 000e 73697A65 		.ascii	"size_t\000"
 678      5F7400
 679              	.LASF28:
 680 0015 474E5520 		.ascii	"GNU C17 10.2.1 20201103 (release) -mcpu=cortex-m3 -"
 680      43313720 
 680      31302E32 
ARM GAS  /tmp/cclIfzlH.s 			page 14


 680      2E312032 
 680      30323031 
 681 0048 6D6E6F2D 		.ascii	"mno-thumb-interwork -mthumb -mfloat-abi=soft -march"
 681      7468756D 
 681      622D696E 
 681      74657277 
 681      6F726B20 
 682 007b 3D61726D 		.ascii	"=armv7-m -ggdb -Os -fomit-frame-pointer -falign-fun"
 682      76372D6D 
 682      202D6767 
 682      6462202D 
 682      4F73202D 
 683 00ae 6374696F 		.ascii	"ctions=16 -ffunction-sections -fdata-sections -fno-"
 683      6E733D31 
 683      36202D66 
 683      66756E63 
 683      74696F6E 
 684 00e1 636F6D6D 		.ascii	"common -flto\000"
 684      6F6E202D 
 684      666C746F 
 684      00
 685              	.LASF21:
 686 00ee 73746174 		.ascii	"state\000"
 686      6500
 687              	.LASF11:
 688 00f4 49574447 		.ascii	"IWDG_TypeDef\000"
 688      5F547970 
 688      65446566 
 688      00
 689              	.LASF23:
 690 0101 57444743 		.ascii	"WDGConfig\000"
 690      6F6E6669 
 690      6700
 691              	.LASF24:
 692 010b 7764675F 		.ascii	"wdg_lld_reset\000"
 692      6C6C645F 
 692      72657365 
 692      7400
 693              	.LASF30:
 694 0119 2F686F6D 		.ascii	"/home/matt/hardware/electrosense-converter-firmware"
 694      652F6D61 
 694      74742F68 
 694      61726477 
 694      6172652F 
 695 014c 56322F66 		.ascii	"V2/firmware\000"
 695      69726D77 
 695      61726500 
 696              	.LASF32:
 697 0158 7764675F 		.ascii	"wdg_lld_init\000"
 697      6C6C645F 
 697      696E6974 
 697      00
 698              	.LASF27:
 699 0165 7764675F 		.ascii	"wdg_lld_start\000"
 699      6C6C645F 
 699      73746172 
 699      7400
ARM GAS  /tmp/cclIfzlH.s 			page 15


 700              	.LASF7:
 701 0173 6C6F6E67 		.ascii	"long long unsigned int\000"
 701      206C6F6E 
 701      6720756E 
 701      7369676E 
 701      65642069 
 702              	.LASF19:
 703 018a 77646773 		.ascii	"wdgstate_t\000"
 703      74617465 
 703      5F7400
 704              	.LASF1:
 705 0195 756E7369 		.ascii	"unsigned char\000"
 705      676E6564 
 705      20636861 
 705      7200
 706              	.LASF16:
 707 01a3 5744475F 		.ascii	"WDG_UNINIT\000"
 707      554E494E 
 707      495400
 708              	.LASF5:
 709 01ae 6C6F6E67 		.ascii	"long unsigned int\000"
 709      20756E73 
 709      69676E65 
 709      6420696E 
 709      7400
 710              	.LASF3:
 711 01c0 73686F72 		.ascii	"short unsigned int\000"
 711      7420756E 
 711      7369676E 
 711      65642069 
 711      6E7400
 712              	.LASF9:
 713 01d3 5F5F7569 		.ascii	"__uint32_t\000"
 713      6E743332 
 713      5F7400
 714              	.LASF31:
 715 01de 57444744 		.ascii	"WDGD1\000"
 715      3100
 716              	.LASF22:
 717 01e4 636F6E66 		.ascii	"config\000"
 717      696700
 718              	.LASF26:
 719 01eb 77646770 		.ascii	"wdgp\000"
 719      00
 720              	.LASF8:
 721 01f0 756E7369 		.ascii	"unsigned int\000"
 721      676E6564 
 721      20696E74 
 721      00
 722              	.LASF25:
 723 01fd 7764675F 		.ascii	"wdg_lld_stop\000"
 723      6C6C645F 
 723      73746F70 
 723      00
 724              	.LASF14:
 725 020a 63686172 		.ascii	"char\000"
 725      00
ARM GAS  /tmp/cclIfzlH.s 			page 16


 726              	.LASF18:
 727 020f 5744475F 		.ascii	"WDG_READY\000"
 727      52454144 
 727      5900
 728              	.LASF29:
 729 0219 2E2E2F43 		.ascii	"../ChibiOS/os/hal/ports/STM32/LLD/xWDGv1/hal_wdg_ll"
 729      68696269 
 729      4F532F6F 
 729      732F6861 
 729      6C2F706F 
 730 024c 642E6300 		.ascii	"d.c\000"
 731              	.LASF2:
 732 0250 73686F72 		.ascii	"short int\000"
 732      7420696E 
 732      7400
 733              	.LASF20:
 734 025a 57444744 		.ascii	"WDGDriver\000"
 734      72697665 
 734      7200
 735              	.LASF10:
 736 0264 75696E74 		.ascii	"uint32_t\000"
 736      33325F74 
 736      00
 737              	.LASF4:
 738 026d 6C6F6E67 		.ascii	"long int\000"
 738      20696E74 
 738      00
 739              	.LASF13:
 740 0276 6C6F6E67 		.ascii	"long double\000"
 740      20646F75 
 740      626C6500 
 741              	.LASF0:
 742 0282 7369676E 		.ascii	"signed char\000"
 742      65642063 
 742      68617200 
 743              	.LASF15:
 744 028e 5F426F6F 		.ascii	"_Bool\000"
 744      6C00
 745              	.LASF17:
 746 0294 5744475F 		.ascii	"WDG_STOP\000"
 746      53544F50 
 746      00
 747              		.text
 748              		.section	.gnu.lto_.profile.d9d40648efeaff31,"e",%progbits
 749 0000 789C6362 		.ascii	"x\234cb\000\001\000\000\022\000\003"
 749      00010000 
 749      120003
 750              		.text
 751              		.section	.gnu.lto_.icf.d9d40648efeaff31,"e",%progbits
 752 0000 789C5365 		.ascii	"x\234Se@\0006\206k\277\032\177\2633\356\3336'\211i\301"
 752      40003686 
 752      6BBF1A7F 
 752      B333EEDB 
 752      36278969 
 753 0015 A3395D5C 		.ascii	"\2439]\\\314\373g\376l\343b\231tb\322Zv\326-\333\317"
 753      CCFB67FE 
 753      6CE36299 
ARM GAS  /tmp/cclIfzlH.s 			page 17


 753      7462D25A 
 753      76D62DDB 
 754 002a FCE36700 		.ascii	"\374\343g\000\000R\032\021w"
 754      00521A11 
 754      77
 755              		.text
 756              		.section	.gnu.lto_.ipa_sra.d9d40648efeaff31,"e",%progbits
 757 0000 789C458A 		.ascii	"x\234E\212\301\021\200@\014\002A6\216\235\331h\012\025"
 757      C1118040 
 757      0C024136 
 757      8E9DD968 
 757      0A15
 758 0012 5F073C80 		.ascii	"_\007<\200\331WG#\371w\023_\033m\014\336\264\347\301"
 758      D9574723 
 758      F977135F 
 758      1B6D0CDE 
 758      B4E7C1
 759 0025 12C6DD6C 		.ascii	"\022\306\335l\246\030\276\213\216\017\001}>\342v\005"
 759      A618BE8B 
 759      8E0F017D 
 759      3EE27605 
 760 0035 F7       		.ascii	"\367"
 761              		.text
 762              		.section	.gnu.lto_.inline.d9d40648efeaff31,"e",%progbits
 763 0000 789C8D8F 		.ascii	"x\234\215\217\275\015\302@\014\205\237\355\313\217\220"
 763      BD0DC240 
 763      0C859FED 
 763      CB8F90
 764 000f 10291880 		.ascii	"\020)\030\200Q\230\205\020H\011\013\240\243\240Gi\250"
 764      51988510 
 764      48090BA0 
 764      A3A04769 
 764      A8
 765 0020 68502640 		.ascii	"hP&@\324\210I(\230\200\216\022\354\2138\204D\201\213"
 765      D4884928 
 765      98808E12 
 765      EC8B3884 
 765      44818B
 766 0033 D3E7E7F3 		.ascii	"\323\347\347\363\317\253\0101\022 \363\336\337yN``\255"
 766      CFAB0831 
 766      1220F3DE 
 766      DF794E60 
 766      60AD
 767 0045 BC025C07 		.ascii	"\274\002\\\007l\022\250g\037]_\037\261\024\211\326<"
 767      6C12A867 
 767      1F5D5F1F 
 767      B11489D6 
 767      3C
 768 0056 57DAE002 		.ascii	"W\332\340\002M\201\264\203\256A0x\034vG\256\211A\255"
 768      4D81B483 
 768      AE413078 
 768      1C7647AE 
 768      8941AD
 769 0069 30640C03 		.ascii	"0d\014\003\255\214\220\016\265\326p\375\325C\001'\014"
 769      AD8C900E 
 769      B5D670FD 
 769      D5430127 
ARM GAS  /tmp/cclIfzlH.s 			page 18


 769      0C
 770 007a 17596F88 		.ascii	"\027Yo\210j\376Qs;\005\331\355\271\335\363\214\004\313"
 770      6AFE5173 
 770      3B05D9ED 
 770      B9DDF38C 
 770      04CB
 771 008c 56D2465A 		.ascii	"V\322FZqDv\334BS:\005\324\205\316\016N~\271\212\243"
 771      714476DC 
 771      42533A05 
 771      D485CE0E 
 771      4E7EB98A 
 772 00a1 0B0E762E 		.ascii	"\013\016v.j\242\000\237\375u\303e\0366v\306\235\015"
 772      6AA2009F 
 772      FD75C365 
 772      1E3676C6 
 772      9D0D
 773 00b3 781BA668 		.ascii	"x\033\246h\307q\220\312?\\h\274\000h\205G)"
 773      C77190CA 
 773      3F5C68BC 
 773      00688547 
 773      29
 774              		.text
 775              		.section	.gnu.lto_.jmpfuncs.d9d40648efeaff31,"e",%progbits
 776 0000 789C6B60 		.ascii	"x\234k```\210g\200\000V\020\301\306\254\310\330\306"
 776      60608867 
 776      80005610 
 776      C1C6ACC8 
 776      D8C6
 777 0012 B184999D 		.ascii	"\261\204\231\235\201\361\000\013#\003\020\377\007\002"
 777      81F1000B 
 777      230310FF 
 777      0702
 778 0020 7E46A649 		.ascii	"~F\246I\314K\2309\030\031!\024X\014,\304\311\370\213"
 778      CC4B9839 
 778      18192114 
 778      580C2CC4 
 778      C9F88B
 779 0033 01ACF417 		.ascii	"\001\254\364\027H-\003\003\263\242%H;\027\272v\306\255"
 779      482D0303 
 779      B3A22548 
 779      3B17BA76 
 779      C6AD
 780 0045 8C8CDB18 		.ascii	"\214\214\333\030A\012\030\031\031\353\2270s\263@i\006"
 780      410A1819 
 780      19EB9730 
 780      73B34069 
 780      06
 781 0056 5618C35C 		.ascii	"V\030\303\\OO\3379#3)\323?X?\277X?#1G\277 \277\250\244"
 781      4F4FDF39 
 781      233329D3 
 781      3F583FBF 
 781      583F2331 
 782 0070 583F38C4 		.ascii	"X?8\304\327\330H\337\307\307E\277\"\334\305\275\314"
 782      D7D848DF 
 782      C7C745BF 
 782      22DCC5BD 
 782      CC
ARM GAS  /tmp/cclIfzlH.s 			page 19


 783 0081 1024155F 		.ascii	"\020$\025_\236\222\036\237\223\223\242\227\314\240\346"
 783      9E921E9F 
 783      9393A297 
 783      CCA0E6
 784 0090 09145548 		.ascii	"\011\024UHN\314\313\313/QHJU(.\311/(HMQ\310\317KNUH"
 784      4ECCCBCB 
 784      2F51484A 
 784      55282EC9 
 784      2F28484D 
 785 00ab 4C2EC92C 		.ascii	"L.\311,K,IMa\000\000\036\363?6"
 785      4B2C494D 
 785      6100001E 
 785      F33F36
 786              		.text
 787              		.section	.gnu.lto_.pureconst.d9d40648efeaff31,"e",%progbits
 788 0000 789C1360 		.ascii	"x\234\023````e\330\302\3028\203\205y\026\013\313L\026"
 788      60606065 
 788      D8C2C238 
 788      83857916 
 788      0BCB4C16 
 789 0014 D6592C00 		.ascii	"\326Y,\000\033\337\003P"
 789      1BDF0350 
 790              		.text
 791              		.section	.gnu.lto_.lto.d9d40648efeaff31,"e",%progbits
 792 0000 09000200 		.ascii	"\011\000\002\000\001\000\000\000"
 792      01000000 
 793              		.text
 794              		.section	.gnu.lto_wdg_lld_init.89.d9d40648efeaff31,"e",%progbits
 795 0000 789C6D8F 		.ascii	"x\234m\217\277KBQ\034\305\277\347]K\202\240\265\335"
 795      BF4B4251 
 795      1CC5BFE7 
 795      5D4B82A0 
 795      B5DD
 796 0012 A9416FD9 		.ascii	"\251Ao\331\320X\220\324b4\0305\212\351-\205\247/\356"
 796      D05890D4 
 796      62341835 
 796      8AE92D85 
 796      A72FEE
 797 0025 7B684D5E 		.ascii	"{hM^\245\311\305\264)\310Z\036\341V\021\375\200\032"
 797      A5C9C5B4 
 797      29C85A1E 
 797      E15611FD 
 797      801A
 798 0037 5C6A6BE9 		.ascii	"\\jk\351/\020[\242\241\301\251!\250\3734\251\240\013"
 798      2F105BA2 
 798      A1C1A921 
 798      A8FB34A9 
 798      A00B
 799 0049 5F38872F 		.ascii	"_8\207/\347\363=\327\017\242\035\"\012\350\001#\324"
 799      E7F33DD7 
 799      0FA21D22 
 799      0AE80123 
 799      D4
 800 005a 6B158394 		.ascii	"k\025\203\224Rs~\003\245Ze\004\227\3509P\321@\021\373"
 800      52737E03 
 800      A55A6504 
 800      97E83950 
ARM GAS  /tmp/cclIfzlH.s 			page 20


 800      D14011FB 
 801 006e 6C42DBF7 		.ascii	"lB\333\367\373\316\331\371\270j\266\3402\242#=\337o"
 801      FBCED9F9 
 801      B86AB6E0 
 801      32A2233D 
 801      DF6F
 802 0080 78E03495 		.ascii	"x\3404\225N\237\206Z\352\343\263\252\324\3433\016\002"
 802      4E9F865A 
 802      EAE3B3AA 
 802      D4E3330E 
 802      02
 803 0091 3EA22AF3 		.ascii	">\242*\363\320\312\007\325\"\332cF\337\224\264y\205"
 803      D0CA07D5 
 803      22DA6346 
 803      DF94B479 
 803      85
 804 00a2 EA341E40 		.ascii	"\3524\036@o(w_\306\016\031\352\314e\000i\265\013C\313"
 804      6F28775F 
 804      C60E19EA 
 804      CC650069 
 804      B50B43CB 
 805 00b6 A6C66A73 		.ascii	"\246\306js\002r\231\201k\340\0124\251\343\315Q\2271"
 805      02729981 
 805      6BE00A34 
 805      A9E3CD51 
 805      9731
 806 00c8 DCA0E19D 		.ascii	"\334\240\341\235\365B^\312\243\035\377\246\375\307\270"
 806      F5425ECA 
 806      A31DFFA6 
 806      FDC7B8
 807 00d7 FDC3F0E1 		.ascii	"\375\303\360\341N3\320g\350\202m\335\214\272(\267/\026"
 807      4E33D067 
 807      E8826DDD 
 807      8CBA28B7 
 807      2F16
 808 00e9 7A3FAB32 		.ascii	"z?\2532\374T'\232\345i++x6\3418<\235\220\251BB\012."
 808      FC54279A 
 808      E5692B2B 
 808      7836E138 
 808      3C9D90A9 
 809 0101 4C9174A4 		.ascii	"L\221t\244e\213\234-\202I+\227\027\322\0212\270\221"
 809      658B9C2D 
 809      82492B97 
 809      17D21132 
 809      B891
 810 0113 91596FBF 		.ascii	"\221Yo\277\032\346\003I3\241\020\237Og\3263\3131n\331"
 810      1AE60349 
 810      33A1109F 
 810      4F67D633 
 810      CB316ED9 
 811 0127 1A61F22D 		.ascii	"\032a\362-K:6\217\255,M\207y4\032\341\333k\221\305\374"
 811      4B3A368F 
 811      AD2C4D87 
 811      79341AE1 
 811      DB6B91C5 
 812 013c 94B78A17 		.ascii	"\224\267\212\027R\233q\323L\205\222\364\005\335\272"
 812      529B71D3 
ARM GAS  /tmp/cclIfzlH.s 			page 21


 812      4C8592F4 
 812      05DDBA
 813 014b 7EE8     		.ascii	"~\350"
 814              		.text
 815              		.section	.gnu.lto_wdg_lld_start.90.d9d40648efeaff31,"e",%progbits
 816 0000 789C8D52 		.ascii	"x\234\215R_HSa\024?\347\236\357n.Kz\221z\350!*\210\036"
 816      5F485361 
 816      143FE79E 
 816      EF6E2E4B 
 816      7A917AE8 
 817 0018 DC2D8B5A 		.ascii	"\334-\213Z\020\024$\370b\364`\324\243\350v\227\302t"
 817      101424F8 
 817      62F460D4 
 817      A3E87697 
 817      C274
 818 002a 7237347A 		.ascii	"r74z\361S\364e/s\016\212\300\365g\214\020\037\012\013"
 818      F153F465 
 818      2F730E8A 
 818      C0F5678C 
 818      101F0A0B 
 819 003e 4BD372FD 		.ascii	"K\323r\375\035QQ\014\244\247(\244\207\026$C\202B\002"
 819      1D51510C 
 819      A4A728A4 
 819      87162443 
 819      824202
 820 0051 3BDFDD6E 		.ascii	";\337\335n:B\361\302\3758\367\234\337\237s\276sO\020"
 820      3A42F1C2 
 820      FD38F79C 
 820      DF9F73BE 
 820      734F10
 821 0064 C0150068 		.ascii	"\300\025\000h\343\027]\200#\211\230\006R\312Sn\015\223"
 821      E3175D80 
 821      23899806 
 821      52CA536E 
 821      0D93
 822 0076 89D8AFD1 		.ascii	"\211\330\257\321{\002\247\321N\2206\224\250\316\027"
 822      7B02A7D1 
 822      4E903694 
 822      A8CE17
 823 0085 977D6230 		.ascii	"\227}b0Qs'>\344\026:&'\266\227\320\002\373\023\261\225"
 823      5173273E 
 823      E4163A26 
 823      27B697D0 
 823      02FB13B1 
 824 009a D41E078C 		.ascii	"\324\036\007\214\320\247\221.\220OX}\222t\200\253\277"
 824      D0A7912E 
 824      904F587D 
 824      927480AB 
 824      BF
 825 00ab 5F2EDC9C 		.ascii	"_.\334\234\334)\307\262\230\341\342u\0070J8B\031B\024"
 825      DC29C7B2 
 825      98E1E275 
 825      07304A38 
 825      42194214 
 826 00bf E548C3DD 		.ascii	"\345H\303\335\034\321e\330\237\225\362\303\334\224\224"
 826      1CD165D8 
 826      9F95F2C3 
ARM GAS  /tmp/cclIfzlH.s 			page 22


 826      DC9494
 827 00ce 1EC810E1 		.ascii	"\036\310\020\341Cd\016>@\234DP\211\276\237,\341r\224"
 827      43640E3E 
 827      409C4450 
 827      89BE9F2C 
 827      E17294
 828 00e1 380777F3 		.ascii	"8\007w\363zV\376Y\211K\371\343+~\336\273\015\031&4>"
 828      7A56FE59 
 828      894BF9E3 
 828      2B7EDEBB 
 828      0D192634 
 829 00f6 74E2C325 		.ascii	"t\342\303%T\244\253\303\2158\305\2048Aqy\314\2072\013"
 829      54A4ABC3 
 829      8D38C584 
 829      38417179 
 829      CC87320B 
 830 010a 304C9A1D 		.ascii	"0L\232\035\367s\374\035\345\302\325\034\302\"\016\314"
 830      F773FC1D 
 830      E5C2D51C 
 830      C2220ECC 
 831 011a 16284D58 		.ascii	"\026(MX\356\214Pu{[\215Z\225!w\232\334\370\010\341`"
 831      EE8C5075 
 831      7B5B8D5A 
 831      9521779A 
 831      DCF808E1 
 832 012f E953E00C 		.ascii	"\351S\340\014\246\354V\026\361\331\322\267\3322G\254"
 832      A6EC5616 
 832      F1D9D2B7 
 832      DA3247AC 
 833 013f 72C66A32 		.ascii	"r\306j2T\305j\370\230I\267l\222\007\2370\211[QP\017"
 833      54C56AF8 
 833      9849B76C 
 833      92079F30 
 833      895B5150 
 834 0154 CE8FA36D 		.ascii	"\316\217\243m\236\312\251q\206\211\230%\205\352\011"
 834      9ECAA971 
 834      86899825 
 834      85EA09
 835 0163 55FA464E 		.ascii	"U\372FN+\227\267*\223\331Bm\232\2645\035\375'\376\224"
 835      2B97B72A 
 835      93D9426D 
 835      9AB4351D 
 835      FD27FE94 
 836 0177 C535562A 		.ascii	"\3055V*\340`\341y\220\301%\233\322\305\307IO\014}\314"
 836      E060E179 
 836      90C1259B 
 836      D2C5C749 
 836      4F0C7DCC 
 837 018b 31859D44 		.ascii	"1\205\235D\305\360\023\316\360\273\322D\353\217\354"
 837      C5F013CE 
 837      F0BBD244 
 837      EB8FEC
 838 019a C2176C40 		.ascii	"\302\027l@\366\310\014\336\227&g\207\256\212\233\332"
 838      F6C80CDE 
 838      97266787 
 838      AE8A9BDA 
 839 01aa C22AF88A 		.ascii	"\302*\370\212i\203\366g5\346\230&J7U\214}\3226\274\240"
ARM GAS  /tmp/cclIfzlH.s 			page 23


 839      6983F667 
 839      35E69826 
 839      4A37558C 
 839      7DD236BC 
 840 01bf D78CD501 		.ascii	"\327\214\325\001X\333n\355\276\323\032\273\351\033y"
 840      58DB6EED 
 840      BED31ABB 
 840      E91B79
 841 01ce BC619E6B 		.ascii	"\274a\236k\223\036\357\030\353V\036\272\3551m{\224\227"
 841      931EEF18 
 841      EB561EBA 
 841      ED316D7B 
 841      9497
 842 01e0 B83EEBFD 		.ascii	"\270>\353\375\332\325\215\317\227v3\2639n~-\367\355"
 842      DAD58DCF 
 842      977633B3 
 842      396E7E2D 
 842      F7ED
 843 01f2 3582251C 		.ascii	"5\202%\034\3702\327X^\014\376\373-\001N\032\355\341"
 843      F832D758 
 843      5E0CFEFB 
 843      2D014E1A 
 843      EDE1
 844 0204 4ED3E86C 		.ascii	"N\323\350l\215F\215\366V+\320\333j\231\206\0312\375"
 844      8D468DF6 
 844      562BD0DB 
 844      6A998619 
 844      32FD
 845 0216 512B1C31 		.ascii	"Q+\0341\273\"f\235?\334\325cZQ\323\252\013vX\235\252"
 845      BB22669D 
 845      3FDCD563 
 845      5A51D3AA 
 845      0B76589D 
 846 022b 7EBEDE70 		.ascii	"~\276\336pB8\346\365\032\247\333;\332:\3166\033\341"
 846      4238E6F5 
 846      1AA7DB3B 
 846      DA3ACE36 
 846      1BE1
 847 023d 084B848C 		.ascii	"\010K\204\214\356\260\025\215\030\315\347\316\034\256"
 847      EEB0158D 
 847      18CDE7CE 
 847      1CAE
 848 024b 379A9A1A 		.ascii	"7\232\232\032\214K\027\032\032{\016\251RKo\340bK(\024"
 848      8C4B171A 
 848      1A7B0EA9 
 848      524B6FE0 
 848      624B2814 
 849 025f F0FA4170 		.ascii	"\360\372Ap\330\275\243\"\347\015\036m;\356;\0224\341"
 849      D8BDA322 
 849      E70D1E6D 
 849      3BEE3B12 
 849      34E1
 850 0271 2FB73949 		.ascii	"/\2679I\000"
 850      00
 851              		.text
 852              		.section	.gnu.lto_wdg_lld_stop.91.d9d40648efeaff31,"e",%progbits
 853 0000 789C5550 		.ascii	"x\234UP=hSQ\024>\337=\357\245\255\203\253n\026\035D"
ARM GAS  /tmp/cclIfzlH.s 			page 24


 853      3D685351 
 853      143EDF3D 
 853      EFA5AD83 
 853      AB6E161D 
 854 0015 A1B95AC5 		.ascii	"\241\271Z\305\037*(\264\320\245\342P\321\261\244\311"
 854      1F2A28B4 
 854      D0A5E250 
 854      D1B1A4C9 
 855 0025 8B09247D 		.ascii	"\213\011$}\345\345\321J\227\334\326\200R\2074\025DP"
 855      E5E5D14A 
 855      97DCD680 
 855      52873415 
 855      4450
 856 0037 2B846775 		.ascii	"+\204gu\353\244\306\377\014J'A\\\034\272\224\242C;h"
 856      EBA4C6FF 
 856      0C4A2741 
 856      5C1CBA94 
 856      A2433B68 
 857 004b 108A160A 		.ascii	"\020\212\026\012z\336m\034z\341r\277\363\363}\347;\327"
 857      7ADE6D1C 
 857      7AE172BF 
 857      F3F37DE7 
 857      3BD7
 858 005d 07D15D22 		.ascii	"\007\321]\"\352\223\013\2270_\233Ud\214\271\320\241"
 858      EA930B97 
 858      305F9B55 
 858      648CB9D0 
 858      A1
 859 006e D48DDA6D 		.ascii	"\324\215\332m\205\227\330z\024\035p*\265\2757WW\272"
 859      8597D87A 
 859      141D702A 
 859      B5BD3757 
 859      57BA
 860 0080 1D2607D3 		.ascii	"\035&\007\323\265Y\330\026PY\261\203\262*\337\341#\222"
 860      B559D816 
 860      5059B183 
 860      B22ADFE1 
 860      2392
 861 0092 F9F371CD 		.ascii	"\371\363q\315\274\337o\2366\0211\321\202\\{\0360\346"
 861      BCDF6F9E 
 861      361131D1 
 861      825C7B1E 
 861      30E6
 862 00a4 3962C069 		.ascii	"9b\300i#\205nA<E\207\233\306|~\3270\246\213\"f\274\200"
 862      23856E41 
 862      3C45879B 
 862      C67C7ED7 
 862      30A68B22 
 863 00bb 70F01C78 		.ascii	"p\360\034x\006BCD\270\274\"\"\011\253%N\304\242\310"
 863      06424344 
 863      B8BC2222 
 863      09AB254E 
 863      C4A2C8
 864 00ce 2D7D719B 		.ascii	"-}q\233f\373o\325\230\357\337\260}\310\205p\035QoH\261"
 864      66FB6FD5 
 864      98EFDFB0 
 864      7DC88570 
ARM GAS  /tmp/cclIfzlH.s 			page 25


 864      1D516F48 
 865 00e3 CA74FFED 		.ascii	"\312t\377\355\322\036\230&\321\034+\213\247\005o\300"
 865      D21E9826 
 865      D11C2B8B 
 865      A7056FC0 
 866 00f3 AC6D2E23 		.ascii	"\254m.#~\017\322\017\314\274\351\2523\332n\030\261\303"
 866      7E0FD20F 
 866      CCBCE9AA 
 866      33DA6E18 
 866      B1C3
 867 0105 C578A5CE 		.ascii	"\305x\245\316\210\335\272$^\201\216\355\204\011\274"
 867      88DDBA24 
 867      5E818EED 
 867      8409BC
 868 0114 C643BBC8 		.ascii	"\306C\273\310:*\353\375\365\035J\002\260\233\3151\177"
 868      3A2AEBFD 
 868      F51D4A02 
 868      B09BCD31 
 868      7F
 869 0125 F879CB8D 		.ascii	"\370y\313\215G`\003\352\250pZ\367\036\267\014b\357\364"
 869      476003EA 
 869      A8705AF7 
 869      1EB70C62 
 869      EFF4
 870 0137 A4FD01A2 		.ascii	"\244\375\001\242H-0U\240\"\356X\220y\342\270\323\322"
 870      482D3055 
 870      A022EE58 
 870      9079E2B8 
 870      D3D2
 871 0149 9DAF9F16 		.ascii	"\235\257\237\026-]\355r\030\007\277\227\317\321/\314"
 871      2D5DED72 
 871      1807BF97 
 871      CFD12FCC 
 872 0159 AC6E0D5A 		.ascii	"\254n\015Z\221*\303\366\306\233\021\235\3279\277\350"
 872      912AC3F6 
 872      C69B119D 
 872      D739BFE8 
 873 0169 E9622A0C 		.ascii	"\351b*\014u.\025d&S\201\247\275\202\227\016\003\277"
 873      752E1564 
 873      265381A7 
 873      BD82970E 
 873      03BF
 874 017b E48D95BC 		.ascii	"\344\215\225\274\236\264?6\341\005\241\027\364d\363"
 874      9EB43F36 
 874      E105A117 
 874      F464F3
 875 018a 4131AE5F 		.ascii	"A1\256_\351\325\377!\235N&u\177.?\232\2774\254\375\222"
 875      E9D5FF21 
 875      9D4E2675 
 875      7F2E3F9A 
 875      BF34ACFD 
 876 019f 4814F4B8 		.ascii	"H\024\364\270\037\204%=|\371\342\211^=44\240\257_\035"
 876      1F84253D 
 876      7CF9E289 
 876      5E3D3434 
 876      A0AF5F1D 
 877 01b3 189C381E 		.ascii	"\030\2348\036\227F&3\327F\012\205L2M\216\300\361}\273"
ARM GAS  /tmp/cclIfzlH.s 			page 26


 877      97462633 
 877      D7460A85 
 877      4C324D8E 
 877      C0F17DBB 
 878 01c7 72C9ECA9 		.ascii	"r\311\354\251\321\263gNf=\372\007\2547\260t"
 878      D1B3674E 
 878      663DFA07 
 878      AC37B074 
 879              		.text
 880              		.section	.gnu.lto_wdg_lld_reset.92.d9d40648efeaff31,"e",%progbits
 881 0000 789C5550 		.ascii	"x\234UP=H[Q\024>\337;/F\227N\205v\024\212\024\207\344"
 881      3D485B51 
 881      143EDF3B 
 881      2F46974E 
 881      8576148A 
 882 0017 B62AFE4C 		.ascii	"\266*\376L-(\024J\244\203\242\243\304\344\246\011$>"
 882      2D28144A 
 882      A483A2A3 
 882      C4E4A609 
 882      243E
 883 0029 797918E9 		.ascii	"yy\030\351\222\233\214.\251\012\342\240\025\345!\342"
 883      929B8C2E 
 883      A90AE2A0 
 883      15E521E2 
 884 0039 221DDADA 		.ascii	"\"\035\332\332\252%\024\012\245\223\012\356E:T\007\007"
 884      AA25140A 
 884      A5930AEE 
 884      453A5407 
 884      07
 885 004a 417028E8 		.ascii	"Ap(\350y\317\210x\341\300\371\276s\277\357|\367v\201"
 885      79CF8878 
 885      E1C0F9BE 
 885      73BFEF7C 
 885      F77681
 886 005d 6881889E 		.ascii	"h\201\210\236H\201\011s\2633\026\031c^F-TfgZ\360\025"
 886      48810973 
 886      B3331619 
 886      635E462D 
 886      5466675A 
 887 0073 2102952D 		.ascii	"!\002\225-\2241\317\355\002/\177\036\357\037<6\033u"
 887      9431CFED 
 887      022F7F1E 
 887      EF1F3C36 
 887      1B75
 888 0085 F84CF441 		.ascii	"\370L\364A*<K\2149\366\031\260\033\235\205V\351\370"
 888      2A3C4B8C 
 888      39F619B0 
 888      1B9D8556 
 888      E9F8
 889 0097 1D3DAD1B 		.ascii	"\035=\255\033\263\377k\333\230\026\362\231\361\005\242"
 889      B3FF6BDB 
 889      9816F299 
 889      F105A2
 890 00a6 C167E093 		.ascii	"\301g\340\223l\027\242\274+\026M\267N\302\321\326a\244"
 890      6C17A2BC 
 890      2B164DB7 
 890      4EC2D1D6 
ARM GAS  /tmp/cclIfzlH.s 			page 27


 890      61A4
 891 00b8 6EFE5FD5 		.ascii	"n\376_\325\214\271\370\213\305\266\010\344\232-\316"
 891      8CB9F88B 
 891      C5B608E4 
 891      9A2DCE
 892 00c7 DB32AC71 		.ascii	"\3332\254q\020\320\3300u\242\367l\335\200\212\200S\230"
 892      10D0D830 
 892      75A2F76C 
 892      DD808A80 
 892      5398
 893 00d9 E395DFA0 		.ascii	"\343\225\337\2403TwOx\215\321\310\301\010\262\255\007"
 893      3354774F 
 893      788DD1C8 
 893      C108B2AD 
 893      07
 894 00ea 2F69F639 		.ascii	"/i\3669\262&\3047\320\263\033hc\007\313\341\3423\374"
 894      B226C437 
 894      D0B31B68 
 894      6307CBE1 
 894      E233FC
 895 00fd 38FFF7B0 		.ascii	"8\377\367\260\241\261\3574\033\017|n\0227\354\211h5"
 895      A1B1EF34 
 895      1B0F7C6E 
 895      1237EC89 
 895      6835
 896 010f 1445F15D 		.ascii	"\024E\361]D\022&\270\032\305\346\221E\347\250\376\371"
 896      441226B8 
 896      1AC5E691 
 896      45E7A8FE 
 896      F9
 897 0120 F83AFC88 		.ascii	"\370:\374\210\032\343.!\321\013\225u\012Z\025\222\236"
 897      1AE32E21 
 897      D10B9575 
 897      0A5A1592 
 897      9E
 898 0131 A7B24937 		.ascii	"\247\262I7]J\272Z\351\274Ny\256S\324\023E\035K9\023"
 898      5D4ABA5A 
 898      E9BC4E79 
 898      AE53D413 
 898      451D4B39 
 899 0146 53DAF5B4 		.ascii	"S\332\365\264\033\313\344\334B0\037\351P\267-\365\304"
 899      1BCBE4DC 
 899      42301FE9 
 899      50B72DF5 
 899      C4
 900 0157 E3AA3F9B 		.ascii	"\343\252?\233\033\317\275\031RNQ,\362j\322q\275\242"
 900      1BCFBD19 
 900      524E512C 
 900      F26AD271 
 900      BDA2
 901 0169 1A1A1EEC 		.ascii	"\032\032\036\354\354P\211\304\200\232\036\035x5\365"
 901      EC5089C4 
 901      809A1E1D 
 901      7835F5
 902 0178 3C188D95 		.ascii	"<\030\215\225\322o\307\362\371t<E\266\264\223\217\356"
 902      D26FC7F2 
 902      F9743C45 
ARM GAS  /tmp/cclIfzlH.s 			page 28


 902      B6B4938F 
 902      EE
 903 0189 71F14CF7 		.ascii	"q\361L\367x_oWF\3235\371\235\224V"
 903      785F6F57 
 903      46D335F9 
 903      9D9456
 904              		.text
 905              		.section	.gnu.lto_wdg_lld_stop.part.0.95.d9d40648efeaff31,"e",%progbits
 906 0000 789C5551 		.ascii	"x\234UQ=l\323P\020\276\363\263\363SX`\201\321T\002\004"
 906      3D6CD350 
 906      10BEF3B3 
 906      F3535860 
 906      81D15402 
 907 0015 52F3D482 		.ascii	"R\363\324\202\370\231\212\240R\205T\304P\004c\3458/"
 907      F8998AA0 
 907      528554C4 
 907      500463E5 
 907      382F
 908 0027 24526207 		.ascii	"$Rb\007\333J\021K\236\240\204n\011\004D\207*S\020l0"
 908      DB4A114B 
 908      9EA0846E 
 908      09044487 
 908      2A53106C 
 909 003c 20288296 		.ascii	" (\202\226\"\212`D\014,l\035\273\220\005\251BHpgbR,"
 909      228A6044 
 909      0C2C6C1D 
 909      BB9005A9 
 909      42487067 
 910 0053 FBF97BF7 		.ascii	"\373\371{\367}\367\335\335{_\021`\025\000\246\351\303"
 910      7DF7DDDD 
 910      7B5F1160 
 910      1500A6E9 
 910      C3
 911 0064 14E0830C 		.ascii	"\024\340\203\014h\255\317\244-\334\033\377\015\354\334"
 911      68ADCFA4 
 911      2DDC1BFF 
 911      0DECDC
 912 0073 1D8991C0 		.ascii	"\035\211\221\300\373\003dbg<\006\010\015\313\020&6\014"
 912      FB036462 
 912      673C0608 
 912      0DCB1026 
 912      360C
 913 0085 01C3A723 		.ascii	"\001\303\247#\226\005\036!\301\366\207M\375v\277~\262"
 913      96051E21 
 913      C1F6874D 
 913      FD76BF7E 
 913      B2
 914 0096 8E3DE2BB 		.ascii	"\216=\342\273\211\206\251\3660\212\\\3719\257\006\345"
 914      8986A9F6 
 914      308A5CF9 
 914      39AF06E5 
 915 00a6 DD133D81 		.ascii	"\335\023=\201h\016\220\2016!q\003\016\257k\375ymE\353"
 915      680E9081 
 915      36217103 
 915      0EAF6BFD 
 915      796D45EB 
 916 00ba 2CF484C0 		.ascii	",\364\204\300\025$7|\211\370\002\001_\221\221h|\023"
ARM GAS  /tmp/cclIfzlH.s 			page 29


 916      1524377C 
 916      89F80201 
 916      5F919168 
 916      7C13
 917 00cc 47C9B7BF 		.ascii	"G\311\267\277\364\250\257\221\003\360xP\217\014Rqu|"
 917      F4A8AF91 
 917      03F07850 
 917      8F0C5271 
 917      757C
 918 00de 8DBC3948 		.ascii	"\215\2749HV\375\355\367\327>i3\261\302\241\025%\320"
 918      56FDEDF7 
 918      D73E6933 
 918      B1C2A115 
 918      25D0
 919 00f0 29BC416E 		.ascii	")\274An\214\023\200_\332?\375bi\375\353wK\353\345\311"
 919      8C13805F 
 919      DA3FFD62 
 919      69FDEB77 
 919      4BEBE5C9 
 920 0104 3D26404B 		.ascii	"=&@K\300\306\367E\213\330\266\260b$`\013o\"7\361l\351"
 920      C0C6F745 
 920      8BD8B6B0 
 920      6224600B 
 920      6F2237F1 
 921 011a F69D4563 		.ascii	"\366\235Ecg\017l\274\205\006\371\340\032\227h\013\343"
 921      670F6CBC 
 921      8506F9E0 
 921      1A97680B 
 921      E3
 922 012b 5F8EDEFC 		.ascii	"_\216\336\374\3611\213\253,\320\243\320\307[6, e\233"
 922      F1318BAB 
 922      2CD0A3D0 
 922      C75B362C 
 922      20659B
 923 013e 5D61004D 		.ascii	"]a\000Mk%Ds@\244\272\344\314\223\0348\333\314\364Dz"
 923      6B254473 
 923      40A4BAE4 
 923      CC931C38 
 923      DBCCF444 
 924 0153 019B5A13 		.ascii	"\001\233Z\023\310\340;$\037>\267,\376\214\005\017\221"
 924      C8E03B24 
 924      1F3EB72C 
 924      FE8C050F 
 924      91
 925 0164 15238962 		.ascii	"\025#\211b\027n\260\242'v\307=\010\352U\233\177\233"
 925      176EB0A2 
 925      2776C73D 
 925      08EA559B 
 925      7F9B
 926 0176 18DDB1F0 		.ascii	"\030\335\261\360tf\302\265\350\202\322<\303\244,\371"
 926      7466C2B5 
 926      E882D23C 
 926      C3A42CF9 
 927 0186 5525AB4E 		.ascii	"U%\253N\024\311\222\023\024\346\235@IUQn\024\370\241"
 927      14C99213 
 927      14E69D40 
 927      4955516E 
ARM GAS  /tmp/cclIfzlH.s 			page 30


 927      14F8A1
 928 0199 F24235E6 		.ascii	"\362B5\346\372^]\005\221\012\306\212\345\240\312\374"
 928      FA5E5D05 
 928      910AC68A 
 928      E5A0CAFC 
 929 01a9 E5099940 		.ascii	"\345\011\231@8\231\313\311s\245r\276|qV\372!YTd\315"
 929      3899CBC9 
 929      73A572BE 
 929      7C7156FA 
 929      21595464 
 930 01be 0FA250CE 		.ascii	"\017\242P\316^\272plB\316\314L\311\353W\246\246\353"
 930      5EBA706C 
 930      42CECC4C 
 930      C9EB57A6 
 930      A6EB
 931 01d0 E34CCDCD 		.ascii	"\343L\315\315\027\256\316U*\205\234\013&\301\332\276"
 931      17AECE55 
 931      2A859C0B 
 931      26C1DABE 
 932 01e0 FF62B9E2 		.ascii	"\377b\271\342\211\374\351S\307\213\012\016\235\247\024"
 932      89FCE953 
 932      C78B0A0E 
 932      9DA714
 933 01ef DB753CCF 		.ascii	"\333u<\317\217\354\274\262\303\310\257\325T\301\366"
 933      8FECBCB2 
 933      C3C8AFD5 
 933      54C1F6
 934 01fe 3D57D98E 		.ascii	"=W\331\216\033\225\353N\244\012\360\007\032\272\314"
 934      1B95EB4E 
 934      A40AF007 
 934      1ABACC
 935 020d 99       		.ascii	"\231"
 936              		.text
 937              		.section	.gnu.lto_.symbol_nodes.d9d40648efeaff31,"e",%progbits
 938 0000 789C758F 		.ascii	"x\234u\217\253\016\302@\024D\317\335GI\370\211\376\006"
 938      AB0EC240 
 938      1444CFDD 
 938      4749F889 
 938      FE06
 939 0012 9A1FBBBB 		.ascii	"\232\037\273\273\011\002\211\307\"\352\320\220`\010"
 939      090289C7 
 939      22EAD090 
 939      6008
 940 0020 1A0D9487 		.ascii	"\032\015\224\207\301\003\026\003\333\245\270v\324$\347"
 940      C1031603 
 940      DBA5B876 
 940      D424E7
 941 002f 64927991 		.ascii	"d\222y\221bn(\273\307\324\313lO\252\254&1\006\203\220"
 941      626E28BB 
 941      C7D4CB6C 
 941      4FAAAC26 
 941      31068390 
 942 0043 E9119590 		.ascii	"\351\021\225\220\342\376x\035\242\264\320\037 \216\033"
 942      E2FE781D 
 942      A2B4D01F 
 942      208E1B
 943 0052 EB849AE7 		.ascii	"\353\204\232\347\273\032uH\246F\355|\263\034v\2613\352"
ARM GAS  /tmp/cclIfzlH.s 			page 31


 943      BB1A7548 
 943      A646ED7C 
 943      B31C76B1 
 943      33EA
 944 0064 FAD6E582 		.ascii	"\372\326\345\202\372O\2332\013\220\334\206\312\025-"
 944      FA4F9B32 
 944      0B90DC86 
 944      CA152D
 945 0073 7A986590 		.ascii	"z\230e\220\357\334\305R\344\266\020\353~\027\267\302"
 945      EFDCC552 
 945      E4B610EB 
 945      7E17B7C2 
 946 0083 17090749 		.ascii	"\027\011\007Iw"
 946      77
 947              		.text
 948              		.section	.gnu.lto_.refs.d9d40648efeaff31,"e",%progbits
 949 0000 789CE366 		.ascii	"x\234\343f```bddbb`dba`\000\000\001\024\000\033"
 949      60606062 
 949      64646262 
 949      60646261 
 949      60000001 
 950              		.text
 951              		.section	.gnu.lto_.decls.d9d40648efeaff31,"e",%progbits
 952 0000 789C9D56 		.ascii	"x\234\235V{PT\327\031?\3379\313r\271,.\012\2163\245"
 952      7B5054D7 
 952      193FDF39 
 952      CB72B92C 
 952      2E0A8E33 
 953 0015 516A4DE5 		.ascii	"QjM\345\037YYRl\373GK\0075\223\321\244\016\330v\246"
 953      1F595952 
 953      6CFB474B 
 953      073593D1 
 953      A40ED876 
 954 002a 331D8ADC 		.ascii	"3\035\212\334\213\354\024Xgw5\364\277\273\276\360\201"
 954      8BEC1458 
 954      677735F4 
 954      BFBBBEF0 
 954      81
 955 003b 4A4D6209 		.ascii	"JMb\011\222Jmb\215\365\261\266\0305\211\315\212B\360"
 955      924A6D62 
 955      8DF5B1B6 
 955      183589CD 
 955      8A42F0
 956 004e 55D48A11 		.ascii	"U\324\212\021\361\201Fq#F\321\340\003\025\354w\316\275"
 956      F1814671 
 956      2346D1E0 
 956      0315EC77 
 956      CEBD
 957 0060 BBF782D8 		.ascii	"\273\367\202\330\351\344\316~w\357=\347\367\375\276"
 957      E9E4CE7E 
 957      77EF3DE7 
 957      F7FDBE
 958 006f DFF79DD7 		.ascii	"\337\367\235\327Ms\020\342\241\204\274\202\366\014/"
 958      4D7310E2 
 958      A184BC82 
 958      F60C2F
 959 007e 3B21E414 		.ascii	";!\344\024\0326\223f\264\026\264v\264\263h\235h\027"
ARM GAS  /tmp/cclIfzlH.s 			page 32


 959      1A369366 
 959      B416B476 
 959      B4B3689D 
 959      6817
 960 0090 D03AD0AE 		.ascii	"\320:\320\256\243u\243MF\353A\033 \372\025\217&\003"
 960      A375A34D 
 960      46EB411B 
 960      20FA158F 
 960      2603
 961 00a2 2149684E 		.ascii	"!IhN4\011m4Z\012Z\032\032\376\310K@\206\\i\030;\016"
 961      34096D34 
 961      5A0A5A1A 
 961      1AFEC84B 
 961      40865C69 
 962 00b9 FF4B0D9E 		.ascii	"\377K\015\236\247F,\036\027\273H?\332c\242\373&\275"
 962      A7462C1E 
 962      17BB483F 
 962      DA63A2FB 
 962      26BD
 963 00cb 806302D5 		.ascii	"\200c\002\3255s\2161h\251\006W\273\241\261\331\340="
 963      35738E31 
 963      68A90657 
 963      BBA1B1D9 
 963      E03D
 964 00dd 83D68A76 		.ascii	"\203\326\212v\030m<\327gp\363\234\333\320\236\240\205"
 964      186D3CD7 
 964      6770F39C 
 964      DBD09EA0 
 964      85
 965 00ee D14EA21D 		.ascii	"\321N\242\035D;m\304u\016\213\307\257\321\0303a\204"
 965      443B6DC4 
 965      750E8BC7 
 965      AFD11833 
 965      6184
 966 0100 981D961C 		.ascii	"\230\035\226\034&\240_\202\241\271\337\310\207\327D"
 966      26A05F82 
 966      A1B9DFC8 
 966      87D744
 967 010f 36DA3E1E 		.ascii	"6\332>\036\306\371}\252k\032)\017\253~j\321\315yF\217"
 967      C6F97DAA 
 967      6B1A290F 
 967      AB7E6AD1 
 967      CD79468F 
 968 0123 A06F2C82 		.ascii	"\240o,\202\222F\340JG\254\003\355{\360\3748N\304\266"
 968      9246E04A 
 968      47AC03ED 
 968      7BF0FC38 
 968      4EC4B6
 969 0136 EF185C36 		.ascii	"\357\030\\6\213V\353\370\015\327\274\236\301\030\260"
 969      8B56EBF8 
 969      0DD7BC9E 
 969      C118B0
 970 0145 E13D15D2 		.ascii	"\341=\025\322\031\345\257\223\201\317%\247x\",\216\270"
 970      19E5AF93 
 970      81CF25A7 
 970      78222C8E 
 970      B8
ARM GAS  /tmp/cclIfzlH.s 			page 33


 971 0156 34712D9E 		.ascii	"4q-\236@`\277N>#\221\375\226ld\364V\363W\307\223\344"
 971      4060BF4E 
 971      3E2391FD 
 971      966C64F4 
 971      56F357C7 
 972 016c B0A6F56A 		.ascii	"\260\246\365j\341\245\011\004\366\0004\002\201O\000"
 972      E1A50904 
 972      F6003402 
 972      814F00
 973 017b 3D3F06D8 		.ascii	"=?\006\330\007\260\027\004\277$\370\303\204\225\240"
 973      07B01704 
 973      BF24F8C3 
 973      8495A0
 974 018a 9BFDF2CE 		.ascii	"\233\375\362\316S\035\322\244I)\350\370hO\325\327\233"
 974      531DD2A4 
 974      4929E8F8 
 974      684FD5D7 
 974      9B
 975 019b 7F7A7749 		.ascii	"\177zwI\225V\023d\360)\300G\000M`\020\021p\241e\021"
 975      95561364 
 975      F029C047 
 975      004D6010 
 975      1170A165 
 976 01b0 C4850611 		.ascii	"\304\205\006\021\222\274\324\301!\237=\007\331\003\004"
 976      92BCD4C1 
 976      219F3D07 
 976      D90304
 977 01bf 052ED5B4 		.ascii	"\005.\325\264\260\215\300\277\000\016\360\016\304\240"
 977      B08DC0BF 
 977      000EF00E 
 977      C4A0
 978 01cd 8630C041 		.ascii	"\2060\300A.\232]\005\256x\313\201\317\036\322\024\016"
 978      2E9A5D05 
 978      AE78CB81 
 978      CF1ED214 
 978      0E
 979 01de 0E5BC070 		.ascii	"\016[\300p\010\206\301\021\372V\363\336{I\016\221\\"
 979      0886C111 
 979      FA56F3DE 
 979      7B490E91 
 979      5C
 980 01ef 43930D0E 		.ascii	"C\223\015\016\233!\233A\000>\272R\237f\3667\233\375"
 980      9B219B41 
 980      003EBA52 
 980      9F66F637 
 980      9BFD
 981 0201 2D7863B7 		.ascii	"-xc\267D\274\345\341\033'%\271\353\177V\210\365b\231"
 981      44BCE5E1 
 981      1B2725B9 
 981      EB7F5688 
 981      F56299
 982 0214 BF017D24 		.ascii	"\277\001}$\222E\2454`\017\270\277\374\360\334\252ZG"
 982      9245A534 
 982      600FB8BF 
 982      FCF0DCAA 
 982      5A47
 983 0226 CA24BCCC 		.ascii	"\312$\274\314\004\217\003\034\343a\376-\024\237\002"
ARM GAS  /tmp/cclIfzlH.s 			page 34


 983      048F031C 
 983      E361FE2D 
 983      149F02
 984 0235 3809701A 		.ascii	"8\011p\032\240\215\353\276\202%\275\267\356\374\016"
 984      A08DEBBE 
 984      8225BDB7 
 984      EEFC0E
 985 0244 B91EE339 		.ascii	"\271\036\3439\240\025\340\004p`T\232\250\014\226\013"
 985      A015E004 
 985      7060549A 
 985      A80C960B 
 986 0254 71A1736B 		.ascii	"q\241sk\364\222\"\350\310\020\220\313\304\264\231\230"
 986      F49222E8 
 986      C81090CB 
 986      C4B49998 
 987 0264 A3CF61B2 		.ascii	"\243\317a\262\004\244\303\204|\376|\254,\302\032)\257"
 987      04A4C384 
 987      7CFE7CAC 
 987      2CC21A29 
 987      AF
 988 0275 C4CA86AA 		.ascii	"\304\312\206\252\346\304\224\341Y\300\177`\304<\320"
 988      E6C494E1 
 988      59C07F60 
 988      C43CD0
 989 0284 A16DC79A 		.ascii	"\241m\307\232=qf}\317\230\304\355z\375\377~`s\267\335"
 989      3D71667D 
 989      CF98C4ED 
 989      7AFDFF7E 
 989      6073B7DD 
 990 0298 04B49B80 		.ascii	"\004\264\233\200\263 \346\365w\341\031\210?\216\336"
 990      B320E6F5 
 990      77E11988 
 990      3F8EDE
 991 02a7 BBF9498B 		.ascii	"\273\371I\213,!:\262\242+\214\201\263a*\";D\354s\000"
 991      2C213AB2 
 991      A22B8C81 
 991      B3612A22 
 991      3B44EC73 
 992 02bc 5F003B28 		.ascii	"_\000;(t\016~Z\367\256}\030\016\316\203\025\311\307"
 992      740E7E5A 
 992      F7AE7D18 
 992      0ECE8315 
 992      C9C7
 993 02ce FE687010 		.ascii	"\376hp\020\314\330\035f\354\013`\254\251\034\204\205"
 993      CCD81D66 
 993      EC0B60AC 
 993      A91C8485 
 994 02de 072EFD39 		.ascii	"\007.\3759Q\326\214\341\307\306(\352\0222\273\340\242"
 994      51D68CE1 
 994      C7C628EA 
 994      1232BBE0 
 994      A2
 995 02ef BE3AA689 		.ascii	"\276:\246\2111\337\307\330q\256\300>p\246\375d\274\234"
 995      31DFC7D8 
 995      71AEC03E 
 995      70A6FD64 
 995      BC9C
ARM GAS  /tmp/cclIfzlH.s 			page 35


 996 0301 06803FAE 		.ascii	"\006\200?\256Ck\0122C\307\025\000\234\307\360%\3005"
 996      436B0A32 
 996      43C71500 
 996      9CC7F025 
 996      C035
 997 0313 A0F8B858 		.ascii	"\240\370\270X\323\236N\300\177\014\325\275\352\3165"
 997      D39E4EC0 
 997      7F0CD5BD 
 997      EACE35
 998 0322 3A46AFEF 		.ascii	":F\257\357\357\260\011\272\000.\363P\327A\204\343\271"
 998      EFB009BA 
 998      002EF350 
 998      D74184E3 
 998      B9
 999 0333 5D7AAF73 		.ascii	"]z\257s\276)\372\272)\272;*\372eD\355\277s1HG\022\035"
 999      BE29FABA 
 999      29BA3B2A 
 999      FA6544ED 
 999      BF733148 
 1000 034a 11A26FE8 		.ascii	"\021\242o\350\242\177 D\207(:\364\324l\011\332\254\241"
 1000      A27F2044 
 1000      87283AF4 
 1000      D46C09DA 
 1000      ACA1
 1001 035c 6F027CC5 		.ascii	"o\002|\305\035z@8\021vJ\224\266s\331\356\265\220\242"
 1001      1D7A4038 
 1001      11764A94 
 1001      B673D9EE 
 1001      B590A2
 1002 036f EF26617D 		.ascii	"\357&a}'\201\257yY\365\001_s\272\341\202]t\207\215n"
 1002      2781AF79 
 1002      59F5015F 
 1002      73BAE182 
 1002      5D74878D 
 1003 0384 BE2E2D80 		.ascii	"\276.-\200\203\333\3379b\231\021\267M\375wx\220s\224"
 1003      83DBDF39 
 1003      629911B7 
 1003      4DFD7778 
 1003      907394
 1004 0397 B04B54CF 		.ascii	"\260KT\317\303!\324u\021\026ya\344\373&\361\211\017"
 1004      C321D475 
 1004      11167961 
 1004      E4FB26F1 
 1004      890F
 1005 03a9 B6DD4E1A 		.ascii	"\266\335N\032\322\315\347\245\005p\377pd75#?0#?\024"
 1005      D2CDE7A5 
 1005      0570FF70 
 1005      64373523 
 1005      3F30233F 
 1006 03be 9595B4EB 		.ascii	"\225\225\264\353[v\313)C\226\3517\000\3670\377\273\000"
 1006      5B76CB29 
 1006      4396E937 
 1006      00F730FF 
 1006      BB00
 1007 03d0 8FC4D4E9 		.ascii	"\217\304\324\351\007x\002\360\2303\362\215\257q\365"
 1007      077802F0 
 1007      9833F28D 
ARM GAS  /tmp/cclIfzlH.s 			page 36


 1007      AF71F5
 1008 03df D60F9C75 		.ascii	"\326\017\234uZ8\350\200N\200^\201\322\347dl\323\353"
 1008      5A38E880 
 1008      4E805E81 
 1008      D2E7646C 
 1008      D3EB
 1009 03f1 DDDFBC6E 		.ascii	"\335\337\274n\024\337\027\037\002\364\011\300\260\245"
 1009      14DF171F 
 1009      02F409C0 
 1009      B0A5
 1010 03ff C537C6ED 		.ascii	"\3057\306\355\313\364\345w\007\340\326\020\214\261\212"
 1010      CBF4E577 
 1010      07E0D610 
 1010      8CB18A
 1011 040e 51FDF9AB 		.ascii	"Q\375\371\253{\233\222R\376/e\210\376\274s\340-\207"
 1011      7B9B9252 
 1011      FE2F6588 
 1011      FEBC73E0 
 1011      2D87
 1012 0420 99EB5393 		.ascii	"\231\353S\223q@\237E\035\307\267m\212\303YE\361\325"
 1012      71409F45 
 1012      1DC7B76D 
 1012      8AC35945 
 1012      F1D5
 1013 0432 A6002E8A 		.ascii	"\246\000.\212\034\274\311\3447\214\244jT\243v\205Q\231"
 1013      1CBCC9E4 
 1013      378CA46A 
 1013      54A37685 
 1013      5199
 1014 0444 C94C915B 		.ascii	"\311L\221[a|F\037\313\225h\206S\226\266\036\202d9N\242"
 1014      617C461F 
 1014      CB956886 
 1014      5396B61E 
 1014      8264394E 
 1015 0459 3412AFC8 		.ascii	"4\022\257\310\031\217a;m\260\247\347j6\245zl$^\2435"
 1015      198F613B 
 1015      6DB0A7E7 
 1015      6A36A57A 
 1015      6C245EA3 
 1016 046e 6FA466E7 		.ascii	"o\244f\347\342=\022\337\012\012z\315\261I\311\370\024"
 1016      E23D12DF 
 1016      0A0A7ACD 
 1016      B149C9F8 
 1016      14
 1017 047f 8997FB58 		.ascii	"\211\227\373X\303\032\273r\202\256\230\214{\214\254"
 1017      C31ABB72 
 1017      82AE988C 
 1017      7B8CAC
 1018 048e B8533193 		.ascii	"\270S1\223\\I\032\357lbMl&\236rRh\347X9\022\357D\212"
 1018      5C491AEF 
 1018      6C624D6C 
 1018      269E7252 
 1018      68E75839 
 1019 04a6 0C253D59 		.ascii	"\014%=YIw\266B\234\242\310\251\031\004E(nw.\225\221"
 1019      4977B642 
 1019      9CA2C8A9 
 1019      19044528 
ARM GAS  /tmp/cclIfzlH.s 			page 37


 1019      6E772E95 
 1020 04bb D926B582 		.ascii	"\331&\265\202\233\201\303\255]\351\031'\203\2340>=\203"
 1020      9B81C3AD 
 1020      5DE91927 
 1020      839C303E 
 1020      3D83
 1021 04cd 1085CCA4 		.ascii	"\020\205\314\244\310\313\236E/\210\307\230\212\371\012"
 1021      C8CB9E45 
 1021      2F88C798 
 1021      8AF90A
 1022 04dc 90215337 		.ascii	"\220!S7e\263\"\370yDi:!\232Mr8@\303\277\204\302Y\312"
 1022      65B322F8 
 1022      7944693A 
 1022      219A4D72 
 1022      3840C3BF 
 1023 04f4 1CB74C22 		.ascii	"\034\267L\"\361\024\273Rm\240Q0=e;\236\270\027\022\365"
 1023      F114BB52 
 1023      6DA05130 
 1023      3D653B9E 
 1023      B81712F5 
 1024 0508 73561CBF 		.ascii	"sV\034\277\300\177\372\215\360\027b\015#\3329\022\013"
 1024      C07FFA8D 
 1024      F017620D 
 1024      23DA3912 
 1024      0B
 1025 0519 6B1CD6D1 		.ascii	"k\034\326\321\326\330\237\361\254\003t\036j\034\344"
 1025      D6D89FF1 
 1025      AC03741E 
 1025      6A1CE4
 1026 0528 00D120C4 		.ascii	"\000\321 \304\350\265\220\233\032\014\035Q\236h\034"
 1026      E8B5909B 
 1026      1A0C1D51 
 1026      9E681C
 1027 0537 8B46532B 		.ascii	"\213FS+\016\261\036\204Z}\204\337\020\341&%\211\321"
 1027      0EB11E84 
 1027      5A7D84DF 
 1027      10E12625 
 1027      89D1
 1028 0549 462511FD 		.ascii	"F%\021\375\005\347M\177u\337\221Q\335X7\255aW\177\""
 1028      05E74D7F 
 1028      75DF9151 
 1028      DD5837AD 
 1028      61577F22 
 1029 055d 8CADC925 		.ascii	"\214\255\311%\300\2262\302j\031\357n\212\254\252\227"
 1029      C09632C2 
 1029      6A19EF6E 
 1029      8AACAA97 
 1030 056d 872E429C 		.ascii	"\207.B\234\241\213il\021\336\354o\336k\331\357\261'"
 1030      A18B696C 
 1030      11DEEC6F 
 1030      DE6BD9EF 
 1030      B127
 1031 057f 3A319750 		.ascii	":1\227P\001\010\275\377e\273\314\277{\260\001\274b\037"
 1031      0108BDFF 
 1031      65BBCCBF 
 1031      7BB001BC 
 1031      621F
ARM GAS  /tmp/cclIfzlH.s 			page 38


 1032 0591 A0621F48 		.ascii	"\240b\037H\306\316\272\177~\270Y\032\207\334\2674-\025"
 1032      C6CEBA7F 
 1032      7EB8591A 
 1032      87DCB734 
 1032      2D15
 1033 05a3 4A613985 		.ascii	"Ja9\205e\350\006U\230\333R\335\177\303\355\2775:'\326"
 1033      65E80655 
 1033      98DB52DD 
 1033      7FC3EDBF 
 1033      353A27D6 
 1034 05b7 D66A8FEA 		.ascii	"\326j\217\3526>:\004x\204\342\376\032\264!\004\202\206"
 1034      363E3A04 
 1034      7884E2FE 
 1034      1AB42104 
 1034      8286
 1035 05c9 0C58C19F 		.ascii	"\014X\301\237\011\036,0\0103\332\030zU}\262\366\230"
 1035      091E2C30 
 1035      0833DA18 
 1035      7A557DB2 
 1035      F698
 1036 05db 3C02F14A 		.ascii	"<\002\361J\204y\361\233,T\253\325\3247\204\251\2461"
 1036      8479F19B 
 1036      2C54ABD5 
 1036      D43784A9 
 1036      A631
 1037 05ed 6CE33324 		.ascii	"l\3433$\306\244E\231\010\273(j\360\"\256j\235\013\021"
 1037      C6A44599 
 1037      08BB286A 
 1037      F022AE6A 
 1037      9D0B11
 1038 0600 F54B9A97 		.ascii	"\365K\232\227\331\270\306\320j\376E\204\0025\033v\303"
 1038      D9B8C6D0 
 1038      6AFE4584 
 1038      02351B76 
 1038      C3
 1039 0611 6A8396E0 		.ascii	"j\203\226\340ST^\320\306n\012\332\232'\233\336\027\211"
 1039      53545ED0 
 1039      C66E0ADA 
 1039      9A279BDE 
 1039      1789
 1040 0623 85B6994E 		.ascii	"\205\266\231N\230\325\332\230\323\332\230S\204\261G"
 1040      98D5DA98 
 1040      D3DA9853 
 1040      84B147
 1041 0632 C2E9D8AE 		.ascii	"\302\351\330\256\256Z\207pZ\263\314\352T\023s\252\211"
 1041      AE5A8770 
 1041      5AB3CCEA 
 1041      541373AA 
 1041      89
 1042 0643 3985185B 		.ascii	"9\205\030[n\343N\273[\253\327\301\304ZM\333\327{\265"
 1042      6EE34EBB 
 1042      5BABD7C1 
 1042      C45A4DDB 
 1042      D77BB5
 1043 0656 F72E7E85 		.ascii	"\367.~\2054Q\256n}\314g\275\230\256\254Q\240\033\006"
 1043      3451AE6E 
 1043      7DCC67BD 
ARM GAS  /tmp/cclIfzlH.s 			page 39


 1043      98AEAC51 
 1043      A01B06
 1044 0669 4F7E98C8 		.ascii	"O~\230\310\277\037#\341\221\3178\304\\~o\323\037-\333"
 1044      BF1F23E1 
 1044      91CF38C4 
 1044      5C7E6FD3 
 1044      1F2DDB
 1045 067c D13BE6A8 		.ascii	"\321;\346\250o\320G\255\345\213\226]\011b\3247\340\250"
 1045      6FD047AD 
 1045      E58B965D 
 1045      0962D437 
 1045      E0A8
 1046 068e 6383767F 		.ascii	"c\203v\177\343\025I4L\206?\361\363i\347\323\233\025"
 1046      E3154934 
 1046      4C863FF1 
 1046      F369E7D3 
 1046      9B15
 1047 06a0 51402D6F 		.ascii	"Q@-o\250\336\177\273+n\2042\327aB\357\352\254+Ow\354"
 1047      A8DE7FBB 
 1047      2B6E8432 
 1047      D76142EF 
 1047      EAAC2B4F 
 1048 06b6 738A44EA 		.ascii	"s\212D\352\273\265\037\212<\352(\274\035\313\343m=\217"
 1048      BBB51F8A 
 1048      3CEA28BC 
 1048      1DCBE36D 
 1048      3D8F
 1049 06c8 6B228F33 		.ascii	"k\"\2173\215[\017\217z\271\266\206O\234\316\234 n\262"
 1049      8D5B0F8F 
 1049      7AB9B686 
 1049      4F9CCE9C 
 1049      206EB2
 1050 06db 7CDBACE7 		.ascii	"|\333\254\347`c\263%\370Ffl\345\363\245\357\351\351"
 1050      6063B325 
 1050      F846666C 
 1050      E5F3A5EF 
 1050      E9E9
 1051 06ed 7F30F1D1 		.ascii	"\1770\361\321\034~\341'!\302\216^\010=\221\314\274W"
 1051      1C7EE127 
 1051      21C28E5E 
 1051      083D91CC 
 1051      BC57
 1052 06ff 9A796FD2 		.ascii	"\232yo\322\025\016\003T\233\200\006\241\022!\253\316"
 1052      150E0354 
 1052      9B8006A1 
 1052      1221ABCE 
 1053 070f DE786081 		.ascii	"\336x`\201\324\231\220\277\350\034\027w,\376\253\245"
 1053      D49990BF 
 1053      E81C1777 
 1053      2CFEABA5 
 1054 071f B83DE65E 		.ascii	"\270=\346^\277\231\347G\027\370r23]y\245\236y\236_\024"
 1054      BF99E747 
 1054      17F87232 
 1054      335D79A5 
 1054      9E799E5F 
 1055 0734 B8BC7E57 		.ascii	"\270\274~WiQ\231k\201\327\027\360\273\012\346\276\236"
 1055      6951996B 
ARM GAS  /tmp/cclIfzlH.s 			page 40


 1055      81D717F0 
 1055      BB0AE6BE 
 1055      9E
 1056 0745 ED76CD9E 		.ascii	"\355v\315\236=\335U\371\353\351\257.\312\342]\205o*"
 1056      3DDD55F9 
 1056      EBE9AF2E 
 1056      CAE25D85 
 1056      6F2A
 1057 0757 F30BCBCA 		.ascii	"\363\013\313\312\224\314b\351\3257~\231\236\2275\215"
 1057      94CC62E9 
 1057      D5377E99 
 1057      9E97358D 
 1058 0767 8C1BD29C 		.ascii	"\214\033\322\234Y\2223\357\307?z\245D%\322BOE \333]"
 1058      599233EF 
 1058      C73F7AA5 
 1058      4425D242 
 1058      4F4520DB 
 1059 077c 1860BE32 		.ascii	"\030`\2762\337\317\\\245\336r\325U^\024\010 \215Oy\263"
 1059      DFCF5CA5 
 1059      DE72D555 
 1059      5E140820 
 1059      8D4F79B3 
 1060 0790 C8A7BAD4 		.ascii	"\310\247\272\3242\2658\340\363\372\325\012\277:\245"
 1060      32B538E0 
 1060      F3FAD50A 
 1060      BF3AA5
 1061 079f D85BB148 		.ascii	"\330[\261H\365\005T\337\224\022\217\257\234\367\377"
 1061      F50554DF 
 1061      94128FAF 
 1061      9CF7FF
 1062 07ae CAED8A3E 		.ascii	"\312\355\212>\222i\337Jd)I\300\306<oE\211g>\313\237"
 1062      9269DF4A 
 1062      642949C0 
 1062      C63C6F45 
 1062      89673ECB 
 1063 07c3 9D4FE7E4 		.ascii	"\235O\347\344\323Y\371\264 \377'C\351"
 1063      D359F9B4 
 1063      20FF2743 
 1063      E9
 1064 07d0 8ABDE5E5 		.ascii	"\212\275\345\345\336\012\227Z\031p\345\275^\360Z\001"
 1064      DE0A975A 
 1064      1970E5BD 
 1064      5EF05A01 
 1065 07e0 B2EAC433 		.ascii	"\262\352\3043\263*+]\376@y\266\273$kjv\345<dt\274\206"
 1065      B32A2B5D 
 1065      FE4079B6 
 1065      BB246B6A 
 1065      76E53C64 
 1066 07f7 948573FF 		.ascii	"\224\205s\377\260@\235\256\226\310\030\311\037(\012"
 1066      B0409DAE 
 1066      96C818C9 
 1066      1F280A
 1067 0806 A885015B 		.ascii	"\250\205\001[1\346e/\026\261\342D\033\217=\335\347\301"
 1067      31E6652F 
 1067      16B1E244 
 1067      1B8F3DDD 
 1067      E7C1
ARM GAS  /tmp/cclIfzlH.s 			page 41


 1068 0818 AC18C258 		.ascii	"\254\030\302XV\016\221\212|\345\213\246M)'r1\212W+\247"
 1068      560E918A 
 1068      7CE58BA6 
 1068      4D292772 
 1068      318A572B 
 1069 082d 94679314 		.ascii	"\224g\223\024Cl\241?\340]\220\271\240\310\027\310\234"
 1069      436CA13F 
 1069      E05D90B9 
 1069      A0C817C8 
 1069      9C
 1070 083e EAB0B67D 		.ascii	"\352\260\266}\273\324\213I\214\304S\341\011$\231\214"
 1070      BBD48B49 
 1070      8CC453E1 
 1070      0924998C 
 1071 084e 1821F6E6 		.ascii	"\030!\366\346S\375j`\364\242\271E\376\337\317\250P\012"
 1071      53FD6A60 
 1071      F4A2B945 
 1071      FEDFCFA8 
 1071      500A
 1072 0860 8A4B5565 		.ascii	"\212KUea\231\352K\303\2203}\252\232?\027cz*\212\313"
 1072      6199EA4B 
 1072      C390337D 
 1072      AA9A3F17 
 1072      637A2A8A 
 1073 0875 162AAA2B 		.ascii	"\026*\252+\200 \314\177\264\352\363y}?\367\373q\260"
 1073      8020CC7F 
 1073      B4EAF379 
 1073      7D3FF7FB 
 1073      71B0
 1074 0887 F28ACACA 		.ascii	"\362\212\312\312T\345%+:\372\240\027\035\361q\274\012"
 1074      54E5252B 
 1074      3AFAA017 
 1074      1DF171BC 
 1074      0A
 1075 0898 59FF0533 		.ascii	"Y\377\0053\352|\300"
 1075      EA7CC0
 1076              		.text
 1077              		.section	.gnu.lto_.symtab.d9d40648efeaff31,"e",%progbits
 1078 0000 7764675F 		.ascii	"wdg_lld_init\000"
 1078      6C6C645F 
 1078      696E6974 
 1078      00
 1079 000d 00       		.ascii	"\000"
 1080 000e 00       		.ascii	"\000"
 1081 000f 00       		.ascii	"\000"
 1082 0010 00000000 		.ascii	"\000\000\000\000\000\000\000\000"
 1082      00000000 
 1083 0018 0D010000 		.ascii	"\015\001\000\000"
 1084 001c 57444744 		.ascii	"WDGD1\000"
 1084      3100
 1085 0022 00       		.ascii	"\000"
 1086 0023 00       		.ascii	"\000"
 1087 0024 00       		.ascii	"\000"
 1088 0025 00000000 		.ascii	"\000\000\000\000\000\000\000\000"
 1088      00000000 
 1089 002d 1D010000 		.ascii	"\035\001\000\000"
 1090 0031 7764675F 		.ascii	"wdg_lld_start\000"
ARM GAS  /tmp/cclIfzlH.s 			page 42


 1090      6C6C645F 
 1090      73746172 
 1090      7400
 1091 003f 00       		.ascii	"\000"
 1092 0040 00       		.ascii	"\000"
 1093 0041 00       		.ascii	"\000"
 1094 0042 00000000 		.ascii	"\000\000\000\000\000\000\000\000"
 1094      00000000 
 1095 004a 0F010000 		.ascii	"\017\001\000\000"
 1096 004e 7764675F 		.ascii	"wdg_lld_stop\000"
 1096      6C6C645F 
 1096      73746F70 
 1096      00
 1097 005b 00       		.ascii	"\000"
 1098 005c 00       		.ascii	"\000"
 1099 005d 00       		.ascii	"\000"
 1100 005e 00000000 		.ascii	"\000\000\000\000\000\000\000\000"
 1100      00000000 
 1101 0066 08010000 		.ascii	"\010\001\000\000"
 1102 006a 7764675F 		.ascii	"wdg_lld_reset\000"
 1102      6C6C645F 
 1102      72657365 
 1102      7400
 1103 0078 00       		.ascii	"\000"
 1104 0079 00       		.ascii	"\000"
 1105 007a 00       		.ascii	"\000"
 1106 007b 00000000 		.ascii	"\000\000\000\000\000\000\000\000"
 1106      00000000 
 1107 0083 11010000 		.ascii	"\021\001\000\000"
 1108 0087 76546173 		.ascii	"vTaskEndScheduler\000"
 1108      6B456E64 
 1108      53636865 
 1108      64756C65 
 1108      7200
 1109 0099 00       		.ascii	"\000"
 1110 009a 02       		.ascii	"\002"
 1111 009b 00       		.ascii	"\000"
 1112 009c 00000000 		.ascii	"\000\000\000\000\000\000\000\000"
 1112      00000000 
 1113 00a4 13010000 		.ascii	"\023\001\000\000"
 1114 00a8 6572726F 		.ascii	"errorAssertCalled\000"
 1114      72417373 
 1114      65727443 
 1114      616C6C65 
 1114      6400
 1115 00ba 00       		.ascii	"\000"
 1116 00bb 02       		.ascii	"\002"
 1117 00bc 00       		.ascii	"\000"
 1118 00bd 00000000 		.ascii	"\000\000\000\000\000\000\000\000"
 1118      00000000 
 1119 00c5 1B010000 		.ascii	"\033\001\000\000"
 1120              		.text
 1121              		.section	.gnu.lto_.ext_symtab.d9d40648efeaff31,"e",%progbits
 1122 0000 01       		.ascii	"\001"
 1123 0001 01       		.ascii	"\001"
 1124 0002 00       		.ascii	"\000"
 1125 0003 02       		.ascii	"\002"
ARM GAS  /tmp/cclIfzlH.s 			page 43


 1126 0004 01       		.ascii	"\001"
 1127 0005 01       		.ascii	"\001"
 1128 0006 00       		.ascii	"\000"
 1129 0007 01       		.ascii	"\001"
 1130 0008 00       		.ascii	"\000"
 1131 0009 01       		.ascii	"\001"
 1132 000a 00       		.ascii	"\000"
 1133 000b 01       		.ascii	"\001"
 1134 000c 00       		.ascii	"\000"
 1135 000d 01       		.ascii	"\001"
 1136 000e 00       		.ascii	"\000"
 1137              		.text
 1138              		.section	.gnu.lto_.opts,"e",%progbits
 1139 0000 272D666E 		.ascii	"'-fno-openmp' '-fno-openacc' '-fno-pie' '-fcf-prote"
 1139      6F2D6F70 
 1139      656E6D70 
 1139      2720272D 
 1139      666E6F2D 
 1140 0033 6374696F 		.ascii	"ction=none' '-g' '-mcpu=cortex-m3' '-mno-thumb-inte"
 1140      6E3D6E6F 
 1140      6E652720 
 1140      272D6727 
 1140      20272D6D 
 1141 0066 72776F72 		.ascii	"rwork' '-mthumb' '-mfloat-abi=soft' '-march=armv7-m"
 1141      6B272027 
 1141      2D6D7468 
 1141      756D6227 
 1141      20272D6D 
 1142 0099 2720272D 		.ascii	"' '-Os' '-fomit-frame-pointer' '-falign-functions=1"
 1142      4F732720 
 1142      272D666F 
 1142      6D69742D 
 1142      6672616D 
 1143 00cc 36272027 		.ascii	"6' '-ffunction-sections' '-fdata-sections' '-fno-co"
 1143      2D666675 
 1143      6E637469 
 1143      6F6E2D73 
 1143      65637469 
 1144 00ff 6D6D6F6E 		.ascii	"mmon' '-flto' '-Xassembler' '-alms=build/lst/hal_wd"
 1144      2720272D 
 1144      666C746F 
 1144      2720272D 
 1144      58617373 
 1145 0132 675F6C6C 		.ascii	"g_lld.lst'\000"
 1145      642E6C73 
 1145      742700
 1146              		.text
 1147              		.comm	__gnu_lto_slim,1,1
 1148              		.ident	"GCC: (GNU Arm Embedded Toolchain 10-2020-q4-major) 10.2.1 20201103 (release)"
ARM GAS  /tmp/cclIfzlH.s 			page 44


DEFINED SYMBOLS
                            *ABS*:0000000000000000 hal_wdg_lld.c
     /tmp/cclIfzlH.s:23     .gnu.debuglto_.debug_info:0000000000000000 hal_wdg_lld.c.f6b984fe
                            *COM*:0000000000000001 __gnu_lto_slim

NO UNDEFINED SYMBOLS
