ARM GAS  /tmp/ccZuV3nN.s 			page 1


   1              		.cpu cortex-m3
   2              		.eabi_attribute 20, 1
   3              		.eabi_attribute 21, 1
   4              		.eabi_attribute 23, 3
   5              		.eabi_attribute 24, 1
   6              		.eabi_attribute 25, 1
   7              		.eabi_attribute 26, 1
   8              		.eabi_attribute 30, 4
   9              		.eabi_attribute 34, 1
  10              		.eabi_attribute 18, 4
  11              		.file	"hal_st.c"
  12              		.section	.gnu.debuglto_.debug_info,"e",%progbits
  13              	.Ldebug_info0:
  14              		.hidden	hal_st.c.33758696
  15              		.weak	hal_st.c.33758696
  16              	hal_st.c.33758696:
  17 0000 75000000 		.4byte	0x75
  18 0004 0400     		.2byte	0x4
  19 0006 00000000 		.4byte	.Ldebug_abbrev0
  20 000a 04       		.byte	0x4
  21 000b 01       		.uleb128 0x1
  22 000c 6A000000 		.4byte	.LASF12
  23 0010 0C       		.byte	0xc
  24 0011 B3010000 		.4byte	.LASF13
  25 0015 74010000 		.4byte	.LASF14
  26 0019 00000000 		.4byte	.Ldebug_line0
  27 001d 02       		.uleb128 0x2
  28 001e 01       		.byte	0x1
  29 001f 06       		.byte	0x6
  30 0020 5C010000 		.4byte	.LASF0
  31 0024 02       		.uleb128 0x2
  32 0025 01       		.byte	0x1
  33 0026 08       		.byte	0x8
  34 0027 44000000 		.4byte	.LASF1
  35 002b 02       		.uleb128 0x2
  36 002c 02       		.byte	0x2
  37 002d 05       		.byte	0x5
  38 002e 60000000 		.4byte	.LASF2
  39 0032 02       		.uleb128 0x2
  40 0033 02       		.byte	0x2
  41 0034 07       		.byte	0x7
  42 0035 49010000 		.4byte	.LASF3
  43 0039 02       		.uleb128 0x2
  44 003a 04       		.byte	0x4
  45 003b 05       		.byte	0x5
  46 003c 57000000 		.4byte	.LASF4
  47 0040 02       		.uleb128 0x2
  48 0041 04       		.byte	0x4
  49 0042 07       		.byte	0x7
  50 0043 1B000000 		.4byte	.LASF5
  51 0047 02       		.uleb128 0x2
  52 0048 08       		.byte	0x8
  53 0049 05       		.byte	0x5
  54 004a 00000000 		.4byte	.LASF6
  55 004e 02       		.uleb128 0x2
  56 004f 08       		.byte	0x8
  57 0050 07       		.byte	0x7
ARM GAS  /tmp/ccZuV3nN.s 			page 2


  58 0051 2D000000 		.4byte	.LASF7
  59 0055 03       		.uleb128 0x3
  60 0056 04       		.byte	0x4
  61 0057 05       		.byte	0x5
  62 0058 696E7400 		.ascii	"int\000"
  63 005c 02       		.uleb128 0x2
  64 005d 04       		.byte	0x4
  65 005e 07       		.byte	0x7
  66 005f 0E000000 		.4byte	.LASF8
  67 0063 02       		.uleb128 0x2
  68 0064 08       		.byte	0x8
  69 0065 04       		.byte	0x4
  70 0066 68010000 		.4byte	.LASF9
  71 006a 02       		.uleb128 0x2
  72 006b 01       		.byte	0x1
  73 006c 08       		.byte	0x8
  74 006d 52000000 		.4byte	.LASF10
  75 0071 02       		.uleb128 0x2
  76 0072 01       		.byte	0x1
  77 0073 02       		.byte	0x2
  78 0074 43010000 		.4byte	.LASF11
  79 0078 00       		.byte	0
  80              		.section	.gnu.debuglto_.debug_abbrev,"e",%progbits
  81              	.Ldebug_abbrev0:
  82 0000 01       		.uleb128 0x1
  83 0001 11       		.uleb128 0x11
  84 0002 01       		.byte	0x1
  85 0003 25       		.uleb128 0x25
  86 0004 0E       		.uleb128 0xe
  87 0005 13       		.uleb128 0x13
  88 0006 0B       		.uleb128 0xb
  89 0007 03       		.uleb128 0x3
  90 0008 0E       		.uleb128 0xe
  91 0009 1B       		.uleb128 0x1b
  92 000a 0E       		.uleb128 0xe
  93 000b 10       		.uleb128 0x10
  94 000c 17       		.uleb128 0x17
  95 000d 00       		.byte	0
  96 000e 00       		.byte	0
  97 000f 02       		.uleb128 0x2
  98 0010 24       		.uleb128 0x24
  99 0011 00       		.byte	0
 100 0012 0B       		.uleb128 0xb
 101 0013 0B       		.uleb128 0xb
 102 0014 3E       		.uleb128 0x3e
 103 0015 0B       		.uleb128 0xb
 104 0016 03       		.uleb128 0x3
 105 0017 0E       		.uleb128 0xe
 106 0018 00       		.byte	0
 107 0019 00       		.byte	0
 108 001a 03       		.uleb128 0x3
 109 001b 24       		.uleb128 0x24
 110 001c 00       		.byte	0
 111 001d 0B       		.uleb128 0xb
 112 001e 0B       		.uleb128 0xb
 113 001f 3E       		.uleb128 0x3e
 114 0020 0B       		.uleb128 0xb
ARM GAS  /tmp/ccZuV3nN.s 			page 3


 115 0021 03       		.uleb128 0x3
 116 0022 08       		.uleb128 0x8
 117 0023 00       		.byte	0
 118 0024 00       		.byte	0
 119 0025 00       		.byte	0
 120              		.section	.gnu.debuglto_.debug_line,"e",%progbits
 121              	.Ldebug_line0:
 122 0000 1A000000 		.4byte	.LELT0-.LSLT0
 123              	.LSLT0:
 124 0004 0400     		.2byte	0x4
 125 0006 14000000 		.4byte	.LELTP0-.LASLTP0
 126              	.LASLTP0:
 127 000a 01       		.byte	0x1
 128 000b 01       		.byte	0x1
 129 000c 01       		.byte	0x1
 130 000d F6       		.byte	0xf6
 131 000e F2       		.byte	0xf2
 132 000f 0D       		.byte	0xd
 133 0010 00       		.byte	0
 134 0011 01       		.byte	0x1
 135 0012 01       		.byte	0x1
 136 0013 01       		.byte	0x1
 137 0014 01       		.byte	0x1
 138 0015 00       		.byte	0
 139 0016 00       		.byte	0
 140 0017 00       		.byte	0
 141 0018 01       		.byte	0x1
 142 0019 00       		.byte	0
 143 001a 00       		.byte	0
 144 001b 01       		.byte	0x1
 145 001c 00       		.byte	0
 146 001d 00       		.byte	0
 147              	.LELTP0:
 148              	.LELT0:
 149              		.section	.gnu.debuglto_.debug_str,"eMS",%progbits,1
 150              	.LASF6:
 151 0000 6C6F6E67 		.ascii	"long long int\000"
 151      206C6F6E 
 151      6720696E 
 151      7400
 152              	.LASF8:
 153 000e 756E7369 		.ascii	"unsigned int\000"
 153      676E6564 
 153      20696E74 
 153      00
 154              	.LASF5:
 155 001b 6C6F6E67 		.ascii	"long unsigned int\000"
 155      20756E73 
 155      69676E65 
 155      6420696E 
 155      7400
 156              	.LASF7:
 157 002d 6C6F6E67 		.ascii	"long long unsigned int\000"
 157      206C6F6E 
 157      6720756E 
 157      7369676E 
 157      65642069 
ARM GAS  /tmp/ccZuV3nN.s 			page 4


 158              	.LASF1:
 159 0044 756E7369 		.ascii	"unsigned char\000"
 159      676E6564 
 159      20636861 
 159      7200
 160              	.LASF10:
 161 0052 63686172 		.ascii	"char\000"
 161      00
 162              	.LASF4:
 163 0057 6C6F6E67 		.ascii	"long int\000"
 163      20696E74 
 163      00
 164              	.LASF2:
 165 0060 73686F72 		.ascii	"short int\000"
 165      7420696E 
 165      7400
 166              	.LASF12:
 167 006a 474E5520 		.ascii	"GNU C17 10.2.1 20201103 (release) -mcpu=cortex-m3 -"
 167      43313720 
 167      31302E32 
 167      2E312032 
 167      30323031 
 168 009d 6D6E6F2D 		.ascii	"mno-thumb-interwork -mthumb -mfloat-abi=soft -march"
 168      7468756D 
 168      622D696E 
 168      74657277 
 168      6F726B20 
 169 00d0 3D61726D 		.ascii	"=armv7-m -ggdb -Os -fomit-frame-pointer -falign-fun"
 169      76372D6D 
 169      202D6767 
 169      6462202D 
 169      4F73202D 
 170 0103 6374696F 		.ascii	"ctions=16 -ffunction-sections -fdata-sections -fno-"
 170      6E733D31 
 170      36202D66 
 170      66756E63 
 170      74696F6E 
 171 0136 636F6D6D 		.ascii	"common -flto\000"
 171      6F6E202D 
 171      666C746F 
 171      00
 172              	.LASF11:
 173 0143 5F426F6F 		.ascii	"_Bool\000"
 173      6C00
 174              	.LASF3:
 175 0149 73686F72 		.ascii	"short unsigned int\000"
 175      7420756E 
 175      7369676E 
 175      65642069 
 175      6E7400
 176              	.LASF0:
 177 015c 7369676E 		.ascii	"signed char\000"
 177      65642063 
 177      68617200 
 178              	.LASF9:
 179 0168 6C6F6E67 		.ascii	"long double\000"
 179      20646F75 
ARM GAS  /tmp/ccZuV3nN.s 			page 5


 179      626C6500 
 180              	.LASF14:
 181 0174 2F686F6D 		.ascii	"/home/matt/hardware/electrosense-converter-firmware"
 181      652F6D61 
 181      74742F68 
 181      61726477 
 181      6172652F 
 182 01a7 56322F66 		.ascii	"V2/firmware\000"
 182      69726D77 
 182      61726500 
 183              	.LASF13:
 184 01b3 2E2E2F43 		.ascii	"../ChibiOS/os/hal/src/hal_st.c\000"
 184      68696269 
 184      4F532F6F 
 184      732F6861 
 184      6C2F7372 
 185              		.text
 186              		.section	.gnu.lto_.profile.f09728752376ebcb,"e",%progbits
 187 0000 789C6362 		.ascii	"x\234cb\000\001\000\000\022\000\003"
 187      00010000 
 187      120003
 188              		.text
 189              		.section	.gnu.lto_.icf.f09728752376ebcb,"e",%progbits
 190 0000 789C6362 		.ascii	"x\234cb@\006\000\000*\000\003"
 190      40060000 
 190      2A0003
 191              		.text
 192              		.section	.gnu.lto_.ipa_sra.f09728752376ebcb,"e",%progbits
 193 0000 789C6362 		.ascii	"x\234cb@\006\000\000*\000\003"
 193      40060000 
 193      2A0003
 194              		.text
 195              		.section	.gnu.lto_.inline.f09728752376ebcb,"e",%progbits
 196 0000 789C6362 		.ascii	"x\234cb@\006\000\000*\000\003"
 196      40060000 
 196      2A0003
 197              		.text
 198              		.section	.gnu.lto_.jmpfuncs.f09728752376ebcb,"e",%progbits
 199 0000 789C6362 		.ascii	"x\234cb@\006\000\000*\000\003"
 199      40060000 
 199      2A0003
 200              		.text
 201              		.section	.gnu.lto_.pureconst.f09728752376ebcb,"e",%progbits
 202 0000 789C6364 		.ascii	"x\234cd\000\002\000\000\012\000\002"
 202      00020000 
 202      0A0002
 203              		.text
 204              		.section	.gnu.lto_.lto.f09728752376ebcb,"e",%progbits
 205 0000 09000200 		.ascii	"\011\000\002\000\001\000\000\000"
 205      01000000 
 206              		.text
 207              		.section	.gnu.lto_.symbol_nodes.f09728752376ebcb,"e",%progbits
 208 0000 789C6362 		.ascii	"x\234cb\000\001\000\000\022\000\003"
 208      00010000 
 208      120003
 209              		.text
 210              		.section	.gnu.lto_.refs.f09728752376ebcb,"e",%progbits
ARM GAS  /tmp/ccZuV3nN.s 			page 6


 211 0000 789C6364 		.ascii	"x\234cd\000\002\000\000\012\000\002"
 211      00020000 
 211      0A0002
 212              		.text
 213              		.section	.gnu.lto_.decls.f09728752376ebcb,"e",%progbits
 214 0000 789C6360 		.ascii	"x\234c````\004b\025 \376\017\004 \366E\006\002\000\000"
 214      60606004 
 214      621520FE 
 214      0F0420F6 
 214      45060200 
 215 0015 BF3204F4 		.ascii	"\2772\004\364"
 216              		.text
 217              		.section	.gnu.lto_.symtab.f09728752376ebcb,"e",%progbits
 218              		.text
 219              		.section	.gnu.lto_.ext_symtab.f09728752376ebcb,"e",%progbits
 220 0000 01       		.ascii	"\001"
 221              		.text
 222              		.section	.gnu.lto_.opts,"e",%progbits
 223 0000 272D666E 		.ascii	"'-fno-openmp' '-fno-openacc' '-fno-pie' '-fcf-prote"
 223      6F2D6F70 
 223      656E6D70 
 223      2720272D 
 223      666E6F2D 
 224 0033 6374696F 		.ascii	"ction=none' '-g' '-mcpu=cortex-m3' '-mno-thumb-inte"
 224      6E3D6E6F 
 224      6E652720 
 224      272D6727 
 224      20272D6D 
 225 0066 72776F72 		.ascii	"rwork' '-mthumb' '-mfloat-abi=soft' '-march=armv7-m"
 225      6B272027 
 225      2D6D7468 
 225      756D6227 
 225      20272D6D 
 226 0099 2720272D 		.ascii	"' '-Os' '-fomit-frame-pointer' '-falign-functions=1"
 226      4F732720 
 226      272D666F 
 226      6D69742D 
 226      6672616D 
 227 00cc 36272027 		.ascii	"6' '-ffunction-sections' '-fdata-sections' '-fno-co"
 227      2D666675 
 227      6E637469 
 227      6F6E2D73 
 227      65637469 
 228 00ff 6D6D6F6E 		.ascii	"mmon' '-flto' '-Xassembler' '-alms=build/lst/hal_st"
 228      2720272D 
 228      666C746F 
 228      2720272D 
 228      58617373 
 229 0132 2E6C7374 		.ascii	".lst'\000"
 229      2700
 230              		.text
 231              		.comm	__gnu_lto_slim,1,1
 232              		.ident	"GCC: (GNU Arm Embedded Toolchain 10-2020-q4-major) 10.2.1 20201103 (release)"
ARM GAS  /tmp/ccZuV3nN.s 			page 7


DEFINED SYMBOLS
                            *ABS*:0000000000000000 hal_st.c
     /tmp/ccZuV3nN.s:16     .gnu.debuglto_.debug_info:0000000000000000 hal_st.c.33758696
                            *COM*:0000000000000001 __gnu_lto_slim

NO UNDEFINED SYMBOLS
