ARM GAS  /tmp/ccnKSzCs.s 			page 1


   1              		.cpu cortex-m3
   2              		.eabi_attribute 20, 1
   3              		.eabi_attribute 21, 1
   4              		.eabi_attribute 23, 3
   5              		.eabi_attribute 24, 1
   6              		.eabi_attribute 25, 1
   7              		.eabi_attribute 26, 1
   8              		.eabi_attribute 30, 4
   9              		.eabi_attribute 34, 1
  10              		.eabi_attribute 18, 4
  11              		.file	"hal_lld.c"
  12              		.file 1 "/home/matt/gcc-arm-none-eabi-10-2020-q4-major/arm-none-eabi/include/machine/_default_type
  13              		.file 2 "/home/matt/gcc-arm-none-eabi-10-2020-q4-major/arm-none-eabi/include/sys/_stdint.h"
  14              		.file 3 "../ChibiOS/os/common/ext/CMSIS/ST/STM32F1xx/stm32f103xb.h"
  15              		.file 4 "/home/matt/gcc-arm-none-eabi-10-2020-q4-major/lib/gcc/arm-none-eabi/10.2.1/include/stddef
  16              		.file 5 "../ChibiOS/os/hal/ports/STM32/STM32F1xx/hal_lld.c"
  17              		.file 6 "../ChibiOS/os/common/ext/CMSIS/ST/STM32F1xx/system_stm32f1xx.h"
  18              		.section	.gnu.debuglto_.debug_info,"e",%progbits
  19              	.Ldebug_info0:
  20              		.hidden	hal_lld.c.8cc7aa8f
  21              		.weak	hal_lld.c.8cc7aa8f
  22              	hal_lld.c.8cc7aa8f:
  23 0000 33020000 		.4byte	0x233
  24 0004 0400     		.2byte	0x4
  25 0006 00000000 		.4byte	.Ldebug_abbrev0
  26 000a 04       		.byte	0x4
  27 000b 01       		.uleb128 0x1
  28 000c D0000000 		.4byte	.LASF31
  29 0010 0C       		.byte	0xc
  30 0011 0A020000 		.4byte	.LASF32
  31 0015 39000000 		.4byte	.LASF33
  32 0019 00000000 		.4byte	.Ldebug_line0
  33 001d 02       		.uleb128 0x2
  34 001e 01       		.byte	0x1
  35 001f 06       		.byte	0x6
  36 0020 AB020000 		.4byte	.LASF0
  37 0024 02       		.uleb128 0x2
  38 0025 01       		.byte	0x1
  39 0026 08       		.byte	0x8
  40 0027 9D000000 		.4byte	.LASF1
  41 002b 02       		.uleb128 0x2
  42 002c 02       		.byte	0x2
  43 002d 05       		.byte	0x5
  44 002e 66020000 		.4byte	.LASF2
  45 0032 02       		.uleb128 0x2
  46 0033 02       		.byte	0x2
  47 0034 07       		.byte	0x7
  48 0035 BD000000 		.4byte	.LASF3
  49 0039 02       		.uleb128 0x2
  50 003a 04       		.byte	0x4
  51 003b 05       		.byte	0x5
  52 003c 96020000 		.4byte	.LASF4
  53 0040 03       		.uleb128 0x3
  54 0041 C6010000 		.4byte	.LASF9
  55 0045 01       		.byte	0x1
  56 0046 4F       		.byte	0x4f
  57 0047 19       		.byte	0x19
ARM GAS  /tmp/ccnKSzCs.s 			page 2


  58 0048 4C000000 		.4byte	0x4c
  59 004c 02       		.uleb128 0x2
  60 004d 04       		.byte	0x4
  61 004e 07       		.byte	0x7
  62 004f AB000000 		.4byte	.LASF5
  63 0053 02       		.uleb128 0x2
  64 0054 08       		.byte	0x8
  65 0055 05       		.byte	0x5
  66 0056 00000000 		.4byte	.LASF6
  67 005a 02       		.uleb128 0x2
  68 005b 08       		.byte	0x8
  69 005c 07       		.byte	0x7
  70 005d 7D000000 		.4byte	.LASF7
  71 0061 04       		.uleb128 0x4
  72 0062 04       		.byte	0x4
  73 0063 05       		.byte	0x5
  74 0064 696E7400 		.ascii	"int\000"
  75 0068 02       		.uleb128 0x2
  76 0069 04       		.byte	0x4
  77 006a 07       		.byte	0x7
  78 006b FD010000 		.4byte	.LASF8
  79 006f 03       		.uleb128 0x3
  80 0070 8D020000 		.4byte	.LASF10
  81 0074 02       		.byte	0x2
  82 0075 30       		.byte	0x30
  83 0076 14       		.byte	0x14
  84 0077 40000000 		.4byte	0x40
  85 007b 05       		.uleb128 0x5
  86 007c 6F000000 		.4byte	0x6f
  87 0080 06       		.uleb128 0x6
  88 0081 49020000 		.4byte	.LASF34
  89 0085 06       		.byte	0x6
  90 0086 45       		.byte	0x45
  91 0087 11       		.byte	0x11
  92 0088 6F000000 		.4byte	0x6f
  93 008c 07       		.uleb128 0x7
  94 008d 24       		.byte	0x24
  95 008e 03       		.byte	0x3
  96 008f 5801     		.2byte	0x158
  97 0091 09       		.byte	0x9
  98 0092 12010000 		.4byte	0x112
  99 0096 08       		.uleb128 0x8
 100 0097 41435200 		.ascii	"ACR\000"
 101 009b 03       		.byte	0x3
 102 009c 5A01     		.2byte	0x15a
 103 009e 11       		.byte	0x11
 104 009f 7B000000 		.4byte	0x7b
 105 00a3 00       		.byte	0
 106 00a4 09       		.uleb128 0x9
 107 00a5 1F000000 		.4byte	.LASF11
 108 00a9 03       		.byte	0x3
 109 00aa 5B01     		.2byte	0x15b
 110 00ac 11       		.byte	0x11
 111 00ad 7B000000 		.4byte	0x7b
 112 00b1 04       		.byte	0x4
 113 00b2 09       		.uleb128 0x9
 114 00b3 A9010000 		.4byte	.LASF12
ARM GAS  /tmp/ccnKSzCs.s 			page 3


 115 00b7 03       		.byte	0x3
 116 00b8 5C01     		.2byte	0x15c
 117 00ba 11       		.byte	0x11
 118 00bb 7B000000 		.4byte	0x7b
 119 00bf 08       		.byte	0x8
 120 00c0 08       		.uleb128 0x8
 121 00c1 535200   		.ascii	"SR\000"
 122 00c4 03       		.byte	0x3
 123 00c5 5D01     		.2byte	0x15d
 124 00c7 11       		.byte	0x11
 125 00c8 7B000000 		.4byte	0x7b
 126 00cc 0C       		.byte	0xc
 127 00cd 08       		.uleb128 0x8
 128 00ce 435200   		.ascii	"CR\000"
 129 00d1 03       		.byte	0x3
 130 00d2 5E01     		.2byte	0x15e
 131 00d4 11       		.byte	0x11
 132 00d5 7B000000 		.4byte	0x7b
 133 00d9 10       		.byte	0x10
 134 00da 08       		.uleb128 0x8
 135 00db 415200   		.ascii	"AR\000"
 136 00de 03       		.byte	0x3
 137 00df 5F01     		.2byte	0x15f
 138 00e1 11       		.byte	0x11
 139 00e2 7B000000 		.4byte	0x7b
 140 00e6 14       		.byte	0x14
 141 00e7 09       		.uleb128 0x9
 142 00e8 BD010000 		.4byte	.LASF13
 143 00ec 03       		.byte	0x3
 144 00ed 6001     		.2byte	0x160
 145 00ef 11       		.byte	0x11
 146 00f0 7B000000 		.4byte	0x7b
 147 00f4 18       		.byte	0x18
 148 00f5 08       		.uleb128 0x8
 149 00f6 4F425200 		.ascii	"OBR\000"
 150 00fa 03       		.byte	0x3
 151 00fb 6101     		.2byte	0x161
 152 00fd 11       		.byte	0x11
 153 00fe 7B000000 		.4byte	0x7b
 154 0102 1C       		.byte	0x1c
 155 0103 09       		.uleb128 0x9
 156 0104 78000000 		.4byte	.LASF14
 157 0108 03       		.byte	0x3
 158 0109 6201     		.2byte	0x162
 159 010b 11       		.byte	0x11
 160 010c 7B000000 		.4byte	0x7b
 161 0110 20       		.byte	0x20
 162 0111 00       		.byte	0
 163 0112 0A       		.uleb128 0xa
 164 0113 24000000 		.4byte	.LASF15
 165 0117 03       		.byte	0x3
 166 0118 6301     		.2byte	0x163
 167 011a 03       		.byte	0x3
 168 011b 8C000000 		.4byte	0x8c
 169 011f 07       		.uleb128 0x7
 170 0120 08       		.byte	0x8
 171 0121 03       		.byte	0x3
ARM GAS  /tmp/ccnKSzCs.s 			page 4


 172 0122 B101     		.2byte	0x1b1
 173 0124 09       		.byte	0x9
 174 0125 45010000 		.4byte	0x145
 175 0129 08       		.uleb128 0x8
 176 012a 435200   		.ascii	"CR\000"
 177 012d 03       		.byte	0x3
 178 012e B301     		.2byte	0x1b3
 179 0130 11       		.byte	0x11
 180 0131 7B000000 		.4byte	0x7b
 181 0135 00       		.byte	0
 182 0136 08       		.uleb128 0x8
 183 0137 43535200 		.ascii	"CSR\000"
 184 013b 03       		.byte	0x3
 185 013c B401     		.2byte	0x1b4
 186 013e 11       		.byte	0x11
 187 013f 7B000000 		.4byte	0x7b
 188 0143 04       		.byte	0x4
 189 0144 00       		.byte	0
 190 0145 0A       		.uleb128 0xa
 191 0146 B1010000 		.4byte	.LASF16
 192 014a 03       		.byte	0x3
 193 014b B501     		.2byte	0x1b5
 194 014d 03       		.byte	0x3
 195 014e 1F010000 		.4byte	0x11f
 196 0152 07       		.uleb128 0x7
 197 0153 28       		.byte	0x28
 198 0154 03       		.byte	0x3
 199 0155 BB01     		.2byte	0x1bb
 200 0157 09       		.byte	0x9
 201 0158 E8010000 		.4byte	0x1e8
 202 015c 08       		.uleb128 0x8
 203 015d 435200   		.ascii	"CR\000"
 204 0160 03       		.byte	0x3
 205 0161 BD01     		.2byte	0x1bd
 206 0163 11       		.byte	0x11
 207 0164 7B000000 		.4byte	0x7b
 208 0168 00       		.byte	0
 209 0169 09       		.uleb128 0x9
 210 016a 1A000000 		.4byte	.LASF17
 211 016e 03       		.byte	0x3
 212 016f BE01     		.2byte	0x1be
 213 0171 11       		.byte	0x11
 214 0172 7B000000 		.4byte	0x7b
 215 0176 04       		.byte	0x4
 216 0177 08       		.uleb128 0x8
 217 0178 43495200 		.ascii	"CIR\000"
 218 017c 03       		.byte	0x3
 219 017d BF01     		.2byte	0x1bf
 220 017f 11       		.byte	0x11
 221 0180 7B000000 		.4byte	0x7b
 222 0184 08       		.byte	0x8
 223 0185 09       		.uleb128 0x9
 224 0186 F4010000 		.4byte	.LASF18
 225 018a 03       		.byte	0x3
 226 018b C001     		.2byte	0x1c0
 227 018d 11       		.byte	0x11
 228 018e 7B000000 		.4byte	0x7b
ARM GAS  /tmp/ccnKSzCs.s 			page 5


 229 0192 0C       		.byte	0xc
 230 0193 09       		.uleb128 0x9
 231 0194 94000000 		.4byte	.LASF19
 232 0198 03       		.byte	0x3
 233 0199 C101     		.2byte	0x1c1
 234 019b 11       		.byte	0x11
 235 019c 7B000000 		.4byte	0x7b
 236 01a0 10       		.byte	0x10
 237 01a1 09       		.uleb128 0x9
 238 01a2 32000000 		.4byte	.LASF20
 239 01a6 03       		.byte	0x3
 240 01a7 C201     		.2byte	0x1c2
 241 01a9 11       		.byte	0x11
 242 01aa 7B000000 		.4byte	0x7b
 243 01ae 14       		.byte	0x14
 244 01af 09       		.uleb128 0x9
 245 01b0 41020000 		.4byte	.LASF21
 246 01b4 03       		.byte	0x3
 247 01b5 C301     		.2byte	0x1c3
 248 01b7 11       		.byte	0x11
 249 01b8 7B000000 		.4byte	0x7b
 250 01bc 18       		.byte	0x18
 251 01bd 09       		.uleb128 0x9
 252 01be EC010000 		.4byte	.LASF22
 253 01c2 03       		.byte	0x3
 254 01c3 C401     		.2byte	0x1c4
 255 01c5 11       		.byte	0x11
 256 01c6 7B000000 		.4byte	0x7b
 257 01ca 1C       		.byte	0x1c
 258 01cb 09       		.uleb128 0x9
 259 01cc 0E000000 		.4byte	.LASF23
 260 01d0 03       		.byte	0x3
 261 01d1 C501     		.2byte	0x1c5
 262 01d3 11       		.byte	0x11
 263 01d4 7B000000 		.4byte	0x7b
 264 01d8 20       		.byte	0x20
 265 01d9 08       		.uleb128 0x8
 266 01da 43535200 		.ascii	"CSR\000"
 267 01de 03       		.byte	0x3
 268 01df C601     		.2byte	0x1c6
 269 01e1 11       		.byte	0x11
 270 01e2 7B000000 		.4byte	0x7b
 271 01e6 24       		.byte	0x24
 272 01e7 00       		.byte	0
 273 01e8 0A       		.uleb128 0xa
 274 01e9 81020000 		.4byte	.LASF24
 275 01ed 03       		.byte	0x3
 276 01ee C901     		.2byte	0x1c9
 277 01f0 03       		.byte	0x3
 278 01f1 52010000 		.4byte	0x152
 279 01f5 03       		.uleb128 0x3
 280 01f6 13000000 		.4byte	.LASF25
 281 01fa 04       		.byte	0x4
 282 01fb D1       		.byte	0xd1
 283 01fc 17       		.byte	0x17
 284 01fd 68000000 		.4byte	0x68
 285 0201 02       		.uleb128 0x2
ARM GAS  /tmp/ccnKSzCs.s 			page 6


 286 0202 08       		.byte	0x8
 287 0203 04       		.byte	0x4
 288 0204 9F020000 		.4byte	.LASF26
 289 0208 02       		.uleb128 0x2
 290 0209 01       		.byte	0x1
 291 020a 08       		.byte	0x8
 292 020b 3C020000 		.4byte	.LASF27
 293 020f 02       		.uleb128 0x2
 294 0210 01       		.byte	0x1
 295 0211 02       		.byte	0x2
 296 0212 B7020000 		.4byte	.LASF28
 297 0216 0B       		.uleb128 0xb
 298 0217 80000000 		.4byte	0x80
 299 021b 05       		.byte	0x5
 300 021c 27       		.byte	0x27
 301 021d 0A       		.byte	0xa
 302 021e 0C       		.uleb128 0xc
 303 021f 70020000 		.4byte	.LASF29
 304 0223 05       		.byte	0x5
 305 0224 A9       		.byte	0xa9
 306 0225 06       		.byte	0x6
 307 0226 0C       		.uleb128 0xc
 308 0227 59020000 		.4byte	.LASF30
 309 022b 05       		.byte	0x5
 310 022c 84       		.byte	0x84
 311 022d 06       		.byte	0x6
 312 022e 0D       		.uleb128 0xd
 313 022f D1010000 		.4byte	.LASF35
 314 0233 05       		.byte	0x5
 315 0234 36       		.byte	0x36
 316 0235 0D       		.byte	0xd
 317 0236 00       		.byte	0
 318              		.section	.gnu.debuglto_.debug_abbrev,"e",%progbits
 319              	.Ldebug_abbrev0:
 320 0000 01       		.uleb128 0x1
 321 0001 11       		.uleb128 0x11
 322 0002 01       		.byte	0x1
 323 0003 25       		.uleb128 0x25
 324 0004 0E       		.uleb128 0xe
 325 0005 13       		.uleb128 0x13
 326 0006 0B       		.uleb128 0xb
 327 0007 03       		.uleb128 0x3
 328 0008 0E       		.uleb128 0xe
 329 0009 1B       		.uleb128 0x1b
 330 000a 0E       		.uleb128 0xe
 331 000b 10       		.uleb128 0x10
 332 000c 17       		.uleb128 0x17
 333 000d 00       		.byte	0
 334 000e 00       		.byte	0
 335 000f 02       		.uleb128 0x2
 336 0010 24       		.uleb128 0x24
 337 0011 00       		.byte	0
 338 0012 0B       		.uleb128 0xb
 339 0013 0B       		.uleb128 0xb
 340 0014 3E       		.uleb128 0x3e
 341 0015 0B       		.uleb128 0xb
 342 0016 03       		.uleb128 0x3
ARM GAS  /tmp/ccnKSzCs.s 			page 7


 343 0017 0E       		.uleb128 0xe
 344 0018 00       		.byte	0
 345 0019 00       		.byte	0
 346 001a 03       		.uleb128 0x3
 347 001b 16       		.uleb128 0x16
 348 001c 00       		.byte	0
 349 001d 03       		.uleb128 0x3
 350 001e 0E       		.uleb128 0xe
 351 001f 3A       		.uleb128 0x3a
 352 0020 0B       		.uleb128 0xb
 353 0021 3B       		.uleb128 0x3b
 354 0022 0B       		.uleb128 0xb
 355 0023 39       		.uleb128 0x39
 356 0024 0B       		.uleb128 0xb
 357 0025 49       		.uleb128 0x49
 358 0026 13       		.uleb128 0x13
 359 0027 00       		.byte	0
 360 0028 00       		.byte	0
 361 0029 04       		.uleb128 0x4
 362 002a 24       		.uleb128 0x24
 363 002b 00       		.byte	0
 364 002c 0B       		.uleb128 0xb
 365 002d 0B       		.uleb128 0xb
 366 002e 3E       		.uleb128 0x3e
 367 002f 0B       		.uleb128 0xb
 368 0030 03       		.uleb128 0x3
 369 0031 08       		.uleb128 0x8
 370 0032 00       		.byte	0
 371 0033 00       		.byte	0
 372 0034 05       		.uleb128 0x5
 373 0035 35       		.uleb128 0x35
 374 0036 00       		.byte	0
 375 0037 49       		.uleb128 0x49
 376 0038 13       		.uleb128 0x13
 377 0039 00       		.byte	0
 378 003a 00       		.byte	0
 379 003b 06       		.uleb128 0x6
 380 003c 34       		.uleb128 0x34
 381 003d 00       		.byte	0
 382 003e 03       		.uleb128 0x3
 383 003f 0E       		.uleb128 0xe
 384 0040 3A       		.uleb128 0x3a
 385 0041 0B       		.uleb128 0xb
 386 0042 3B       		.uleb128 0x3b
 387 0043 0B       		.uleb128 0xb
 388 0044 39       		.uleb128 0x39
 389 0045 0B       		.uleb128 0xb
 390 0046 49       		.uleb128 0x49
 391 0047 13       		.uleb128 0x13
 392 0048 3F       		.uleb128 0x3f
 393 0049 19       		.uleb128 0x19
 394 004a 3C       		.uleb128 0x3c
 395 004b 19       		.uleb128 0x19
 396 004c 00       		.byte	0
 397 004d 00       		.byte	0
 398 004e 07       		.uleb128 0x7
 399 004f 13       		.uleb128 0x13
ARM GAS  /tmp/ccnKSzCs.s 			page 8


 400 0050 01       		.byte	0x1
 401 0051 0B       		.uleb128 0xb
 402 0052 0B       		.uleb128 0xb
 403 0053 3A       		.uleb128 0x3a
 404 0054 0B       		.uleb128 0xb
 405 0055 3B       		.uleb128 0x3b
 406 0056 05       		.uleb128 0x5
 407 0057 39       		.uleb128 0x39
 408 0058 0B       		.uleb128 0xb
 409 0059 01       		.uleb128 0x1
 410 005a 13       		.uleb128 0x13
 411 005b 00       		.byte	0
 412 005c 00       		.byte	0
 413 005d 08       		.uleb128 0x8
 414 005e 0D       		.uleb128 0xd
 415 005f 00       		.byte	0
 416 0060 03       		.uleb128 0x3
 417 0061 08       		.uleb128 0x8
 418 0062 3A       		.uleb128 0x3a
 419 0063 0B       		.uleb128 0xb
 420 0064 3B       		.uleb128 0x3b
 421 0065 05       		.uleb128 0x5
 422 0066 39       		.uleb128 0x39
 423 0067 0B       		.uleb128 0xb
 424 0068 49       		.uleb128 0x49
 425 0069 13       		.uleb128 0x13
 426 006a 38       		.uleb128 0x38
 427 006b 0B       		.uleb128 0xb
 428 006c 00       		.byte	0
 429 006d 00       		.byte	0
 430 006e 09       		.uleb128 0x9
 431 006f 0D       		.uleb128 0xd
 432 0070 00       		.byte	0
 433 0071 03       		.uleb128 0x3
 434 0072 0E       		.uleb128 0xe
 435 0073 3A       		.uleb128 0x3a
 436 0074 0B       		.uleb128 0xb
 437 0075 3B       		.uleb128 0x3b
 438 0076 05       		.uleb128 0x5
 439 0077 39       		.uleb128 0x39
 440 0078 0B       		.uleb128 0xb
 441 0079 49       		.uleb128 0x49
 442 007a 13       		.uleb128 0x13
 443 007b 38       		.uleb128 0x38
 444 007c 0B       		.uleb128 0xb
 445 007d 00       		.byte	0
 446 007e 00       		.byte	0
 447 007f 0A       		.uleb128 0xa
 448 0080 16       		.uleb128 0x16
 449 0081 00       		.byte	0
 450 0082 03       		.uleb128 0x3
 451 0083 0E       		.uleb128 0xe
 452 0084 3A       		.uleb128 0x3a
 453 0085 0B       		.uleb128 0xb
 454 0086 3B       		.uleb128 0x3b
 455 0087 05       		.uleb128 0x5
 456 0088 39       		.uleb128 0x39
ARM GAS  /tmp/ccnKSzCs.s 			page 9


 457 0089 0B       		.uleb128 0xb
 458 008a 49       		.uleb128 0x49
 459 008b 13       		.uleb128 0x13
 460 008c 00       		.byte	0
 461 008d 00       		.byte	0
 462 008e 0B       		.uleb128 0xb
 463 008f 34       		.uleb128 0x34
 464 0090 00       		.byte	0
 465 0091 47       		.uleb128 0x47
 466 0092 13       		.uleb128 0x13
 467 0093 3A       		.uleb128 0x3a
 468 0094 0B       		.uleb128 0xb
 469 0095 3B       		.uleb128 0x3b
 470 0096 0B       		.uleb128 0xb
 471 0097 39       		.uleb128 0x39
 472 0098 0B       		.uleb128 0xb
 473 0099 00       		.byte	0
 474 009a 00       		.byte	0
 475 009b 0C       		.uleb128 0xc
 476 009c 2E       		.uleb128 0x2e
 477 009d 00       		.byte	0
 478 009e 3F       		.uleb128 0x3f
 479 009f 19       		.uleb128 0x19
 480 00a0 03       		.uleb128 0x3
 481 00a1 0E       		.uleb128 0xe
 482 00a2 3A       		.uleb128 0x3a
 483 00a3 0B       		.uleb128 0xb
 484 00a4 3B       		.uleb128 0x3b
 485 00a5 0B       		.uleb128 0xb
 486 00a6 39       		.uleb128 0x39
 487 00a7 0B       		.uleb128 0xb
 488 00a8 27       		.uleb128 0x27
 489 00a9 19       		.uleb128 0x19
 490 00aa 00       		.byte	0
 491 00ab 00       		.byte	0
 492 00ac 0D       		.uleb128 0xd
 493 00ad 2E       		.uleb128 0x2e
 494 00ae 00       		.byte	0
 495 00af 03       		.uleb128 0x3
 496 00b0 0E       		.uleb128 0xe
 497 00b1 3A       		.uleb128 0x3a
 498 00b2 0B       		.uleb128 0xb
 499 00b3 3B       		.uleb128 0x3b
 500 00b4 0B       		.uleb128 0xb
 501 00b5 39       		.uleb128 0x39
 502 00b6 0B       		.uleb128 0xb
 503 00b7 27       		.uleb128 0x27
 504 00b8 19       		.uleb128 0x19
 505 00b9 00       		.byte	0
 506 00ba 00       		.byte	0
 507 00bb 00       		.byte	0
 508              		.section	.gnu.debuglto_.debug_line,"e",%progbits
 509              	.Ldebug_line0:
 510 0000 B6010000 		.4byte	.LELT0-.LSLT0
 511              	.LSLT0:
 512 0004 0400     		.2byte	0x4
 513 0006 B0010000 		.4byte	.LELTP0-.LASLTP0
ARM GAS  /tmp/ccnKSzCs.s 			page 10


 514              	.LASLTP0:
 515 000a 01       		.byte	0x1
 516 000b 01       		.byte	0x1
 517 000c 01       		.byte	0x1
 518 000d F6       		.byte	0xf6
 519 000e F2       		.byte	0xf2
 520 000f 0D       		.byte	0xd
 521 0010 00       		.byte	0
 522 0011 01       		.byte	0x1
 523 0012 01       		.byte	0x1
 524 0013 01       		.byte	0x1
 525 0014 01       		.byte	0x1
 526 0015 00       		.byte	0
 527 0016 00       		.byte	0
 528 0017 00       		.byte	0
 529 0018 01       		.byte	0x1
 530 0019 00       		.byte	0
 531 001a 00       		.byte	0
 532 001b 01       		.byte	0x1
 533 001c 2E2E2F43 		.ascii	"../ChibiOS/os/common/ext/CMSIS/ST/STM32F1xx"
 533      68696269 
 533      4F532F6F 
 533      732F636F 
 533      6D6D6F6E 
 534 0047 00       		.byte	0
 535 0048 2E2E2F43 		.ascii	"../ChibiOS/os/hal/ports/STM32/STM32F1xx"
 535      68696269 
 535      4F532F6F 
 535      732F6861 
 535      6C2F706F 
 536 006f 00       		.byte	0
 537 0070 2F686F6D 		.ascii	"/home/matt/gcc-arm-none-eabi-10-2020-q4-major/arm-n"
 537      652F6D61 
 537      74742F67 
 537      63632D61 
 537      726D2D6E 
 538 00a3 6F6E652D 		.ascii	"one-eabi/include/machine"
 538      65616269 
 538      2F696E63 
 538      6C756465 
 538      2F6D6163 
 539 00bb 00       		.byte	0
 540 00bc 2F686F6D 		.ascii	"/home/matt/gcc-arm-none-eabi-10-2020-q4-major/arm-n"
 540      652F6D61 
 540      74742F67 
 540      63632D61 
 540      726D2D6E 
 541 00ef 6F6E652D 		.ascii	"one-eabi/include/sys"
 541      65616269 
 541      2F696E63 
 541      6C756465 
 541      2F737973 
 542 0103 00       		.byte	0
 543 0104 2F686F6D 		.ascii	"/home/matt/gcc-arm-none-eabi-10-2020-q4-major/lib/g"
 543      652F6D61 
 543      74742F67 
 543      63632D61 
ARM GAS  /tmp/ccnKSzCs.s 			page 11


 543      726D2D6E 
 544 0137 63632F61 		.ascii	"cc/arm-none-eabi/10.2.1/include"
 544      726D2D6E 
 544      6F6E652D 
 544      65616269 
 544      2F31302E 
 545 0156 00       		.byte	0
 546 0157 00       		.byte	0
 547 0158 5F646566 		.ascii	"_default_types.h\000"
 547      61756C74 
 547      5F747970 
 547      65732E68 
 547      00
 548 0169 03       		.uleb128 0x3
 549 016a 00       		.uleb128 0
 550 016b 00       		.uleb128 0
 551 016c 5F737464 		.ascii	"_stdint.h\000"
 551      696E742E 
 551      6800
 552 0176 04       		.uleb128 0x4
 553 0177 00       		.uleb128 0
 554 0178 00       		.uleb128 0
 555 0179 73746D33 		.ascii	"stm32f103xb.h\000"
 555      32663130 
 555      3378622E 
 555      6800
 556 0187 01       		.uleb128 0x1
 557 0188 00       		.uleb128 0
 558 0189 00       		.uleb128 0
 559 018a 73746464 		.ascii	"stddef.h\000"
 559      65662E68 
 559      00
 560 0193 05       		.uleb128 0x5
 561 0194 00       		.uleb128 0
 562 0195 00       		.uleb128 0
 563 0196 68616C5F 		.ascii	"hal_lld.c\000"
 563      6C6C642E 
 563      6300
 564 01a0 02       		.uleb128 0x2
 565 01a1 00       		.uleb128 0
 566 01a2 00       		.uleb128 0
 567 01a3 73797374 		.ascii	"system_stm32f1xx.h\000"
 567      656D5F73 
 567      746D3332 
 567      66317878 
 567      2E6800
 568 01b6 01       		.uleb128 0x1
 569 01b7 00       		.uleb128 0
 570 01b8 00       		.uleb128 0
 571 01b9 00       		.byte	0
 572              	.LELTP0:
 573              	.LELT0:
 574              		.section	.gnu.debuglto_.debug_str,"eMS",%progbits,1
 575              	.LASF6:
 576 0000 6C6F6E67 		.ascii	"long long int\000"
 576      206C6F6E 
 576      6720696E 
ARM GAS  /tmp/ccnKSzCs.s 			page 12


 576      7400
 577              	.LASF23:
 578 000e 42444352 		.ascii	"BDCR\000"
 578      00
 579              	.LASF25:
 580 0013 73697A65 		.ascii	"size_t\000"
 580      5F7400
 581              	.LASF17:
 582 001a 43464752 		.ascii	"CFGR\000"
 582      00
 583              	.LASF11:
 584 001f 4B455952 		.ascii	"KEYR\000"
 584      00
 585              	.LASF15:
 586 0024 464C4153 		.ascii	"FLASH_TypeDef\000"
 586      485F5479 
 586      70654465 
 586      6600
 587              	.LASF20:
 588 0032 41484245 		.ascii	"AHBENR\000"
 588      4E5200
 589              	.LASF33:
 590 0039 2F686F6D 		.ascii	"/home/matt/hardware/electrosense-converter-firmware"
 590      652F6D61 
 590      74742F68 
 590      61726477 
 590      6172652F 
 591 006c 56322F66 		.ascii	"V2/firmware\000"
 591      69726D77 
 591      61726500 
 592              	.LASF14:
 593 0078 57525052 		.ascii	"WRPR\000"
 593      00
 594              	.LASF7:
 595 007d 6C6F6E67 		.ascii	"long long unsigned int\000"
 595      206C6F6E 
 595      6720756E 
 595      7369676E 
 595      65642069 
 596              	.LASF19:
 597 0094 41504231 		.ascii	"APB1RSTR\000"
 597      52535452 
 597      00
 598              	.LASF1:
 599 009d 756E7369 		.ascii	"unsigned char\000"
 599      676E6564 
 599      20636861 
 599      7200
 600              	.LASF5:
 601 00ab 6C6F6E67 		.ascii	"long unsigned int\000"
 601      20756E73 
 601      69676E65 
 601      6420696E 
 601      7400
 602              	.LASF3:
 603 00bd 73686F72 		.ascii	"short unsigned int\000"
 603      7420756E 
ARM GAS  /tmp/ccnKSzCs.s 			page 13


 603      7369676E 
 603      65642069 
 603      6E7400
 604              	.LASF31:
 605 00d0 474E5520 		.ascii	"GNU C17 10.2.1 20201103 (release) -mcpu=cortex-m3 -"
 605      43313720 
 605      31302E32 
 605      2E312032 
 605      30323031 
 606 0103 6D6E6F2D 		.ascii	"mno-thumb-interwork -mthumb -mfloat-abi=soft -march"
 606      7468756D 
 606      622D696E 
 606      74657277 
 606      6F726B20 
 607 0136 3D61726D 		.ascii	"=armv7-m -ggdb -Os -fomit-frame-pointer -falign-fun"
 607      76372D6D 
 607      202D6767 
 607      6462202D 
 607      4F73202D 
 608 0169 6374696F 		.ascii	"ctions=16 -ffunction-sections -fdata-sections -fno-"
 608      6E733D31 
 608      36202D66 
 608      66756E63 
 608      74696F6E 
 609 019c 636F6D6D 		.ascii	"common -flto\000"
 609      6F6E202D 
 609      666C746F 
 609      00
 610              	.LASF12:
 611 01a9 4F50544B 		.ascii	"OPTKEYR\000"
 611      45595200 
 612              	.LASF16:
 613 01b1 5057525F 		.ascii	"PWR_TypeDef\000"
 613      54797065 
 613      44656600 
 614              	.LASF13:
 615 01bd 52455345 		.ascii	"RESERVED\000"
 615      52564544 
 615      00
 616              	.LASF9:
 617 01c6 5F5F7569 		.ascii	"__uint32_t\000"
 617      6E743332 
 617      5F7400
 618              	.LASF35:
 619 01d1 68616C5F 		.ascii	"hal_lld_backup_domain_init\000"
 619      6C6C645F 
 619      6261636B 
 619      75705F64 
 619      6F6D6169 
 620              	.LASF22:
 621 01ec 41504231 		.ascii	"APB1ENR\000"
 621      454E5200 
 622              	.LASF18:
 623 01f4 41504232 		.ascii	"APB2RSTR\000"
 623      52535452 
 623      00
 624              	.LASF8:
ARM GAS  /tmp/ccnKSzCs.s 			page 14


 625 01fd 756E7369 		.ascii	"unsigned int\000"
 625      676E6564 
 625      20696E74 
 625      00
 626              	.LASF32:
 627 020a 2E2E2F43 		.ascii	"../ChibiOS/os/hal/ports/STM32/STM32F1xx/hal_lld.c\000"
 627      68696269 
 627      4F532F6F 
 627      732F6861 
 627      6C2F706F 
 628              	.LASF27:
 629 023c 63686172 		.ascii	"char\000"
 629      00
 630              	.LASF21:
 631 0241 41504232 		.ascii	"APB2ENR\000"
 631      454E5200 
 632              	.LASF34:
 633 0249 53797374 		.ascii	"SystemCoreClock\000"
 633      656D436F 
 633      7265436C 
 633      6F636B00 
 634              	.LASF30:
 635 0259 68616C5F 		.ascii	"hal_lld_init\000"
 635      6C6C645F 
 635      696E6974 
 635      00
 636              	.LASF2:
 637 0266 73686F72 		.ascii	"short int\000"
 637      7420696E 
 637      7400
 638              	.LASF29:
 639 0270 73746D33 		.ascii	"stm32_clock_init\000"
 639      325F636C 
 639      6F636B5F 
 639      696E6974 
 639      00
 640              	.LASF24:
 641 0281 5243435F 		.ascii	"RCC_TypeDef\000"
 641      54797065 
 641      44656600 
 642              	.LASF10:
 643 028d 75696E74 		.ascii	"uint32_t\000"
 643      33325F74 
 643      00
 644              	.LASF4:
 645 0296 6C6F6E67 		.ascii	"long int\000"
 645      20696E74 
 645      00
 646              	.LASF26:
 647 029f 6C6F6E67 		.ascii	"long double\000"
 647      20646F75 
 647      626C6500 
 648              	.LASF0:
 649 02ab 7369676E 		.ascii	"signed char\000"
 649      65642063 
 649      68617200 
 650              	.LASF28:
ARM GAS  /tmp/ccnKSzCs.s 			page 15


 651 02b7 5F426F6F 		.ascii	"_Bool\000"
 651      6C00
 652              		.text
 653              		.section	.gnu.lto_.profile.3d693d037ff4b14,"e",%progbits
 654 0000 789C6362 		.ascii	"x\234cb\000\001\000\000\022\000\003"
 654      00010000 
 654      120003
 655              		.text
 656              		.section	.gnu.lto_.icf.3d693d037ff4b14,"e",%progbits
 657 0000 789C9362 		.ascii	"x\234\223b@\000\026\206\271/\366]be\234\266}\322\033"
 657      40001686 
 657      B92FF65D 
 657      62659CB6 
 657      7DD21B
 658 0013 4EA6674F 		.ascii	"N\246gO\347\256fg\236\271l\362#>\006\000\2451\013\357"
 658      E7AE6667 
 658      9EB96CF2 
 658      233E0600 
 658      A5310BEF 
 659              		.text
 660              		.section	.gnu.lto_.ipa_sra.3d693d037ff4b14,"e",%progbits
 661 0000 789CE367 		.ascii	"x\234\343g@\000f\006\006FF\0060d\002\022\000\002\023"
 661      40006606 
 661      06464606 
 661      30640212 
 661      000213
 662 0013 001B     		.ascii	"\000\033"
 663              		.text
 664              		.section	.gnu.lto_.inline.3d693d037ff4b14,"e",%progbits
 665 0000 789C2B61 		.ascii	"x\234+a@\000f\006\006\266\206\206\206\003L\251\214\014"
 665      40006606 
 665      06B68686 
 665      86034CA9 
 665      8C0C
 666 0012 4C205603 		.ascii	"L V\003s\012D\250\201)\205\211\201\011\250\204\221A"
 666      730A44A8 
 666      81298589 
 666      8109A884 
 666      9141
 667 0024 10C89BC0 		.ascii	"\020\310\233\300\224\001T!\001V\221\206\256\202\213"
 667      94015421 
 667      01569186 
 667      AE828B
 668 0033 014E3231 		.ascii	"\001N21\030\277?\272\356\005s\026Pu\002\220\365\204"
 668      18BF3FBA 
 668      EE057316 
 668      50750290 
 668      F584
 669 0045 390B4D35 		.ascii	"9\013M5\003\000\016L\032\015"
 669      03000E4C 
 669      1A0D
 670              		.text
 671              		.section	.gnu.lto_.jmpfuncs.3d693d037ff4b14,"e",%progbits
 672 0000 789CE365 		.ascii	"x\234\343e@\000f f\0041\230\200\030\000\001\226\000"
 672      40006620 
 672      66043198 
 672      80180001 
ARM GAS  /tmp/ccnKSzCs.s 			page 16


 672      9600
 673 0012 14       		.ascii	"\024"
 674              		.text
 675              		.section	.gnu.lto_.pureconst.3d693d037ff4b14,"e",%progbits
 676 0000 789CE362 		.ascii	"x\234\343b```f\230\305\3028\213\205i\026\013\000\011"
 676      60606066 
 676      98C5C238 
 676      8B856916 
 676      0B0009
 677 0013 FA01EB   		.ascii	"\372\001\353"
 678              		.text
 679              		.section	.gnu.lto_.lto.3d693d037ff4b14,"e",%progbits
 680 0000 09000200 		.ascii	"\011\000\002\000\001\000\000\000"
 680      01000000 
 681              		.text
 682              		.section	.gnu.lto_hal_lld_backup_domain_init.89.3d693d037ff4b14,"e",%progbits
 683 0000 789C758F 		.ascii	"x\234u\217\277J\003A\020\306\347\333I\214\026y\010I"
 683      BF4A0341 
 683      10C6E7DB 
 683      498C1679 
 683      0849
 684 0012 6591ACC6 		.ascii	"e\221\254\306\007P\020\322\211E\304Vb\262\222\300%'"
 684      075010D2 
 684      8945C456 
 684      62B292C0 
 684      2527
 685 0024 7787A6CB 		.ascii	"w\207\246\313F\013!MLl\325\"\034b#V\376\001\005\203"
 685      460B214D 
 685      4C6CD522 
 685      1C622356 
 685      FE010583 
 686 0038 E00BF804 		.ascii	"\340\013\370\004!`\241E\020E\260\020t/g\264ra\206\371"
 686      2160A145 
 686      1045B010 
 686      742F67B4 
 686      726186F9 
 687 004c 317CDF7C 		.ascii	"1|\337|\313 \362\210(a\012Lh\267\032\202\264\326\363"
 687      CB20F288 
 687      28610A4C 
 687      68B71A82 
 687      B4D6F3
 688 005f 31817AAB 		.ascii	"1\201z\2531\201s\014\011T\023\250a\237\247\014~\334"
 688      3181730C 
 688      095413A8 
 688      619FA70C 
 688      7EDC
 689 0071 F77BA731 		.ascii	"\367{\2471}\322\205\317DG\246~\336\330\210\214+\235"
 689      7DD285CF 
 689      4447A67E 
 689      DED8888C 
 689      2B9D
 690 0083 3D44BBFA 		.ascii	"=D\273\372\363\253\251\365\373#n\023Q\220\317\020A#"
 690      F3ABA9F5 
 690      FB236E13 
 690      5190CF10 
 690      4123
 691 0095 6A727044 		.ascii	"jrpDG\240\273D{,B\250\033x\206\356\277\305i\200\273"
ARM GAS  /tmp/ccnKSzCs.s 			page 17


 691      47A0BB44 
 691      7B2C42A8 
 691      1B7886EE 
 691      BFC56980 
 692 00aa 9BA77887 		.ascii	"\233\247x\207q\300h\263\317\002\364;\351^]G\014\035"
 692      71C068B3 
 692      CF02F43B 
 692      E95E5D47 
 692      0C1D
 693 00bc 07D1C67D 		.ascii	"\007\321\306}f\\\002\027\240\351I\237#\270\302\3410"
 693      665C0217 
 693      A0E9499F 
 693      23B8C2E1 
 693      30
 694 00cd C2003BED 		.ascii	"\302\000;\355]tXtB\035\240E`\373\322\300\277\332\353"
 694      5D745874 
 694      421DA045 
 694      60FBD2C0 
 694      BFDAEB
 695 00e0 506B44F4 		.ascii	"PkD\364\212\355\336Wf\370\253&\343/,\321\234,\332e%"
 695      8AEDDE57 
 695      66F8AB26 
 695      E32F2CD1 
 695      9C2CDA65 
 696 00f5 CB39CF93 		.ascii	"\3139\317\223\305\234S\330\3129J*K\345=\307vU\305U\311"
 696      C59C53D8 
 696      CA394A2A 
 696      4BE53DC7 
 696      7655C555 
 697 010a BC5DD954 		.ascii	"\274]\331T\216\247\234\344z\311)\007\373\225\264\034"
 697      8EA79CE4 
 697      7AC92907 
 697      FB95B41C 
 698 011a 8D944EA5 		.ascii	"\215\224N\245\344B\261\264VZ\312J\3335\026\226\334\260"
 698      E442B1B4 
 698      565ACA4A 
 698      DB351696 
 698      DCB0
 699 012c 1DCF95D9 		.ascii	"\035\317\225\331\345\305\331t\33033\325j\260Y\265\254"
 699      E5C5D974 
 699      D83333D5 
 699      6AB059B5 
 699      AC
 700 013d 422A4FDF 		.ascii	"B*O\337\312\225z\364"
 700      CA957AF4 
 701              		.text
 702              		.section	.gnu.lto_hal_lld_init.90.3d693d037ff4b14,"e",%progbits
 703 0000 789C8D52 		.ascii	"x\234\215RAk\023A\030\375\336|\333\330x\321\243\307"
 703      416B1341 
 703      18FDDE7C 
 703      DBD878D1 
 703      A3C7
 704 0012 6AE9C143 		.ascii	"j\351\301C35\376\000\005\241\007Az\250\364Zb\262\222"
 704      3335FE00 
 704      05A10741 
 704      7AA8F45A 
 704      62B292
ARM GAS  /tmp/ccnKSzCs.s 			page 18


 705 0025 40D22D9B 		.ascii	"@\322-\233\305\366\226\251\025*\271\304\246W\255\032"
 705      C5F696A9 
 705      152AB9C4 
 705      A657AD1A 
 706 0035 16F1261E 		.ascii	"\026\361&\036\264V*]\212\012ZZ\250\370\003\244\336<"
 706      B4562A5D 
 706      8A0A5A5A 
 706      A8F803A4 
 706      DE3C
 707 0047 4889170F 		.ascii	"H\211\027\017b\235\231m\272UX\352\300\367\230\307\367"
 707      629D996D 
 707      BA5558EA 
 707      C0F798C7 
 707      F7
 708 0058 BDEF3D86 		.ascii	"\275\357=\206\371-\210\002\"\032\324\005&\264\027\233"
 708      F92D8802 
 708      221AD405 
 708      26B4179B 
 709 0068 82945297 		.ascii	"\202\224R\227O\010\314-6\263x\001\313@\015\201\006\226"
 709      4F08CC2D 
 709      36B37801 
 709      CB400D81 
 709      0696
 710 007a F8BCA63F 		.ascii	"\370\274\246?\337\355F;g\324\323\010!\023-\353:8\231"
 710      DFED463B 
 710      67D4D308 
 710      21132DEB 
 710      3A3899
 711 008d 1E83AE67 		.ascii	"\036\203\256g\237\372\"\365k\277\245\324\326W\254\016"
 711      9FFA22F5 
 711      6BBFA5D4 
 711      D657AC0E 
 712 009d 9D06850C 		.ascii	"\235\006\205\014a\200\0158\0062\006\262\006\210Zl\214"
 712      61800D38 
 712      063206B2 
 712      06885A6C 
 712      8C
 713 00ae 95031511 		.ascii	"\225\003\025\021\335c\021\2239M\276A\355>\374\010\372"
 713      DD631193 
 713      394DBE41 
 713      ED3EFC08 
 713      FA
 714 00bf 8E8DB56C 		.ascii	"\216\215\265l\2073\367\031m\016Y\200\016o\352\321]\345"
 714      8733F719 
 714      6D0E5980 
 714      0E6FEAD1 
 714      5DE5
 715 00d1 68F6C4C4 		.ascii	"h\366\304\304\355\017\231\261\002\274\004\215\234\015"
 715      ED0F99B1 
 715      02BC048D 
 715      9C0D
 716 00df D9C12B3C 		.ascii	"\331\301+<\260\261\364\202n\177\352\324\353x\312,\004"
 716      B0B1F482 
 716      6E7FEAD4 
 716      EB78CA2C 
 716      04
 717 00f0 F6F53965 		.ascii	"\366\3659e\234\317\245\253\036[\352\340M\"t`\343vfl"
ARM GAS  /tmp/ccnKSzCs.s 			page 19


 717      9CCFA5AB 
 717      1E5BEAE0 
 717      4D227460 
 717      E376666C 
 718 0104 E8E749E8 		.ascii	"\350\347I\350l\252m\244\32586\334F<\2055\374g\250\267"
 718      6CAA6DA4 
 718      D53836DC 
 718      463C8535 
 718      FC67A8B7 
 719 0118 0782751C 		.ascii	"\007\202u\034\011\264\222\004B\252\325{\255\0246\320"
 719      09B49204 
 719      42AAD57B 
 719      AD1436D0 
 720 0128 7C7B011D 		.ascii	"|{\001\035\026\235\370\225a\246\225]\260\327L\227\177"
 720      169DF895 
 720      61A6955D 
 720      B0D74C97 
 720      7F
 721 0139 88E55A67 		.ascii	"\210\345Zg\215\033\326x51\346T\345\346?\306\216\036"
 721      8D1BD678 
 721      3531E654 
 721      E5E63FC6 
 721      8E1E
 722 014b 3E348EE8 		.ascii	">4\216\3508\343\355\236\261s\304x]\033\357a~\200\356"
 722      38E3ED9E 
 722      B173C478 
 722      5D1BEF61 
 722      7E80EE
 723 015e 4084DCB7 		.ascii	"@\204\334\267l\336$\344\214\355}>\371wK\304\255.n\177"
 723      6CDE24E4 
 723      8CED7D3E 
 723      F9774BC4 
 723      AD2E6E7F 
 724 0172 F971D57E 		.ascii	"\371q\325~\350\026#\371\223D\227d\331\253\271\262V\010"
 724      E81623F9 
 724      93449764 
 724      D9ABB9B2 
 724      5608
 725 0184 02592EF8 		.ascii	"\002Y.\370\245\231\202\357J\267\352\026\003\337\253"
 725      A59982EF 
 725      4AB7EA16 
 725      03DFAB
 726 0193 BB537577 		.ascii	"\273Suw\270\350M\335r\375\300\365\207oV\374\232\351"
 726      B8E84DDD 
 726      72FDC0F5 
 726      876F56FC 
 726      9AE9
 727 01a5 4FE465EF 		.ascii	"O\344e\357J\371\\N^)WnT\306\306\245W\327+\252r\332\363"
 727      4AF95C4E 
 727      5E29576E 
 727      54C6C6A5 
 727      57D72BAA 
 728 01bc 83BA1CBF 		.ascii	"\203\272\034\277~\355b>\306\321\013\263\263\2463Y\255"
 728      7EED623E 
 728      C6D10BB3 
 728      B3A63359 
 728      AD
ARM GAS  /tmp/ccnKSzCs.s 			page 20


 729 01cd 967245FA 		.ascii	"\226rE\372\003\017\270\014\001"
 729      030FB80C 
 729      01
 730              		.text
 731              		.section	.gnu.lto_stm32_clock_init.91.3d693d037ff4b14,"e",%progbits
 732 0000 789C8D55 		.ascii	"x\234\215UKl\033U\024}w\336\214=\266\307\177'M\263\203"
 732      4B6C1B55 
 732      147D77DE 
 732      8C3DB6C7 
 732      7F274DB3 
 733 0015 05158BC6 		.ascii	"\005\025\213\306\0206\335\201\204\304\256\352\242\210"
 733      1036DD81 
 733      84C4AEEA 
 733      A288
 734 0023 2D0AA9AB 		.ascii	"-\012\251\253DJj\344X\320]\247\320\017\262\220b'\012"
 734      444A6AE4 
 734      58D05DA7 
 734      D00FB290 
 734      62270A
 735 0036 A1242D60 		.ascii	"\241$-`Y\310\341\323\252\225B)%j\370\177\202\034\265"
 735      59C8E1D3 
 735      AA954229 
 735      256AF87F 
 735      821CB5
 736 0049 5002AD10 		.ascii	"P\002\255\020(\200h(-\241l\350O\345\336y\363\346c\325"
 736      28806828 
 736      2DA16CE8 
 736      4FE5DE79 
 736      F3E663D5 
 737 005d 365E1CBD 		.ascii	"6^\034\275\231w\356\273\367\234{=o\253\316X\22116\003"
 737      9977EEBB 
 737      F79C7B3D 
 737      6FABCE58 
 737      91313603 
 738 0071 8C411783 		.ascii	"\214A\027\203\211JIa\246i>\022T`\262R\272\363\316\011"
 738      894A4961 
 738      A6693E12 
 738      5460B252 
 738      BAF3CE09 
 739 0085 15E6C17A 		.ascii	"\025\346\301z\301\225\267\313'\340\334\372\215-\352"
 739      C195B7CB 
 739      27E0DCFA 
 739      8D2DEA
 740 0094 BE4AECE8 		.ascii	"\276J\354\350\370\376\240\232\201\311\343\011AWa\252"
 740      F8FEA09A 
 740      81C9E309 
 740      415761AA 
 741 00a4 52BA7854 		.ascii	"R\272xT\221lMyK\262\017\330\3544LIv\000\246+\245\313"
 741      916C4D79 
 741      4BB20FD8 
 741      EC344C49 
 741      7600A62B 
 742 00ba C71C7650 		.ascii	"\307\034vPyS\262_.\257\202EO\301\264\244\353ph\242z"
 742      7953B25F 
 742      2EAF8245 
 742      4FC1B4A4 
 742      EB7068A2 
ARM GAS  /tmp/ccnKSzCs.s 			page 21


 743 00cf FCC54D92 		.ascii	"\374\305M\222\036R\346$\375\025IO\"\347\200]{\030f\220"
 743      1E52E624 
 743      FD15494F 
 743      22E7805D 
 743      7B186690 
 744 00e3 3FEBF023 		.ascii	"?\353\360#J]\362g%?\201\034\3117\3400\362\277r\370Q"
 744      4A5DF267 
 744      253F811C 
 744      C937E030 
 744      F2BF72F8 
 745 00f8 E555C93F 		.ascii	"\345U\311?\"\371q\344H~\014\366VJ+\013\367J>\260=\012"
 745      22F971E4 
 745      487E0CF6 
 745      564A2B0B 
 745      F74A3EB0 
 746 010e CFA85A3A 		.ascii	"\317\250Z:\020L\351\241d8\2220\242\361\030\354\011r"
 746      104CE9A1 
 746      64389230 
 746      A2F118EC 
 746      0972
 747 0120 E6FE34CF 		.ascii	"\346\3764\317:\350Y\207<\353\210g\035\365\254'\371\375"
 747      3AE85987 
 747      3CEB8867 
 747      1DF5AC27 
 747      F9FD
 748 0132 98E8DF4F 		.ascii	"\230\350\337OW\313\027{\314\372\"\324\360\340#\356\341"
 748      57CB177B 
 748      CCFA22D4 
 748      F0E023EE 
 748      E1
 749 0143 01F9845D 		.ascii	"\001\371\204]d\307\316i\213\346\255;\343\246y\345\027"
 749      64C7CE69 
 749      8BE6AD3B 
 749      E3A679E5 
 749      17
 750 0154 B8B0E93E 		.ascii	"\270\260\351>`5\016\012\001'P\0114\202\000A\220@'\010"
 750      60350E0A 
 750      01275009 
 750      34820041 
 750      90402708 
 751 0168 11840922 		.ascii	"\021\204\011\"\004\006A\224 F\020'H\020$\011R\004i\202"
 751      04064194 
 751      20461027 
 751      48102409 
 751      52046982 
 752 017c 0C411741 		.ascii	"\014A\027A7\301\006\202\036\202\215\004\275\004\214"
 752      37C10682 
 752      1E828D04 
 752      BD048C
 753 018b 8D73B67E 		.ascii	"\215s\266~\243\276\005\314E\306\312\\\261\326{q\375"
 753      A3BE05CC 
 753      45C6CA5C 
 753      B1D67B71 
 753      FD
 754 019c 0798AB0B 		.ascii	"\007\230\253\013K\300\256\302G\037\254E\253\034f9L\360"
 754      4BC0AEC2 
 754      471FAC45 
ARM GAS  /tmp/ccnKSzCs.s 			page 22


 754      AB1C6639 
 754      4CF0
 755 01ae 1A578039 		.ascii	"\032W\2009+\363\265\027L\025\237\336 \257\365\032\347"
 755      2BF3B517 
 755      4C159FDE 
 755      20AFF51A 
 755      E7
 756 01bf 7012E05D 		.ascii	"p\022\340]`\017\334S\343*\274\007\207-\345W\341\371"
 756      600FDC53 
 756      E32ABC07 
 756      872DE557 
 756      E1F9
 757 01d1 898350E5 		.ascii	"\211\203P\345JU\304\001X\247\256\227\240e\350i\021\212"
 757      4A55C401 
 757      58A7AE97 
 757      A065E869 
 757      118A
 758 01e3 31561D67 		.ascii	"1V\035g\226\310\2752\347\3105U*\017\350\365\331%\271"
 758      96C8BD32 
 758      E7C83555 
 758      2A0FE8F5 
 758      D925B9
 759 01f6 6D8832E3 		.ascii	"m\2102\343U\316\357v\346\353\326\243\012\013nE/\035"
 759      55CEEF76 
 759      E6EBD6A3 
 759      0A0B6E45 
 759      2F1D
 760 0208 FC0DEB51 		.ascii	"\374\015\353Q1@\224\244\2605\330w\351\343\235\370N\274"
 760      314094A4 
 760      B035D877 
 760      E9E39DF8 
 760      4EBC
 761 021a 10ED1BE7 		.ascii	"\020\355\033\347\231\312\376\225\317\351\271\314U\237"
 761      99CAFE95 
 761      CFE9B9CC 
 761      559F
 762 0228 39DF78CC 		.ascii	"9\337x\314\321Z*\371\320\233\022M\010 Y$\270\336\321"
 762      D15A2AF9 
 762      D09B124D 
 762      08205924 
 762      B8DED1
 763 023b 854FA40B 		.ascii	"\205O\244\013\001+\341y\221\360\332\245\230\214\250"
 763      012BE179 
 763      91F0DAA5 
 763      988CA8
 764 024a F3BB88FC 		.ascii	"\363\273\210\374\014\243\260zJ\242\202(u\305\366O\363"
 764      0CA3B07A 
 764      4AA28228 
 764      75C5F64F 
 764      F3
 765 025b FBF783ED 		.ascii	"\373\367\203\355\337\212\355\337\034\372\027l\347\337"
 765      DF8AEDDF 
 765      1CFA176C 
 765      E7DF
 766 0269 97E26821 		.ascii	"\227\342h!\346\012\372\247c\200Pc\220\177k\344\237\016"
 766      E60AFAA7 
 766      63805063 
ARM GAS  /tmp/ccnKSzCs.s 			page 23


 766      907F6BE4 
 766      9F0E
 767 027b 8B607B97 		.ascii	"\213`{\227v\275\013\370\274\273\356\361.\324R\377\327"
 767      76BD0BF8 
 767      BCBBEEF1 
 767      2ED452FF 
 767      D7
 768 028c 4D031446 		.ascii	"M\003\024F\262\310\206*:\231\267,\315\013[\031o\332"
 768      B2C8862A 
 768      3A99B72C 
 768      CD0B5B19 
 768      6FDA
 769 029e 1604FD16 		.ascii	"\026\004\375\026\334\266-\270\351\031\241H;\013\316"
 769      DCB62DB8 
 769      E919A148 
 769      3B0BCE
 770 02ad 368F9081 		.ascii	"6\217\220\201\001\262(\335\031\"\3035!\345\232\240\373"
 770      01B228DD 
 770      1922C335 
 770      21E59AA0 
 770      FB
 771 02be 4C986E08 		.ascii	"L\230n\010\023\346bU\036m\251\343[L\250xL 2\274\337"
 771      13E66255 
 771      1E6DA9E3 
 771      5B4CA878 
 771      4C2032BC 
 772 02d3 7176BE13 		.ascii	"qv\276\023a\310\267r\035j\010\371!\277\374\231\206b"
 772      61C8B772 
 772      1D6A08F9 
 772      21BFFC99 
 772      8662
 773 02e5 6FBB1310 		.ascii	"o\273\023\020o'\377{\267\032!?\201\001p\006\034\341"
 773      6F27FF7B 
 773      B71A213F 
 773      81017006 
 773      1CE1
 774 02f7 095778D2 		.ascii	"\011Wx\322\025\036\366\011\237\267\205\257\241\226d"
 774      151EF609 
 774      9FB785AF 
 774      A19664
 775 0306 4B0517DC 		.ascii	"K\005\027\334a\263\204\247\220,\215\276\305:\351\377"
 775      61B384A7 
 775      902C8DBE 
 775      C53AE9FF 
 776 0316 51446398 		.ascii	"QDc\230\225\362\244'e\272e\320OM\003\227A\262L\211\315"
 776      95F2A427 
 776      65BA65D0 
 776      4F4D0397 
 776      41B24C89 
 777 032b ED907255 		.ascii	"\355\220rUN\\\306Jy\312\266<\342\267\374\264m\371\251"
 777      4E5CC64A 
 777      79CAB63C 
 777      E2B7FCB4 
 777      6DF9A9
 778 033e 863B715D 		.ascii	"\206;q]\355,\377\265y\342\2721\300\251*\3418\337\355"
 778      ED2CFFB5 
 778      79E2BA31 
ARM GAS  /tmp/ccnKSzCs.s 			page 24


 778      C0A92AE1 
 778      38DFED
 779 0351 3A9F709D 		.ascii	":\237p\2357|\316\237o\374\257O\310\357\336O\210\371"
 779      377CCE9F 
 779      6FFCAF4F 
 779      C8EFDE4F 
 779      88F9
 780 0363 C56DFB4F 		.ascii	"\305m\373Ok\007\327\343\366\005\2409W\201\206\327\207"
 780      6B07D7E3 
 780      F605A039 
 780      578186D7 
 780      87
 781 0374 E72AA81B 		.ascii	"\347*\250\0335\036\200\313\200\202\335C\377\304C\271"
 781      351E80CB 
 781      8082DD43 
 781      FFC443B9 
 782 0384 3C547465 		.ascii	"<Tter\331\355\312\206\226\276\376\3254\010=H\246\221"
 782      72D9EDCA 
 782      8696BEFE 
 782      D534083D 
 782      48A691
 783 0397 EBD08EBF 		.ascii	"\353\320\216\277\345\004\364X\271\246\226E;\242\376"
 783      E504F458 
 783      B9A69645 
 783      3BA2FE
 784 03a6 764C2F2B 		.ascii	"vL/+\366\266\373\017\330\330\256\035\3774\177\003{1"
 784      F6B6FB0F 
 784      D8D8AE1D 
 784      FF347F03 
 784      7B31
 785 03b8 0096C0F9 		.ascii	"\000\226\300\371\376\365\212\336\350v/\342n/bN/\256"
 785      FEF58ADE 
 785      E8762FE2 
 785      6E2F624E 
 785      2FAE
 786 03ca C1733FCF 		.ascii	"\301s?\317o\263\031\340\334\277\214=\234\035\312\217"
 786      6FB319E0 
 786      DCBF8C3D 
 786      9C1DCA8F 
 787 03da E6B2A303 		.ascii	"\346\262\243\003\305bvh\240\260\343\331\201B.\233\033"
 787      C5627668 
 787      A0B0E3D9 
 787      81422E9B 
 787      1B
 788 03eb C90D160B 		.ascii	"\311\015\026\013\371\261\334\256\261\334\346\301\374"
 788      F9B1DCAE 
 788      B1DCE6C1 
 788      FC
 789 03f8 AE677285 		.ascii	"\256gr\205b\256\260y\347pa\224\366\237\350\317\312%"
 789      62AEB079 
 789      E7706194 
 789      F69FE8CF 
 789      CA25
 790 040a EBEFEBCB 		.ascii	"\353\357\353\313>:4\374\324\360\266\355\331\374\030"
 790      3E3A34FC 
 790      D4F0B6ED 
 790      D9FC18
ARM GAS  /tmp/ccnKSzCs.s 			page 25


 791 0419 1E31927D 		.ascii	"\0361\222}:_(\216e\267?\276\365\241~\201\217=\270{7"
 791      3A5F288E 
 791      65B73FBE 
 791      F5A17E81 
 791      8F3DB87B 
 792 042e ED3C3932 		.ascii	"\355<92\262\243o\220\375\007-H\036\247"
 792      B2A36F90 
 792      FD072D48 
 792      1EA7
 793              		.text
 794              		.section	.gnu.lto_.symbol_nodes.3d693d037ff4b14,"e",%progbits
 795 0000 789C9BC2 		.ascii	"x\234\233\302\000\004L7\031\352\031\032\200\200\205"
 795      00044C37 
 795      19EA191A 
 795      808085
 796 000f 71C23906 		.ascii	"q\3029\006 \233agCc\243\001\003#\003X\366\026C=#\212"
 796      209B6167 
 796      4363A301 
 796      03230358 
 796      F616433D 
 797 0025 ECAE8646 		.ascii	"\354\256\206FF\230\344m\206z\246\017\277VX`\221c\275"
 797      4698E46D 
 797      867AA60F 
 797      BF565860 
 797      9163BD
 798 0038 C1C0D0E8 		.ascii	"\301\300\320\350\004d0\336a\250g\376\017\005\362`\225"
 798      046430DE 
 798      61A867FE 
 798      0F05F260 
 798      95
 799 0049 0C20FB40 		.ascii	"\014 \373@\312\230\031\24167\36113\262@\230G\370\030"
 799      CA9819A1 
 799      3637F131 
 799      33B24098 
 799      47F818
 800 005c 0048622A 		.ascii	"\000Hb*i"
 800      69
 801              		.text
 802              		.section	.gnu.lto_.refs.3d693d037ff4b14,"e",%progbits
 803 0000 789C6364 		.ascii	"x\234cd\000\002\000\000\012\000\002"
 803      00020000 
 803      0A0002
 804              		.text
 805              		.section	.gnu.lto_.decls.3d693d037ff4b14,"e",%progbits
 806 0000 789C9555 		.ascii	"x\234\225UiLTW\024\276\347\336\347\314\343\201B\004"
 806      694C5457 
 806      14BEE7DE 
 806      E7CCE381 
 806      4204
 807 0012 ABB18921 		.ascii	"\253\261\211!\306F\376\310t\006\253\246\177\012\016"
 807      C646FEC8 
 807      7406ABA6 
 807      7F0A0E
 808 0021 A0C68DBC 		.ascii	"\240\306\215\274\241\232\366\017\031\347\215\201\310"
 808      A19AF60F 
 808      19E78D81 
 808      C8
ARM GAS  /tmp/ccnKSzCs.s 			page 26


 809 002e 3014468B 		.ascii	"0\024F\213I\233<-\256\340\022M+\255\266\345Gk\214Qk"
 809      499B3C2D 
 809      AEE0124D 
 809      2BADB6E5 
 809      476B8C51 
 810 0043 93B62E88 		.ascii	"\223\266.\210\"n\270\357V\353R\265.\243\250Ek+n\330"
 810      226EB8EF 
 810      56EB52B5 
 810      2EA3A845 
 810      6B2B6ED8 
 811 0057 73DF7B33 		.ascii	"s\337{3w\2061\326\276\314yw\373\276\357,\367\314\314"
 811      778631D6 
 811      BECC7977 
 811      FBBEEF2C 
 811      F7CCCC
 812 006a 274984B8 		.ascii	"'I\204\270(!\375\200\220\027\370H\204\220\343D<|\275"
 812      2821FD80 
 812      9017F848 
 812      8490E344 
 812      3C7CBD
 813 007d 0D6D3B5A 		.ascii	"\015m;Z\013Z+\032B\311A\022\377\314\304\315\0368\226"
 813      0B5A2B1A 
 813      42C94112 
 813      FFCCC4CD 
 813      1E3896
 814 0090 A20D463B 		.ascii	"\242\015F;\203v\032\355\260\205?n\215\333H\342\363)"
 814      83761AED 
 814      B0853F6E 
 814      8DDB48E2 
 814      F329
 815 00a2 1ED863B8 		.ascii	"\036\330c\270\367\321:,\356\003\264&4\206v\033\355&"
 815      F7D13A2C 
 815      EE03B426 
 815      3486761B 
 815      ED26
 816 00b4 DA5D6BBD 		.ascii	"\332]k\275\335\322k}\211\346\254Wh&\341\231\014fn7\320"
 816      DDD26B7D 
 816      89E6AC57 
 816      6826E199 
 816      0C666E37 
 817 00c9 C268F7D0 		.ascii	"\302h\367\320\272\254\030[^\242\267\222\321s\207\326"
 817      BAAC185B 
 817      5EA2B792 
 817      D17387D6 
 818 00d9 7EDBE33A 		.ascii	"~\333\343:\020\312\251\032\000\234\035\206/\205|\310"
 818      10CAA91A 
 818      009C1D86 
 818      2F857CC8 
 819 00e9 48864E75 		.ascii	"H\206Nuj\323\030U\230\3024\245\015\006d=d\2712\315J"
 819      6AD31855 
 819      98C234A5 
 819      0D06643D 
 819      64B932CD 
 820 00fe 55E435BB 		.ascii	"U\3445\273 M\351!S\032\266kJ\326\023XG\033m\231\271"
 820      204DE921 
 820      531AB66B 
 820      4AD61358 
ARM GAS  /tmp/ccnKSzCs.s 			page 27


 820      471B6D99 
 821 0113 BAA4D5F7 		.ascii	"\272\244\325\367\011\333u\272tBFN.\276\303\3666\320"
 821      09DB75BA 
 821      7442464E 
 821      2EBEC3F6 
 821      36D0
 822 0125 905524C9 		.ascii	"\220U$\311i8\013\333\225\207\254q\221M;L\347\017\206"
 822      69380BDB 
 822      9587AC71 
 822      914D3B4C 
 822      E70F86
 823 0138 36503457 		.ascii	"6P4W\206\256\353\271\262< \265\225\265\262BLA\336\270"
 823      86AEEBB9 
 823      B23C20B5 
 823      95B5B242 
 823      4C41DEB8 
 824 014c A18F12B6 		.ascii	"\241\217\022\266\247\242D\226\226\231\246e\246\266A"
 824      A7A24496 
 824      9699A665 
 824      A6B641
 825 015b 0F4D5332 		.ascii	"\017MS2\262\010\006\241\271\\\271TAeIn\003\027\203\024"
 825      B20806A1 
 825      B95CB954 
 825      4165496E 
 825      03178314 
 826 016f 977EA5BD 		.ascii	"\227~\245\275\257\002J\322\200\314,B4RHQ\227\275\210"
 826      AF024AD2 
 826      80CC2C42 
 826      34524851 
 826      97BD88
 827 0182 3C60479F 		.ascii	"<`G\237\232X\002d)\324E\331\3300\326\221\322LBtINI\001"
 827      9A580264 
 827      29D445D9 
 827      D830D691 
 827      D24C4274 
 828 019a 1D87A492 		.ascii	"\035\207\244\222\261Z\221K!a;\305\243\014\011t\012\202"
 828      B15A914B 
 828      21613BC5 
 828      A30C0974 
 828      0A82
 829 01ac A9D8B08C 		.ascii	"\251\330\260\214\324\254\033\360\017\360\217\371\"|"
 829      D4AC1BF0 
 829      0FF08FF9 
 829      227C
 830 01ba 4162BD18 		.ascii	"Ab\275\030\373\034\211u\005\363\002\"\273\321\301\232"
 830      FB1C8975 
 830      05F30222 
 830      BBD1C19A 
 831 01ca 9B0053C7 		.ascii	"\233\000S\307\3227\270\246\023b\235\306\210\213\030"
 831      D237B8A6 
 831      13629DC6 
 831      888B18
 832 01d9 AC38223A 		.ascii	"\2548\":\021?11\212X\361\206M'4\226c\360\342\002\027"
 832      113F3131 
 832      8A58F186 
 832      4D273496 
 832      63F0E202 
ARM GAS  /tmp/ccnKSzCs.s 			page 28


 833 01ee 92242A1B 		.ascii	"\222$*\033\011\211@\244m\036\327?\334\337\353\006\226"
 833      098940A4 
 833      6D1ED73F 
 833      DCDFEB06 
 833      96
 834 01ff 4D3F9B0A 		.ascii	"M?\233\012}\226\346\022`\375\011{\2078t\343\271ZM`\223"
 834      7D96E612 
 834      60FD097B 
 834      873874E3 
 834      B95A4D60 
 835 0214 09AE4C5E 		.ascii	"\011\256L^\306\2407P|g@\032R\3475->\250\364E\320\035"
 835      C6A03750 
 835      7C67401A 
 835      52E7352D 
 835      3EA8F445 
 836 022a 5DCF8052 		.ascii	"]\317\200R\330\012\260\205{mB\207AB\006.m\320;\277\\"
 836      D80AB085 
 836      7B6D4287 
 836      4142062E 
 836      6DD03BBF 
 837 023f B877D79B 		.ascii	"\270w\327\233_o\326\3659\210\223\371\031\374\002\260"
 837      5F6FD6F5 
 837      398893F9 
 837      19FC02B0 
 838 024f D950C419 		.ascii	"\331P\304\031\201\237\001~\202\312\015\022{\004<\234"
 838      819F017E 
 838      82CA0D12 
 838      7B043C9C 
 839 025f E6E5F79A 		.ascii	"\346\345\367\232\223\00764\350\035\365{>Z\303[\212S"
 839      93073634 
 839      E81DF57B 
 839      3E5AC35B 
 839      8A53
 840 0271 9AA394E6 		.ascii	"\232\243\224\346(e\265\304j)\247\374pp\371E\211S6\236"
 840      2865B5C4 
 840      6A29A7FC 
 840      7070F945 
 840      8953369E 
 841 0285 9B334F4F 		.ascii	"\2333OO\233\215$\211\223vDI;\242\244o$\366\271Aj;9\367"
 841      9B8D2489 
 841      93764449 
 841      3BA2A46F 
 841      24F6B941 
 842 029d 47DBC006 		.ascii	"G\333\300\006]\357|\262l\335\022\333*\275\225r\316\316"
 842      5DEF7CB2 
 842      6CDD12DB 
 842      2ABD9572 
 842      CECE
 843 02af 2867A731 		.ascii	"(g\2471`\256\203\215\326I5f\204\235\240\304\250\202"
 843      60AE838D 
 843      D6493566 
 843      849DA0C4 
 843      A882
 844 02c1 64542113 		.ascii	"dT!\023\225\356\354\271u\250\247\322\242\353\035zKm"
 844      95EEECB9 
 844      75A8A7D2 
 844      A2EB1D7A 
ARM GAS  /tmp/ccnKSzCs.s 			page 29


 844      4B6D
 845 02d3 12817D00 		.ascii	"\022\201}\000{\321\337\036@\374f\200\335\000\273\000"
 845      7BD1DF1E 
 845      40FC6680 
 845      DD00BB00 
 846 02e3 C16D00FA 		.ascii	"\301m\000\372\356\265\003\331y\303\375\354\325\015\255"
 846      EEB503D9 
 846      79C3FDEC 
 846      D50DAD
 847 02f2 C96F9D5D 		.ascii	"\311o\235]\252w6,>:t\225\336\"q\300\001\356\335\022"
 847      AA77362C 
 847      3E3A7495 
 847      DE2271C0 
 847      01EEDD12 
 848 0306 207CB51F 		.ascii	" |\265\037*\277\220X\273A\231\333r\363\230\254\\\376"
 848      2ABF9058 
 848      BB4199DB 
 848      72F398AC 
 848      5CFE
 849 0318 2F3FBD41 		.ascii	"/?\275A6Bk!\354\036\347\331\276\333\246\257\3505hP\372"
 849      36426B21 
 849      EC1EE7D9 
 849      BEDBA6AF 
 849      E8356850 
 850 032d 15CCF5D4 		.ascii	"\025\314\365\324\212\366\365\012z\253M\201\303\000\207"
 850      8AF6F50A 
 850      7AAB4D81 
 850      C30087
 851 033c 004E0A77 		.ascii	"\000N\012w\0164'A\324\306;\213\260\214&\344X\002d\037"
 851      0E342741 
 851      D4C63B8B 
 851      B08C26E4 
 851      5802641F 
 852 0350 102C70AD 		.ascii	"\020,p\255\216!\0238\012p\204\037\2344\002?\016p\202"
 852      8E211338 
 852      0A70841F 
 852      9C34023F 
 852      0E7082
 853 0363 578DAD67 		.ascii	"W\215\255g<\340\360\261\256\205\220\336\035\014\247"
 853      3CE0F0B1 
 853      AE8590DE 
 853      1D0CA7
 854 0372 A01B1CA1 		.ascii	"\240\033\034\241]\013o\035\353\231b\324\260\261U\202"
 854      5D0B6F1D 
 854      EB9962D4 
 854      B0B15582 
 855 0382 D3C2E519 		.ascii	"\323\302\345\031 f\3013\331\026f\316\372\261\355\214"
 855      2066C133 
 855      D91666CE 
 855      FAB1ED8C 
 856 0392 B0BDD62A 		.ascii	"\260\275\326*\215\035\301\325i\264Kh7\321\332\255\223"
 856      8D1DC1D5 
 856      69B44B68 
 856      37D1DAAD 
 856      93
 857 03a3 2CB30E74 		.ascii	",\263\016t%{\343\253\246\326\345\366A\346\223\216\306"
 857      257BE3AB 
ARM GAS  /tmp/ccnKSzCs.s 			page 30


 857      A6D6E5F6 
 857      41E6938E 
 857      C6
 858 03b4 B35CB424 		.ascii	"\263\\\264$\232\345Y\200v\341\362W\210Vb\241\300\\\214"
 858      9AE55980 
 858      76E1F257 
 858      885662A1 
 858      C05C8C
 859 03c7 C35C00B3 		.ascii	"\303\\\000\263\024\034\364\\\224\353P\034HTt\276\320"
 859      141CF45C 
 859      94EB501C 
 859      485474BE 
 859      D0
 860 03d8 F93D0E72 		.ascii	"\371=\016r$F\247K\350\\I\320\2610/\004\346r\242\220"
 860      2446A74B 
 860      E85C49D0 
 860      B1302F04 
 860      E672A290 
 861 03ec E96C8170 		.ascii	"\351l\201pv)1hg\314\365\375\001p\225\357\265\033\367"
 861      76293168 
 861      67CCF5FD 
 861      017095EF 
 861      B51BF7
 862 03ff 7103200C 		.ascii	"q\003 \014p\013\340&\300m\200\353\000w\000\356\002\\"
 862      700BE026 
 862      C06D80EB 
 862      007700EE 
 862      025C
 863 0411 03B8C7EF 		.ascii	"\003\270\307\357\211k\327\011\355\363q\332\347\204\377"
 863      896BD709 
 863      EDF371DA 
 863      E784FF
 864 0420 7A81F92D 		.ascii	"z\201\371-\021c%\262xIl\217u\257>\202X\207\321D\233"
 864      116325B2 
 864      78496C8F 
 864      75AF3E82 
 864      5887D144 
 865 0435 D79EEEA4 		.ascii	"\327\236\356\244\351\335C\206?\3415\203F\2119s\327\325"
 865      E9DD4386 
 865      3FE13583 
 865      46893973 
 865      D7D5
 866 0447 D9447375 		.ascii	"\331Dsu\010_\367\301\000\034\270\260\361\251,\000M\002"
 866      085FF7C1 
 866      001CB8B0 
 866      F1A92C00 
 866      4D02
 867 0459 F0C0F839 		.ascii	"\360\300\3709`\317\260\253t\211\260\005h\365hK\320V"
 867      60CFB0AB 
 867      7489B005 
 867      68F5684B 
 867      D056
 868 046b A0AD92CC 		.ascii	"\240\255\222\314N\033dtZ#e\215\022\352e,\357\332u\315"
 868      4E1B6474 
 868      5A23658D 
 868      12EA652C 
 868      EFDA75CD 
ARM GAS  /tmp/ccnKSzCs.s 			page 31


 869 047f 16ED35A3 		.ascii	"\026\3555\243\331\232\353\242\351\376\0030\233\276\264"
 869      D99AEBA2 
 869      E9FE0330 
 869      9BBEB4
 870 048e 01B60AD0 		.ascii	"\001\266\012\320\3438\220h\244m\002\362(Q\307\304\264"
 870      E3389068 
 870      A46D02F2 
 870      2851C7C4 
 870      B4
 871 049f 09CCC338 		.ascii	"\011\314\3038L\314\035\355\020\230\277\3430\221\306"
 871      4CCC1DED 
 871      1098BFE3 
 871      3091C6
 872 04ae 16157F0A 		.ascii	"\026\025\177\012\360\204o\"\010\353\335\005\360\031"
 872      F0846F22 
 872      08EBDD05 
 872      F019
 873 04bc FE99023C 		.ascii	"\376\231\002<\007\230Ca\026\345\377\255s)\324R\253C"
 873      07984361 
 873      16E5FFAD 
 873      7329D452 
 873      AB43
 874 04ce 9A847267 		.ascii	"\232\204rgB\022V\242\007\004\346Y\034&\346\253\267\275"
 874      421256A2 
 874      0704E659 
 874      1C26E6AB 
 874      B7BD
 875 04e0 2EF65BD5 		.ascii	".\366[\325=B\023\263_`\376J\314\2247\321\367\374Bh\335"
 875      3D4213B3 
 875      5F60FE4A 
 875      CC9437D1 
 875      F7FC4268 
 876 04f5 FC4D8D3D 		.ascii	"\374M\215=\323\273\247\004\363\350\353$\205\374\353"
 876      D3BBA704 
 876      F3E8EB24 
 876      85FCEB
 877 0504 CBAE9E4B 		.ascii	"\313\256\236K\025\0152_8Z\300\021\3149\214\310\336\252"
 877      150D325F 
 877      385AC011 
 877      CC398CC8 
 877      DEAA
 878 0516 C08CE143 		.ascii	"\300\214\341C\002D\361\005\253B\376\232!\201\034\322"
 878      0244F105 
 878      AB42FE9A 
 878      21811CD2 
 879 0526 BFD45B5E 		.ascii	"\277\324[^R^\256\225L\361\372\246M\257,\321\202\001"
 879      525EAE95 
 879      4CF1FAA6 
 879      4DAF2CD1 
 879      8201
 880 0538 6F594549 		.ascii	"oYEIYEY\310\231\235\355p\227\226M)\233\350q\004\253"
 880      594559C8 
 880      999DED70 
 880      97964D29 
 880      9BE87104 
 881 054d 1D087454 		.ascii	"\035\010tT\"\257\332\341)\036\237\3432\337\205\316\232"
 881      22AFDAE1 
ARM GAS  /tmp/ccnKSzCs.s 			page 32


 881      291E9FE3 
 881      32DF85CE 
 881      9A
 882 055e 1A872591 		.ascii	"\032\207%\221\355\223GMx?\323\355\034N\322\243[\331"
 882      ED93474D 
 882      783FD3ED 
 882      1C4ED2A3 
 882      5BD9
 883 0570 237CBEE1 		.ascii	"#|\276\341^\357\210\251\344=Gi0\340w\004\274\241\020"
 883      5EEF88A9 
 883      E43D4769 
 883      30E07704 
 883      BCA110
 884 0583 32AAB48F 		.ascii	"2\252\264\217\275U~\207\277\334\357\013U\005\253\375"
 884      BD557E87 
 884      BFDCEF0B 
 884      5505ABFD 
 885 0593 15D5FE21 		.ascii	"\025\325\376!\276`\305\014?\006V5djYU\200\237Or9\"S"
 885      BE60C50C 
 885      3F065635 
 885      646A5955 
 885      809F4F72 
 886 05aa E2FADFE1 		.ascii	"\342\372\337\341\220\224Hr<\235\264\352P \307U\342+"
 886      90944872 
 886      3C9DB4EA 
 886      5020C755 
 886      E22B
 887 05bc 0FFAA619 		.ascii	"\017\372\246\031\033v-\340\035\203\343\320W\013\217"
 887      1B762DE0 
 887      1D83E3D0 
 887      570B8F
 888 05cb 1B97EFC8 		.ascii	"\033\227\357\310\037\2377\303\3510\005\220\225]J\344"
 888      1F9F37C3 
 888      E9300590 
 888      955D4AE4 
 889 05db E9651521 		.ascii	"\351e\025!\\\205R=3\253C\376\200;X\345wsi\352V\231\333"
 889      5C85523D 
 889      33AB43FE 
 889      803B58E5 
 889      777369EA 
 890 05f2 A3BE1B2F 		.ascii	"\243\276\033/\352\013\006\002\301\012\207\277&\344p"
 890      EA0B0602 
 890      C10A87BF 
 890      26E470
 891 0601 8FF78CF1 		.ascii	"\217\367\214\361\240vL\304\206\360T\347\33395SP:\271"
 891      A0764CC4 
 891      86F054E7 
 891      DB393553 
 891      503AB9
 892 0614 68B25A52 		.ascii	"h\262ZR<\263\322\237\357\237*\215\314w\253\366\274\242"
 892      3CB3D29F 
 892      EF9F2A8D 
 892      CC77ABF6 
 892      BCA2
 893 0626 91CE8209 		.ascii	"\221\316\202\011\306\350\302\321\2267z$\0162\337V=\305"
 893      C6E8C2D1 
 893      96377A24 
ARM GAS  /tmp/ccnKSzCs.s 			page 33


 893      0E32DF56 
 893      3DC5
 894 0638 C6C4C527 		.ascii	"\306\304\305'\314=F\225\334\205\243\324d\325\355\216"
 894      CC3D4695 
 894      DC85A3D4 
 894      64D5ED8E 
 895 0648 48B08923 		.ascii	"H\260\211#UY-\360\024\250\223\012\362i\236J=\252}bQ"
 895      55592DF0 
 895      14A8930A 
 895      F2699E4A 
 895      3DAA7D62 
 896 065d F1D8820F 		.ascii	"\361\330\202\017T\211\277X\236[\225&\253Ej\317\302q"
 896      5489BF58 
 896      9E5B9526 
 896      AB456ACF 
 896      C271
 897 066f 799ED111 		.ascii	"y\236\321\021\332\277\312\221f\023"
 897      DABFCA91 
 897      6613
 898              		.text
 899              		.section	.gnu.lto_.symtab.3d693d037ff4b14,"e",%progbits
 900 0000 68616C5F 		.ascii	"hal_lld_init\000"
 900      6C6C645F 
 900      696E6974 
 900      00
 901 000d 00       		.ascii	"\000"
 902 000e 00       		.ascii	"\000"
 903 000f 00       		.ascii	"\000"
 904 0010 00000000 		.ascii	"\000\000\000\000\000\000\000\000"
 904      00000000 
 905 0018 BE000000 		.ascii	"\276\000\000\000"
 906 001c 73746D33 		.ascii	"stm32_clock_init\000"
 906      325F636C 
 906      6F636B5F 
 906      696E6974 
 906      00
 907 002d 00       		.ascii	"\000"
 908 002e 00       		.ascii	"\000"
 909 002f 00       		.ascii	"\000"
 910 0030 00000000 		.ascii	"\000\000\000\000\000\000\000\000"
 910      00000000 
 911 0038 C0000000 		.ascii	"\300\000\000\000"
 912 003c 53797374 		.ascii	"SystemCoreClock\000"
 912      656D436F 
 912      7265436C 
 912      6F636B00 
 913 004c 00       		.ascii	"\000"
 914 004d 00       		.ascii	"\000"
 915 004e 00       		.ascii	"\000"
 916 004f 00000000 		.ascii	"\000\000\000\000\000\000\000\000"
 916      00000000 
 917 0057 CB000000 		.ascii	"\313\000\000\000"
 918 005b 646D6149 		.ascii	"dmaInit\000"
 918      6E697400 
 919 0063 00       		.ascii	"\000"
 920 0064 02       		.ascii	"\002"
 921 0065 00       		.ascii	"\000"
ARM GAS  /tmp/ccnKSzCs.s 			page 34


 922 0066 00000000 		.ascii	"\000\000\000\000\000\000\000\000"
 922      00000000 
 923 006e C2000000 		.ascii	"\302\000\000\000"
 924              		.text
 925              		.section	.gnu.lto_.ext_symtab.3d693d037ff4b14,"e",%progbits
 926 0000 01       		.ascii	"\001"
 927 0001 01       		.ascii	"\001"
 928 0002 00       		.ascii	"\000"
 929 0003 01       		.ascii	"\001"
 930 0004 00       		.ascii	"\000"
 931 0005 02       		.ascii	"\002"
 932 0006 00       		.ascii	"\000"
 933 0007 01       		.ascii	"\001"
 934 0008 00       		.ascii	"\000"
 935              		.text
 936              		.section	.gnu.lto_.opts,"e",%progbits
 937 0000 272D666E 		.ascii	"'-fno-openmp' '-fno-openacc' '-fno-pie' '-fcf-prote"
 937      6F2D6F70 
 937      656E6D70 
 937      2720272D 
 937      666E6F2D 
 938 0033 6374696F 		.ascii	"ction=none' '-g' '-mcpu=cortex-m3' '-mno-thumb-inte"
 938      6E3D6E6F 
 938      6E652720 
 938      272D6727 
 938      20272D6D 
 939 0066 72776F72 		.ascii	"rwork' '-mthumb' '-mfloat-abi=soft' '-march=armv7-m"
 939      6B272027 
 939      2D6D7468 
 939      756D6227 
 939      20272D6D 
 940 0099 2720272D 		.ascii	"' '-Os' '-fomit-frame-pointer' '-falign-functions=1"
 940      4F732720 
 940      272D666F 
 940      6D69742D 
 940      6672616D 
 941 00cc 36272027 		.ascii	"6' '-ffunction-sections' '-fdata-sections' '-fno-co"
 941      2D666675 
 941      6E637469 
 941      6F6E2D73 
 941      65637469 
 942 00ff 6D6D6F6E 		.ascii	"mmon' '-flto' '-Xassembler' '-alms=build/lst/hal_ll"
 942      2720272D 
 942      666C746F 
 942      2720272D 
 942      58617373 
 943 0132 642E6C73 		.ascii	"d.lst'\000"
 943      742700
 944              		.text
 945              		.comm	__gnu_lto_slim,1,1
 946              		.ident	"GCC: (GNU Arm Embedded Toolchain 10-2020-q4-major) 10.2.1 20201103 (release)"
ARM GAS  /tmp/ccnKSzCs.s 			page 35


DEFINED SYMBOLS
                            *ABS*:0000000000000000 hal_lld.c
     /tmp/ccnKSzCs.s:22     .gnu.debuglto_.debug_info:0000000000000000 hal_lld.c.8cc7aa8f
                            *COM*:0000000000000001 __gnu_lto_slim

NO UNDEFINED SYMBOLS
