ARM GAS  /tmp/ccoBK2O1.s 			page 1


   1              		.cpu cortex-m3
   2              		.eabi_attribute 20, 1
   3              		.eabi_attribute 21, 1
   4              		.eabi_attribute 23, 3
   5              		.eabi_attribute 24, 1
   6              		.eabi_attribute 25, 1
   7              		.eabi_attribute 26, 1
   8              		.eabi_attribute 30, 4
   9              		.eabi_attribute 34, 1
  10              		.eabi_attribute 18, 4
  11              		.file	"hal_pal_lld.c"
  12              		.file 1 "/home/matt/gcc-arm-none-eabi-10-2020-q4-major/arm-none-eabi/include/machine/_default_type
  13              		.file 2 "/home/matt/gcc-arm-none-eabi-10-2020-q4-major/arm-none-eabi/include/sys/_stdint.h"
  14              		.file 3 "../ChibiOS/os/common/ext/CMSIS/ST/STM32F1xx/stm32f103xb.h"
  15              		.file 4 "../ChibiOS/os/hal/ports/STM32/LLD/GPIOv1/hal_pal_lld.h"
  16              		.file 5 "../ChibiOS/os/hal/ports/STM32/LLD/GPIOv1/hal_pal_lld.c"
  17              		.section	.gnu.debuglto_.debug_info,"e",%progbits
  18              	.Ldebug_info0:
  19              		.hidden	hal_pal_lld.c.4795094d
  20              		.weak	hal_pal_lld.c.4795094d
  21              	hal_pal_lld.c.4795094d:
  22 0000 44030000 		.4byte	0x344
  23 0004 0400     		.2byte	0x4
  24 0006 00000000 		.4byte	.Ldebug_abbrev0
  25 000a 04       		.byte	0x4
  26 000b 01       		.uleb128 0x1
  27 000c 06010000 		.4byte	.LASF44
  28 0010 0C       		.byte	0xc
  29 0011 FB010000 		.4byte	.LASF45
  30 0015 4D000000 		.4byte	.LASF46
  31 0019 00000000 		.4byte	.Ldebug_line0
  32 001d 02       		.uleb128 0x2
  33 001e 01       		.byte	0x1
  34 001f 06       		.byte	0x6
  35 0020 DA020000 		.4byte	.LASF0
  36 0024 03       		.uleb128 0x3
  37 0025 0E000000 		.4byte	.LASF5
  38 0029 01       		.byte	0x1
  39 002a 2B       		.byte	0x2b
  40 002b 18       		.byte	0x18
  41 002c 30000000 		.4byte	0x30
  42 0030 02       		.uleb128 0x2
  43 0031 01       		.byte	0x1
  44 0032 08       		.byte	0x8
  45 0033 B2000000 		.4byte	.LASF1
  46 0037 02       		.uleb128 0x2
  47 0038 02       		.byte	0x2
  48 0039 05       		.byte	0x5
  49 003a 87020000 		.4byte	.LASF2
  50 003e 02       		.uleb128 0x2
  51 003f 02       		.byte	0x2
  52 0040 07       		.byte	0x7
  53 0041 F3000000 		.4byte	.LASF3
  54 0045 02       		.uleb128 0x2
  55 0046 04       		.byte	0x4
  56 0047 05       		.byte	0x5
  57 0048 B8020000 		.4byte	.LASF4
ARM GAS  /tmp/ccoBK2O1.s 			page 2


  58 004c 03       		.uleb128 0x3
  59 004d F0010000 		.4byte	.LASF6
  60 0051 01       		.byte	0x1
  61 0052 4F       		.byte	0x4f
  62 0053 19       		.byte	0x19
  63 0054 58000000 		.4byte	0x58
  64 0058 02       		.uleb128 0x2
  65 0059 04       		.byte	0x4
  66 005a 07       		.byte	0x7
  67 005b E1000000 		.4byte	.LASF7
  68 005f 02       		.uleb128 0x2
  69 0060 08       		.byte	0x8
  70 0061 05       		.byte	0x5
  71 0062 00000000 		.4byte	.LASF8
  72 0066 02       		.uleb128 0x2
  73 0067 08       		.byte	0x8
  74 0068 07       		.byte	0x7
  75 0069 EC020000 		.4byte	.LASF9
  76 006d 04       		.uleb128 0x4
  77 006e 04       		.byte	0x4
  78 006f 05       		.byte	0x5
  79 0070 696E7400 		.ascii	"int\000"
  80 0074 02       		.uleb128 0x2
  81 0075 04       		.byte	0x4
  82 0076 07       		.byte	0x7
  83 0077 40000000 		.4byte	.LASF10
  84 007b 03       		.uleb128 0x3
  85 007c 63020000 		.4byte	.LASF11
  86 0080 02       		.byte	0x2
  87 0081 18       		.byte	0x18
  88 0082 13       		.byte	0x13
  89 0083 24000000 		.4byte	0x24
  90 0087 05       		.uleb128 0x5
  91 0088 7B000000 		.4byte	0x7b
  92 008c 03       		.uleb128 0x3
  93 008d AF020000 		.4byte	.LASF12
  94 0091 02       		.byte	0x2
  95 0092 30       		.byte	0x30
  96 0093 14       		.byte	0x14
  97 0094 4C000000 		.4byte	0x4c
  98 0098 06       		.uleb128 0x6
  99 0099 8C000000 		.4byte	0x8c
 100 009d 07       		.uleb128 0x7
 101 009e 1C       		.byte	0x1c
 102 009f 03       		.byte	0x3
 103 00a0 7901     		.2byte	0x179
 104 00a2 09       		.byte	0x9
 105 00a3 0A010000 		.4byte	0x10a
 106 00a7 08       		.uleb128 0x8
 107 00a8 43524C00 		.ascii	"CRL\000"
 108 00ac 03       		.byte	0x3
 109 00ad 7B01     		.2byte	0x17b
 110 00af 11       		.byte	0x11
 111 00b0 98000000 		.4byte	0x98
 112 00b4 00       		.byte	0
 113 00b5 08       		.uleb128 0x8
 114 00b6 43524800 		.ascii	"CRH\000"
ARM GAS  /tmp/ccoBK2O1.s 			page 3


 115 00ba 03       		.byte	0x3
 116 00bb 7C01     		.2byte	0x17c
 117 00bd 11       		.byte	0x11
 118 00be 98000000 		.4byte	0x98
 119 00c2 04       		.byte	0x4
 120 00c3 08       		.uleb128 0x8
 121 00c4 49445200 		.ascii	"IDR\000"
 122 00c8 03       		.byte	0x3
 123 00c9 7D01     		.2byte	0x17d
 124 00cb 11       		.byte	0x11
 125 00cc 98000000 		.4byte	0x98
 126 00d0 08       		.byte	0x8
 127 00d1 08       		.uleb128 0x8
 128 00d2 4F445200 		.ascii	"ODR\000"
 129 00d6 03       		.byte	0x3
 130 00d7 7E01     		.2byte	0x17e
 131 00d9 11       		.byte	0x11
 132 00da 98000000 		.4byte	0x98
 133 00de 0C       		.byte	0xc
 134 00df 09       		.uleb128 0x9
 135 00e0 34000000 		.4byte	.LASF13
 136 00e4 03       		.byte	0x3
 137 00e5 7F01     		.2byte	0x17f
 138 00e7 11       		.byte	0x11
 139 00e8 98000000 		.4byte	0x98
 140 00ec 10       		.byte	0x10
 141 00ed 08       		.uleb128 0x8
 142 00ee 42525200 		.ascii	"BRR\000"
 143 00f2 03       		.byte	0x3
 144 00f3 8001     		.2byte	0x180
 145 00f5 11       		.byte	0x11
 146 00f6 98000000 		.4byte	0x98
 147 00fa 14       		.byte	0x14
 148 00fb 09       		.uleb128 0x9
 149 00fc 03030000 		.4byte	.LASF14
 150 0100 03       		.byte	0x3
 151 0101 8101     		.2byte	0x181
 152 0103 11       		.byte	0x11
 153 0104 98000000 		.4byte	0x98
 154 0108 18       		.byte	0x18
 155 0109 00       		.byte	0
 156 010a 0A       		.uleb128 0xa
 157 010b C1020000 		.4byte	.LASF15
 158 010f 03       		.byte	0x3
 159 0110 8201     		.2byte	0x182
 160 0112 03       		.byte	0x3
 161 0113 9D000000 		.4byte	0x9d
 162 0117 07       		.uleb128 0x7
 163 0118 28       		.byte	0x28
 164 0119 03       		.byte	0x3
 165 011a BB01     		.2byte	0x1bb
 166 011c 09       		.byte	0x9
 167 011d AD010000 		.4byte	0x1ad
 168 0121 08       		.uleb128 0x8
 169 0122 435200   		.ascii	"CR\000"
 170 0125 03       		.byte	0x3
 171 0126 BD01     		.2byte	0x1bd
ARM GAS  /tmp/ccoBK2O1.s 			page 4


 172 0128 11       		.byte	0x11
 173 0129 98000000 		.4byte	0x98
 174 012d 00       		.byte	0
 175 012e 09       		.uleb128 0x9
 176 012f 70020000 		.4byte	.LASF16
 177 0133 03       		.byte	0x3
 178 0134 BE01     		.2byte	0x1be
 179 0136 11       		.byte	0x11
 180 0137 98000000 		.4byte	0x98
 181 013b 04       		.byte	0x4
 182 013c 08       		.uleb128 0x8
 183 013d 43495200 		.ascii	"CIR\000"
 184 0141 03       		.byte	0x3
 185 0142 BF01     		.2byte	0x1bf
 186 0144 11       		.byte	0x11
 187 0145 98000000 		.4byte	0x98
 188 0149 08       		.byte	0x8
 189 014a 09       		.uleb128 0x9
 190 014b 3A020000 		.4byte	.LASF17
 191 014f 03       		.byte	0x3
 192 0150 C001     		.2byte	0x1c0
 193 0152 11       		.byte	0x11
 194 0153 98000000 		.4byte	0x98
 195 0157 0C       		.byte	0xc
 196 0158 09       		.uleb128 0x9
 197 0159 A2000000 		.4byte	.LASF18
 198 015d 03       		.byte	0x3
 199 015e C101     		.2byte	0x1c1
 200 0160 11       		.byte	0x11
 201 0161 98000000 		.4byte	0x98
 202 0165 10       		.byte	0x10
 203 0166 09       		.uleb128 0x9
 204 0167 39000000 		.4byte	.LASF19
 205 016b 03       		.byte	0x3
 206 016c C201     		.2byte	0x1c2
 207 016e 11       		.byte	0x11
 208 016f 98000000 		.4byte	0x98
 209 0173 14       		.byte	0x14
 210 0174 09       		.uleb128 0x9
 211 0175 75020000 		.4byte	.LASF20
 212 0179 03       		.byte	0x3
 213 017a C301     		.2byte	0x1c3
 214 017c 11       		.byte	0x11
 215 017d 98000000 		.4byte	0x98
 216 0181 18       		.byte	0x18
 217 0182 09       		.uleb128 0x9
 218 0183 32020000 		.4byte	.LASF21
 219 0187 03       		.byte	0x3
 220 0188 C401     		.2byte	0x1c4
 221 018a 11       		.byte	0x11
 222 018b 98000000 		.4byte	0x98
 223 018f 1C       		.byte	0x1c
 224 0190 09       		.uleb128 0x9
 225 0191 59020000 		.4byte	.LASF22
 226 0195 03       		.byte	0x3
 227 0196 C501     		.2byte	0x1c5
 228 0198 11       		.byte	0x11
ARM GAS  /tmp/ccoBK2O1.s 			page 5


 229 0199 98000000 		.4byte	0x98
 230 019d 20       		.byte	0x20
 231 019e 08       		.uleb128 0x8
 232 019f 43535200 		.ascii	"CSR\000"
 233 01a3 03       		.byte	0x3
 234 01a4 C601     		.2byte	0x1c6
 235 01a6 11       		.byte	0x11
 236 01a7 98000000 		.4byte	0x98
 237 01ab 24       		.byte	0x24
 238 01ac 00       		.byte	0
 239 01ad 0A       		.uleb128 0xa
 240 01ae A3020000 		.4byte	.LASF23
 241 01b2 03       		.byte	0x3
 242 01b3 C901     		.2byte	0x1c9
 243 01b5 03       		.byte	0x3
 244 01b6 17010000 		.4byte	0x117
 245 01ba 02       		.uleb128 0x2
 246 01bb 08       		.byte	0x8
 247 01bc 04       		.byte	0x4
 248 01bd CE020000 		.4byte	.LASF24
 249 01c1 02       		.uleb128 0x2
 250 01c2 01       		.byte	0x1
 251 01c3 08       		.byte	0x8
 252 01c4 5E020000 		.4byte	.LASF25
 253 01c8 02       		.uleb128 0x2
 254 01c9 01       		.byte	0x1
 255 01ca 02       		.byte	0x2
 256 01cb E6020000 		.4byte	.LASF26
 257 01cf 0B       		.uleb128 0xb
 258 01d0 0C       		.byte	0xc
 259 01d1 04       		.byte	0x4
 260 01d2 68       		.byte	0x68
 261 01d3 09       		.byte	0x9
 262 01d4 00020000 		.4byte	0x200
 263 01d8 0C       		.uleb128 0xc
 264 01d9 6F647200 		.ascii	"odr\000"
 265 01dd 04       		.byte	0x4
 266 01de 6A       		.byte	0x6a
 267 01df 11       		.byte	0x11
 268 01e0 8C000000 		.4byte	0x8c
 269 01e4 00       		.byte	0
 270 01e5 0C       		.uleb128 0xc
 271 01e6 63726C00 		.ascii	"crl\000"
 272 01ea 04       		.byte	0x4
 273 01eb 6C       		.byte	0x6c
 274 01ec 11       		.byte	0x11
 275 01ed 8C000000 		.4byte	0x8c
 276 01f1 04       		.byte	0x4
 277 01f2 0C       		.uleb128 0xc
 278 01f3 63726800 		.ascii	"crh\000"
 279 01f7 04       		.byte	0x4
 280 01f8 6E       		.byte	0x6e
 281 01f9 11       		.byte	0x11
 282 01fa 8C000000 		.4byte	0x8c
 283 01fe 08       		.byte	0x8
 284 01ff 00       		.byte	0
 285 0200 03       		.uleb128 0x3
ARM GAS  /tmp/ccoBK2O1.s 			page 6


 286 0201 C0000000 		.4byte	.LASF27
 287 0205 04       		.byte	0x4
 288 0206 6F       		.byte	0x6f
 289 0207 03       		.byte	0x3
 290 0208 CF010000 		.4byte	0x1cf
 291 020c 0B       		.uleb128 0xb
 292 020d 3C       		.byte	0x3c
 293 020e 04       		.byte	0x4
 294 020f 78       		.byte	0x78
 295 0210 09       		.byte	0x9
 296 0211 57020000 		.4byte	0x257
 297 0215 0D       		.uleb128 0xd
 298 0216 D3000000 		.4byte	.LASF28
 299 021a 04       		.byte	0x4
 300 021b 7A       		.byte	0x7a
 301 021c 19       		.byte	0x19
 302 021d 00020000 		.4byte	0x200
 303 0221 00       		.byte	0
 304 0222 0D       		.uleb128 0xd
 305 0223 1F000000 		.4byte	.LASF29
 306 0227 04       		.byte	0x4
 307 0228 7C       		.byte	0x7c
 308 0229 19       		.byte	0x19
 309 022a 00020000 		.4byte	0x200
 310 022e 0C       		.byte	0xc
 311 022f 0D       		.uleb128 0xd
 312 0230 91020000 		.4byte	.LASF30
 313 0234 04       		.byte	0x4
 314 0235 7E       		.byte	0x7e
 315 0236 19       		.byte	0x19
 316 0237 00020000 		.4byte	0x200
 317 023b 18       		.byte	0x18
 318 023c 0D       		.uleb128 0xd
 319 023d 18000000 		.4byte	.LASF31
 320 0241 04       		.byte	0x4
 321 0242 80       		.byte	0x80
 322 0243 19       		.byte	0x19
 323 0244 00020000 		.4byte	0x200
 324 0248 24       		.byte	0x24
 325 0249 0D       		.uleb128 0xd
 326 024a AB000000 		.4byte	.LASF32
 327 024e 04       		.byte	0x4
 328 024f 83       		.byte	0x83
 329 0250 19       		.byte	0x19
 330 0251 00020000 		.4byte	0x200
 331 0255 30       		.byte	0x30
 332 0256 00       		.byte	0
 333 0257 03       		.uleb128 0x3
 334 0258 E6010000 		.4byte	.LASF33
 335 025c 04       		.byte	0x4
 336 025d 8D       		.byte	0x8d
 337 025e 03       		.byte	0x3
 338 025f 0C020000 		.4byte	0x20c
 339 0263 05       		.uleb128 0x5
 340 0264 57020000 		.4byte	0x257
 341 0268 03       		.uleb128 0x3
 342 0269 8C000000 		.4byte	.LASF34
ARM GAS  /tmp/ccoBK2O1.s 			page 7


 343 026d 04       		.byte	0x4
 344 026e 92       		.byte	0x92
 345 026f 12       		.byte	0x12
 346 0270 8C000000 		.4byte	0x8c
 347 0274 03       		.uleb128 0x3
 348 0275 99000000 		.4byte	.LASF35
 349 0279 04       		.byte	0x4
 350 027a 97       		.byte	0x97
 351 027b 12       		.byte	0x12
 352 027c 8C000000 		.4byte	0x8c
 353 0280 03       		.uleb128 0x3
 354 0281 98020000 		.4byte	.LASF36
 355 0285 04       		.byte	0x4
 356 0286 A4       		.byte	0xa4
 357 0287 18       		.byte	0x18
 358 0288 8C020000 		.4byte	0x28c
 359 028c 0E       		.uleb128 0xe
 360 028d 04       		.byte	0x4
 361 028e 0A010000 		.4byte	0x10a
 362 0292 0F       		.uleb128 0xf
 363 0293 43020000 		.4byte	.LASF41
 364 0297 05       		.byte	0x5
 365 0298 82       		.byte	0x82
 366 0299 06       		.byte	0x6
 367 029a 13030000 		.4byte	0x313
 368 029e 10       		.uleb128 0x10
 369 029f 82020000 		.4byte	.LASF37
 370 02a3 05       		.byte	0x5
 371 02a4 82       		.byte	0x82
 372 02a5 27       		.byte	0x27
 373 02a6 80020000 		.4byte	0x280
 374 02aa 10       		.uleb128 0x10
 375 02ab 7D020000 		.4byte	.LASF38
 376 02af 05       		.byte	0x5
 377 02b0 83       		.byte	0x83
 378 02b1 29       		.byte	0x29
 379 02b2 68020000 		.4byte	0x268
 380 02b6 10       		.uleb128 0x10
 381 02b7 6B020000 		.4byte	.LASF39
 382 02bb 05       		.byte	0x5
 383 02bc 84       		.byte	0x84
 384 02bd 25       		.byte	0x25
 385 02be 74020000 		.4byte	0x274
 386 02c2 11       		.uleb128 0x11
 387 02c3 DA000000 		.4byte	.LASF40
 388 02c7 05       		.byte	0x5
 389 02c8 85       		.byte	0x85
 390 02c9 18       		.byte	0x18
 391 02ca 23030000 		.4byte	0x323
 392 02ce 12       		.uleb128 0x12
 393 02cf 6D6800   		.ascii	"mh\000"
 394 02d2 05       		.byte	0x5
 395 02d3 99       		.byte	0x99
 396 02d4 0C       		.byte	0xc
 397 02d5 8C000000 		.4byte	0x8c
 398 02d9 12       		.uleb128 0x12
 399 02da 6D6C00   		.ascii	"ml\000"
ARM GAS  /tmp/ccoBK2O1.s 			page 8


 400 02dd 05       		.byte	0x5
 401 02de 99       		.byte	0x99
 402 02df 10       		.byte	0x10
 403 02e0 8C000000 		.4byte	0x8c
 404 02e4 12       		.uleb128 0x12
 405 02e5 63726800 		.ascii	"crh\000"
 406 02e9 05       		.byte	0x5
 407 02ea 99       		.byte	0x99
 408 02eb 14       		.byte	0x14
 409 02ec 8C000000 		.4byte	0x8c
 410 02f0 12       		.uleb128 0x12
 411 02f1 63726C00 		.ascii	"crl\000"
 412 02f5 05       		.byte	0x5
 413 02f6 99       		.byte	0x99
 414 02f7 19       		.byte	0x19
 415 02f8 8C000000 		.4byte	0x8c
 416 02fc 12       		.uleb128 0x12
 417 02fd 63666700 		.ascii	"cfg\000"
 418 0301 05       		.byte	0x5
 419 0302 99       		.byte	0x99
 420 0303 1E       		.byte	0x1e
 421 0304 8C000000 		.4byte	0x8c
 422 0308 12       		.uleb128 0x12
 423 0309 6900     		.ascii	"i\000"
 424 030b 05       		.byte	0x5
 425 030c 9A       		.byte	0x9a
 426 030d 0C       		.byte	0xc
 427 030e 74000000 		.4byte	0x74
 428 0312 00       		.byte	0
 429 0313 13       		.uleb128 0x13
 430 0314 87000000 		.4byte	0x87
 431 0318 23030000 		.4byte	0x323
 432 031c 14       		.uleb128 0x14
 433 031d 74000000 		.4byte	0x74
 434 0321 11       		.byte	0x11
 435 0322 00       		.byte	0
 436 0323 05       		.uleb128 0x5
 437 0324 13030000 		.4byte	0x313
 438 0328 0F       		.uleb128 0xf
 439 0329 26000000 		.4byte	.LASF42
 440 032d 05       		.byte	0x5
 441 032e 4C       		.byte	0x4c
 442 032f 06       		.byte	0x6
 443 0330 41030000 		.4byte	0x341
 444 0334 10       		.uleb128 0x10
 445 0335 DF010000 		.4byte	.LASF43
 446 0339 05       		.byte	0x5
 447 033a 4C       		.byte	0x4c
 448 033b 25       		.byte	0x25
 449 033c 41030000 		.4byte	0x341
 450 0340 00       		.byte	0
 451 0341 0E       		.uleb128 0xe
 452 0342 04       		.byte	0x4
 453 0343 63020000 		.4byte	0x263
 454 0347 00       		.byte	0
 455              		.section	.gnu.debuglto_.debug_abbrev,"e",%progbits
 456              	.Ldebug_abbrev0:
ARM GAS  /tmp/ccoBK2O1.s 			page 9


 457 0000 01       		.uleb128 0x1
 458 0001 11       		.uleb128 0x11
 459 0002 01       		.byte	0x1
 460 0003 25       		.uleb128 0x25
 461 0004 0E       		.uleb128 0xe
 462 0005 13       		.uleb128 0x13
 463 0006 0B       		.uleb128 0xb
 464 0007 03       		.uleb128 0x3
 465 0008 0E       		.uleb128 0xe
 466 0009 1B       		.uleb128 0x1b
 467 000a 0E       		.uleb128 0xe
 468 000b 10       		.uleb128 0x10
 469 000c 17       		.uleb128 0x17
 470 000d 00       		.byte	0
 471 000e 00       		.byte	0
 472 000f 02       		.uleb128 0x2
 473 0010 24       		.uleb128 0x24
 474 0011 00       		.byte	0
 475 0012 0B       		.uleb128 0xb
 476 0013 0B       		.uleb128 0xb
 477 0014 3E       		.uleb128 0x3e
 478 0015 0B       		.uleb128 0xb
 479 0016 03       		.uleb128 0x3
 480 0017 0E       		.uleb128 0xe
 481 0018 00       		.byte	0
 482 0019 00       		.byte	0
 483 001a 03       		.uleb128 0x3
 484 001b 16       		.uleb128 0x16
 485 001c 00       		.byte	0
 486 001d 03       		.uleb128 0x3
 487 001e 0E       		.uleb128 0xe
 488 001f 3A       		.uleb128 0x3a
 489 0020 0B       		.uleb128 0xb
 490 0021 3B       		.uleb128 0x3b
 491 0022 0B       		.uleb128 0xb
 492 0023 39       		.uleb128 0x39
 493 0024 0B       		.uleb128 0xb
 494 0025 49       		.uleb128 0x49
 495 0026 13       		.uleb128 0x13
 496 0027 00       		.byte	0
 497 0028 00       		.byte	0
 498 0029 04       		.uleb128 0x4
 499 002a 24       		.uleb128 0x24
 500 002b 00       		.byte	0
 501 002c 0B       		.uleb128 0xb
 502 002d 0B       		.uleb128 0xb
 503 002e 3E       		.uleb128 0x3e
 504 002f 0B       		.uleb128 0xb
 505 0030 03       		.uleb128 0x3
 506 0031 08       		.uleb128 0x8
 507 0032 00       		.byte	0
 508 0033 00       		.byte	0
 509 0034 05       		.uleb128 0x5
 510 0035 26       		.uleb128 0x26
 511 0036 00       		.byte	0
 512 0037 49       		.uleb128 0x49
 513 0038 13       		.uleb128 0x13
ARM GAS  /tmp/ccoBK2O1.s 			page 10


 514 0039 00       		.byte	0
 515 003a 00       		.byte	0
 516 003b 06       		.uleb128 0x6
 517 003c 35       		.uleb128 0x35
 518 003d 00       		.byte	0
 519 003e 49       		.uleb128 0x49
 520 003f 13       		.uleb128 0x13
 521 0040 00       		.byte	0
 522 0041 00       		.byte	0
 523 0042 07       		.uleb128 0x7
 524 0043 13       		.uleb128 0x13
 525 0044 01       		.byte	0x1
 526 0045 0B       		.uleb128 0xb
 527 0046 0B       		.uleb128 0xb
 528 0047 3A       		.uleb128 0x3a
 529 0048 0B       		.uleb128 0xb
 530 0049 3B       		.uleb128 0x3b
 531 004a 05       		.uleb128 0x5
 532 004b 39       		.uleb128 0x39
 533 004c 0B       		.uleb128 0xb
 534 004d 01       		.uleb128 0x1
 535 004e 13       		.uleb128 0x13
 536 004f 00       		.byte	0
 537 0050 00       		.byte	0
 538 0051 08       		.uleb128 0x8
 539 0052 0D       		.uleb128 0xd
 540 0053 00       		.byte	0
 541 0054 03       		.uleb128 0x3
 542 0055 08       		.uleb128 0x8
 543 0056 3A       		.uleb128 0x3a
 544 0057 0B       		.uleb128 0xb
 545 0058 3B       		.uleb128 0x3b
 546 0059 05       		.uleb128 0x5
 547 005a 39       		.uleb128 0x39
 548 005b 0B       		.uleb128 0xb
 549 005c 49       		.uleb128 0x49
 550 005d 13       		.uleb128 0x13
 551 005e 38       		.uleb128 0x38
 552 005f 0B       		.uleb128 0xb
 553 0060 00       		.byte	0
 554 0061 00       		.byte	0
 555 0062 09       		.uleb128 0x9
 556 0063 0D       		.uleb128 0xd
 557 0064 00       		.byte	0
 558 0065 03       		.uleb128 0x3
 559 0066 0E       		.uleb128 0xe
 560 0067 3A       		.uleb128 0x3a
 561 0068 0B       		.uleb128 0xb
 562 0069 3B       		.uleb128 0x3b
 563 006a 05       		.uleb128 0x5
 564 006b 39       		.uleb128 0x39
 565 006c 0B       		.uleb128 0xb
 566 006d 49       		.uleb128 0x49
 567 006e 13       		.uleb128 0x13
 568 006f 38       		.uleb128 0x38
 569 0070 0B       		.uleb128 0xb
 570 0071 00       		.byte	0
ARM GAS  /tmp/ccoBK2O1.s 			page 11


 571 0072 00       		.byte	0
 572 0073 0A       		.uleb128 0xa
 573 0074 16       		.uleb128 0x16
 574 0075 00       		.byte	0
 575 0076 03       		.uleb128 0x3
 576 0077 0E       		.uleb128 0xe
 577 0078 3A       		.uleb128 0x3a
 578 0079 0B       		.uleb128 0xb
 579 007a 3B       		.uleb128 0x3b
 580 007b 05       		.uleb128 0x5
 581 007c 39       		.uleb128 0x39
 582 007d 0B       		.uleb128 0xb
 583 007e 49       		.uleb128 0x49
 584 007f 13       		.uleb128 0x13
 585 0080 00       		.byte	0
 586 0081 00       		.byte	0
 587 0082 0B       		.uleb128 0xb
 588 0083 13       		.uleb128 0x13
 589 0084 01       		.byte	0x1
 590 0085 0B       		.uleb128 0xb
 591 0086 0B       		.uleb128 0xb
 592 0087 3A       		.uleb128 0x3a
 593 0088 0B       		.uleb128 0xb
 594 0089 3B       		.uleb128 0x3b
 595 008a 0B       		.uleb128 0xb
 596 008b 39       		.uleb128 0x39
 597 008c 0B       		.uleb128 0xb
 598 008d 01       		.uleb128 0x1
 599 008e 13       		.uleb128 0x13
 600 008f 00       		.byte	0
 601 0090 00       		.byte	0
 602 0091 0C       		.uleb128 0xc
 603 0092 0D       		.uleb128 0xd
 604 0093 00       		.byte	0
 605 0094 03       		.uleb128 0x3
 606 0095 08       		.uleb128 0x8
 607 0096 3A       		.uleb128 0x3a
 608 0097 0B       		.uleb128 0xb
 609 0098 3B       		.uleb128 0x3b
 610 0099 0B       		.uleb128 0xb
 611 009a 39       		.uleb128 0x39
 612 009b 0B       		.uleb128 0xb
 613 009c 49       		.uleb128 0x49
 614 009d 13       		.uleb128 0x13
 615 009e 38       		.uleb128 0x38
 616 009f 0B       		.uleb128 0xb
 617 00a0 00       		.byte	0
 618 00a1 00       		.byte	0
 619 00a2 0D       		.uleb128 0xd
 620 00a3 0D       		.uleb128 0xd
 621 00a4 00       		.byte	0
 622 00a5 03       		.uleb128 0x3
 623 00a6 0E       		.uleb128 0xe
 624 00a7 3A       		.uleb128 0x3a
 625 00a8 0B       		.uleb128 0xb
 626 00a9 3B       		.uleb128 0x3b
 627 00aa 0B       		.uleb128 0xb
ARM GAS  /tmp/ccoBK2O1.s 			page 12


 628 00ab 39       		.uleb128 0x39
 629 00ac 0B       		.uleb128 0xb
 630 00ad 49       		.uleb128 0x49
 631 00ae 13       		.uleb128 0x13
 632 00af 38       		.uleb128 0x38
 633 00b0 0B       		.uleb128 0xb
 634 00b1 00       		.byte	0
 635 00b2 00       		.byte	0
 636 00b3 0E       		.uleb128 0xe
 637 00b4 0F       		.uleb128 0xf
 638 00b5 00       		.byte	0
 639 00b6 0B       		.uleb128 0xb
 640 00b7 0B       		.uleb128 0xb
 641 00b8 49       		.uleb128 0x49
 642 00b9 13       		.uleb128 0x13
 643 00ba 00       		.byte	0
 644 00bb 00       		.byte	0
 645 00bc 0F       		.uleb128 0xf
 646 00bd 2E       		.uleb128 0x2e
 647 00be 01       		.byte	0x1
 648 00bf 3F       		.uleb128 0x3f
 649 00c0 19       		.uleb128 0x19
 650 00c1 03       		.uleb128 0x3
 651 00c2 0E       		.uleb128 0xe
 652 00c3 3A       		.uleb128 0x3a
 653 00c4 0B       		.uleb128 0xb
 654 00c5 3B       		.uleb128 0x3b
 655 00c6 0B       		.uleb128 0xb
 656 00c7 39       		.uleb128 0x39
 657 00c8 0B       		.uleb128 0xb
 658 00c9 27       		.uleb128 0x27
 659 00ca 19       		.uleb128 0x19
 660 00cb 01       		.uleb128 0x1
 661 00cc 13       		.uleb128 0x13
 662 00cd 00       		.byte	0
 663 00ce 00       		.byte	0
 664 00cf 10       		.uleb128 0x10
 665 00d0 05       		.uleb128 0x5
 666 00d1 00       		.byte	0
 667 00d2 03       		.uleb128 0x3
 668 00d3 0E       		.uleb128 0xe
 669 00d4 3A       		.uleb128 0x3a
 670 00d5 0B       		.uleb128 0xb
 671 00d6 3B       		.uleb128 0x3b
 672 00d7 0B       		.uleb128 0xb
 673 00d8 39       		.uleb128 0x39
 674 00d9 0B       		.uleb128 0xb
 675 00da 49       		.uleb128 0x49
 676 00db 13       		.uleb128 0x13
 677 00dc 00       		.byte	0
 678 00dd 00       		.byte	0
 679 00de 11       		.uleb128 0x11
 680 00df 34       		.uleb128 0x34
 681 00e0 00       		.byte	0
 682 00e1 03       		.uleb128 0x3
 683 00e2 0E       		.uleb128 0xe
 684 00e3 3A       		.uleb128 0x3a
ARM GAS  /tmp/ccoBK2O1.s 			page 13


 685 00e4 0B       		.uleb128 0xb
 686 00e5 3B       		.uleb128 0x3b
 687 00e6 0B       		.uleb128 0xb
 688 00e7 39       		.uleb128 0x39
 689 00e8 0B       		.uleb128 0xb
 690 00e9 49       		.uleb128 0x49
 691 00ea 13       		.uleb128 0x13
 692 00eb 00       		.byte	0
 693 00ec 00       		.byte	0
 694 00ed 12       		.uleb128 0x12
 695 00ee 34       		.uleb128 0x34
 696 00ef 00       		.byte	0
 697 00f0 03       		.uleb128 0x3
 698 00f1 08       		.uleb128 0x8
 699 00f2 3A       		.uleb128 0x3a
 700 00f3 0B       		.uleb128 0xb
 701 00f4 3B       		.uleb128 0x3b
 702 00f5 0B       		.uleb128 0xb
 703 00f6 39       		.uleb128 0x39
 704 00f7 0B       		.uleb128 0xb
 705 00f8 49       		.uleb128 0x49
 706 00f9 13       		.uleb128 0x13
 707 00fa 00       		.byte	0
 708 00fb 00       		.byte	0
 709 00fc 13       		.uleb128 0x13
 710 00fd 01       		.uleb128 0x1
 711 00fe 01       		.byte	0x1
 712 00ff 49       		.uleb128 0x49
 713 0100 13       		.uleb128 0x13
 714 0101 01       		.uleb128 0x1
 715 0102 13       		.uleb128 0x13
 716 0103 00       		.byte	0
 717 0104 00       		.byte	0
 718 0105 14       		.uleb128 0x14
 719 0106 21       		.uleb128 0x21
 720 0107 00       		.byte	0
 721 0108 49       		.uleb128 0x49
 722 0109 13       		.uleb128 0x13
 723 010a 2F       		.uleb128 0x2f
 724 010b 0B       		.uleb128 0xb
 725 010c 00       		.byte	0
 726 010d 00       		.byte	0
 727 010e 00       		.byte	0
 728              		.section	.gnu.debuglto_.debug_line,"e",%progbits
 729              	.Ldebug_line0:
 730 0000 57010000 		.4byte	.LELT0-.LSLT0
 731              	.LSLT0:
 732 0004 0400     		.2byte	0x4
 733 0006 51010000 		.4byte	.LELTP0-.LASLTP0
 734              	.LASLTP0:
 735 000a 01       		.byte	0x1
 736 000b 01       		.byte	0x1
 737 000c 01       		.byte	0x1
 738 000d F6       		.byte	0xf6
 739 000e F2       		.byte	0xf2
 740 000f 0D       		.byte	0xd
 741 0010 00       		.byte	0
ARM GAS  /tmp/ccoBK2O1.s 			page 14


 742 0011 01       		.byte	0x1
 743 0012 01       		.byte	0x1
 744 0013 01       		.byte	0x1
 745 0014 01       		.byte	0x1
 746 0015 00       		.byte	0
 747 0016 00       		.byte	0
 748 0017 00       		.byte	0
 749 0018 01       		.byte	0x1
 750 0019 00       		.byte	0
 751 001a 00       		.byte	0
 752 001b 01       		.byte	0x1
 753 001c 2E2E2F43 		.ascii	"../ChibiOS/os/common/ext/CMSIS/ST/STM32F1xx"
 753      68696269 
 753      4F532F6F 
 753      732F636F 
 753      6D6D6F6E 
 754 0047 00       		.byte	0
 755 0048 2E2E2F43 		.ascii	"../ChibiOS/os/hal/ports/STM32/LLD/GPIOv1"
 755      68696269 
 755      4F532F6F 
 755      732F6861 
 755      6C2F706F 
 756 0070 00       		.byte	0
 757 0071 2F686F6D 		.ascii	"/home/matt/gcc-arm-none-eabi-10-2020-q4-major/arm-n"
 757      652F6D61 
 757      74742F67 
 757      63632D61 
 757      726D2D6E 
 758 00a4 6F6E652D 		.ascii	"one-eabi/include/machine"
 758      65616269 
 758      2F696E63 
 758      6C756465 
 758      2F6D6163 
 759 00bc 00       		.byte	0
 760 00bd 2F686F6D 		.ascii	"/home/matt/gcc-arm-none-eabi-10-2020-q4-major/arm-n"
 760      652F6D61 
 760      74742F67 
 760      63632D61 
 760      726D2D6E 
 761 00f0 6F6E652D 		.ascii	"one-eabi/include/sys"
 761      65616269 
 761      2F696E63 
 761      6C756465 
 761      2F737973 
 762 0104 00       		.byte	0
 763 0105 00       		.byte	0
 764 0106 5F646566 		.ascii	"_default_types.h\000"
 764      61756C74 
 764      5F747970 
 764      65732E68 
 764      00
 765 0117 03       		.uleb128 0x3
 766 0118 00       		.uleb128 0
 767 0119 00       		.uleb128 0
 768 011a 5F737464 		.ascii	"_stdint.h\000"
 768      696E742E 
 768      6800
ARM GAS  /tmp/ccoBK2O1.s 			page 15


 769 0124 04       		.uleb128 0x4
 770 0125 00       		.uleb128 0
 771 0126 00       		.uleb128 0
 772 0127 73746D33 		.ascii	"stm32f103xb.h\000"
 772      32663130 
 772      3378622E 
 772      6800
 773 0135 01       		.uleb128 0x1
 774 0136 00       		.uleb128 0
 775 0137 00       		.uleb128 0
 776 0138 68616C5F 		.ascii	"hal_pal_lld.h\000"
 776      70616C5F 
 776      6C6C642E 
 776      6800
 777 0146 02       		.uleb128 0x2
 778 0147 00       		.uleb128 0
 779 0148 00       		.uleb128 0
 780 0149 68616C5F 		.ascii	"hal_pal_lld.c\000"
 780      70616C5F 
 780      6C6C642E 
 780      6300
 781 0157 02       		.uleb128 0x2
 782 0158 00       		.uleb128 0
 783 0159 00       		.uleb128 0
 784 015a 00       		.byte	0
 785              	.LELTP0:
 786              	.LELT0:
 787              		.section	.gnu.debuglto_.debug_str,"eMS",%progbits,1
 788              	.LASF8:
 789 0000 6C6F6E67 		.ascii	"long long int\000"
 789      206C6F6E 
 789      6720696E 
 789      7400
 790              	.LASF5:
 791 000e 5F5F7569 		.ascii	"__uint8_t\000"
 791      6E74385F 
 791      7400
 792              	.LASF31:
 793 0018 50444461 		.ascii	"PDData\000"
 793      746100
 794              	.LASF29:
 795 001f 50424461 		.ascii	"PBData\000"
 795      746100
 796              	.LASF42:
 797 0026 5F70616C 		.ascii	"_pal_lld_init\000"
 797      5F6C6C64 
 797      5F696E69 
 797      7400
 798              	.LASF13:
 799 0034 42535252 		.ascii	"BSRR\000"
 799      00
 800              	.LASF19:
 801 0039 41484245 		.ascii	"AHBENR\000"
 801      4E5200
 802              	.LASF10:
 803 0040 756E7369 		.ascii	"unsigned int\000"
 803      676E6564 
ARM GAS  /tmp/ccoBK2O1.s 			page 16


 803      20696E74 
 803      00
 804              	.LASF46:
 805 004d 2F686F6D 		.ascii	"/home/matt/hardware/electrosense-converter-firmware"
 805      652F6D61 
 805      74742F68 
 805      61726477 
 805      6172652F 
 806 0080 56322F66 		.ascii	"V2/firmware\000"
 806      69726D77 
 806      61726500 
 807              	.LASF34:
 808 008c 696F706F 		.ascii	"ioportmask_t\000"
 808      72746D61 
 808      736B5F74 
 808      00
 809              	.LASF35:
 810 0099 696F6D6F 		.ascii	"iomode_t\000"
 810      64655F74 
 810      00
 811              	.LASF18:
 812 00a2 41504231 		.ascii	"APB1RSTR\000"
 812      52535452 
 812      00
 813              	.LASF32:
 814 00ab 50454461 		.ascii	"PEData\000"
 814      746100
 815              	.LASF1:
 816 00b2 756E7369 		.ascii	"unsigned char\000"
 816      676E6564 
 816      20636861 
 816      7200
 817              	.LASF27:
 818 00c0 73746D33 		.ascii	"stm32_gpio_setup_t\000"
 818      325F6770 
 818      696F5F73 
 818      65747570 
 818      5F7400
 819              	.LASF28:
 820 00d3 50414461 		.ascii	"PAData\000"
 820      746100
 821              	.LASF40:
 822 00da 63666774 		.ascii	"cfgtab\000"
 822      616200
 823              	.LASF7:
 824 00e1 6C6F6E67 		.ascii	"long unsigned int\000"
 824      20756E73 
 824      69676E65 
 824      6420696E 
 824      7400
 825              	.LASF3:
 826 00f3 73686F72 		.ascii	"short unsigned int\000"
 826      7420756E 
 826      7369676E 
 826      65642069 
 826      6E7400
 827              	.LASF44:
ARM GAS  /tmp/ccoBK2O1.s 			page 17


 828 0106 474E5520 		.ascii	"GNU C17 10.2.1 20201103 (release) -mcpu=cortex-m3 -"
 828      43313720 
 828      31302E32 
 828      2E312032 
 828      30323031 
 829 0139 6D6E6F2D 		.ascii	"mno-thumb-interwork -mthumb -mfloat-abi=soft -march"
 829      7468756D 
 829      622D696E 
 829      74657277 
 829      6F726B20 
 830 016c 3D61726D 		.ascii	"=armv7-m -ggdb -Os -fomit-frame-pointer -falign-fun"
 830      76372D6D 
 830      202D6767 
 830      6462202D 
 830      4F73202D 
 831 019f 6374696F 		.ascii	"ctions=16 -ffunction-sections -fdata-sections -fno-"
 831      6E733D31 
 831      36202D66 
 831      66756E63 
 831      74696F6E 
 832 01d2 636F6D6D 		.ascii	"common -flto\000"
 832      6F6E202D 
 832      666C746F 
 832      00
 833              	.LASF43:
 834 01df 636F6E66 		.ascii	"config\000"
 834      696700
 835              	.LASF33:
 836 01e6 50414C43 		.ascii	"PALConfig\000"
 836      6F6E6669 
 836      6700
 837              	.LASF6:
 838 01f0 5F5F7569 		.ascii	"__uint32_t\000"
 838      6E743332 
 838      5F7400
 839              	.LASF45:
 840 01fb 2E2E2F43 		.ascii	"../ChibiOS/os/hal/ports/STM32/LLD/GPIOv1/hal_pal_ll"
 840      68696269 
 840      4F532F6F 
 840      732F6861 
 840      6C2F706F 
 841 022e 642E6300 		.ascii	"d.c\000"
 842              	.LASF21:
 843 0232 41504231 		.ascii	"APB1ENR\000"
 843      454E5200 
 844              	.LASF17:
 845 023a 41504232 		.ascii	"APB2RSTR\000"
 845      52535452 
 845      00
 846              	.LASF41:
 847 0243 5F70616C 		.ascii	"_pal_lld_setgroupmode\000"
 847      5F6C6C64 
 847      5F736574 
 847      67726F75 
 847      706D6F64 
 848              	.LASF22:
 849 0259 42444352 		.ascii	"BDCR\000"
ARM GAS  /tmp/ccoBK2O1.s 			page 18


 849      00
 850              	.LASF25:
 851 025e 63686172 		.ascii	"char\000"
 851      00
 852              	.LASF11:
 853 0263 75696E74 		.ascii	"uint8_t\000"
 853      385F7400 
 854              	.LASF39:
 855 026b 6D6F6465 		.ascii	"mode\000"
 855      00
 856              	.LASF16:
 857 0270 43464752 		.ascii	"CFGR\000"
 857      00
 858              	.LASF20:
 859 0275 41504232 		.ascii	"APB2ENR\000"
 859      454E5200 
 860              	.LASF38:
 861 027d 6D61736B 		.ascii	"mask\000"
 861      00
 862              	.LASF37:
 863 0282 706F7274 		.ascii	"port\000"
 863      00
 864              	.LASF2:
 865 0287 73686F72 		.ascii	"short int\000"
 865      7420696E 
 865      7400
 866              	.LASF30:
 867 0291 50434461 		.ascii	"PCData\000"
 867      746100
 868              	.LASF36:
 869 0298 696F706F 		.ascii	"ioportid_t\000"
 869      72746964 
 869      5F7400
 870              	.LASF23:
 871 02a3 5243435F 		.ascii	"RCC_TypeDef\000"
 871      54797065 
 871      44656600 
 872              	.LASF12:
 873 02af 75696E74 		.ascii	"uint32_t\000"
 873      33325F74 
 873      00
 874              	.LASF4:
 875 02b8 6C6F6E67 		.ascii	"long int\000"
 875      20696E74 
 875      00
 876              	.LASF15:
 877 02c1 4750494F 		.ascii	"GPIO_TypeDef\000"
 877      5F547970 
 877      65446566 
 877      00
 878              	.LASF24:
 879 02ce 6C6F6E67 		.ascii	"long double\000"
 879      20646F75 
 879      626C6500 
 880              	.LASF0:
 881 02da 7369676E 		.ascii	"signed char\000"
 881      65642063 
ARM GAS  /tmp/ccoBK2O1.s 			page 19


 881      68617200 
 882              	.LASF26:
 883 02e6 5F426F6F 		.ascii	"_Bool\000"
 883      6C00
 884              	.LASF9:
 885 02ec 6C6F6E67 		.ascii	"long long unsigned int\000"
 885      206C6F6E 
 885      6720756E 
 885      7369676E 
 885      65642069 
 886              	.LASF14:
 887 0303 4C434B52 		.ascii	"LCKR\000"
 887      00
 888              		.text
 889              		.section	.gnu.lto_.profile.200b2a97d33aed1,"e",%progbits
 890 0000 789C6362 		.ascii	"x\234cb\000\001\000\000\022\000\003"
 890      00010000 
 890      120003
 891              		.text
 892              		.section	.gnu.lto_.icf.200b2a97d33aed1,"e",%progbits
 893 0000 789C1361 		.ascii	"x\234\023a@\000f\206\326\236Us\271\031\327\375\335\361"
 893      40006686 
 893      D69E5573 
 893      B919D7FD 
 893      DDF1
 894 0012 869569F9 		.ascii	"\206\225i\371\263)K8\031\000Yk\010\240"
 894      B3294B38 
 894      1900596B 
 894      08A0
 895              		.text
 896              		.section	.gnu.lto_.ipa_sra.200b2a97d33aed1,"e",%progbits
 897 0000 789C4DCE 		.ascii	"x\234M\316\241\022@P\024E\321s\334\033\0043\004A\020"
 897      A1124050 
 897      1445D173 
 897      DC1B0433 
 897      044110
 898 0013 04417841 		.ascii	"\004AxA\020\374\255\362>\224\031\263\207\235V\334\227"
 898      10FCADF2 
 898      3E9419B3 
 898      879D56DC 
 898      97
 899 0024 BE1AB9AF 		.ascii	"\276\032\271\257\241\032V\372E\202\026t`\000#\230\300"
 899      A11A56FA 
 899      45821674 
 899      60002398 
 899      C0
 900 0035 0C16B082 		.ascii	"\014\026\260\202\015\024\260\203\003\234i=\007\216\337"
 900      0D14B083 
 900      039C693D 
 900      078EDF
 901 0044 9BAC1BE5 		.ascii	"\233\254\033\345L\026L"
 901      4C164C
 902              		.text
 903              		.section	.gnu.lto_.inline.200b2a97d33aed1,"e",%progbits
 904 0000 789C5592 		.ascii	"x\234U\2221j\303@\020\000\367\366\216 \322DO\270\302"
 904      316AC340 
 904      1000F7F6 
ARM GAS  /tmp/ccoBK2O1.s 			page 20


 904      8E20D244 
 904      4FB8C2
 905 0013 FE805FA0 		.ascii	"\376\200_\240\237\304\330\0161\256\222\037,\244\014"
 905      9FC4D80E 
 905      31AE921F 
 905      2CA40C
 906 0022 B8302E52 		.ascii	"\2700.R\212\330Op\341\"\001\267!U*7.\034\010\361\013"
 906      8AD84F70 
 906      E12201B7 
 906      21552A37 
 906      2E1C08F1 
 907 0037 D27B4FF1 		.ascii	"\322{O\361\355\356\011I\314\015H\314i\265A\220\203\261"
 907      EDEE0949 
 907      CC0D48CC 
 907      69B54190 
 907      83B1
 908 0049 47442F38 		.ascii	"GD/8u7\340\326\036\200\317\0134\031b\206a\206\326e\""
 908      7537E0D6 
 908      1E80CF0B 
 908      34196286 
 908      6186D665 
 909 005e A19D3ACC 		.ascii	"\241\235:\314t\024\327\252\023\332\011\221\027'\324"
 909      7414D7AA 
 909      13DA0991 
 909      1727D4
 910 006d 7A88A9AD 		.ascii	"z\210\251\255\305{\200+\006\302\011r\260\353p\204\020"
 910      C57B802B 
 910      06C20972 
 910      B0EB7084 
 910      10
 911 007e 8421A8AD 		.ascii	"\204!\250\255\324Vjk\265\265\332\2506\252m\3246j\311"
 911      D4566A6B 
 911      B5B5DAA8 
 911      36AA6DD4 
 911      366AC9
 912 0091 A9E64DAB 		.ascii	"\251\346M\253G\343M\035\231<2}d\002\311\024\222I$\323"
 912      47E34D1D 
 912      993C327D 
 912      6402C914 
 912      924924D3 
 913 00a5 4826924C 		.ascii	"H&\222L%\231L\262\235EhQZ\244\026\255E,\327\362\014"
 913      25994CB2 
 913      9D456851 
 913      5AA416AD 
 913      452CD7F2 
 914 00ba A07F7AFE 		.ascii	"\240\177z\376]\341\314\005|X{\\x\2769\236\013>&\330"
 914      5DE1CC05 
 914      7C587B5C 
 914      78BE399E 
 914      0B3E26D8 
 915 00ce F0608DE7 		.ascii	"\360`\215\347'\220\247\226~\254j\360\263\177Z\340\014"
 915      2790A796 
 915      7EAC6AF0 
 915      B37F5AE0 
 915      0C
 916 00df E0BA7BE1 		.ascii	"\340\272{\341]\232Y7>?\341\257\034^\277\377\276p\\A"
 916      5D9A5937 
ARM GAS  /tmp/ccoBK2O1.s 			page 21


 916      3E3FE1AF 
 916      1C5EBFFF 
 916      BE705C41 
 917 00f3 E4BD6FE7 		.ascii	"\344\275o\347\037\237\376\266\346/\222.Y\362\012\334"
 917      1F9FFEB6 
 917      E62F922E 
 917      59F20ADC 
 918 0103 DBFBF280 		.ascii	"\333\373\362\200\303\360?\346\313\002R\031\234\001y"
 918      C3F03FE6 
 918      CB025219 
 918      9C0179
 919 0112 4C96AB   		.ascii	"L\226\253"
 920              		.text
 921              		.section	.gnu.lto_.jmpfuncs.200b2a97d33aed1,"e",%progbits
 922 0000 789C9361 		.ascii	"x\234\223a@\000&\006FF\306\372%\314\314\214\314@\006"
 922      40002606 
 922      4646C6FA 
 922      25CCCC8C 
 922      CC4006
 923 0013 3B90C502 		.ascii	";\220\305\002\304\254@\314\304\000\000=0\004\326"
 923      C4AC40CC 
 923      C400003D 
 923      3004D6
 924              		.text
 925              		.section	.gnu.lto_.pureconst.200b2a97d33aed1,"e",%progbits
 926 0000 789C6367 		.ascii	"x\234cg```b\230\305\3028\213\005\000\004\263\001G"
 926      60606062 
 926      98C5C238 
 926      8B050004 
 926      B30147
 927              		.text
 928              		.section	.gnu.lto_.lto.200b2a97d33aed1,"e",%progbits
 929 0000 09000200 		.ascii	"\011\000\002\000\001\000\000\000"
 929      01000000 
 930              		.text
 931              		.section	.gnu.lto__pal_lld_init.88.200b2a97d33aed1,"e",%progbits
 932 0000 789C8D96 		.ascii	"x\234\215\226[HTA\030\307\347;s\366\276\336@\2607\013"
 932      5B485441 
 932      18C7E73B 
 932      73F6BEDE 
 932      40B0370B 
 933 0014 83E8418F 		.ascii	"\203\350A\217\231!>\025\024H`\030\030\275\206\351\232"
 933      99213E15 
 933      14486018 
 933      18BD86E9 
 933      9A
 934 0025 0BEACABA 		.ascii	"\013\352\312\272\030\364\342x!K\"]}\310\260\302\226"
 934      18F4E278 
 934      214B225D 
 934      7DC8B0C2 
 934      96
 935 0036 25B6A782 		.ascii	"%\266\247\202nVB\233\241Rt7\212\242\262\354\206R\226"
 935      6E56429B 
 935      A1527437 
 935      8AA2B2EC 
 935      865296
 936 0049 9999A5D9 		.ascii	"\231\231\245\331\314\270GgGvO\013\347\343\314\234\363"
ARM GAS  /tmp/ccoBK2O1.s 			page 22


 936      CCB84767 
 936      47764F0B 
 936      E7E3CC9C 
 936      F3
 937 005a 7DBFDFFC 		.ascii	"}\277\337\374\367\345Xm\010u!\2042\350\005\030A\207"
 937      F7E5586D 
 937      08752184 
 937      32E80518 
 937      4187
 938 006c BF554184 		.ascii	"\277UA\204\220-\026\005\032\374\2556\270\012|\005\250"
 938      902D1605 
 938      1AFCAD36 
 938      B80A7C05 
 938      A8
 939 007d 5E817AE8 		.ascii	"^\201z\350\304\353\351\362\327\300h\370\302*\022\012"
 939      C4EBE9F2 
 939      D7C068F8 
 939      C22A120A 
 940 008d 43102374 		.ascii	"C\020#t\212^\374w\002C\007\016b\0005r\247\300jz\207"
 940      8A5EFC77 
 940      0243070E 
 940      62003572 
 940      A7C06A7A 
 941 00a2 0FA07561 		.ascii	"\017\240uaB\036\336\353%\304\206\202\030\303\025\240"
 941      421EDEEB 
 941      25C48682 
 941      18C315A0 
 942 00b2 3D7019E0 		.ascii	"=p\031\340\022 \266\321\000\027\315\010\231\365Qt\023"
 942      1220B6D1 
 942      0017CD08 
 942      99F55174 
 942      13
 943 00c3 9D7B6C0A 		.ascii	"\235{l\012\223\271\2056B\276|\200\261\214\265@\337S"
 943      93B98536 
 943      42BE7C80 
 943      B18CB540 
 943      DF53
 944 00d5 1556302B 		.ascii	"\025V0+*+&V\314\254XX\261\262\302\000\252\235\025\007"
 944      2A2B2656 
 944      CCAC5858 
 944      B1B2C200 
 944      AA9D1507 
 945 00e9 2B4E5612 		.ascii	"+NV\022XId%\211\225dVRXI\005\350\245\2606\314NLT a\204"
 945      58496425 
 945      89956456 
 945      52584905 
 945      E8A5B036 
 946 0104 DAB1B2B8 		.ascii	"\332\261\262\270h\240\213q \243\303\203\200&\240\277"
 946      68A08B71 
 946      20A3C383 
 946      8026A0BF 
 947 0114 CF16C010 		.ascii	"\317\026\300\0209\227\011\320\322\035\3519D\330y\317"
 947      399709D0 
 947      D21DE939 
 947      44D879CF 
 948 0124 B09CAC41 		.ascii	"\260\234\254Al\206\353\000\327\000e\257\011b\013\364"
 948      6C86EB00 
ARM GAS  /tmp/ccoBK2O1.s 			page 23


 948      D70065AF 
 948      09620BF4 
 949 0134 C1497EA4 		.ascii	"\301I~\244\011h\352h\201\000V\002\213}*\314\263\315"
 949      0968EA68 
 949      81005602 
 949      8B7D2ACC 
 949      B3CD
 950 0146 FE6FAD10 		.ascii	"\376o\255\020\263\367\306b/mb\036\201n\340:\257\270"
 950      B3F7C662 
 950      2F6D621E 
 950      816EE03A 
 950      AFB8
 951 0158 4E63DFD9 		.ascii	"Nc\337\331\364\000\306\021\013\314}\370\224PZ\020[\003"
 951      F400C611 
 951      0BCC7DF8 
 951      94505A10 
 951      5B03
 952 016a 38156EF2 		.ascii	"8\025n\362\275\354f>\330\006\375t\030=*[\207\322\203"
 952      BDEC663E 
 952      D806FD74 
 952      183D2A5B 
 952      87D283
 953 017d D80EB7E8 		.ascii	"\330\016\267\350\206\202\"\022\323\372\311\034K's\000"
 953      86822212 
 953      D3FAC91C 
 953      4B277300 
 954 018d 696F5E3E 		.ascii	"io^>Y\310\031\304N\030\004\030\240z\247\371P\013\014"
 954      59C819C4 
 954      4E180418 
 954      A07AA7F9 
 954      500B0C
 955 01a0 D1199819 		.ascii	"\321\031\230\031b\2566\"\250\251FB\267e\241;tC\215\022"
 955      62AE3622 
 955      A8A94642 
 955      B765A13B 
 955      74438D12 
 956 01b4 8A0DBE4B 		.ascii	"\212\015\276K\33751\260\312\301\223\002\330d\004\276"
 956      DF3531B0 
 956      CAC19302 
 956      D86404BE 
 957 01c4 2F831FD0 		.ascii	"/\203\037\320\015\363\177\202\037\321w-\014l\342\340"
 957      0DF37F82 
 957      1FD1772D 
 957      0C6CE2E0 
 958 01d4 29016C36 		.ascii	")\001l6\002\017\323^\253\010~\022\343/ ]+\202\177\032"
 958      020FD35E 
 958      AB087E12 
 958      E32F205D 
 958      2B827F1A 
 959 01e8 ADF14C0F 		.ascii	"\255\361L\017\336\3145\246\005\015\213\221\306sY\343"
 959      DECC35A6 
 959      050D8B91 
 959      C67359E3 
 960 01f8 45BCE025 		.ascii	"E\274\340%\360K=x\013\007\317\010`\253\021\370\265\014"
 960      F04B3D78 
 960      0B07CF08 
 960      60AB11F8 
ARM GAS  /tmp/ccoBK2O1.s 			page 24


 960      B50C
 961 020a 1E8917BC 		.ascii	"\036\211\027\274\004~\253\007o\345\340Y\001l3\002\277"
 961      047EAB07 
 961      6FE5E059 
 961      016C3302 
 961      BF
 962 021b A3BD3611 		.ascii	"\243\2756\021\374>V\360=+\202\377\030\255\361I\017\336"
 962      FC3E56F0 
 962      3D2B82FF 
 962      18ADF149 
 962      0FDE
 963 022d C635FE08 		.ascii	"\3065\376\010\032v#\2151Yc<^\360\022\370\263\036\274"
 963      1A76238D 
 963      3159633C 
 963      5EF012F8 
 963      B31EBC
 964 0240 9D83E705 		.ascii	"\235\203\347\005\260\303\010<!\203\277\306\013^\002"
 964      B0C3083C 
 964      2183BFC6 
 964      0B5E02
 965 024f 4FEAC13B 		.ascii	"O\352\301;8xA\000;\215\300S\264\327.\202\177\304\012"
 965      38784100 
 965      3B8DC053 
 965      B4D72E82 
 965      7FC40A
 966 0262 3EB422F8 		.ascii	">\264\"\370\237\321\0323z\360N\256\341\037Z\326H0\322"
 966      9FD11A33 
 966      7AF04EAE 
 966      E11F5AD6 
 966      4830D2
 967 0275 9895357E 		.ascii	"\230\2255~\307\013^\002\317\351\301'pp\247\000N4\002"
 967      C70B5E02 
 967      CFE9C127 
 967      7070A700 
 967      4E3402
 968 0288 FF95C10B 		.ascii	"\377\225\301\013\361\202\227\300\015J$\370D\016>&\200"
 968      F18297C0 
 968      0D4A24F8 
 968      440E3E26 
 968      80
 969 0299 938CC04D 		.ascii	"\223\214\300M\264\327!\202\233\225\030\301\237_\021"
 969      B4D72182 
 969      9B9518C1 
 969      9F5F11
 970 02a8 FC41254A 		.ascii	"\374A%J\243E\211\004\237\3045\216\013\032\311F\032\207"
 970      A3458904 
 970      9FC4358E 
 970      0B1AC946 
 970      1A87
 971 02ba 658D5625 		.ascii	"e\215V%N\360\022\370\210\022\011>\231\203\273\005p\212"
 971      4EF012F8 
 971      8812093E 
 971      9983BB05 
 971      708A
 972 02cc 11F8A80C 		.ascii	"\021\370\250\014nS\342\004/\201\375z\360)\350;4\276"
 972      6E53E204 
 972      2F81FD7A 
ARM GAS  /tmp/ccoBK2O1.s 			page 25


 972      F029E83B 
 972      34BE
 973 02de 192EE01F 		.ascii	"\031.\340\0377m\030\226?\022\020\332\254Ux\252\\ZU\211"
 973      376D1896 
 973      3F1210DA 
 973      AC5578AA 
 973      5C5A5589 
 974 02f2 CFA75594 		.ascii	"\317\247U\224x\313\366\227x]\232\253\322U\352\363zj"
 974      78CBF697 
 974      785D9AAB 
 974      D255EAF3 
 974      7A6A
 975 0304 5DD5B5AE 		.ascii	"]\325\265\256\314ROu\235\313\353sy3\313\335\336*\366"
 975      CC524F75 
 975      9DCBEB73 
 975      7933CBDD 
 975      DE2AF6
 976 0317 7C778EA6 		.ascii	"|w\216\246\337\242\274\254,mk\205{\257\273\250X\363"
 976      DFA2BCAC 
 976      2C6D6B85 
 976      7BAFBBA8 
 976      58F3
 977 0329 D4D21195 		.ascii	"\324\322\021\225Z\215\307\353\253\325\212w\355\330\230"
 977      5A8DC7EB 
 977      ABD58A77 
 977      EDD898
 978 0338 A315166E 		.ascii	"\243\025\026n\323\012vn/\252\333\300\036\355\251\241"
 978      D30A766E 
 978      2FAADBC0 
 978      1EEDA9A1 
 979 0348 57656559 		.ascii	"WeeYV)2\323\261\345\356}iQ\273Y\271y\371\233\262\363"
 979      562932D3 
 979      B1E5EE7D 
 979      6951BB59 
 979      B979F99B 
 980 035e 73CBD03F 		.ascii	"s\313\320?y\031\346\252"
 980      7919E6AA 
 981              		.text
 982              		.section	.gnu.lto__pal_lld_setgroupmode.89.200b2a97d33aed1,"e",%progbits
 983 0000 789C8D55 		.ascii	"x\234\215UklTU\020>s\317\335\367\356\335>\3046\362*"
 983      6B6C5455 
 983      103E73CF 
 983      DDF7EEDD 
 983      3EC436F2 
 984 0015 94D207D2 		.ascii	"\224\322\007\322E\204\000?\214$\232\030#\006\023\014"
 984      4584003F 
 984      8C249A18 
 984      2306130C 
 985 0025 7FB1B48B 		.ascii	"\177\261\264\213ml)\3316\230\370\247\227RZ\323\032\272"
 985      6D6C29D9 
 985      3698F8A7 
 985      97525AD3 
 985      1ABA
 986 0037 5B14A494 		.ascii	"[\024\244\224\002\227\242 \006\224\310\243\225G-\224"
 986      0297A220 
 986      0694C8A3 
 986      95472D94 
ARM GAS  /tmp/ccoBK2O1.s 			page 26


 987 0047 22559EA9 		.ascii	"\"U\236\251\244V\021*jk\264<\342\017\254E\2349\347\356"
 987      A456112A 
 987      6A6BB43C 
 987      E20FAC45 
 987      9C39E7EE 
 988 005b DDDD8610 		.ascii	"\335\335\206\020\233\364\33493\337\314|sf\316\331\345"
 988      9BF4DC39 
 988      33DFCC7C 
 988      7366CED9 
 988      E5
 989 006c 2EC6BE60 		.ascii	".\306\276`\214%\003c\220\304\240)R\2570]\327\027;\024"
 989      8C250363 
 989      90C4A029 
 989      52AF305D 
 989      D7173B14 
 990 0080 657DA441 		.ascii	"e}\244A\201\257\341\217\3357'\2505\021\355\375\037Z"
 990      81AFE18F 
 990      DD3727A8 
 990      3511EDFD 
 990      1F5A
 991 0092 F3540E9B 		.ascii	"\363T\016\233#naW\225\015\021\217\260\325\2326\033\332"
 991      236E6157 
 991      950D118F 
 991      B0D59A36 
 991      1BDA
 992 00a4 A2DE7668 		.ascii	"\242\336vhm2\356\236\377E\305\000B\341P>\014\037\"1"
 992      6D32EE9E 
 992      FF45C500 
 992      42E1503E 
 992      0C1F2231 
 993 00b8 43DD1A1E 		.ascii	"C\335\032\036\224\202\023\232\233\014iv\2218M\372\272"
 993      9482139A 
 993      9B0C6976 
 993      91384DFA 
 993      BA
 994 00c9 956DE143 		.ascii	"\225m\341C\323\244c\206\332\022E{`{\024\355%\321D\373"
 994      D3A46386 
 994      DA12457B 
 994      607B14ED 
 994      25D144FB 
 995 00dd 30D34752 		.ascii	"0\323GR\255)u\222r\363\355\273\013\325\035\350\370k"
 995      AD297592 
 995      72F3EDBB 
 995      0BD51DE8 
 995      F86B
 996 00ef 78A343F5 		.ascii	"x\243C\365\303\272H\375O\007\024\201\001V\245p\325f"
 996      C3BA48FD 
 996      4F071481 
 996      0156A570 
 996      D566
 997 0101 77385D6E 		.ascii	"w8]n\217\327\247\371\241J\321\030t\252\340\214-L\376"
 997      8FD7A7F9 
 997      A14AD118 
 997      74AAE08C 
 997      2D4CFE
 998 0114 6DE2B9E8 		.ascii	"m\342\271\350s\277{p\347\345t}o'\264q\306Z\271il\341"
 998      73BF7B70 
ARM GAS  /tmp/ccoBK2O1.s 			page 27


 998      E7E5747D 
 998      6F27B471 
 998      C65AB969 
 999 012a D0C4DB38 		.ascii	"\320\304\3338\200jJ\012d\240\304\337a\331\235\272~\351"
 999      806A4A0A 
 999      64A0C4DF 
 999      61D99DBA 
 999      7EE9
 1000 013c E2315D77 		.ascii	"\3421]w\2616\316\341(\240\017\034\0018\214g\214\212"
 1000      B136CEE1 
 1000      28A00F1C 
 1000      01388C67 
 1000      8C8A
 1001 014e AA561BE1 		.ascii	"\252V\033\341\266\200\000\336i\330\263Y\013ch\025\332"
 1001      B68000DE 
 1001      69D8B359 
 1001      0B636815 
 1001      DA
 1002 015f 13816AD5 		.ascii	"\023\201j\325'\002\330b\002\337\333\263I\000m\360e\""
 1002      2702D862 
 1002      02DFDBB3 
 1002      49006DF0 
 1002      6522
 1003 0171 D05675C4 		.ascii	"\320Vu\304&\370\360]@\237,Bwl\250\323\302\353\234m\334"
 1003      26F8F05D 
 1003      409F2C42 
 1003      776CA8D3 
 1003      C2EB9C6D 
 1004 0186 0E27E2E1 		.ascii	"\016'\342\341\214U\275k'\354\356\030\266\275\273Qb\035"
 1004      8C55BD6B 
 1004      27ECEE18 
 1004      B6BDBB51 
 1004      621D
 1005 0198 706A1C76 		.ascii	"pj\034vLP\370\330\302^j\247\2722\010\372\3258\350\035"
 1005      4C50F8D8 
 1005      C25E6AA7 
 1005      BA3208FA 
 1005      D538E81D 
 1006 01ac 01DD1F83 		.ascii	"\001\335\037\203~jAO\217\203\336\022\320\2031\350^\013"
 1006      7E6A414F 
 1006      8F83DE12 
 1006      D08331E8 
 1006      5E0B
 1007 01be DA3D0EDA 		.ascii	"\332=\016\332/\240\207b\320\026\013\3323\016z\301fg"
 1007      2FA08762 
 1007      D0160BDA 
 1007      330E7AC1 
 1007      6667
 1008 01d0 700EE02C 		.ascii	"p\016\340,\300\031\200.\200N\200\223`v\014!\216\275"
 1008      C019802E 
 1008      804E8093 
 1008      60760C21 
 1008      8EBD
 1009 01e2 FC11F683 		.ascii	"\374\021\366\203Wl\235\372\330\303F]\377-g`\254\303"
 1009      576C9DFA 
 1009      D8C3465D 
 1009      FF2D6760 
ARM GAS  /tmp/ccoBK2O1.s 			page 28


 1009      ACC3
 1010 01f4 F534E091 		.ascii	"\3654\340\221:\025\\\\\234\026\225\026\033-vZ\034\264"
 1010      3A155C5C 
 1010      9C169516 
 1010      1B2D765A 
 1010      1CB4
 1011 0206 3869A1EE 		.ascii	"8i\241\356\272\334\014:\300Ca\275\264\370\030F\327h"
 1011      BADC0C3A 
 1011      C04361BD 
 1011      B4F81846 
 1011      D768
 1012 0218 F1334C92 		.ascii	"\3613L\222DK2\303\\)\264\2442\3147\001\3408\244\001"
 1012      444B32C3 
 1012      5C29B4A4 
 1012      32CC3701 
 1012      E038A401 
 1013 022c 1C837440 		.ascii	"\034\203t@\337\2118{0\211|'\223\333\024\362\230J\340"
 1013      DF89387B 
 1013      30897C27 
 1013      93DB14F2 
 1013      984AE0
 1014 023f E9B4CD24 		.ascii	"\351\264\315$\303\014\332f\221a&I\331d\310\241m.Y\363"
 1014      C30CDA66 
 1014      91612649 
 1014      D964C8A1 
 1014      6D2E59F3 
 1015 0253 88C12C8A 		.ascii	"\210\301,\212\314X#g\237\325\336]\010z'ca\256\010y\035"
 1015      CC582367 
 1015      9FD5DE5D 
 1015      087A2763 
 1015      61AE0879 
 1016 0268 CABF833E 		.ascii	"\312\277\203>\270\355<\210\357=\267\370\374%?\367\335"
 1016      B8ED3C88 
 1016      EF3DB7F8 
 1016      FC253FF7 
 1016      DD
 1017 0279 6C186A86 		.ascii	"l\030j\206N?e\360\0114\3046\220\363\035\346|O\317\376"
 1017      4E3F65F0 
 1017      0934C436 
 1017      90F31DE6 
 1017      7C4FCFFE 
 1018 028d 54CBFB9F 		.ascii	"T\313\373\237\363\012\033\201\256\346}O\230\323\316"
 1018      F30A1B81 
 1018      AEE67D4F 
 1018      98D3CE
 1019 029c 4547C4C5 		.ascii	"EG\304\305\033\362\266q\267\301\323\240\027\330\234"
 1019      1BF2B671 
 1019      B7C1D3A0 
 1019      17D89C
 1020 02ab 5DBA8E83 		.ascii	"]\272\216\203\344\201o`;E2x\272\210\2466\234\352\316"
 1020      E4816F60 
 1020      3B453278 
 1020      BA88A636 
 1020      9CEACE
 1021 02be B2A23DA8 		.ascii	"\262\242=\250\367\312\264\253\255\264\252\231\326V{"
 1021      F7CAB4AB 
 1021      ADB4AA99 
ARM GAS  /tmp/ccoBK2O1.s 			page 29


 1021      D6567B
 1022 02cd FBA6D702 		.ascii	"\373\246\327\002>4\323\016\373\037\233\354\"&\203X2"
 1022      3E34D30E 
 1022      FB1F9BEC 
 1022      22268358 
 1022      32
 1023 02de 7B42E111 		.ascii	"{B\341\021D\216@\365\245a\277\301\301d\357\025\354k"
 1023      448E40F5 
 1023      A561BFC1 
 1023      C164EF15 
 1023      EC6B
 1024 02f0 C08E224E 		.ascii	"\300\216\"N\205,Em\343>\270\002p\031\330\334\032\021"
 1024      852C456D 
 1024      E33EB802 
 1024      7019D8DC 
 1024      1A11
 1025 0302 5983AB80 		.ascii	"Y\203\253\200\014\211\031F\030\253{\316\340\0231\010"
 1025      0C891946 
 1025      18AB7BCE 
 1025      E0133108 
 1026 0312 86ADCEC0 		.ascii	"\206\255\316\300\266\341Nd\330\324+T;W`w(:>2b\277\214"
 1026      B6E14E64 
 1026      D8D42B54 
 1026      3B576077 
 1026      283A3E32 
 1027 0329 E6AC4FDA 		.ascii	"\346\254O\332\026\320\330\231\262\217\246\260O\266\343"
 1027      16D0D899 
 1027      B28FA6B0 
 1027      4FB6E3
 1028 0338 03D3773E 		.ascii	"\003\323w>6\220|\355 \317\301q\371\357\215=\334*bK/"
 1028      36907CED 
 1028      20CFC171 
 1028      F9EF8D3D 
 1028      DC2A624B 
 1029 034d 1DC4FAD1 		.ascii	"\035\304\372\321\332n\314:\335\340\032a\375xj\202\312"
 1029      DA6ECC3A 
 1029      DDE01A61 
 1029      FD786A82 
 1029      CA
 1030 035e 59520ADC 		.ascii	"YR\012\334\326x\\\246\201\205^3\351\236#\205\234\204"
 1030      D6785CA6 
 1030      81855E33 
 1030      E99E2385 
 1030      9C84
 1031 0370 28E65B54 		.ascii	"(\346[T\3150x\212\205\351\"\205\300l\217\307d\031<\311"
 1031      CD30788A 
 1031      85E92285 
 1031      C06C8FC7 
 1031      64193CC9 
 1032 0384 C29C2185 		.ascii	"\302\234!\205\300\354\220\230\315u\017P\245\030\334"
 1032      C0EC9098 
 1032      CD750F50 
 1032      A518DC
 1033 0393 4D9C5CA0 		.ascii	"M\234\\\240\203\354\355JTJ\0153{\353\034:\336\3633X"
 1033      83ECED4A 
 1033      544A0D33 
 1033      7BEB1C3A 
ARM GAS  /tmp/ccoBK2O1.s 			page 30


 1033      DEF33358 
 1034 03a7 357DDECB 		.ascii	"5}\336\313\311\277\251\256\017\375\263\261\002\211\366"
 1034      C9BFA9AE 
 1034      0FFDB3B1 
 1034      0289F6
 1035 03b6 C76ACA16 		.ascii	"\307j\312\026n\256D\267\303Q\267\037\0211StdF\214\376"
 1035      6EAE44B7 
 1035      C351B71F 
 1035      11315374 
 1035      64468CFE 
 1036 03ca 4CE1E28E 		.ascii	"L\341\342\216?\275\352\305L\230\222QVD\\\237\010t\264"
 1036      3FBDEAC5 
 1036      4C989251 
 1036      56445C9F 
 1036      0874B4
 1037 03dd D78DBF15 		.ascii	"\327\215\277\025\261\022x\254\004]\261j\340\320/\012"
 1037      B11278AC 
 1037      045DB16A 
 1037      E0D02F0A 
 1038 03ed 18051F12 		.ascii	"\030\005\037\022rn\034(F\246\256\223\375o\214B2fv^\357"
 1038      726E1C28 
 1038      46A6AE93 
 1038      FD6F8C42 
 1038      3266765E 
 1039 0402 2FC2ACAE 		.ascii	"/\302\254\256\003\003\245\230\327\223H\265=\276\302"
 1039      0303A598 
 1039      D79348B5 
 1039      3DBEC2
 1040 0411 5C3C7FF8 		.ascii	"\\<\177\370>\256\033\271\202\2527\321\345D|u9\242\272"
 1040      3EAE1BB9 
 1040      82AA37D1 
 1040      E5447C75 
 1040      39A2BA
 1041 0424 ACD8C1E7 		.ascii	"\254\330\301\347\010\027\237U\235\"\253#\223_TGq=\""
 1041      08179F55 
 1041      9D22AB23 
 1041      935F5447 
 1041      713D22
 1042 0437 D029ABBA 		.ascii	"\320)\253\272\321ZJ\237\207\325\341;!Bu\320^\216_C\032"
 1042      D15A4A9F 
 1042      87D5E13B 
 1042      214275D0 
 1042      5E8E5F43 
 1043 044c 415A6A1F 		.ascii	"AZj\037`\003g\031<U\316\240\311\362$\342fQ\351\036d"
 1043      60036719 
 1043      3C55CEA0 
 1043      C9F224E2 
 1043      6651E91E 
 1044 0461 EBB940A5 		.ascii	"\353\271@\245gz/P\351x\227\262<#Tz\216wD\224\256\341"
 1044      677A2F50 
 1044      E97897B2 
 1044      3C23547A 
 1044      8E774494 
 1045 0477 E5D45522 		.ascii	"\345\324U\"\005\222\0249\247\012Rt\370)B\"\242IV\033"
 1045      05921439 
 1045      A70A5274 
 1045      F8294222 
ARM GAS  /tmp/ccoBK2O1.s 			page 31


 1045      A249561B 
 1046 048b 348BB257 		.ascii	"4\213\262WHD\313m\336\212F \366\330\204\341\323\232"
 1046      4844CB6D 
 1046      DE8A4620 
 1046      F6D884E1 
 1046      D39A
 1047 049d 45CB291B 		.ascii	"E\313)\033\201\367?\335\256\342u\317\363\375;0\344D"
 1047      81F73FDD 
 1047      AEE275CF 
 1047      F3FD3B30 
 1047      E444
 1048 04af E02878F1 		.ascii	"\340(x\361B\331[\373\323\261|\237\212\030\215\366\035"
 1048      42D95BFB 
 1048      D3B17C9F 
 1048      8A188DF6 
 1048      1D
 1049 04c0 9968C376 		.ascii	"\231h\303v\013M\022i\232\263\204\306/4)\244\031\225"
 1049      0B4D1269 
 1049      9AB384C6 
 1049      2F3429A4 
 1049      1995
 1050 04d2 9A64A149 		.ascii	"\232d\241I\205\357\300~\240_\304\304\322}\2436\254\314"
 1050      85EFC07E 
 1050      A05FC4C4 
 1050      D27DA336 
 1050      ACCC
 1051 04e4 9FF09C5C 		.ascii	"\237\360\234\\\025\317I\327\361}O\032\\\215\276J\316"
 1051      15CF49D7 
 1051      F17D4F1A 
 1051      5C8DBE4A 
 1051      CE
 1052 04f5 473C4AD7 		.ascii	"G<J\327\361QR\304\313\201\363\325\207\303eC\007\203"
 1052      F15152C4 
 1052      CB81F3D5 
 1052      87C36543 
 1052      0783
 1053 0507 4F92EDED 		.ascii	"O\222\355\355F\321.tS(\334\235\372?\301z\342\370#\242"
 1053      46D12E74 
 1053      5328DC9D 
 1053      FA3FC17A 
 1053      E2F823A2 
 1054 051b DD90D1D0 		.ascii	"\335\220\321\320I\260\350\213c\341x\034\213A\364\343"
 1054      49B0E88B 
 1054      63E1781C 
 1054      8B41F4E3 
 1055 052b F12C9CE8 		.ascii	"\361,\234\350`\360\3111\026.\241\233\372\277X\334\222"
 1055      60F0C931 
 1055      162EA19B 
 1055      FABF58DC 
 1055      92
 1056 053c D1D089DD 		.ascii	"\321\320\211\335\203\352\033\327^\221\015\231\204\035"
 1056      83EA1BD7 
 1056      5E910D99 
 1056      841D
 1057 054a D4E8FC26 		.ascii	"\324\350\374&cS5\374N\3016\323w*6^\243\337%\260~\227"
 1057      635335FC 
 1057      4EC136D3 
ARM GAS  /tmp/ccoBK2O1.s 			page 32


 1057      772A365E 
 1057      A3DF25B0 
 1058 0560 187B3E50 		.ascii	"\030{>P\\^\026\014\224\025TV\006\212\013BEo\027\204"
 1058      5C5E160C 
 1058      94155456 
 1058      068A0B42 
 1058      456F1784 
 1059 0574 82816069 		.ascii	"\202\201`i\260\2602T^\021\\]\021\234]X\276zm0T\031\014"
 1059      B0B03254 
 1059      5E115C5D 
 1059      119C5D58 
 1059      BE7A6D30 
 1060 058b CD5E5512 		.ascii	"\315^U\022*#\373\362\271\201\250\310\026\344\347\007"
 1060      2A23FBF2 
 1060      B981A8C8 
 1060      16E4E707 
 1061 059b 5E282E59 		.ascii	"^(.YY\262tY\240\274\002C\224\006\326\224\207*+\002\313"
 1061      59B27459 
 1061      A0BC0243 
 1061      9406D694 
 1061      872A2B02 
 1062 05b0 5E7FF5D9 		.ascii	"^\177\365\331\271\201%K^\014\274\364\332\313K\327>C"
 1062      B981254B 
 1062      5E0CBCF4 
 1062      DACB4BD7 
 1062      3E43
 1063 05c2 A6156BF0 		.ascii	"\246\025k\360\277\264\264(\277\220\251\204JK\320\345"
 1063      BFB4B428 
 1063      BF90A984 
 1063      4A4BD0E5 
 1064 05d2 CF5BB068 		.ascii	"\317[\260h\376\234E\363\212\230ZVP\361\226ZV^\024\204"
 1064      FE9C45F3 
 1064      8A985A56 
 1064      50F1965A 
 1064      565E1484 
 1065 05e6 125EB8EA 		.ascii	"\022^\270\352M^\030*\305\377b\245\254T)+\376\017E\216"
 1065      4D5E182A 
 1065      C5FF62A5 
 1065      AC54292B 
 1065      FE0F458E 
 1066 05fa 6222     		.ascii	"b\""
 1067              		.text
 1068              		.section	.gnu.lto_.symbol_nodes.200b2a97d33aed1,"e",%progbits
 1069 0000 789C7361 		.ascii	"x\234sa\000\002\246\033\014\365\014\015@\300\3028\341"
 1069      0002A61B 
 1069      0CF50C0D 
 1069      40C0C238 
 1069      E1
 1070 0011 1C0390CD 		.ascii	"\034\003\220\315\260\253\241\221\221\201\221\001,y\223"
 1070      B0ABA191 
 1070      91819101 
 1070      2C7993
 1071 0020 A19E7143 		.ascii	"\241\236qC\333G\013,r\254\267\030\030\032\234\030\030"
 1071      DB470B2C 
 1071      72ACB718 
 1071      181A9C18 
 1071      18
ARM GAS  /tmp/ccoBK2O1.s 			page 33


 1072 0031 9819007B 		.ascii	"\230\031\000{\307\0206"
 1072      C71036
 1073              		.text
 1074              		.section	.gnu.lto_.refs.200b2a97d33aed1,"e",%progbits
 1075 0000 789C6367 		.ascii	"x\234cg```dd`\342e`\000\000\000\224\000\031"
 1075      60606064 
 1075      6460E265 
 1075      60000000 
 1075      940019
 1076              		.text
 1077              		.section	.gnu.lto_.decls.200b2a97d33aed1,"e",%progbits
 1078 0000 789C9D56 		.ascii	"x\234\235VkPTG\026\356\323}\231\271^\206@\020\327T\255"
 1078      6B505447 
 1078      16EED37D 
 1078      99B95E86 
 1078      4010D754 
 1079 0015 65B15BA4 		.ascii	"e\261[\244\344\217\014\014\211$[[\265\310\020\037\245"
 1079      E48F0C0C 
 1079      89245B5B 
 1079      B5C8101F 
 1079      A5
 1080 0026 516A70B7 		.ascii	"Qjp\267*\376a\221;\312\3242\0145\214\206\255\375s\315"
 1080      2AFE6191 
 1080      3BCAD432 
 1080      0C358C86 
 1080      ADFD73CD 
 1081 003a 82280F45 		.ascii	"\202(\017EM\014k\014\276\215k\3340\272>\343k\002\212"
 1081      4D0C6B0C 
 1081      BE8D6BDC 
 1081      30BA3EE3 
 1081      6B028A
 1082 004d B0627CEC 		.ascii	"\260b|\354\306(&\370\012\021\243F\223\260\306\007\221"
 1082      C62826F8 
 1082      0A11A346 
 1082      93B0C607 
 1082      91
 1083 005e 3DDD7766 		.ascii	"=\335wf\356\014\243\326Vn\361\335\333\323\367\353\357"
 1083      EE0CA3D6 
 1083      566EF1DD 
 1083      DBD3F7EB 
 1083      EF
 1084 006f 7CE774D3 		.ascii	"|\347t\323}\313\023\010YE\011\231\002\204\014\341\305"
 1084      7DCB1308 
 1084      59450999 
 1084      02840CE1 
 1084      C5
 1085 0080 08216710 		.ascii	"\010!g\020&\304\001\304A\304aD/\342\036\342>\321/\034"
 1085      26C401C4 
 1085      41C46144 
 1085      2FE21EE2 
 1085      3ED12F1C 
 1086 0094 42188E49 		.ascii	"B\030\216I@\340\037\031\003$\3522#\001\245I)\"\031\221"
 1086      40E01F19 
 1086      0324EA32 
 1086      2301A549 
 1086      29221991 
 1087 00a8 12D41887 		.ascii	"\022\324\030\207\230\200\334\227\021W\260\375%\"\007"
ARM GAS  /tmp/ccoBK2O1.s 			page 34


 1087      9880DC97 
 1087      1157B0FD 
 1087      252207
 1088 00b7 F4580388 		.ascii	"\364X\003\210\037\020\026D\026\366\235\307\347\011\304"
 1088      1F101644 
 1088      16F69DC7 
 1088      E709C4
 1089 00c6 2D4417E2 		.ascii	"-D\027\3426\242\033q\007q\016q\021\321\203\270@t\017"
 1089      36A21B71 
 1089      07710E71 
 1089      11D183B8 
 1089      40740F
 1090 00d9 6C98077E 		.ascii	"l\230\007~\375\022}$\015\363\021\312\203\347\365\006"
 1090      FD127D24 
 1090      0DF311CA 
 1090      83E7F506 
 1091 00e9 A283FB0F 		.ascii	"\242\203\373\017z\343\361\271\257WP\353\005\304h\304"
 1091      7AE3F1B9 
 1091      AF5750EB 
 1091      05C468C4 
 1092 00f9 6CFC2D21 		.ascii	"l\374-!\276A\334\015\372\270\023\214\371\264\374W0\030"
 1092      BE41DC0D 
 1092      FAB8138C 
 1092      F9B4FC57 
 1092      3018
 1093 010b 07BCA089 		.ascii	"\007\274\240\211\242E\030%VM\\\033\306\022\330\243\263"
 1093      A2451825 
 1093      564D5C1B 
 1093      C612D8A3 
 1093      B3
 1094 011c F3E2D96C 		.ascii	"\363\342\331l\316L\006\011\357)\220\372\036\243\003"
 1094      CE4C0609 
 1094      EF2990FA 
 1094      1EA303
 1095 012b 83677732 		.ascii	"\203gw2%\240iw\003\201\352\021\004>\006\330\017\004"
 1095      25A06977 
 1095      0381EA11 
 1095      043E06D8 
 1095      0F04
 1096 013d F601AAEC 		.ascii	"\366\001\252\354\005\330\015\260\013\220\326|\260\363"
 1096      05D80DB0 
 1096      0B90D67C 
 1096      B0F3
 1097 014b 9264E134 		.ascii	"\222d\3414m]\233\204\357t\036\201\203xc%\004)\017W\356"
 1097      6D5D9B84 
 1097      EF741E81 
 1097      83786325 
 1097      04290F57 
 1098 0160 BD64114A 		.ascii	"\275d\021JZ\244\322\241H%\021<S\334-\302\302e\335O*"
 1098      5AA4D2A1 
 1098      4825113C 
 1098      53DC2DC2 
 1098      C265DD4F 
 1099 0175 2BD31B32 		.ascii	"+\323\0332\253\344Z\267\216\335\350N\210\325\212r\305"
 1099      ABE45AB7 
 1099      8EDDE84E 
 1099      88D58A72 
ARM GAS  /tmp/ccoBK2O1.s 			page 35


 1099      C5
 1100 0186 DE24EC2F 		.ascii	"\336$\354/H\226?hj\270`J\033\231\226\206\374\373C\307"
 1100      48963F68 
 1100      6AB8604A 
 1100      1B999686 
 1100      FCFB43C7 
 1101 019a 87DA7296 		.ascii	"\207\332r\226\327\324jM\013\031t\000t\002\374\013\302"
 1101      D7D46A4D 
 1101      0B197400 
 1101      7402FC0B 
 1101      C2
 1102 01ab 6E8FF25B 		.ascii	"n\217\362[\026\301\262TkZ@\"\360\011@\200\367!\007u"
 1102      16C1B254 
 1102      6B5A4022 
 1102      F0094080 
 1102      F7210775 
 1103 01bf 4F007403 		.ascii	"O\000t\003t\361j\241\226\277\347\257\265ZR\265\205\313"
 1103      74F16AA1 
 1103      96BFE7AF 
 1103      B55A52B5 
 1103      85CB
 1104 01d1 1C8F92B1 		.ascii	"\034\217\222\261\012\025N\371\302\240\034\213\241|\214"
 1104      0A154EF9 
 1104      C2A01C8B 
 1104      A17C8C
 1105 01e0 F3F023F0 		.ascii	"\363\360#\360|\216k\253/\300\310\341a\341$\304\006\026"
 1105      7C8E6BAB 
 1105      2FC0C8E1 
 1105      61E124C4 
 1105      0616
 1106 01f2 657881D5 		.ascii	"ex\201\325Q\302\226#\232\251\336\363[\275\\\214\255"
 1106      51C29623 
 1106      9AA9DEF3 
 1106      5BBD5C8C 
 1106      AD
 1107 0203 A5286839 		.ascii	"\245(h9\260\371\346U\231\347\234\226\206\252w\0077\316"
 1107      B0F9E655 
 1107      99E79C96 
 1107      86AA7707 
 1107      37CE
 1108 0215 E0F97E0A 		.ascii	"\340\371~\012p\006\340s\010\247%\362E\033F\344\377\000"
 1108      7006E073 
 1108      08A725F2 
 1108      451B46E4 
 1108      FF00
 1109 0227 FC9B777E 		.ascii	"\374\233w~.\342\236\0078\007p\021\240\007\340\002\217"
 1109      2EE29E07 
 1109      38077011 
 1109      A007E002 
 1109      8F
 1110 0238 8E44FFC3 		.ascii	"\216D\377\303\215\232\310\011\325\316F\251YC\305\363"
 1110      8D9AC809 
 1110      D5CE46A9 
 1110      5943C5F3 
 1111 0248 D76F0E53 		.ascii	"\327o\016S>\213\242\034\011\027\330\277\330\340\264"
 1111      3E8BA21C 
 1111      0917D8BF 
ARM GAS  /tmp/ccoBK2O1.s 			page 36


 1111      D8E0B4
 1112 0257 4771DA0C 		.ascii	"Gq\332\014S\376\307F\254\323Q\244S\272\020\333\302\323"
 1112      53FEC746 
 1112      ACD351A4 
 1112      53BA10DB 
 1112      C2D3
 1113 0269 A53B36DE 		.ascii	"\245;6\336\276\036/\352\027\210\310\002\276\200\247"
 1113      BE1E2FEA 
 1113      1788C802 
 1113      BE80A7
 1114 0278 E581632E 		.ascii	"\345\201c.\3674\326\2140\226\354\227\306\334\364B\260"
 1114      F734D68C 
 1114      3096EC97 
 1114      C6DCF442 
 1114      B0
 1115 0289 CC49CC2F 		.ascii	"\314I\314/\344\027\005\256\237\226\225\313\317^n\273"
 1115      E41705AE 
 1115      9F9695CB 
 1115      CF5E6EBB 
 1116 0299 7036F623 		.ascii	"p6\366#\016!>A\034\013\316\314\030}f\200uq\255\244w"
 1116      0E213E41 
 1116      1C0BCECC 
 1116      187D6680 
 1116      7571ADA4 
 1117 02ae 4EB66FA7 		.ascii	"N\266o\247i\3725\362\012\256\310\203\253\206>T\326\240"
 1117      69FA35F2 
 1117      0AAEC883 
 1117      AB863E54 
 1117      D6A0
 1118 02c0 B005AE00 		.ascii	"\260\005\256\000\\\005\370\316prI\317\022i\376%\215"
 1118      5C05F8CE 
 1118      707249CF 
 1118      1269FE25 
 1118      8D
 1119 02d1 FA4A42CE 		.ascii	"\372JB\316\215(\316)\203\363\270>\314\271\026\305\011"
 1119      8D28CE29 
 1119      83F3B83E 
 1119      CCB916C5 
 1119      09
 1120 02e2 CD33270D 		.ascii	"\3153'\015\032\244\276(\222\325\340\374dp\276\212\025"
 1120      1AA4BE28 
 1120      92D5E0FC 
 1120      6470BE8A 
 1120      15
 1121 02f3 D2833D32 		.ascii	"\322\203=28_\307\350\350\224\305\206\347\313\261yE\255"
 1121      385FC7E8 
 1121      E894C586 
 1121      E7CBB179 
 1121      45AD
 1122 0305 BB7E80EB 		.ascii	"\273~\200\353\274\363;1_w\000n\003|\013p\013\340\033"
 1122      BCF33B31 
 1122      5F77006E 
 1122      037C0B70 
 1122      0BE01B
 1123 0318 80BB0037 		.ascii	"\200\273\0007\305\216\272\204\361\351\270^\337\273#"
 1123      C58EBA84 
 1123      F1E9B85E 
ARM GAS  /tmp/ccoBK2O1.s 			page 37


 1123      DFBB23
 1124 0327 71E4F0B1 		.ascii	"q\344\360\261\360=<{4\216\2749x\344b\2421\347?\030\216"
 1124      F03D3C7B 
 1124      348EBC39 
 1124      78E462A2 
 1124      31E73F18 
 1125 033c 06F848C2 		.ascii	"\006\370H\302V\211\000]'k;\236{\002\015\376\013!\342"
 1125      5689005D 
 1125      276B3B9E 
 1125      7B020DFE 
 1125      0B21E2
 1126 034f 7A413CDD 		.ascii	"zA<\335\273\376Db\354>\364\343\260\335\361B\367\266"
 1126      BBFE4462 
 1126      EC3EF4E3 
 1126      B0DDF142 
 1126      F7B6
 1127 0361 B5717D40 		.ascii	"\265q}@(F\222T\300\3658\001o\012\231\315H\212F5jR\031"
 1127      28469254 
 1127      C0F53801 
 1127      6F0A99CD 
 1127      488A4635 
 1128 0378 5598C254 		.ascii	"U\230\302T\245\023\306\246\017\260\\\231\246'*\362\326"
 1128      A513C6A6 
 1128      0FB05C99 
 1128      A6272AF2 
 1128      D6
 1129 0389 764852E2 		.ascii	"vHR\342dJ\373\315\252\222\376\020\266\323u\246\324\\"
 1129      644AFBCD 
 1129      AA92FE10 
 1129      B6D375A6 
 1129      D45C
 1130 039b 4D521B46 		.ascii	"MR\033F\365\2335\3324#%;\027\357\375\346NPqT\201$'a"
 1130      F59B35DA 
 1130      3423253B 
 1130      17EFFDE6 
 1130      4E507154 
 1131 03b3 ABDFAC0C 		.ascii	"\253\337\254\014\260u\215&\365$]<\016\3677E\265\245"
 1131      B0758D26 
 1131      F5245D3C 
 1131      0EF73745 
 1131      B5A5
 1132 03c5 60AD7265 		.ascii	"`\255reylb\033kc\223\010\221e\377G\243\224~s\"J\244"
 1132      796C621B 
 1132      6B639308 
 1132      9165FF47 
 1132      A3947E73 
 1133 03dc ABA9496A 		.ascii	"\253\251Ijjb'\304\251\252\222\222N\320\204j\263\345"
 1133      6A6227C4 
 1133      A9AA9292 
 1133      4ED0846A 
 1133      B3E5
 1134 03ee 52059525 		.ascii	"R\005\225%\271\023l\014,6\355\312\315\321\012(#\306"
 1134      B9136C0C 
 1134      2C36EDCA 
 1134      CDD10A28 
 1134      23C6
 1135 0400 A6A613A2 		.ascii	"\246\246\023\242\222I\024u\331P\350\0023\306T\215\237"
ARM GAS  /tmp/ccoBK2O1.s 			page 38


 1135      92491475 
 1135      D950E802 
 1135      33C6548D 
 1135      9F
 1136 0411 00E90AB5 		.ascii	"\000\351\012\265Q6\255\337\214'3M\305mC\222-\026\320"
 1136      5136ADDF 
 1136      8C27334D 
 1136      C56D4392 
 1136      2D16D0
 1137 0424 F031A268 		.ascii	"\3601\242h\232Z`SH?\236\310\224\246H\240Q0F*&<\275z"
 1137      9A5A6053 
 1137      483F9EC8 
 1137      94A648A0 
 1137      5130462A 
 1138 043c 13F4334B 		.ascii	"\023\3643K\034e\300\377\364\033\341?Hd\030\321\317\231"
 1138      1C65C0FF 
 1138      F41BE13F 
 1138      486418D1 
 1138      CF99
 1139 044e 58D8E0C1 		.ascii	"X\330\340\301\027\352\015?\202m\235\240\353\320\340"
 1139      17EA0D3F 
 1139      826D9DA0 
 1139      EBD0E0
 1140 045d A108100A 		.ascii	"\241\010\020\012B\202o#\304\015\017A\037!\235P\234\010"
 1140      42826F23 
 1140      C40D0F41 
 1140      1F219D50 
 1140      9C08
 1141 046f 8F86579C 		.ascii	"\217\206W\234b=\010\215\034#\306E\0317$IX6d\211\350"
 1141      623D088D 
 1141      1C23C645 
 1141      19372449 
 1141      58366489 
 1142 0484 3F70DD3C 		.ascii	"?p\335<h\030\350z\356k\254\233\266u\357\243\004\030"
 1142      6818E87A 
 1142      EE6BAC9B 
 1142      B675EFA3 
 1142      0418
 1143 0496 D5944B80 		.ascii	"\325\224K\200u\210\225w\261f\307Rqb\340\025\010z\031"
 1143      75889577 
 1143      B166C752 
 1143      7162E015 
 1143      087A19
 1144 04a9 144B538C 		.ascii	"\024KS\214\274\323>pOl\210Z \370\232o\206\021\204\336"
 1144      BCD33E70 
 1144      4F6C885A 
 1144      20F89A6F 
 1144      861184DE 
 1145 04bd F38347E3 		.ascii	"\363\203G\343\215%\376\223\361\237\360\030\004a\323"
 1145      8D25FE93 
 1145      F19FF018 
 1145      0461D3
 1146 04cc AA3D6B12 		.ascii	"\252=k\022\370g\006v\200G\354dT\354dI\370\262s\371\242"
 1146      F8670676 
 1146      8047EC64 
 1146      54EC6449 
 1146      F8B273F9 
ARM GAS  /tmp/ccoBK2O1.s 			page 39


 1147 04e1 96C4D1A8 		.ascii	"\226\304\321\250~K\323R\240\024\026R\234G\244\276\205"
 1147      7E4BD352 
 1147      A0141652 
 1147      9C47A4BE 
 1147      85
 1148 04f2 690FE9E3 		.ascii	"i\017\351\343\273\353\226\254\215\373us\263v\377|\313"
 1148      BBEB96AC 
 1148      8DFB7573 
 1148      B376FF7C 
 1148      CB
 1149 0503 9A76C00D 		.ascii	"\232v\300\015\356-\344KH\201GA\033\004[\004\036\002"
 1149      EE2DE44B 
 1149      48814741 
 1149      1B045B04 
 1149      1E02
 1150 0515 3C80BCAD 		.ascii	"<\200\274\255&\326 \361q\367Z:\316)\"\356a\214\213\035"
 1150      26D620F1 
 1150      71F75A3A 
 1150      CE2922EE 
 1150      618C8B1D 
 1151 0529 FBCE1D6E 		.ascii	"\373\316\035n\227D\307}\200\032\372\224\334ki8\265\026"
 1151      9744C77D 
 1151      801AFA94 
 1151      DC6B6938 
 1151      B516
 1152 053b FFD107F1 		.ascii	"\377\321\007\361Q\257\371\326\020A8\275\351\253SqF\356"
 1152      51AFF9D6 
 1152      104138BD 
 1152      E9AB5371 
 1152      46EE
 1153 054d 8B6938F7 		.ascii	"\213i8\367%T\020\266\354j]\015O \360\377\377 \345qm"
 1153      255410B6 
 1153      EC6A5D0D 
 1153      4F20F0FF 
 1153      FF20E571 
 1154 0562 6B9345B8 		.ascii	"k\223E\270\252\243\260\210\273\332\375nC\335\223j\322"
 1154      AAA3B088 
 1154      BBDAFD6E 
 1154      43DD936A 
 1154      D2
 1155 0573 8035A9D7 		.ascii	"\2005\251\327\007\035y\370\351\306\004^\023\177\035"
 1155      071D79F8 
 1155      E9C6045E 
 1155      137F1D
 1156 0582 7E8124E9 		.ascii	"~\201$\351\005i\240PMC\005\251\246\241\202\254\210\023"
 1156      0569A050 
 1156      4D4305A9 
 1156      A6A182AC 
 1156      8813
 1157 0594 357F1E87 		.ascii	"5\177\036\207\355\357;\330%)Zp\227\301\316\220\335e"
 1157      EDEF3BD8 
 1157      25295A70 
 1157      97C1CE90 
 1157      DD65
 1158 05a6 C8B6C252 		.ascii	"\310\266\302R*\230\311bv\232\3707\324\030\234\004\361"
 1158      2A98C962 
 1158      769AF837 
ARM GAS  /tmp/ccoBK2O1.s 			page 40


 1158      D4189C04 
 1158      F1
 1159 05b7 206C8328 		.ascii	" l\203(jwG#n\004\230P\277\326\266\220\021\310\206L\002"
 1159      6A774723 
 1159      6E049850 
 1159      BFD6B690 
 1159      11C8864C 
 1160 05cc 6F5364E0 		.ascii	"oSd\340.\265\222\302\012\236\300\322\3363;\343\222\365"
 1160      2EB592C2 
 1160      0A9EC0D2 
 1160      DE333BE3 
 1160      92F5
 1161 05de 6DF58FF0 		.ascii	"m\365\217\360\016\205\345\024\232x\006\370A\316Cq\241"
 1161      0E85E514 
 1161      9A7806F8 
 1161      41CE4371 
 1161      A1
 1162 05ef 6B4B5BAF 		.ascii	"kK[\257\211\015\257?\360t\241\353-\033ZXX\350\335'\012"
 1162      890DAF3F 
 1162      F074A1EB 
 1162      2D1B5A58 
 1162      58E8DD27 
 1163 0604 2DFBF64A 		.ascii	"-\373\366J\366\257\266I\024\232);$\021\326!\221\027"
 1163      F6AFB649 
 1163      149A293B 
 1163      2411D621 
 1163      9117
 1164 0616 DF6ED2EE 		.ascii	"\337n\322\3566\326\314\360k2\366\302{\024\032\215\241"
 1164      36D6CCF0 
 1164      6B32F6C2 
 1164      7B141A8D 
 1164      A1
 1165 0627 AB29FC8D 		.ascii	"\253)\374\215\346\265\305\261\223H>\213\350A\\E\334"
 1165      E6B5C5B1 
 1165      93483E8B 
 1165      E8415C45 
 1165      DC
 1166 0638 407C8F78 		.ascii	"@|\217x\204\030BT\307\351\307n\272(G\200\262\3328\214"
 1166      84184254 
 1166      C7E9C76E 
 1166      BA284780 
 1166      B2DA388C 
 1167 064c F78BD507 		.ascii	"\367\213\325\007\332V\232C\307.B?y\033[\215\223\367"
 1167      DA569A43 
 1167      C72E423F 
 1167      791B5B8D 
 1167      93F7
 1168 065e 7D0A7E63 		.ascii	"}\012~c%\264\031\007]\335\262\360)\266.\212\023:\305"
 1168      25B41907 
 1168      5DDDB2F0 
 1168      29B62E8A 
 1168      133AC5
 1169 0671 C489691C 		.ascii	"\304\211i\034u\233\243H\021\247\241\241\263!\212\022"
 1169      759BA348 
 1169      11A7A1A1 
 1169      B3218A12 
 1170 0681 793A3F36 		.ascii	"y:?6t6\305\350\0049C\006gc\254P\360s\301\010\266>\326"
ARM GAS  /tmp/ccoBK2O1.s 			page 41


 1170      7436C5E8 
 1170      04394306 
 1170      6763AC50 
 1170      F073C108 
 1171 0698 74E427EE 		.ascii	"t\344'\356\007\024\266\360\012\373\371\"\204\017)\374"
 1171      0714B6F0 
 1171      0AFBF922 
 1171      840F29FC 
 1172 06a8 83C24714 		.ascii	"\203\302G\024\017\033h\245\260\215\302\016\012;)\374"
 1172      0F1B68A5 
 1172      B08DC20E 
 1172      0A3B29FC 
 1173 06b8 9DC23FF9 		.ascii	"\235\302?\371\276\311\265\353\015\355\265Q\332\021\237"
 1173      BEC9B5EB 
 1173      0DEDB551 
 1173      DA119F
 1174 06c7 220D06A7 		.ascii	"\"\015\006\247%\226\023Ld\251A\332\032[}\376y\\\317"
 1174      2596134C 
 1174      64A941DA 
 1174      1A5B7DFE 
 1174      795CCF
 1175 06da 278FEEDB 		.ascii	"'\217\356\333\366\331}:r\270e\330E\377O\323(Q\263h{"
 1175      F6D97D3A 
 1175      72B865D8 
 1175      45FF4FD3 
 1175      2851B368 
 1176 06ef BDC9F897 		.ascii	"\275\311\370\227\336m\304\332\243/\310S\313Z\372\314"
 1176      DE6DC4DA 
 1176      A32FC853 
 1176      CB5AFACC 
 1177 06ff 119F90CF 		.ascii	"\021\237\220\317\370\004Gv]\337\373\307\023\014\271"
 1177      F8044776 
 1177      5DDFFBC7 
 1177      130CB9
 1178 070e 66436E1F 		.ascii	"fCn\037\0178!#\303j/u\315q\315,\264z*\255\245\305e\326"
 1178      0F382123 
 1178      C36A2F75 
 1178      CD71CD2C 
 1178      B47A2AAD 
 1179 0726 0A8FD757 		.ascii	"\012\217\327Wi-\234\365z\266\315:}z\276ur\301\324\231"
 1179      692D9CF5 
 1179      7AB6CD3A 
 1179      7D7ABE75 
 1179      72C1D499 
 1180 073a 0BB2F8AB 		.ascii	"\013\262\370\253\242\012DY\231\232Q\"O\236\361\373T"
 1180      A20A4459 
 1180      999A5122 
 1180      4F9EF1FB 
 1180      54
 1181 074b 7B560E19 		.ascii	"{V\016\031\035\325\235\361R\316\253/g\276\372\222J\344"
 1181      1DD59DF1 
 1181      52CEAB2F 
 1181      67BEFA92 
 1181      4AE4
 1182 075d F9AE725F 		.ascii	"\371\256r_\266\255\310'\273<n\217\352,\362\231\012\362"
 1182      B6ADC827 
 1182      BB3C6E8F 
ARM GAS  /tmp/ccoBK2O1.s 			page 42


 1182      EA2CF299 
 1182      0AF2
 1183 076f F38B7DC5 		.ascii	"\363\213}\305\254\304[\306<\252\027\237\245\277\263"
 1183      ACC45BC6 
 1183      3CAA179F 
 1183      A5BFB3
 1184 077e 967ADC4E 		.ascii	"\226z\334N\253\273\330\347Cy\257\372f\261\327iu\226"
 1184      ABBBD8E7 
 1184      4379AFFA 
 1184      66B1D769 
 1184      7596
 1185 0790 394B7C5E 		.ascii	"9K|^O\245\263\274\3229\276\304S\276\300\351\3659\275"
 1185      4FA5B3BC 
 1185      D239BEC4 
 1185      53BEC0E9 
 1185      F539BD
 1186 07a3 E3E7BABC 		.ascii	"\343\347\272\274n\376\376\0176k\250Ir~\226\371R\222"
 1186      6EFEFE0F 
 1186      366BA849 
 1186      727E96F9 
 1186      5292
 1187 07b5 5CE973A3 		.ascii	"\\\351s\243\267y\025.OQ\245\3237\277\202\273\263sw\246"
 1187      B779152E 
 1187      4F51A5D3 
 1187      37BF82BB 
 1187      B37377A6 
 1188 07c9 823CFD31 		.ascii	"\202<\3751Q\177\274"
 1188      517FBC
 1189 07d0 C61F230A 		.ascii	"\306\037#\012&N\267{\312\347\272\346\261<\207C\312+"
 1189      264EB77B 
 1189      CAE7BAE6 
 1189      B13C8743 
 1189      CA2B
 1190 07e2 7438D8CC 		.ascii	"t8\330\314|\007\233\212\260;\246 \246K\323\355\323\034"
 1190      7C079B8A 
 1190      B03BA620 
 1190      A64BD3ED 
 1190      D31C
 1191 07f4 BF89B653 		.ascii	"\277\211\266S\342q\273=\345Vg\225\317j\177\275pj!\272"
 1191      E271BB3D 
 1191      E5566795 
 1191      CF6A7FBD 
 1191      706A21BA 
 1192 0808 D28D4DCA 		.ascii	"\322\215M\312\252\252\262\012\013s\2632\263\253\346"
 1192      AAAAB20A 
 1192      0B73B332 
 1192      B3ABE6
 1193 0817 A0230BF7 		.ascii	"\240#\013\367Y4\353\317\025\316|\347\\\305\345\341i"
 1193      5934EBCF 
 1193      15CE7CE7 
 1193      5CC5E5E1 
 1193      69
 1194 0828 B8D4229F 		.ascii	"\270\324\"\237Eo\272\213+\377T\344cY\023\210\\\354u"
 1194      456FBA8B 
 1194      2BFF54E4 
 1194      63591388 
 1194      5CEC75
ARM GAS  /tmp/ccoBK2O1.s 			page 43


 1195 083b 2FC819EF 		.ascii	"/\310\031\357&J\011\366;\253\306\273\263IB(\265\"W\271"
 1195      264A09F6 
 1195      3BABC6BB 
 1195      B3494228 
 1195      B52257B9 
 1196 084f CBF7F38A 		.ascii	"\313\367\363\212RBF\205U\260$\363\274\236\371\025|\336"
 1196      52424685 
 1196      55B024F3 
 1196      BC9EF915 
 1196      7CDE
 1197 0861 CC7C1E5F 		.ascii	"\314|\036_)\362%KT\222e\302\314r\360\212O\224K\346\316"
 1197      29F2254B 
 1197      549265C2 
 1197      CC72F08A 
 1197      4F944BE6 
 1198 0876 F315CFC9 		.ascii	"\363\025\317\311\3104\351\015)/\337\3560O,\310\313z"
 1198      C834E90D 
 1198      292FDFEE 
 1198      304F2CC8 
 1198      CB7A
 1199 0888 6D8678DA 		.ascii	"m\206x\332\360i\2328%\017\0372\357v\024\316\022\015"
 1199      F0699A38 
 1199      250F1F32 
 1199      EF7614CE 
 1199      120D
 1200 089a 1B6F30FB 		.ascii	"\033o0\373T\207d\2374\331A\355\330.t\304;\354\366P\001"
 1200      5487649F 
 1200      34D941ED 
 1200      D82E74C4 
 1200      3BECF650 
 1201 08af FE079485 		.ascii	"\376\007\224\205\247)"
 1201      A729
 1202              		.text
 1203              		.section	.gnu.lto_.symtab.200b2a97d33aed1,"e",%progbits
 1204 0000 5F70616C 		.ascii	"_pal_lld_init\000"
 1204      5F6C6C64 
 1204      5F696E69 
 1204      7400
 1205 000e 00       		.ascii	"\000"
 1206 000f 00       		.ascii	"\000"
 1207 0010 00       		.ascii	"\000"
 1208 0011 00000000 		.ascii	"\000\000\000\000\000\000\000\000"
 1208      00000000 
 1209 0019 03010000 		.ascii	"\003\001\000\000"
 1210 001d 5F70616C 		.ascii	"_pal_lld_setgroupmode\000"
 1210      5F6C6C64 
 1210      5F736574 
 1210      67726F75 
 1210      706D6F64 
 1211 0033 00       		.ascii	"\000"
 1212 0034 00       		.ascii	"\000"
 1213 0035 00       		.ascii	"\000"
 1214 0036 00000000 		.ascii	"\000\000\000\000\000\000\000\000"
 1214      00000000 
 1215 003e 0D010000 		.ascii	"\015\001\000\000"
 1216              		.text
 1217              		.section	.gnu.lto_.ext_symtab.200b2a97d33aed1,"e",%progbits
ARM GAS  /tmp/ccoBK2O1.s 			page 44


 1218 0000 01       		.ascii	"\001"
 1219 0001 01       		.ascii	"\001"
 1220 0002 00       		.ascii	"\000"
 1221 0003 01       		.ascii	"\001"
 1222 0004 00       		.ascii	"\000"
 1223              		.text
 1224              		.section	.gnu.lto_.opts,"e",%progbits
 1225 0000 272D666E 		.ascii	"'-fno-openmp' '-fno-openacc' '-fno-pie' '-fcf-prote"
 1225      6F2D6F70 
 1225      656E6D70 
 1225      2720272D 
 1225      666E6F2D 
 1226 0033 6374696F 		.ascii	"ction=none' '-g' '-mcpu=cortex-m3' '-mno-thumb-inte"
 1226      6E3D6E6F 
 1226      6E652720 
 1226      272D6727 
 1226      20272D6D 
 1227 0066 72776F72 		.ascii	"rwork' '-mthumb' '-mfloat-abi=soft' '-march=armv7-m"
 1227      6B272027 
 1227      2D6D7468 
 1227      756D6227 
 1227      20272D6D 
 1228 0099 2720272D 		.ascii	"' '-Os' '-fomit-frame-pointer' '-falign-functions=1"
 1228      4F732720 
 1228      272D666F 
 1228      6D69742D 
 1228      6672616D 
 1229 00cc 36272027 		.ascii	"6' '-ffunction-sections' '-fdata-sections' '-fno-co"
 1229      2D666675 
 1229      6E637469 
 1229      6F6E2D73 
 1229      65637469 
 1230 00ff 6D6D6F6E 		.ascii	"mmon' '-flto' '-Xassembler' '-alms=build/lst/hal_pa"
 1230      2720272D 
 1230      666C746F 
 1230      2720272D 
 1230      58617373 
 1231 0132 6C5F6C6C 		.ascii	"l_lld.lst'\000"
 1231      642E6C73 
 1231      742700
 1232              		.text
 1233              		.comm	__gnu_lto_slim,1,1
 1234              		.ident	"GCC: (GNU Arm Embedded Toolchain 10-2020-q4-major) 10.2.1 20201103 (release)"
ARM GAS  /tmp/ccoBK2O1.s 			page 45


DEFINED SYMBOLS
                            *ABS*:0000000000000000 hal_pal_lld.c
     /tmp/ccoBK2O1.s:21     .gnu.debuglto_.debug_info:0000000000000000 hal_pal_lld.c.4795094d
                            *COM*:0000000000000001 __gnu_lto_slim

NO UNDEFINED SYMBOLS
