ARM GAS  /tmp/ccJATT03.s 			page 1


   1              		.cpu cortex-m3
   2              		.eabi_attribute 20, 1
   3              		.eabi_attribute 21, 1
   4              		.eabi_attribute 23, 3
   5              		.eabi_attribute 24, 1
   6              		.eabi_attribute 25, 1
   7              		.eabi_attribute 26, 1
   8              		.eabi_attribute 30, 4
   9              		.eabi_attribute 34, 1
  10              		.eabi_attribute 18, 4
  11              		.file	"memstreams.c"
  12              		.file 1 "/home/matt/gcc-arm-none-eabi-10-2020-q4-major/lib/gcc/arm-none-eabi/10.2.1/include/stddef
  13              		.file 2 "/home/matt/gcc-arm-none-eabi-10-2020-q4-major/arm-none-eabi/include/machine/_default_type
  14              		.file 3 "/home/matt/gcc-arm-none-eabi-10-2020-q4-major/arm-none-eabi/include/sys/_stdint.h"
  15              		.file 4 "../FreeRTOS/include/osal_ch.h"
  16              		.file 5 "../ChibiOS/os/hal/lib/streams/memstreams.h"
  17              		.file 6 "../ChibiOS/os/hal/lib/streams/memstreams.c"
  18              		.section	.gnu.debuglto_.debug_info,"e",%progbits
  19              	.Ldebug_info0:
  20              		.hidden	memstreams.c.32a94005
  21              		.weak	memstreams.c.32a94005
  22              	memstreams.c.32a94005:
  23 0000 0A030000 		.4byte	0x30a
  24 0004 0400     		.2byte	0x4
  25 0006 00000000 		.4byte	.Ldebug_abbrev0
  26 000a 04       		.byte	0x4
  27 000b 01       		.uleb128 0x1
  28 000c CA000000 		.4byte	.LASF27
  29 0010 0C       		.byte	0xc
  30 0011 9F000000 		.4byte	.LASF28
  31 0015 2D000000 		.4byte	.LASF29
  32 0019 00000000 		.4byte	.Ldebug_line0
  33 001d 02       		.uleb128 0x2
  34 001e 04       		.byte	0x4
  35 001f 05       		.byte	0x5
  36 0020 696E7400 		.ascii	"int\000"
  37 0024 03       		.uleb128 0x3
  38 0025 0A000000 		.4byte	.LASF4
  39 0029 01       		.byte	0x1
  40 002a D1       		.byte	0xd1
  41 002b 17       		.byte	0x17
  42 002c 30000000 		.4byte	0x30
  43 0030 04       		.uleb128 0x4
  44 0031 04       		.byte	0x4
  45 0032 07       		.byte	0x7
  46 0033 D8010000 		.4byte	.LASF0
  47 0037 04       		.uleb128 0x4
  48 0038 08       		.byte	0x8
  49 0039 05       		.byte	0x5
  50 003a 0F020000 		.4byte	.LASF1
  51 003e 04       		.uleb128 0x4
  52 003f 08       		.byte	0x8
  53 0040 04       		.byte	0x4
  54 0041 B0010000 		.4byte	.LASF2
  55 0045 04       		.uleb128 0x4
  56 0046 01       		.byte	0x1
  57 0047 06       		.byte	0x6
ARM GAS  /tmp/ccJATT03.s 			page 2


  58 0048 6C000000 		.4byte	.LASF3
  59 004c 03       		.uleb128 0x3
  60 004d 00000000 		.4byte	.LASF5
  61 0051 02       		.byte	0x2
  62 0052 2B       		.byte	0x2b
  63 0053 18       		.byte	0x18
  64 0054 58000000 		.4byte	0x58
  65 0058 04       		.uleb128 0x4
  66 0059 01       		.byte	0x1
  67 005a 08       		.byte	0x8
  68 005b 78000000 		.4byte	.LASF6
  69 005f 04       		.uleb128 0x4
  70 0060 02       		.byte	0x2
  71 0061 05       		.byte	0x5
  72 0062 24020000 		.4byte	.LASF7
  73 0066 04       		.uleb128 0x4
  74 0067 02       		.byte	0x2
  75 0068 07       		.byte	0x7
  76 0069 86000000 		.4byte	.LASF8
  77 006d 03       		.uleb128 0x3
  78 006e 16000000 		.4byte	.LASF9
  79 0072 02       		.byte	0x2
  80 0073 4D       		.byte	0x4d
  81 0074 18       		.byte	0x18
  82 0075 79000000 		.4byte	0x79
  83 0079 04       		.uleb128 0x4
  84 007a 04       		.byte	0x4
  85 007b 05       		.byte	0x5
  86 007c 35020000 		.4byte	.LASF10
  87 0080 04       		.uleb128 0x4
  88 0081 04       		.byte	0x4
  89 0082 07       		.byte	0x7
  90 0083 C6010000 		.4byte	.LASF11
  91 0087 04       		.uleb128 0x4
  92 0088 08       		.byte	0x8
  93 0089 07       		.byte	0x7
  94 008a 56020000 		.4byte	.LASF12
  95 008e 05       		.uleb128 0x5
  96 008f 04       		.byte	0x4
  97 0090 04       		.uleb128 0x4
  98 0091 01       		.byte	0x1
  99 0092 08       		.byte	0x8
 100 0093 E5010000 		.4byte	.LASF13
 101 0097 03       		.uleb128 0x3
 102 0098 EA010000 		.4byte	.LASF14
 103 009c 03       		.byte	0x3
 104 009d 18       		.byte	0x18
 105 009e 13       		.byte	0x13
 106 009f 4C000000 		.4byte	0x4c
 107 00a3 06       		.uleb128 0x6
 108 00a4 97000000 		.4byte	0x97
 109 00a8 03       		.uleb128 0x3
 110 00a9 FF010000 		.4byte	.LASF15
 111 00ad 03       		.byte	0x3
 112 00ae 2C       		.byte	0x2c
 113 00af 13       		.byte	0x13
 114 00b0 6D000000 		.4byte	0x6d
ARM GAS  /tmp/ccJATT03.s 			page 3


 115 00b4 07       		.uleb128 0x7
 116 00b5 04       		.byte	0x4
 117 00b6 97000000 		.4byte	0x97
 118 00ba 03       		.uleb128 0x3
 119 00bb F2010000 		.4byte	.LASF16
 120 00bf 04       		.byte	0x4
 121 00c0 5C       		.byte	0x5c
 122 00c1 11       		.byte	0x11
 123 00c2 A8000000 		.4byte	0xa8
 124 00c6 08       		.uleb128 0x8
 125 00c7 24000000 		.4byte	0x24
 126 00cb DF000000 		.4byte	0xdf
 127 00cf 09       		.uleb128 0x9
 128 00d0 8E000000 		.4byte	0x8e
 129 00d4 09       		.uleb128 0x9
 130 00d5 DF000000 		.4byte	0xdf
 131 00d9 09       		.uleb128 0x9
 132 00da 24000000 		.4byte	0x24
 133 00de 00       		.byte	0
 134 00df 07       		.uleb128 0x7
 135 00e0 04       		.byte	0x4
 136 00e1 A3000000 		.4byte	0xa3
 137 00e5 07       		.uleb128 0x7
 138 00e6 04       		.byte	0x4
 139 00e7 C6000000 		.4byte	0xc6
 140 00eb 08       		.uleb128 0x8
 141 00ec 24000000 		.4byte	0x24
 142 00f0 04010000 		.4byte	0x104
 143 00f4 09       		.uleb128 0x9
 144 00f5 8E000000 		.4byte	0x8e
 145 00f9 09       		.uleb128 0x9
 146 00fa B4000000 		.4byte	0xb4
 147 00fe 09       		.uleb128 0x9
 148 00ff 24000000 		.4byte	0x24
 149 0103 00       		.byte	0
 150 0104 07       		.uleb128 0x7
 151 0105 04       		.byte	0x4
 152 0106 EB000000 		.4byte	0xeb
 153 010a 08       		.uleb128 0x8
 154 010b BA000000 		.4byte	0xba
 155 010f 1E010000 		.4byte	0x11e
 156 0113 09       		.uleb128 0x9
 157 0114 8E000000 		.4byte	0x8e
 158 0118 09       		.uleb128 0x9
 159 0119 97000000 		.4byte	0x97
 160 011d 00       		.byte	0
 161 011e 07       		.uleb128 0x7
 162 011f 04       		.byte	0x4
 163 0120 0A010000 		.4byte	0x10a
 164 0124 08       		.uleb128 0x8
 165 0125 BA000000 		.4byte	0xba
 166 0129 33010000 		.4byte	0x133
 167 012d 09       		.uleb128 0x9
 168 012e 8E000000 		.4byte	0x8e
 169 0132 00       		.byte	0
 170 0133 07       		.uleb128 0x7
 171 0134 04       		.byte	0x4
ARM GAS  /tmp/ccJATT03.s 			page 4


 172 0135 24010000 		.4byte	0x124
 173 0139 04       		.uleb128 0x4
 174 013a 01       		.byte	0x1
 175 013b 02       		.byte	0x2
 176 013c 50020000 		.4byte	.LASF17
 177 0140 0A       		.uleb128 0xa
 178 0141 20000000 		.4byte	.LASF30
 179 0145 10       		.byte	0x10
 180 0146 05       		.byte	0x5
 181 0147 3D       		.byte	0x3d
 182 0148 08       		.byte	0x8
 183 0149 82010000 		.4byte	0x182
 184 014d 0B       		.uleb128 0xb
 185 014e 99000000 		.4byte	.LASF18
 186 0152 05       		.byte	0x5
 187 0153 3E       		.byte	0x3e
 188 0154 03       		.byte	0x3
 189 0155 E5000000 		.4byte	0xe5
 190 0159 00       		.byte	0
 191 015a 0B       		.uleb128 0xb
 192 015b BC010000 		.4byte	.LASF19
 193 015f 05       		.byte	0x5
 194 0160 3E       		.byte	0x3e
 195 0161 03       		.byte	0x3
 196 0162 04010000 		.4byte	0x104
 197 0166 04       		.byte	0x4
 198 0167 0C       		.uleb128 0xc
 199 0168 70757400 		.ascii	"put\000"
 200 016c 05       		.byte	0x5
 201 016d 3E       		.byte	0x3e
 202 016e 03       		.byte	0x3
 203 016f 1E010000 		.4byte	0x11e
 204 0173 08       		.byte	0x8
 205 0174 0C       		.uleb128 0xc
 206 0175 67657400 		.ascii	"get\000"
 207 0179 05       		.byte	0x5
 208 017a 3E       		.byte	0x3e
 209 017b 03       		.byte	0x3
 210 017c 33010000 		.4byte	0x133
 211 0180 0C       		.byte	0xc
 212 0181 00       		.byte	0
 213 0182 06       		.uleb128 0x6
 214 0183 40010000 		.4byte	0x140
 215 0187 0D       		.uleb128 0xd
 216 0188 14       		.byte	0x14
 217 0189 05       		.byte	0x5
 218 018a 46       		.byte	0x46
 219 018b 09       		.byte	0x9
 220 018c D2010000 		.4byte	0x1d2
 221 0190 0C       		.uleb128 0xc
 222 0191 766D7400 		.ascii	"vmt\000"
 223 0195 05       		.byte	0x5
 224 0196 48       		.byte	0x48
 225 0197 1E       		.byte	0x1e
 226 0198 D2010000 		.4byte	0x1d2
 227 019c 00       		.byte	0
 228 019d 0B       		.uleb128 0xb
ARM GAS  /tmp/ccJATT03.s 			page 5


 229 019e 2E020000 		.4byte	.LASF20
 230 01a2 05       		.byte	0x5
 231 01a3 49       		.byte	0x49
 232 01a4 03       		.byte	0x3
 233 01a5 B4000000 		.4byte	0xb4
 234 01a9 04       		.byte	0x4
 235 01aa 0B       		.uleb128 0xb
 236 01ab 4B020000 		.4byte	.LASF21
 237 01af 05       		.byte	0x5
 238 01b0 49       		.byte	0x49
 239 01b1 03       		.byte	0x3
 240 01b2 24000000 		.4byte	0x24
 241 01b6 08       		.byte	0x8
 242 01b7 0C       		.uleb128 0xc
 243 01b8 656F7300 		.ascii	"eos\000"
 244 01bc 05       		.byte	0x5
 245 01bd 49       		.byte	0x49
 246 01be 03       		.byte	0x3
 247 01bf 24000000 		.4byte	0x24
 248 01c3 0C       		.byte	0xc
 249 01c4 0B       		.uleb128 0xb
 250 01c5 1D020000 		.4byte	.LASF22
 251 01c9 05       		.byte	0x5
 252 01ca 49       		.byte	0x49
 253 01cb 03       		.byte	0x3
 254 01cc 24000000 		.4byte	0x24
 255 01d0 10       		.byte	0x10
 256 01d1 00       		.byte	0
 257 01d2 07       		.uleb128 0x7
 258 01d3 04       		.byte	0x4
 259 01d4 82010000 		.4byte	0x182
 260 01d8 03       		.uleb128 0x3
 261 01d9 3E020000 		.4byte	.LASF23
 262 01dd 05       		.byte	0x5
 263 01de 4A       		.byte	0x4a
 264 01df 03       		.byte	0x3
 265 01e0 87010000 		.4byte	0x187
 266 01e4 0E       		.uleb128 0xe
 267 01e5 766D7400 		.ascii	"vmt\000"
 268 01e9 06       		.byte	0x6
 269 01ea 57       		.byte	0x57
 270 01eb 22       		.byte	0x22
 271 01ec 82010000 		.4byte	0x182
 272 01f0 0F       		.uleb128 0xf
 273 01f1 A3010000 		.4byte	.LASF31
 274 01f5 06       		.byte	0x6
 275 01f6 67       		.byte	0x67
 276 01f7 06       		.byte	0x6
 277 01f8 2D020000 		.4byte	0x22d
 278 01fc 10       		.uleb128 0x10
 279 01fd 6D737000 		.ascii	"msp\000"
 280 0201 06       		.byte	0x6
 281 0202 67       		.byte	0x67
 282 0203 21       		.byte	0x21
 283 0204 2D020000 		.4byte	0x22d
 284 0208 11       		.uleb128 0x11
 285 0209 2E020000 		.4byte	.LASF20
ARM GAS  /tmp/ccJATT03.s 			page 6


 286 020d 06       		.byte	0x6
 287 020e 67       		.byte	0x67
 288 020f 2F       		.byte	0x2f
 289 0210 B4000000 		.4byte	0xb4
 290 0214 11       		.uleb128 0x11
 291 0215 4B020000 		.4byte	.LASF21
 292 0219 06       		.byte	0x6
 293 021a 68       		.byte	0x68
 294 021b 1A       		.byte	0x1a
 295 021c 24000000 		.4byte	0x24
 296 0220 10       		.uleb128 0x10
 297 0221 656F7300 		.ascii	"eos\000"
 298 0225 06       		.byte	0x6
 299 0226 68       		.byte	0x68
 300 0227 27       		.byte	0x27
 301 0228 24000000 		.4byte	0x24
 302 022c 00       		.byte	0
 303 022d 07       		.uleb128 0x7
 304 022e 04       		.byte	0x4
 305 022f D8010000 		.4byte	0x1d8
 306 0233 12       		.uleb128 0x12
 307 0234 C1010000 		.4byte	.LASF24
 308 0238 06       		.byte	0x6
 309 0239 4C       		.byte	0x4c
 310 023a 0E       		.byte	0xe
 311 023b BA000000 		.4byte	0xba
 312 023f 65020000 		.4byte	0x265
 313 0243 10       		.uleb128 0x10
 314 0244 697000   		.ascii	"ip\000"
 315 0247 06       		.byte	0x6
 316 0248 4C       		.byte	0x4c
 317 0249 19       		.byte	0x19
 318 024a 8E000000 		.4byte	0x8e
 319 024e 0E       		.uleb128 0xe
 320 024f 6200     		.ascii	"b\000"
 321 0251 06       		.byte	0x6
 322 0252 4D       		.byte	0x4d
 323 0253 0B       		.byte	0xb
 324 0254 97000000 		.4byte	0x97
 325 0258 0E       		.uleb128 0xe
 326 0259 6D737000 		.ascii	"msp\000"
 327 025d 06       		.byte	0x6
 328 025e 4E       		.byte	0x4e
 329 025f 11       		.byte	0x11
 330 0260 2D020000 		.4byte	0x22d
 331 0264 00       		.byte	0
 332 0265 12       		.uleb128 0x12
 333 0266 11000000 		.4byte	.LASF25
 334 026a 06       		.byte	0x6
 335 026b 42       		.byte	0x42
 336 026c 0E       		.byte	0xe
 337 026d BA000000 		.4byte	0xba
 338 0271 97020000 		.4byte	0x297
 339 0275 10       		.uleb128 0x10
 340 0276 697000   		.ascii	"ip\000"
 341 0279 06       		.byte	0x6
 342 027a 42       		.byte	0x42
ARM GAS  /tmp/ccJATT03.s 			page 7


 343 027b 19       		.byte	0x19
 344 027c 8E000000 		.4byte	0x8e
 345 0280 10       		.uleb128 0x10
 346 0281 6200     		.ascii	"b\000"
 347 0283 06       		.byte	0x6
 348 0284 42       		.byte	0x42
 349 0285 25       		.byte	0x25
 350 0286 97000000 		.4byte	0x97
 351 028a 0E       		.uleb128 0xe
 352 028b 6D737000 		.ascii	"msp\000"
 353 028f 06       		.byte	0x6
 354 0290 43       		.byte	0x43
 355 0291 11       		.byte	0x11
 356 0292 2D020000 		.4byte	0x22d
 357 0296 00       		.byte	0
 358 0297 12       		.uleb128 0x12
 359 0298 F8010000 		.4byte	.LASF26
 360 029c 06       		.byte	0x6
 361 029d 38       		.byte	0x38
 362 029e 0F       		.byte	0xf
 363 029f 24000000 		.4byte	0x24
 364 02a3 D4020000 		.4byte	0x2d4
 365 02a7 10       		.uleb128 0x10
 366 02a8 697000   		.ascii	"ip\000"
 367 02ab 06       		.byte	0x6
 368 02ac 38       		.byte	0x38
 369 02ad 1C       		.byte	0x1c
 370 02ae 8E000000 		.4byte	0x8e
 371 02b2 10       		.uleb128 0x10
 372 02b3 627000   		.ascii	"bp\000"
 373 02b6 06       		.byte	0x6
 374 02b7 38       		.byte	0x38
 375 02b8 29       		.byte	0x29
 376 02b9 B4000000 		.4byte	0xb4
 377 02bd 10       		.uleb128 0x10
 378 02be 6E00     		.ascii	"n\000"
 379 02c0 06       		.byte	0x6
 380 02c1 38       		.byte	0x38
 381 02c2 34       		.byte	0x34
 382 02c3 24000000 		.4byte	0x24
 383 02c7 0E       		.uleb128 0xe
 384 02c8 6D737000 		.ascii	"msp\000"
 385 02cc 06       		.byte	0x6
 386 02cd 39       		.byte	0x39
 387 02ce 11       		.byte	0x11
 388 02cf 2D020000 		.4byte	0x22d
 389 02d3 00       		.byte	0
 390 02d4 13       		.uleb128 0x13
 391 02d5 07020000 		.4byte	.LASF32
 392 02d9 06       		.byte	0x6
 393 02da 2E       		.byte	0x2e
 394 02db 0F       		.byte	0xf
 395 02dc 24000000 		.4byte	0x24
 396 02e0 10       		.uleb128 0x10
 397 02e1 697000   		.ascii	"ip\000"
 398 02e4 06       		.byte	0x6
 399 02e5 2E       		.byte	0x2e
ARM GAS  /tmp/ccJATT03.s 			page 8


 400 02e6 1D       		.byte	0x1d
 401 02e7 8E000000 		.4byte	0x8e
 402 02eb 10       		.uleb128 0x10
 403 02ec 627000   		.ascii	"bp\000"
 404 02ef 06       		.byte	0x6
 405 02f0 2E       		.byte	0x2e
 406 02f1 30       		.byte	0x30
 407 02f2 DF000000 		.4byte	0xdf
 408 02f6 10       		.uleb128 0x10
 409 02f7 6E00     		.ascii	"n\000"
 410 02f9 06       		.byte	0x6
 411 02fa 2E       		.byte	0x2e
 412 02fb 3B       		.byte	0x3b
 413 02fc 24000000 		.4byte	0x24
 414 0300 0E       		.uleb128 0xe
 415 0301 6D737000 		.ascii	"msp\000"
 416 0305 06       		.byte	0x6
 417 0306 2F       		.byte	0x2f
 418 0307 11       		.byte	0x11
 419 0308 2D020000 		.4byte	0x22d
 420 030c 00       		.byte	0
 421 030d 00       		.byte	0
 422              		.section	.gnu.debuglto_.debug_abbrev,"e",%progbits
 423              	.Ldebug_abbrev0:
 424 0000 01       		.uleb128 0x1
 425 0001 11       		.uleb128 0x11
 426 0002 01       		.byte	0x1
 427 0003 25       		.uleb128 0x25
 428 0004 0E       		.uleb128 0xe
 429 0005 13       		.uleb128 0x13
 430 0006 0B       		.uleb128 0xb
 431 0007 03       		.uleb128 0x3
 432 0008 0E       		.uleb128 0xe
 433 0009 1B       		.uleb128 0x1b
 434 000a 0E       		.uleb128 0xe
 435 000b 10       		.uleb128 0x10
 436 000c 17       		.uleb128 0x17
 437 000d 00       		.byte	0
 438 000e 00       		.byte	0
 439 000f 02       		.uleb128 0x2
 440 0010 24       		.uleb128 0x24
 441 0011 00       		.byte	0
 442 0012 0B       		.uleb128 0xb
 443 0013 0B       		.uleb128 0xb
 444 0014 3E       		.uleb128 0x3e
 445 0015 0B       		.uleb128 0xb
 446 0016 03       		.uleb128 0x3
 447 0017 08       		.uleb128 0x8
 448 0018 00       		.byte	0
 449 0019 00       		.byte	0
 450 001a 03       		.uleb128 0x3
 451 001b 16       		.uleb128 0x16
 452 001c 00       		.byte	0
 453 001d 03       		.uleb128 0x3
 454 001e 0E       		.uleb128 0xe
 455 001f 3A       		.uleb128 0x3a
 456 0020 0B       		.uleb128 0xb
ARM GAS  /tmp/ccJATT03.s 			page 9


 457 0021 3B       		.uleb128 0x3b
 458 0022 0B       		.uleb128 0xb
 459 0023 39       		.uleb128 0x39
 460 0024 0B       		.uleb128 0xb
 461 0025 49       		.uleb128 0x49
 462 0026 13       		.uleb128 0x13
 463 0027 00       		.byte	0
 464 0028 00       		.byte	0
 465 0029 04       		.uleb128 0x4
 466 002a 24       		.uleb128 0x24
 467 002b 00       		.byte	0
 468 002c 0B       		.uleb128 0xb
 469 002d 0B       		.uleb128 0xb
 470 002e 3E       		.uleb128 0x3e
 471 002f 0B       		.uleb128 0xb
 472 0030 03       		.uleb128 0x3
 473 0031 0E       		.uleb128 0xe
 474 0032 00       		.byte	0
 475 0033 00       		.byte	0
 476 0034 05       		.uleb128 0x5
 477 0035 0F       		.uleb128 0xf
 478 0036 00       		.byte	0
 479 0037 0B       		.uleb128 0xb
 480 0038 0B       		.uleb128 0xb
 481 0039 00       		.byte	0
 482 003a 00       		.byte	0
 483 003b 06       		.uleb128 0x6
 484 003c 26       		.uleb128 0x26
 485 003d 00       		.byte	0
 486 003e 49       		.uleb128 0x49
 487 003f 13       		.uleb128 0x13
 488 0040 00       		.byte	0
 489 0041 00       		.byte	0
 490 0042 07       		.uleb128 0x7
 491 0043 0F       		.uleb128 0xf
 492 0044 00       		.byte	0
 493 0045 0B       		.uleb128 0xb
 494 0046 0B       		.uleb128 0xb
 495 0047 49       		.uleb128 0x49
 496 0048 13       		.uleb128 0x13
 497 0049 00       		.byte	0
 498 004a 00       		.byte	0
 499 004b 08       		.uleb128 0x8
 500 004c 15       		.uleb128 0x15
 501 004d 01       		.byte	0x1
 502 004e 27       		.uleb128 0x27
 503 004f 19       		.uleb128 0x19
 504 0050 49       		.uleb128 0x49
 505 0051 13       		.uleb128 0x13
 506 0052 01       		.uleb128 0x1
 507 0053 13       		.uleb128 0x13
 508 0054 00       		.byte	0
 509 0055 00       		.byte	0
 510 0056 09       		.uleb128 0x9
 511 0057 05       		.uleb128 0x5
 512 0058 00       		.byte	0
 513 0059 49       		.uleb128 0x49
ARM GAS  /tmp/ccJATT03.s 			page 10


 514 005a 13       		.uleb128 0x13
 515 005b 00       		.byte	0
 516 005c 00       		.byte	0
 517 005d 0A       		.uleb128 0xa
 518 005e 13       		.uleb128 0x13
 519 005f 01       		.byte	0x1
 520 0060 03       		.uleb128 0x3
 521 0061 0E       		.uleb128 0xe
 522 0062 0B       		.uleb128 0xb
 523 0063 0B       		.uleb128 0xb
 524 0064 3A       		.uleb128 0x3a
 525 0065 0B       		.uleb128 0xb
 526 0066 3B       		.uleb128 0x3b
 527 0067 0B       		.uleb128 0xb
 528 0068 39       		.uleb128 0x39
 529 0069 0B       		.uleb128 0xb
 530 006a 01       		.uleb128 0x1
 531 006b 13       		.uleb128 0x13
 532 006c 00       		.byte	0
 533 006d 00       		.byte	0
 534 006e 0B       		.uleb128 0xb
 535 006f 0D       		.uleb128 0xd
 536 0070 00       		.byte	0
 537 0071 03       		.uleb128 0x3
 538 0072 0E       		.uleb128 0xe
 539 0073 3A       		.uleb128 0x3a
 540 0074 0B       		.uleb128 0xb
 541 0075 3B       		.uleb128 0x3b
 542 0076 0B       		.uleb128 0xb
 543 0077 39       		.uleb128 0x39
 544 0078 0B       		.uleb128 0xb
 545 0079 49       		.uleb128 0x49
 546 007a 13       		.uleb128 0x13
 547 007b 38       		.uleb128 0x38
 548 007c 0B       		.uleb128 0xb
 549 007d 00       		.byte	0
 550 007e 00       		.byte	0
 551 007f 0C       		.uleb128 0xc
 552 0080 0D       		.uleb128 0xd
 553 0081 00       		.byte	0
 554 0082 03       		.uleb128 0x3
 555 0083 08       		.uleb128 0x8
 556 0084 3A       		.uleb128 0x3a
 557 0085 0B       		.uleb128 0xb
 558 0086 3B       		.uleb128 0x3b
 559 0087 0B       		.uleb128 0xb
 560 0088 39       		.uleb128 0x39
 561 0089 0B       		.uleb128 0xb
 562 008a 49       		.uleb128 0x49
 563 008b 13       		.uleb128 0x13
 564 008c 38       		.uleb128 0x38
 565 008d 0B       		.uleb128 0xb
 566 008e 00       		.byte	0
 567 008f 00       		.byte	0
 568 0090 0D       		.uleb128 0xd
 569 0091 13       		.uleb128 0x13
 570 0092 01       		.byte	0x1
ARM GAS  /tmp/ccJATT03.s 			page 11


 571 0093 0B       		.uleb128 0xb
 572 0094 0B       		.uleb128 0xb
 573 0095 3A       		.uleb128 0x3a
 574 0096 0B       		.uleb128 0xb
 575 0097 3B       		.uleb128 0x3b
 576 0098 0B       		.uleb128 0xb
 577 0099 39       		.uleb128 0x39
 578 009a 0B       		.uleb128 0xb
 579 009b 01       		.uleb128 0x1
 580 009c 13       		.uleb128 0x13
 581 009d 00       		.byte	0
 582 009e 00       		.byte	0
 583 009f 0E       		.uleb128 0xe
 584 00a0 34       		.uleb128 0x34
 585 00a1 00       		.byte	0
 586 00a2 03       		.uleb128 0x3
 587 00a3 08       		.uleb128 0x8
 588 00a4 3A       		.uleb128 0x3a
 589 00a5 0B       		.uleb128 0xb
 590 00a6 3B       		.uleb128 0x3b
 591 00a7 0B       		.uleb128 0xb
 592 00a8 39       		.uleb128 0x39
 593 00a9 0B       		.uleb128 0xb
 594 00aa 49       		.uleb128 0x49
 595 00ab 13       		.uleb128 0x13
 596 00ac 00       		.byte	0
 597 00ad 00       		.byte	0
 598 00ae 0F       		.uleb128 0xf
 599 00af 2E       		.uleb128 0x2e
 600 00b0 01       		.byte	0x1
 601 00b1 3F       		.uleb128 0x3f
 602 00b2 19       		.uleb128 0x19
 603 00b3 03       		.uleb128 0x3
 604 00b4 0E       		.uleb128 0xe
 605 00b5 3A       		.uleb128 0x3a
 606 00b6 0B       		.uleb128 0xb
 607 00b7 3B       		.uleb128 0x3b
 608 00b8 0B       		.uleb128 0xb
 609 00b9 39       		.uleb128 0x39
 610 00ba 0B       		.uleb128 0xb
 611 00bb 27       		.uleb128 0x27
 612 00bc 19       		.uleb128 0x19
 613 00bd 01       		.uleb128 0x1
 614 00be 13       		.uleb128 0x13
 615 00bf 00       		.byte	0
 616 00c0 00       		.byte	0
 617 00c1 10       		.uleb128 0x10
 618 00c2 05       		.uleb128 0x5
 619 00c3 00       		.byte	0
 620 00c4 03       		.uleb128 0x3
 621 00c5 08       		.uleb128 0x8
 622 00c6 3A       		.uleb128 0x3a
 623 00c7 0B       		.uleb128 0xb
 624 00c8 3B       		.uleb128 0x3b
 625 00c9 0B       		.uleb128 0xb
 626 00ca 39       		.uleb128 0x39
 627 00cb 0B       		.uleb128 0xb
ARM GAS  /tmp/ccJATT03.s 			page 12


 628 00cc 49       		.uleb128 0x49
 629 00cd 13       		.uleb128 0x13
 630 00ce 00       		.byte	0
 631 00cf 00       		.byte	0
 632 00d0 11       		.uleb128 0x11
 633 00d1 05       		.uleb128 0x5
 634 00d2 00       		.byte	0
 635 00d3 03       		.uleb128 0x3
 636 00d4 0E       		.uleb128 0xe
 637 00d5 3A       		.uleb128 0x3a
 638 00d6 0B       		.uleb128 0xb
 639 00d7 3B       		.uleb128 0x3b
 640 00d8 0B       		.uleb128 0xb
 641 00d9 39       		.uleb128 0x39
 642 00da 0B       		.uleb128 0xb
 643 00db 49       		.uleb128 0x49
 644 00dc 13       		.uleb128 0x13
 645 00dd 00       		.byte	0
 646 00de 00       		.byte	0
 647 00df 12       		.uleb128 0x12
 648 00e0 2E       		.uleb128 0x2e
 649 00e1 01       		.byte	0x1
 650 00e2 03       		.uleb128 0x3
 651 00e3 0E       		.uleb128 0xe
 652 00e4 3A       		.uleb128 0x3a
 653 00e5 0B       		.uleb128 0xb
 654 00e6 3B       		.uleb128 0x3b
 655 00e7 0B       		.uleb128 0xb
 656 00e8 39       		.uleb128 0x39
 657 00e9 0B       		.uleb128 0xb
 658 00ea 27       		.uleb128 0x27
 659 00eb 19       		.uleb128 0x19
 660 00ec 49       		.uleb128 0x49
 661 00ed 13       		.uleb128 0x13
 662 00ee 01       		.uleb128 0x1
 663 00ef 13       		.uleb128 0x13
 664 00f0 00       		.byte	0
 665 00f1 00       		.byte	0
 666 00f2 13       		.uleb128 0x13
 667 00f3 2E       		.uleb128 0x2e
 668 00f4 01       		.byte	0x1
 669 00f5 03       		.uleb128 0x3
 670 00f6 0E       		.uleb128 0xe
 671 00f7 3A       		.uleb128 0x3a
 672 00f8 0B       		.uleb128 0xb
 673 00f9 3B       		.uleb128 0x3b
 674 00fa 0B       		.uleb128 0xb
 675 00fb 39       		.uleb128 0x39
 676 00fc 0B       		.uleb128 0xb
 677 00fd 27       		.uleb128 0x27
 678 00fe 19       		.uleb128 0x19
 679 00ff 49       		.uleb128 0x49
 680 0100 13       		.uleb128 0x13
 681 0101 00       		.byte	0
 682 0102 00       		.byte	0
 683 0103 00       		.byte	0
 684              		.section	.gnu.debuglto_.debug_line,"e",%progbits
ARM GAS  /tmp/ccJATT03.s 			page 13


 685              	.Ldebug_line0:
 686 0000 8D010000 		.4byte	.LELT0-.LSLT0
 687              	.LSLT0:
 688 0004 0400     		.2byte	0x4
 689 0006 87010000 		.4byte	.LELTP0-.LASLTP0
 690              	.LASLTP0:
 691 000a 01       		.byte	0x1
 692 000b 01       		.byte	0x1
 693 000c 01       		.byte	0x1
 694 000d F6       		.byte	0xf6
 695 000e F2       		.byte	0xf2
 696 000f 0D       		.byte	0xd
 697 0010 00       		.byte	0
 698 0011 01       		.byte	0x1
 699 0012 01       		.byte	0x1
 700 0013 01       		.byte	0x1
 701 0014 01       		.byte	0x1
 702 0015 00       		.byte	0
 703 0016 00       		.byte	0
 704 0017 00       		.byte	0
 705 0018 01       		.byte	0x1
 706 0019 00       		.byte	0
 707 001a 00       		.byte	0
 708 001b 01       		.byte	0x1
 709 001c 2E2E2F43 		.ascii	"../ChibiOS/os/hal/lib/streams"
 709      68696269 
 709      4F532F6F 
 709      732F6861 
 709      6C2F6C69 
 710 0039 00       		.byte	0
 711 003a 2E2E2F46 		.ascii	"../FreeRTOS/include"
 711      72656552 
 711      544F532F 
 711      696E636C 
 711      756465
 712 004d 00       		.byte	0
 713 004e 2F686F6D 		.ascii	"/home/matt/gcc-arm-none-eabi-10-2020-q4-major/arm-n"
 713      652F6D61 
 713      74742F67 
 713      63632D61 
 713      726D2D6E 
 714 0081 6F6E652D 		.ascii	"one-eabi/include/machine"
 714      65616269 
 714      2F696E63 
 714      6C756465 
 714      2F6D6163 
 715 0099 00       		.byte	0
 716 009a 2F686F6D 		.ascii	"/home/matt/gcc-arm-none-eabi-10-2020-q4-major/arm-n"
 716      652F6D61 
 716      74742F67 
 716      63632D61 
 716      726D2D6E 
 717 00cd 6F6E652D 		.ascii	"one-eabi/include/sys"
 717      65616269 
 717      2F696E63 
 717      6C756465 
 717      2F737973 
ARM GAS  /tmp/ccJATT03.s 			page 14


 718 00e1 00       		.byte	0
 719 00e2 2F686F6D 		.ascii	"/home/matt/gcc-arm-none-eabi-10-2020-q4-major/lib/g"
 719      652F6D61 
 719      74742F67 
 719      63632D61 
 719      726D2D6E 
 720 0115 63632F61 		.ascii	"cc/arm-none-eabi/10.2.1/include"
 720      726D2D6E 
 720      6F6E652D 
 720      65616269 
 720      2F31302E 
 721 0134 00       		.byte	0
 722 0135 00       		.byte	0
 723 0136 73746464 		.ascii	"stddef.h\000"
 723      65662E68 
 723      00
 724 013f 05       		.uleb128 0x5
 725 0140 00       		.uleb128 0
 726 0141 00       		.uleb128 0
 727 0142 5F646566 		.ascii	"_default_types.h\000"
 727      61756C74 
 727      5F747970 
 727      65732E68 
 727      00
 728 0153 03       		.uleb128 0x3
 729 0154 00       		.uleb128 0
 730 0155 00       		.uleb128 0
 731 0156 5F737464 		.ascii	"_stdint.h\000"
 731      696E742E 
 731      6800
 732 0160 04       		.uleb128 0x4
 733 0161 00       		.uleb128 0
 734 0162 00       		.uleb128 0
 735 0163 6F73616C 		.ascii	"osal_ch.h\000"
 735      5F63682E 
 735      6800
 736 016d 02       		.uleb128 0x2
 737 016e 00       		.uleb128 0
 738 016f 00       		.uleb128 0
 739 0170 6D656D73 		.ascii	"memstreams.h\000"
 739      74726561 
 739      6D732E68 
 739      00
 740 017d 01       		.uleb128 0x1
 741 017e 00       		.uleb128 0
 742 017f 00       		.uleb128 0
 743 0180 6D656D73 		.ascii	"memstreams.c\000"
 743      74726561 
 743      6D732E63 
 743      00
 744 018d 01       		.uleb128 0x1
 745 018e 00       		.uleb128 0
 746 018f 00       		.uleb128 0
 747 0190 00       		.byte	0
 748              	.LELTP0:
 749              	.LELT0:
 750              		.section	.gnu.debuglto_.debug_str,"eMS",%progbits,1
ARM GAS  /tmp/ccJATT03.s 			page 15


 751              	.LASF5:
 752 0000 5F5F7569 		.ascii	"__uint8_t\000"
 752      6E74385F 
 752      7400
 753              	.LASF4:
 754 000a 73697A65 		.ascii	"size_t\000"
 754      5F7400
 755              	.LASF25:
 756 0011 5F707574 		.ascii	"_put\000"
 756      00
 757              	.LASF9:
 758 0016 5F5F696E 		.ascii	"__int32_t\000"
 758      7433325F 
 758      7400
 759              	.LASF30:
 760 0020 4D656D53 		.ascii	"MemStreamVMT\000"
 760      74726561 
 760      6D564D54 
 760      00
 761              	.LASF29:
 762 002d 2F686F6D 		.ascii	"/home/matt/hardware/electrosense-converter-firmware"
 762      652F6D61 
 762      74742F68 
 762      61726477 
 762      6172652F 
 763 0060 56322F66 		.ascii	"V2/firmware\000"
 763      69726D77 
 763      61726500 
 764              	.LASF3:
 765 006c 7369676E 		.ascii	"signed char\000"
 765      65642063 
 765      68617200 
 766              	.LASF6:
 767 0078 756E7369 		.ascii	"unsigned char\000"
 767      676E6564 
 767      20636861 
 767      7200
 768              	.LASF8:
 769 0086 73686F72 		.ascii	"short unsigned int\000"
 769      7420756E 
 769      7369676E 
 769      65642069 
 769      6E7400
 770              	.LASF18:
 771 0099 77726974 		.ascii	"write\000"
 771      6500
 772              	.LASF28:
 773 009f 2E2E2F43 		.ascii	"../ChibiOS/os/hal/lib/streams/memstreams.c\000"
 773      68696269 
 773      4F532F6F 
 773      732F6861 
 773      6C2F6C69 
 774              	.LASF27:
 775 00ca 474E5520 		.ascii	"GNU C17 10.2.1 20201103 (release) -mcpu=cortex-m3 -"
 775      43313720 
 775      31302E32 
 775      2E312032 
ARM GAS  /tmp/ccJATT03.s 			page 16


 775      30323031 
 776 00fd 6D6E6F2D 		.ascii	"mno-thumb-interwork -mthumb -mfloat-abi=soft -march"
 776      7468756D 
 776      622D696E 
 776      74657277 
 776      6F726B20 
 777 0130 3D61726D 		.ascii	"=armv7-m -ggdb -Os -fomit-frame-pointer -falign-fun"
 777      76372D6D 
 777      202D6767 
 777      6462202D 
 777      4F73202D 
 778 0163 6374696F 		.ascii	"ctions=16 -ffunction-sections -fdata-sections -fno-"
 778      6E733D31 
 778      36202D66 
 778      66756E63 
 778      74696F6E 
 779 0196 636F6D6D 		.ascii	"common -flto\000"
 779      6F6E202D 
 779      666C746F 
 779      00
 780              	.LASF31:
 781 01a3 6D734F62 		.ascii	"msObjectInit\000"
 781      6A656374 
 781      496E6974 
 781      00
 782              	.LASF2:
 783 01b0 6C6F6E67 		.ascii	"long double\000"
 783      20646F75 
 783      626C6500 
 784              	.LASF19:
 785 01bc 72656164 		.ascii	"read\000"
 785      00
 786              	.LASF24:
 787 01c1 5F676574 		.ascii	"_get\000"
 787      00
 788              	.LASF11:
 789 01c6 6C6F6E67 		.ascii	"long unsigned int\000"
 789      20756E73 
 789      69676E65 
 789      6420696E 
 789      7400
 790              	.LASF0:
 791 01d8 756E7369 		.ascii	"unsigned int\000"
 791      676E6564 
 791      20696E74 
 791      00
 792              	.LASF13:
 793 01e5 63686172 		.ascii	"char\000"
 793      00
 794              	.LASF14:
 795 01ea 75696E74 		.ascii	"uint8_t\000"
 795      385F7400 
 796              	.LASF16:
 797 01f2 6D73675F 		.ascii	"msg_t\000"
 797      7400
 798              	.LASF26:
 799 01f8 5F726561 		.ascii	"_reads\000"
ARM GAS  /tmp/ccJATT03.s 			page 17


 799      647300
 800              	.LASF15:
 801 01ff 696E7433 		.ascii	"int32_t\000"
 801      325F7400 
 802              	.LASF32:
 803 0207 5F777269 		.ascii	"_writes\000"
 803      74657300 
 804              	.LASF1:
 805 020f 6C6F6E67 		.ascii	"long long int\000"
 805      206C6F6E 
 805      6720696E 
 805      7400
 806              	.LASF22:
 807 021d 6F666673 		.ascii	"offset\000"
 807      657400
 808              	.LASF7:
 809 0224 73686F72 		.ascii	"short int\000"
 809      7420696E 
 809      7400
 810              	.LASF20:
 811 022e 62756666 		.ascii	"buffer\000"
 811      657200
 812              	.LASF10:
 813 0235 6C6F6E67 		.ascii	"long int\000"
 813      20696E74 
 813      00
 814              	.LASF23:
 815 023e 4D656D6F 		.ascii	"MemoryStream\000"
 815      72795374 
 815      7265616D 
 815      00
 816              	.LASF21:
 817 024b 73697A65 		.ascii	"size\000"
 817      00
 818              	.LASF17:
 819 0250 5F426F6F 		.ascii	"_Bool\000"
 819      6C00
 820              	.LASF12:
 821 0256 6C6F6E67 		.ascii	"long long unsigned int\000"
 821      206C6F6E 
 821      6720756E 
 821      7369676E 
 821      65642069 
 822              		.text
 823              		.section	.gnu.lto_.profile.e23c2653916e868f,"e",%progbits
 824 0000 789C6362 		.ascii	"x\234cb\000\001\000\000\022\000\003"
 824      00010000 
 824      120003
 825              		.text
 826              		.section	.gnu.lto_.icf.e23c2653916e868f,"e",%progbits
 827 0000 789C5363 		.ascii	"x\234Sc@\0006\206I\237\277\\db\354o\330\260\215\207"
 827      40003686 
 827      499FBF5C 
 827      6462EC6F 
 827      D8B08D87 
 828 0014 E9D2F973 		.ascii	"\351\322\371s/\271\230\237l\352\333\316\313r\364q\377"
 828      2FB9989F 
ARM GAS  /tmp/ccJATT03.s 			page 18


 828      6CEADBCE 
 828      CB72F471 
 828      FF
 829 0025 4746D639 		.ascii	"GF\3269\013\016=\343f\000\000ko\022k"
 829      0B0E3DE3 
 829      6600006B 
 829      6F126B
 830              		.text
 831              		.section	.gnu.lto_.ipa_sra.e23c2653916e868f,"e",%progbits
 832 0000 789C4B66 		.ascii	"x\234Kf@\000V\006&\030\223\231\221\021L11\203\271,\014"
 832      40005606 
 832      26189399 
 832      91114C31 
 832      3183B92C 
 833 0015 EC602E33 		.ascii	"\354`.3c#\017D\001#P)#3\232,X\002\244\002,\313\302\302"
 833      63230F44 
 833      01235029 
 833      23339A2C 
 833      5802A402 
 834 002d 80061819 		.ascii	"\200\006\030\031\000om\001\315"
 834      006F6D01 
 834      CD
 835              		.text
 836              		.section	.gnu.lto_.inline.e23c2653916e868f,"e",%progbits
 837 0000 789CCD91 		.ascii	"x\234\315\221\261\212\0021\020\206\377\314D]\\\005\313"
 837      B18A0231 
 837      1086FFCC 
 837      445D5C05 
 837      CB
 838 0011 2BAED8D2 		.ascii	"+\256\330\322\307\360\011|\206UW\3575\254\204+\004}"
 838      C7F0097C 
 838      865557EF 
 838      35AC842B 
 838      047D
 839 0023 00C542B1 		.ascii	"\000\305B\261\023\013{=\256\263\261\260\261\023_\302"
 839      130B7B3D 
 839      AEB3B1B0 
 839      B1135FC2 
 840 0033 46569D04 		.ascii	"FV\235\004w\263pWh\347\004\302\307d&\363\221,\010i\344"
 840      77B37057 
 840      68E704C2 
 840      C76426F3 
 840      912C0869 
 841 0048 80F2F7EC 		.ascii	"\200\362\367\354r\245\216b\250)\003\\\303\003B\013\012"
 841      72A58E62 
 841      A829035C 
 841      C303420B 
 841      0A
 842 0059 1CA0981F 		.ascii	"\034\240\230\037n\3171E\200\267\374\235\337(\"\020T"
 842      6ECF3145 
 842      80B7FC9D 
 842      DF282210 
 842      54
 843 006a 57829A04 		.ascii	"W\202\232\004\2352\264\313z.\353A[\212P\202\372\351"
 843      9D32B4CB 
 843      7A2EEB41 
 843      5B8A5082 
ARM GAS  /tmp/ccJATT03.s 			page 19


 843      FAE9
 844 007c 8F636E10 		.ascii	"\217cn\020*\2240* KM|\210\223Bi\264\032\0363Ja\242\324"
 844      2A94302A 
 844      204B4D7C 
 844      88934269 
 844      B41A1E33 
 845 0094 551927B6 		.ascii	"U\031'\266N-\240p8\355\327\317:\361\251\267\273J\327"
 845      4E2DA070 
 845      38EDD7CF 
 845      3AF1A9B7 
 845      BB4AD7
 846 00a7 6B4E7264 		.ascii	"kNrd\252\371K\351\177\234\310\022\234\233\237\334\015"
 846      AAF94BE9 
 846      7F9CC812 
 846      9C9B9FDC 
 846      0D
 847 00b8 CFB6BDFC 		.ascii	"\317\266\275\374^d\251%n\011}\272\312\300U\006\351y"
 847      5E64A925 
 847      6E097DBA 
 847      CAC05506 
 847      E979
 848 00ca 55C6EBB2 		.ascii	"U\306\353\262l<\250\233\305\177\2143\037\373\216\302"
 848      6C3CA89B 
 848      C57F8C33 
 848      1FFB8EC2 
 849 00da DA8EDE70 		.ascii	"\332\216\336p[\3363g\310\330\370\002\023j\033\033\211"
 849      5BDE3367 
 849      C8D8F802 
 849      136A1B1B 
 849      89
 850 00eb 3B325599 		.ascii	";2U\231\311"
 850      C9
 851              		.text
 852              		.section	.gnu.lto_.jmpfuncs.e23c2653916e868f,"e",%progbits
 853 0000 789C8D4E 		.ascii	"x\234\215NA\012\200@\020\322\235\331:\356\217\333\317"
 853      410A8040 
 853      10D29DD9 
 853      3AEE8FDB 
 853      CF
 854 0011 EC2B3AF5 		.ascii	"\354+:\365\263\322\010\212\016\221 \3500\212+nT\024"
 854      B3D2088A 
 854      0E9120E8 
 854      308A2B6E 
 854      5414
 855 0023 32FA8822 		.ascii	"2\372\210\"\006\005\353b5[q\204/\230r!\301-\011q\027"
 855      0605EB62 
 855      355B7184 
 855      2F987221 
 855      C12D0971 
 856 0038 9AD2DF3E 		.ascii	"\232\322\337>\236-y\266\274_~\264fzUS\274\366k\214\211"
 856      9E2D79B6 
 856      BC5F7EB4 
 856      667A5553 
 856      BCF66B8C 
 857 004d 031B1B31 		.ascii	"\003\033\0331\245"
 857      A5
 858              		.text
ARM GAS  /tmp/ccJATT03.s 			page 20


 859              		.section	.gnu.lto_.pureconst.e23c2653916e868f,"e",%progbits
 860 0000 789C1360 		.ascii	"x\234\023````e\230\305\3028\213\205i\026\013\363,\026"
 860      60606065 
 860      98C5C238 
 860      8B856916 
 860      0BF32C16 
 861 0014 96592C00 		.ascii	"\226Y,\000\032|\0036"
 861      1A7C0336 
 862              		.text
 863              		.section	.gnu.lto_.lto.e23c2653916e868f,"e",%progbits
 864 0000 09000200 		.ascii	"\011\000\002\000\001\000\000\000"
 864      01000000 
 865              		.text
 866              		.section	.gnu.lto__writes.88.e23c2653916e868f,"e",%progbits
 867 0000 789C7D92 		.ascii	"x\234}\222Mh\023A\024\307\337\177f7\233\330Foz\025\244"
 867      4D681341 
 867      14C7DF7F 
 867      66379BD8 
 867      466F7A15 
 868 0015 8848B3A5 		.ascii	"\210H\263\245\332\203'\005\317\342\241\340=\211+\011"
 868      DA832705 
 868      CFE2A1E0 
 868      3D892B09 
 869 0025 64F3B109 		.ascii	"d\363\261\011z\354\264\225 \025\251\255\327\030J\010"
 869      7AECB495 
 869      2015A9AD 
 869      D7184A08 
 870 0035 C59E0451 		.ascii	"\305\236\004Q\254\332\332\210\024\212 H=(\210X\012\342"
 870      ACDADA88 
 870      148A2048 
 870      3D288858 
 870      0AE2
 871 0047 474543C1 		.ascii	"GEC\301\017P\3207\263\2216`=\314\354\2747\2777\377\377"
 871      0F50D037 
 871      B3913660 
 871      3DCCECBC 
 871      37BF37FF 
 872 005c BCD94F82 		.ascii	"\274\331O\202\350*\021\365\361\200$LOM\010RJ\235p\004"
 872      E82A11F5 
 872      F180244C 
 872      4F4D0852 
 872      4A9D7004 
 873 0070 46A726BE 		.ascii	"F\247&\276\314\036\300\022L\014\032\021\030\3015Y\223"
 873      CC1EC012 
 873      4C0C1A11 
 873      18C13559 
 873      93
 874 0081 98964D66 		.ascii	"\230\226Mf\255\316\012\330\177\250\245\324\217\345\365"
 874      ADCE0AD8 
 874      7FA8A5D4 
 874      8FE5F5
 875 0090 B50DA776 		.ascii	"\265\015\247v\243e5\245\240:\003w\200\333\340\203\211"
 875      A36535A5 
 875      A03A0377 
 875      80DBE083 
 875      89
 876 00a1 4199A783 		.ascii	"A\231\247\203\014=[\234W*FM)q\027\333\030N\224\326l"
ARM GAS  /tmp/ccJATT03.s 			page 21


 876      0C3D5B9C 
 876      572A464D 
 876      297117DB 
 876      184E94D6 
 877 00b6 CD5D4208 		.ascii	"\315]B\010\276\357\200\026\356u\203Vi\303\200\227;\340"
 877      BEEF8016 
 877      EE758356 
 877      69C38097 
 877      3BE0
 878 00c8 CF0E28F0 		.ascii	"\317\016(\360\240\033\024\245ov\250}\005\372\323\307"
 878      A01B14A5 
 878      6F76A87D 
 878      05FAD3C7 
 879 00d8 74FBCD6A 		.ascii	"t\373\315jqE\261C\033\213\350\362XR\221\010\341!\264"
 879      7145B143 
 879      1B8BE8F2 
 879      58529108 
 879      E121B4
 880 00eb 73DD0C1E 		.ascii	"s\335\014\0367W\355\226\372\365{R\251\357o\361\356\265"
 880      3757ED96 
 880      FAF57B52 
 880      A9EF6FF1 
 880      EEB5
 881 00fd BD077C6A 		.ascii	"\275\007|jD\350I\352\311\",\300\346\225\023\321\223"
 881      44E849EA 
 881      C9222CC0 
 881      E69513D1 
 881      93
 882 010e A373513D 		.ascii	"\243sQ=\305\200y\364\200w{\201\373|\324\244\324MU\026"
 882      C58079F4 
 882      80777B81 
 882      FB7CD4A4 
 882      D44D5516 
 883 0122 548BFB2D 		.ascii	"T\213\373-E\030\214r\360\021j})\316\237\261\231aVo\310"
 883      45188C72 
 883      F0116A7D 
 883      29CE9FB1 
 883      9961566F 
 884 0137 98493D8F 		.ascii	"\230I=\217\323g\214-\314\305\033\022\2356\333\346\022"
 884      D3678C2D 
 884      CCC51B12 
 884      9D36DBE6 
 884      12
 885 0148 B3FA35A2 		.ascii	"\263\3725\242M\031e\022-\320@\030\012<\302uc\334\224"
 885      4D196512 
 885      2DD04018 
 885      0A3CC275 
 885      63DC94
 886 015b ED6B48F1 		.ascii	"\355kH\361?\3701\3030\360x\275\372T4\244d\035\256\321"
 886      3FF831C3 
 886      30F078BD 
 886      FA5434A4 
 886      641DAED1 
 887 016f 89CDAAA0 		.ascii	"\211\315\252\240\206\264L\256\207\315\010\276\006\307"
 887      86B44CAE 
 887      87CD08BE 
 887      06C7
ARM GAS  /tmp/ccJATT03.s 			page 22


 888 017d C6D68B53 		.ascii	"\306\326\213S\374;\030\211\017\273\033\322\336Y\302"
 888      FC3B1889 
 888      0FBB1BD2 
 888      DE59C2
 889 018c C1324B88 		.ascii	"\3012K\210P\342V\365+KD\270@K\264Q\235q\350\"DS\306"
 889      50E256F5 
 889      2B4B44B8 
 889      404BB451 
 889      9D71E822 
 890 01a3 EADA85D9 		.ascii	"\352\332\205\331\352e\211\246\334eT^\206\022s,\341\374"
 890      EA6589A6 
 890      DC65545E 
 890      8612732C 
 890      E1FC
 891 01b5 4BC23CF6 		.ascii	"K\302<\366\312\326\025jU6\0305\236\035]\331\236\300"
 891      CAD6156A 
 891      55361835 
 891      9E1D5DD9 
 891      9EC0
 892 01c7 8E654FC2 		.ascii	"\216eO\3022\346\215\324\2538mr\353\207\364\005I\277"
 892      32E68DD4 
 892      AB386D72 
 892      EB87F405 
 892      49BF
 893 01d9 13B6DE89 		.ascii	"\023\266\336\211\350\270\233)\370\236\353'+\0257\223"
 893      E8B89B29 
 893      F89EEB27 
 893      2B153793 
 894 01e9 0CCE5E48 		.ascii	"\014\316^H\006\236\353\345\274t%(\224\275|\331\353O"
 894      069EEBE5 
 894      BC742528 
 894      94BD7CD9 
 894      EB4F
 895 01fb 17F2E7BD 		.ascii	"\027\362\347\275\240\342\005\375\347\262\201\257\367"
 895      A0E205FD 
 895      E7B281AF 
 895      F7
 896 0208 CF0CBA7F 		.ascii	"\317\014\272\177\227t8\221pOf\262\251\354\351a\267P"
 896      97743891 
 896      704F66B2 
 896      A9ECE961 
 896      B750
 897 021a E623726E 		.ascii	"\346#rn.\233r\313\225\300K\372e\327\367\374\3162\221"
 897      2E9B72CB 
 897      95C04BFA 
 897      65D7F7FC 
 897      CE3291
 898 022d 26912DEE 		.ascii	"&\221-\356\335\236H\034\031L\036;:00D\"UD^\372\345\342"
 898      DD9E481C 
 898      194C1E3B 
 898      3A303044 
 898      2255445E 
 899 0244 1F1C630E 		.ascii	"\037\034c\016m"
 899      6D
 900              		.text
 901              		.section	.gnu.lto__reads.89.e23c2653916e868f,"e",%progbits
 902 0000 789C7D52 		.ascii	"x\234}RMh\023Q\020\236\357\275\335lJ\033z\221\236\005"
ARM GAS  /tmp/ccJATT03.s 			page 23


 902      4D681351 
 902      109EEFBD 
 902      DD6C4A1B 
 902      7A919E05 
 903 0014 2922D26C 		.ascii	")\"\322l\251\366\340IA\360&\036\012\336\223\270\322"
 903      A9F6E049 
 903      41F0261E 
 903      0ADE93B8 
 903      D2
 904 0025 40373F9B 		.ascii	"@7?\233\240\307\276\326\022\244\"5\365\032CY\202\325"
 904      A0C7BED6 
 904      12A42235 
 904      F51A4359 
 904      82D5
 905 0037 935014AB 		.ascii	"\223P\024\253\266\032\221\322\342I\012\036\274\366 "
 905      B61A91D2 
 905      E2490A1E 
 905      BCF620
 906 0046 2845433D 		.ascii	"(EC=T\261P\347\275]i\003\326\303\233}3\357\233\371\276"
 906      54B150E7 
 906      BD5D6903 
 906      D6C39B7D 
 906      33EF9BF9 
 907 005b 99D96D41 		.ascii	"\231\331mAt\217\210\006\371@\022\346\353\263\202\224"
 907      748F8806 
 907      F94012E6 
 907      EBB38294 
 908 006b 52171C81 		.ascii	"R\027\034\201\251\372\354\376\342\011\274\201\361A\223"
 908      A9FAECFE 
 908      E209BC81 
 908      F14193
 909 007a 0293B82F 		.ascii	"\002\223\270/\033\022\363\262\305X+\276\001\307O\265"
 909      1B12F3B2 
 909      C5582BBE 
 909      01C74FB5 
 910 008a 95FAB9B6 		.ascii	"\225\372\271\266\245\276;\215Gm\253%\0055\031\360\014"
 910      A5BE3B8D 
 910      476DAB25 
 910      053519F0 
 910      0C
 911 009b 780A2E4C 		.ascii	"x\012.L\014\224\005:\311\240\017+\313J\365PKJ<\307!"
 911      0C94053A 
 911      C9A00F2B 
 911      CB4AF550 
 911      4B4A3CC7 
 912 00b0 0C07CA8B 		.ascii	"\014\007\312\213\266\306\335F\004\374\024\003-\274\350"
 912      B6C6DD46 
 912      04FC1403 
 912      2DBCE8
 913 00bf 065AE525 		.ascii	"\006Z\345%\003\274\023\003\267c\240\300\253n\240(\257"
 913      03BC1303 
 913      B763A0C0 
 913      AB6EA028 
 913      AF
 914 00d0 DA11F75D 		.ascii	"\332\021\367]\350\317 \243;\2776K\033\212\025\332XE"
 914      E8CF20A3 
 914      3BBF364B 
ARM GAS  /tmp/ccJATT03.s 			page 24


 914      1B8A15DA 
 914      5845
 915 00e2 97C6F2BA 		.ascii	"\227\306\362\272\235 \274\206V\256\207\301\347\311\246"
 915      9D20BC86 
 915      56AE87C1 
 915      E7C9A6
 916 00f1 DD567BFB 		.ascii	"\335V{\373sJ\255\357\342s\375R?\270jBh#\265\261\010"
 916      734AADEF 
 916      E273FD52 
 916      3FB86A42 
 916      6823B5B1 
 917 0106 2BB0B5A4 		.ascii	"+\260\265\244\2046\216\216%\265\351\001\226\321\013"
 917      84368E8E 
 917      25B5E901 
 917      96D10B
 918 0115 7EED035E 		.ascii	"~\355\003^r\2519\251\207\252,\2506\317[\212\310\231"
 918      72A939A9 
 918      87AA2CA8 
 918      36CF5B8A 
 918      C899
 919 0127 62E72BD4 		.ascii	"b\347+\324\326\217\024\177\246\027\306\230=\224=&\264"
 919      D68F147F 
 919      A617C698 
 919      3D943D26 
 919      B4
 920 0138 9BA26F98 		.ascii	"\233\242o\230^y\234\012%\3421\333\246\211\207z\033\311"
 920      5E799C0A 
 920      25E231DB 
 920      A689877A 
 920      1BC9
 921 014a 96741889 		.ascii	"\226t\030\2116h8r\005\336\342\201\021\256\323\276\014"
 921      36683872 
 921      05DEE281 
 921      11AED3BE 
 921      0C
 922 015b 8452FC0F 		.ascii	"\204R\374\017\374\216\3010\340[\315\332\232\010\245"
 922      FC8EC130 
 922      E05BCDDA 
 922      9A08A5
 923 016a 641ECED1 		.ascii	"d\036\316\321\201\235\232\240PZ&\326\313b\004\267\301"
 923      819D9AA0 
 923      505A26D6 
 923      CB6204B7 
 923      C1
 924 017b BE91F5FB 		.ascii	"\276\221\365\3732\377\016\021\305\261P\332GSXXc\012"
 924      32FF0E11 
 924      C5B150DA 
 924      47535858 
 924      630A
 925 018d 11512CD5 		.ascii	"\021Q,\325>r\255\004'h\212\016j\013\016\315@\264d\262"
 925      3E72AD04 
 925      27688A0E 
 925      6A0B0ECD 
 925      40B464B2 
 926 01a1 A95584B2 		.ascii	"\251U\204\262\317\274\362V\242\346\367b\212\376P:\377"
 926      CFBCF256 
 926      A2E6F762 
ARM GAS  /tmp/ccJATT03.s 			page 25


 926      8AFE503A 
 926      FF
 927 01b2 A230CBDE 		.ascii	"\2420\313\3368h\241Qc\201I\243\331\321\231\235Y\034"
 927      3868A151 
 927      638149A3 
 927      D9D1999D 
 927      591C
 928 01c4 99F63E4A 		.ascii	"\231\366>Jc\274\241\332O\321\016\217~T7HzO8\330\023"
 928      63BCA1DA 
 928      4FD10E8F 
 928      7E543748 
 928      7A4F38D8 
 929 01d9 D17977BC 		.ascii	"\321yw\274\350{\256\237\251V\335\361Lp\355f&\360\\o"
 929      E87BAE9F 
 929      A956DDF1 
 929      4C70ED66 
 929      26F05C6F 
 930 01ed C2CB5583 		.ascii	"\302\313U\203b\305+T\274\241\\\261p\303\013\252^0t="
 930      62C52B54 
 930      BCA15CB1 
 930      70C30BAA 
 930      5E30743D 
 931 0201 1FF8FAFD 		.ascii	"\037\370\372\375\352\210\373\367J\247\323i\367\342x"
 931      EA88FBF7 
 931      4AA7D369 
 931      F7E278
 932 0210 3E9BBF32 		.ascii	">\233\2772\346\026+\\b\302\235\310g\335J5\3602~\305"
 932      E6162B5C 
 932      62C29DC8 
 932      67DD4A35 
 932      F0327EC5 
 933 0224 F53D3FBE 		.ascii	"\365=?\276\246s$\362\245\201\303\201\364\231\221\314"
 933      A67324F2 
 933      A581C381 
 933      F49991CC 
 934 0234 B9B3C3C3 		.ascii	"\271\263\303\303\243$\262%\024\244_)\375\001\001Q\016"
 934      A324B225 
 934      14A45F29 
 934      FD010151 
 934      0E
 935 0245 A1       		.ascii	"\241"
 936              		.text
 937              		.section	.gnu.lto__put.90.e23c2653916e868f,"e",%progbits
 938 0000 789C7D52 		.ascii	"x\234}ROH\024Q\030\177\277\367\315\354\037\254=Vt\210"
 938      4F481451 
 938      187FBFF7 
 938      CDEC1FAC 
 938      3D567488 
 939 0014 2E1151EE 		.ascii	".\021Q\356,jP'\205\010\272u\020\272\2576\261\013\216"
 939      2C6A5027 
 939      8508BA75 
 939      10BAAF36 
 939      B10B8E
 940 0027 ABB34BDD 		.ascii	"\253\263K\335\362\271\232\304\212\350Z\020\225m2-Q\247"
 940      F2B99AC4 
 940      8AE85A10 
 940      956D322D 
ARM GAS  /tmp/ccJATT03.s 			page 26


 940      51A7
 941 0039 328DB4AC 		.ascii	"2\215\264\254\024\321 \220\242\016y\350\242Ph\007\221"
 941      14D12090 
 941      A20E79E8 
 941      A2506807 
 941      91
 942 004a 208828EA 		.ascii	" \210(\352{3\353\237 ;\314\233\367}\363\373\367\276"
 942      7B33EB9F 
 942      203BCC9B 
 942      F77DF3FB 
 942      F7BE
 943 005c 379FA410 		.ascii	"7\237\244\020}B\210\223\374\300\024\030,\026\244PJ5"
 943      7D428893 
 943      FCC01418 
 943      2C16A450 
 943      4A35
 944 006e 84A5EC2E 		.ascii	"\204\245\354.\366J<\307\275\322\021\243\253\030[X|_"
 944      F64A3CC7 
 944      BDD211A3 
 944      AB185B58 
 944      7C5F
 945 0080 6F10AE16 		.ascii	"o\020\256\026\013o\256\327\371\010\003\235\033h\210"
 945      0B6FAED7 
 945      F908039D 
 945      1B6888
 946 008f 0E49063A 		.ascii	"\016I\006:p\205\206\010\203T&\001\243\262\003\366\037"
 946      70858608 
 946      83542601 
 946      A3B203F6 
 946      1F
 947 00a0 62D0F7D9 		.ascii	"b\320\367\331\245\341\221c\323]\227N\225I\212\022\003"
 947      A5E19163 
 947      D35D974E 
 947      95498A12 
 947      03
 948 00b1 1E036360 		.ascii	"\036\003c`c\301@j\025\007\247\224z;1\256TT\224\211\360"
 948      63C1406A 
 948      1507A794 
 948      7A3B31AE 
 948      54549489 
 949 00c6 045B30DC 		.ascii	"\004[0\334h\377\246\005\3512\002\340\374\230R\304}\003"
 949      68FFA605 
 949      E93202E0 
 949      FC9852C4 
 949      7D03
 950 00d8 133EB016 		.ascii	"\023>\260\026\011\0153\332\225\031\010\026\240_\007"
 950      090D33DA 
 950      95190816 
 950      A05F07
 951 00e7 18BBD67B 		.ascii	"\030\273\326{\247\020\033\350\214\224\311\3043\374\345"
 951      A7101BE8 
 951      8C94C9C4 
 951      33FCE5
 952 00f6 DC5E3043 		.ascii	"\334^0C\002\223\320y\364\010\370y\360\316\234R?\177"
 952      0293D079 
 952      F408F879 
 952      F0CE9C52 
ARM GAS  /tmp/ccJATT03.s 			page 27


 952      3F7F
 953 0108 F72BF561 		.ascii	"\367+\365a\317\302\307\317\221\030X6$\365\242\375\302"
 953      CFC2C7CF 
 953      91185836 
 953      24F5A2FD 
 953      C2
 954 0119 865E4C5D 		.ascii	"\206^L]\206\364\022\346EF\201qT\001OY\240\237\364H\224"
 954      86F412E6 
 954      45468171 
 954      54014F59 
 954      A09FF448 
 955 012e 013525C4 		.ascii	"\0015%\304\000\311\240\350\344\342\013\324\322\265\271"
 955      00C9A0E8 
 955      E4E20BD4 
 955      D2B5B9
 956 013d 28CF94B7 		.ascii	"(\317\224\267\371\341F\366\365(\352\267o\316A\254\""
 956      F9E146F6 
 956      F528EAB7 
 956      6FCE41AC 
 956      22
 957 014e 3F797FA7 		.ascii	"?y\177\247G\250\314\315\364\017p\027\314\347\350\021"
 957      47A8CCCD 
 957      F40F7017 
 957      CCE7E811 
 958 015e 86E20544 		.ascii	"\206\342\005D\"(\243x\211[~f\237\266\333#\371?\3604"
 958      2228A378 
 958      895B7E66 
 958      9FB6DB23 
 958      F93FF034 
 959 0172 83F5E156 		.ascii	"\203\365\341V\320\275<\263\227=\030\257\311\034\220"
 959      D0BD3CB3 
 959      973D18AF 
 959      C91C90
 960 0181 A6FB4ABF 		.ascii	"\246\373J\277h#\340\355\365$;<\242\355%\303\230aI\351"
 960      6823E0ED 
 960      F5243B3C 
 960      A2ED25C3 
 960      986149E9 
 961 0195 FB773DEA 		.ascii	"\373w=\352\231\227\036\031L\320\262\314\276\261\262"
 961      99971E19 
 961      4CD0B2CC 
 961      BEB1B2
 962 01a4 AF7208FE 		.ascii	"\257r\010\3763|\205e\2245\300\300,\204GU\276\325\303"
 962      337C8565 
 962      9435C0C0 
 962      2C844755 
 962      BED5C3
 963 01b7 50E014F3 		.ascii	"P\340\024\363\310\374\227\223\320\311_U\222\263\315"
 963      C8FC9793 
 963      D0C95F55 
 963      92B3CD
 964 01c6 500FC70E 		.ascii	"P\017\307\0161X\013\363\3105{\255\200m\251\257\003*"
 964      31580BF3 
 964      C8357BAD 
 964      806DA9AF 
 964      032A
 965 01d8 737CBBD1 		.ascii	"s|\273\3219\370\00766o\344+\362\015\374=\314\375\037"
ARM GAS  /tmp/ccJATT03.s 			page 28


 965      39F80736 
 965      366FE42B 
 965      F20DFC3D 
 965      CCFD1F
 966 01eb 086B5989 		.ascii	"\010kY\211\213rud-\302\227\024\224\202J\243)\276Tl^"
 966      8B727564 
 966      2DC29714 
 966      94824AA3 
 966      29BE546C 
 967 0200 AA10F556 		.ascii	"\252\020\365V*\343\330\226\223\314\345\254T\322={!\351"
 967      2AE3D896 
 967      93CCE5AC 
 967      54D23D7B 
 967      21E9
 968 0212 DA96DD62 		.ascii	"\332\226\335b7\347\334L\326n\315\332\325\315\231\326"
 968      37E7DC4C 
 968      D66ECDDA 
 968      D5CD99D6 
 969 0222 F3B69BB3 		.ascii	"\363\266\233\263\335\352si\327\321\337\317\324X\353"
 969      DDEA7369 
 969      D7D1DFCF 
 969      D458EB
 970 0231 5B71381E 		.ascii	"[q8\036\267N\244\322M\351\323\215V&\313\022-VK\272\311"
 970      B74EA4D2 
 970      4DE9D38D 
 970      5626CB12 
 970      2D564BBA 
 971 0246 CAE65C3B 		.ascii	"\312\346\\;\351d-\307v*\333x\263\220\351\266][\033\361"
 971      E9642DC7 
 971      762ADB78 
 971      B390E9B6 
 971      5D5B1BF1 
 972 025a DA9AE4F1 		.ascii	"\332\232\344\361\272D\342\250@\0239\331\266?\351=\026"
 972      BA44E2A8 
 972      401339D9 
 972      B63FE93D 
 972      16
 973 026b D3       		.ascii	"\323"
 974              		.text
 975              		.section	.gnu.lto__get.91.e23c2653916e868f,"e",%progbits
 976 0000 789C7D92 		.ascii	"x\234}\222MHTQ\024\307\317\377\3367\343\214\251K\241"
 976      4D485451 
 976      14C7CFFF 
 976      DE37E38C 
 976      A94BA1
 977 0013 566D22A2 		.ascii	"Vm\"\242\2347\250A\255\024\"h\327Bh?\332\213\031\360"
 977      9C37A841 
 977      AD142268 
 977      D742683F 
 977      DA8B19F0 
 978 0027 39FA66A8 		.ascii	"9\372f\250]^\035\263\030\023\035k\021\241CLC\324\252"
 978      5D5E1DB3 
 978      18131D6B 
 978      11A1434C 
 978      43D4AA
 979 003a A824CDB1 		.ascii	"\250$\315\261FDi%} \3312]\370\021\205\264\212P\352\334"
 979      46446925 
ARM GAS  /tmp/ccJATT03.s 			page 29


 979      7D20D932 
 979      5DF81185 
 979      B48A50EA 
 980 004f 3BE34750 		.ascii	";\343GP\301{\367\235{\346w\376\347\177\317\235\025A"
 980      C17BF79D 
 980      7BE677FE 
 980      E77FCF9D 
 980      1541
 981 0061 34484467 		.ascii	"4HDg\371\205\2170\222I\013RJ5W\010\321\227\031\020\230"
 981      F9858F30 
 981      92490B52 
 981      4A355708 
 981      D1971910 
 982 0076 C6C3EC09 		.ascii	"\306\303\354\011+\225\251Y\372\374\241\311\222\270\235"
 982      2B95A959 
 982      FAFCA1C9 
 982      92B89D
 983 0085 49AFDE6D 		.ascii	"I\257\336m4\204\205\236]\032\324-\244\205n\334\222\243"
 983      3484859E 
 983      5D1AD42D 
 983      A4856EDC 
 983      92A3
 984 0097 1223322F 		.ascii	"\022#2/\011V9\002\016\037c\350\307\334r\361\331\251"
 984      09563902 
 984      0E1F63E8 
 984      C7DC72F1 
 984      D9A9
 985 00a9 99D4B573 		.ascii	"\231\324\265sy)(\313\3008\360\034\334\230\030\224\035"
 985      792928CB 
 985      C038F01C 
 985      DC981894 
 985      1D
 986 00ba 74B4A8D4 		.ascii	"t\264\250\324\333\311\011\245\202\224\227\022/\260\217"
 986      DBC909A5 
 986      82949712 
 986      2FB08F
 987 00c9 E144D7AC 		.ascii	"\341D\327\254U\"o@\177\2160\275\231\275\237\256\031"
 987      55226F40 
 987      7F8E30BD 
 987      99BD9FAE 
 987      19
 988 00da EE09E4B9 		.ascii	"\356\011\344\271\365$\376\220\354Z\322\355\345\315="
 988      F524FE90 
 988      EC5AD2ED 
 988      E5CD3D
 989 00e9 766CA5BF 		.ascii	"vl\245\277\372\211b\326\207)\3036 l\310\005\313O(\000"
 989      FA8962D6 
 989      8729C336 
 989      206CC805 
 989      CB4F2800 
 990 00fd 2FA15DE9 		.ascii	"/\241]\351A\360\303\211\307\357}E\265\365kH\251\325"
 990      41F0C389 
 990      C7EF7D45 
 990      B5F56B48 
 990      A9D5
 991 010f 83D3852F 		.ascii	"\203\323\205/\201j\260\015\277\320\213\344\245\302\322"
 991      816AB00D 
ARM GAS  /tmp/ccJATT03.s 			page 30


 991      BFD08BE4 
 991      A5C2D2
 992 011e 8B4F6FFD 		.ascii	"\213Oo\375\274\210\0000\201J\255T\245\267DCR\317FYP"
 992      BC880030 
 992      814AAD54 
 992      A5B74443 
 992      52CF4659 
 993 0133 45A26129 		.ascii	"E\242a)J\233\036\336l@-O\315\007y\270&,\370\371\323"
 993      4A9B1EDE 
 993      6C402D4F 
 993      CD0779B8 
 993      262CF8F9 
 994 0148 7BAF851D 		.ascii	"{\257\205\035\344d\300\244\336\315\203\276\241\267\360"
 994      E464C0A4 
 994      DECD83BE 
 994      A1B7F0
 995 0157 A83A2751 		.ascii	"\250:'Q\236\243e\316\362\000,\303\247\0100\212W\240"
 995      9EA365CE 
 995      F2002CC3 
 995      A708308A 
 995      57A0
 996 0169 70691BC4 		.ascii	"pi\033\304k\214\031\367\272l\2756'\305\377\340\031\206"
 996      6B8C19F7 
 996      BA6CBD36 
 996      27C5FFE0 
 996      1986
 997 017b F59CD6D1 		.ascii	"\365\234\326\321\2676{\210{\344\264c\322>\345\314`v"
 997      B7367B88 
 997      7BE4B463 
 997      D23EE5CC 
 997      6076
 998 018d 5BEEFA5C 		.ascii	"[\356\372\\\334qR\223\223\362\337\222\025\230eIa\372"
 998      DC715293 
 998      93F2DF92 
 998      15986549 
 998      61FA
 999 019f A79EF67F 		.ascii	"\247\236\366\177\0259iq\201\226\345\352;\003u9YY>\007"
 999      15396971 
 999      8196E5EA 
 999      3B037539 
 999      59593E07 
 1000 01b3 FF598CC8 		.ascii	"\377Y\214\310\032\307>\3060\0072\0038\300\263c\314\264"
 1000      1AC73EC6 
 1000      30073203 
 1000      38C0B363 
 1000      CCB4
 1001 01c5 FD68DAA6 		.ascii	"\375h\332\246F\373\2679\305\224\320\225A\030/\233i\374"
 1001      46FBB739 
 1001      C594D095 
 1001      41182F9B 
 1001      69FC
 1002 01d7 CD0869E0 		.ascii	"\315\010i\340M\351`\\cd>\225\334o]_d\231*-\256\217h"
 1002      4DE9605C 
 1002      63643E95 
 1002      DC6F5D5F 
 1002      64992A2D 
 1003 01ee ED5DC577 		.ascii	"\355]\305w\36463\355\347\374O\370u\023\201\253\";\276"
ARM GAS  /tmp/ccJATT03.s 			page 31


 1003      F43633ED 
 1003      E7FC4FF8 
 1003      751381AB 
 1003      223BBE
 1004 0201 19E0DBE1 		.ascii	"\031\340\333\341\022\2710\036\345\233\304\336M\0225"
 1004      12B9301E 
 1004      E59BC4DE 
 1004      4D1235
 1005 0210 D9D1B8EB 		.ascii	"\331\321\270\353\330n$\231\264\243\021\357\342\225\210"
 1005      D86E2499 
 1005      B4A311EF 
 1005      E29588
 1006 021f E7D84EBB 		.ascii	"\347\330N\273\323\226\364\342\011\247#\341\324\265\305"
 1006      D396F4E2 
 1006      09A723E1 
 1006      D4B5C5
 1007 022e 3B2E3B5E 		.ascii	";.;^\322\361\352.\305<W\377~\241\336\336\011\351x(d"
 1007      D2F1EA2E 
 1007      C53C57FF 
 1007      7EA1DEDE 
 1007      09E97828 
 1008 0243 9F89C65A 		.ascii	"\237\211\306Zc\347[\354x\202%\332\355\366X\253\235H"
 1008      63E75BEC 
 1008      788225DA 
 1008      EDF658AB 
 1008      9D48
 1009 0255 7A4EC44D 		.ascii	"zN\304M\330\256\343\226\303P\033\211Xg\355\376D\250"
 1009      D8AEE396 
 1009      C3501B89 
 1009      5867EDFE 
 1009      44A8
 1010 0267 A13E72BA 		.ascii	"\241>r\2721\034>I\322Mt\242\3657\246\216\034\246"
 1010      311C3E49 
 1010      D24D74A2 
 1010      F537A68E 
 1010      1CA6
 1011              		.text
 1012              		.section	.gnu.lto_vmt.92.e23c2653916e868f,"e",%progbits
 1013 0000 789C458C 		.ascii	"x\234E\214=\012\302@\020\205g2\036\300\322;\250\031"
 1013      3D0AC240 
 1013      10856732 
 1013      1EC0D23B 
 1013      A819
 1014 0012 102C2CC4 		.ascii	"\020,,\304\302\003X\010\3661\216d!k`w\3216\210\205g"
 1014      C2035808 
 1014      F6318E64 
 1014      216B6077 
 1014      D1368885 
 1015 0027 104D215B 		.ascii	"\020M![\330\012\376\\\311#XX\030\361\357\025\037\217"
 1015      D80AFE5C 
 1015      C9235858 
 1015      18F1EF15 
 1015      1F8F
 1016 0039 EFC15300 		.ascii	"\357\301S\000\240\341\235-\341\012\227y\376\330\037"
 1016      A0E19D2D 
 1016      E10A9779 
 1016      FED81F
ARM GAS  /tmp/ccJATT03.s 			page 32


 1017 0048 EF9B6ACD 		.ascii	"\357\233j\315\023\024\364\267\207\256',\010\377\242"
 1017      1314F4B7 
 1017      87AE272C 
 1017      08FFA2
 1018 0057 ED292828 		.ascii	"\355)((\370\211[\303\023\025D\320Y\256\363\252\247\312"
 1018      F8895BC3 
 1018      131544D0 
 1018      59AEF3AA 
 1018      A7CA
 1019 0069 8E00AFB8 		.ascii	"\216\000\257\270#\304K\311\000\317%\011O\010=N2-\254"
 1019      23C44BC9 
 1019      00CF2509 
 1019      4F083D4E 
 1019      322DAC
 1020 007c 23E73889 		.ascii	"#\3478\211\314d\021\031aI%v&\2632\263\322\214\263\331"
 1020      CC641119 
 1020      61492576 
 1020      26B332B3 
 1020      D28CB3D9 
 1021 0090 5C8C13D3 		.ascii	"\\\214\023\323\234*\243_\373\250\305\337\012\3650\344"
 1021      9C2AA35F 
 1021      FBA8C5DF 
 1021      0AF530E4 
 1022 00a0 7EA2C66A 		.ascii	"~\242\306j0\344\314\226\027)\247j\314\326\031\211\264"
 1022      30E4CC96 
 1022      1729A76A 
 1022      CCD61989 
 1022      B4
 1023 00b1 652DFA53 		.ascii	"e-\372S\303\030\2368\360F\365"
 1023      C3189E38 
 1023      F046F5
 1024              		.text
 1025              		.section	.gnu.lto_msObjectInit.93.e23c2653916e868f,"e",%progbits
 1026 0000 789C8D92 		.ascii	"x\234\215\222Ah\023A\024\206\337\277ow\223\"\350E\304"
 1026      41681341 
 1026      1486DFBF 
 1026      6F779322 
 1026      E845C4
 1027 0013 A3D08388 		.ascii	"\243\320\203\2104\033\252\036<)x\360\350A\360\236\304"
 1027      341BAA1E 
 1027      3C2978F0 
 1027      E841F09E 
 1027      C4
 1028 0024 0959C866 		.ascii	"\011Y\310fe6*x\351\264\024\321\010&\255\025DT\244\004"
 1028      65362A78 
 1028      E9B414D1 
 1028      0826AD15 
 1028      4454A404 
 1029 0038 C9CD536D 		.ascii	"\311\315Smc\255\215\324R\212\210\342\311[\245P\250\036"
 1029      63AD8DD4 
 1029      528A88E2 
 1029      C95BA550 
 1029      A81E
 1030 004a A4F4E4A1 		.ascii	"\244\364\344\241\2423\273[j=\224.\014\274\177\366\377"
 1030      A233BB5B 
 1030      6A3D942E 
 1030      0CBC7FF6 
ARM GAS  /tmp/ccJATT03.s 			page 33


 1030      FF
 1031 005b DE9BF977 		.ascii	"\336\233\371w\357YD\217\210\250_/0a|\254a\221R\352|"
 1031      EF59448F 
 1031      88A85F2F 
 1031      30617CAC 
 1031      619152EA 
 1032 0070 C6C2F058 		.ascii	"\306\302\360X\243\017\363\210\025h\310\302\020\036\360"
 1032      A30FF388 
 1032      1568C8C2 
 1032      101EF0
 1033 007f 092D7F2D 		.ascii	"\011-\177-\256nt\217\252N\017m&z\246W\374<a\214s\233"
 1033      AE6E748F 
 1033      AA4E0F6D 
 1033      267AA657 
 1033      FC3C618C 
 1034 0095 013BAD2C 		.ascii	"\001;\255,\034\323\025\327\350xO\251\317\3133J\365Q"
 1034      1CD315D7 
 1034      E8784FA9 
 1034      CFCB334A 
 1034      F551
 1035 00a7 9B19D3D0 		.ascii	"\233\031\323\320\014^\001S \263!\267\330\370\356\"1"
 1035      0C5E0153 
 1035      20B321B7 
 1035      D8F8EE22 
 1035      31
 1036 00b8 AEA4461B 		.ascii	"\256\244F\033\335\335F[\3361\255\271\225\0307\276.\334"
 1036      DDDD465B 
 1036      DE31ADB9 
 1036      951837BE 
 1036      2EDC
 1037 00ca 3FD8D267 		.ascii	"?\330\322gp0\273\333\350\310\211\330\3700\355\370)\355"
 1037      7030BBDB 
 1037      E8C889D8 
 1037      F830EDF8 
 1037      29ED
 1038 00dc E860EE7F 		.ascii	"\350`\356\177\343s\233\310\335\276\204\336\243\227_"
 1038      E3739BC8 
 1038      DDBE84DE 
 1038      A3975F
 1039 00eb 9C9EDAFA 		.ascii	"\234\236\332\372\323Tjm\015+\375\007,`\0066\360\032"
 1039      D3546A6D 
 1039      0D2BFD07 
 1039      2C600636 
 1039      F01A
 1040 00fd 2EF00659 		.ascii	".\360\006Y\340\255\2665\331\244\244l\250\036Q\213\255"
 1040      E0ADB635 
 1040      D9A4A46C 
 1040      A81E518B 
 1040      AD
 1041 010e 440C6BF1 		.ascii	"D\014k\361\003juj\011\364\023#\023\215\337H\243`\230"
 1041      036A756A 
 1041      09F41323 
 1041      138DDF48 
 1041      A36098
 1042 0121 785E9830 		.ascii	"x^\2300;Z\272\223:\234\036(\257u\266\315\031\274\303"
 1042      3B5ABA93 
 1042      3A9C1E28 
ARM GAS  /tmp/ccJATT03.s 			page 34


 1042      AF75B6CD 
 1042      19BCC3
 1043 0134 53DE8930 		.ascii	"S\336\2110\023\273G\341\352\262\303\224\240v\233\263"
 1043      13BB47E1 
 1043      EAB2C394 
 1043      A0769BB3 
 1044 0144 780F2C80 		.ascii	"x\017,\200Fq[\251\365\303\306\270\210d\344t2\362\361"
 1044      46715BA9 
 1044      F5C3C6B8 
 1044      8864E474 
 1044      32F2F1
 1045 0157 F7437BCC 		.ascii	"\367C{\314\261\261\244\347hb\222\355\230\352\356\207"
 1045      B1B1A4E7 
 1045      686292ED 
 1045      98EAEE87 
 1046 0167 72B0AC29 		.ascii	"r\260\254)\313PnL\315\356\217\372\240)6T6\246\346\022"
 1046      CB506E4C 
 1046      CDEE8FFA 
 1046      A0293654 
 1046      36A6E612 
 1047 017b 6A737D6F 		.ascii	"js}o\352\243\246\3647118\372\244\233\030\3716\1771\376"
 1047      EAA3A6F4 
 1047      37313138 
 1047      FAA49B18 
 1047      F9367F31 
 1048 0190 BF9A8C9D 		.ascii	"\277\232\214\235\314\211\316y\2250\020^P\250\327\275"
 1048      CC89CE79 
 1048      9530105E 
 1048      50A8D7BD 
 1049 01a0 4A415EBD 		.ascii	"JA^\275Y\220\302\023UQ\252\3130\022\265H\014\224\302"
 1049      5990C213 
 1049      5551AACB 
 1049      3012B548 
 1049      0C94C2
 1050 01b3 DA0D21EB 		.ascii	"\332\015!\353B\016\224}\031\230\367W\006\275\355\222"
 1050      420E947D 
 1050      1998F757 
 1050      06BDED92 
 1051 01c3 4EE672DE 		.ascii	"N\346r\336\205\212_\364/]\366\302H\267\250zU\277\350"
 1051      858A5FF4 
 1051      2F5DF6C2 
 1051      48B7A87A 
 1051      55BFE8
 1052 01d6 4575290A 		.ascii	"Eu)\012A\344\005\"H\313\\\2118\210\256\035\371w'wj\260"
 1052      41E40522 
 1052      48CB5C89 
 1052      3888AE1D 
 1052      F9772777 
 1053 01ec 70F6743E 		.ascii	"p\366t>\177\206\334\342\365rYH;\362o\011\026a\364\027"
 1053      7F86DCE2 
 1053      F5725948 
 1053      3BF26F09 
 1053      1661F417 
 1054 0200 61D9FB33 		.ascii	"a\331\3733"
 1055              		.text
 1056              		.section	.gnu.lto_.symbol_nodes.e23c2653916e868f,"e",%progbits
 1057 0000 789CBBC4 		.ascii	"x\234\273\304\000\004L\267\030\352\031\032\200\200\205"
ARM GAS  /tmp/ccJATT03.s 			page 35


 1057      00044CB7 
 1057      18EA191A 
 1057      808085
 1058 000f 71C23906 		.ascii	"q\3029\006 \233a\307\202\306F\003\006F\006\260\354m"
 1058      209B61C7 
 1058      82C64603 
 1058      064606B0 
 1058      EC6D
 1059 0021 867A46DC 		.ascii	"\206zF\334\2627\031\352\231p\313\336`\250g\306-{\227"
 1059      B23719EA 
 1059      9970CBDE 
 1059      60A867C6 
 1059      2D7B97
 1060 0034 A19E0545 		.ascii	"\241\236\005EvWC##T\222\365\016\003C\203\023\003\003"
 1060      76574323 
 1060      235492F5 
 1060      0E034383 
 1060      130303
 1061 0047 33E33D86 		.ascii	"3\343=\206z\326\377P \017V\311\000r-H\0313\023\033D"
 1061      7AD6FF50 
 1061      200F56C9 
 1061      00722D48 
 1061      1933131B 
 1062 005c 7F0B3B33 		.ascii	"\177\013;33\234\311\000\000\377\247:/"
 1062      339CC900 
 1062      00FFA73A 
 1062      2F
 1063              		.text
 1064              		.section	.gnu.lto_.refs.e23c2653916e868f,"e",%progbits
 1065 0000 789C1364 		.ascii	"x\234\023d```dabeb`aebfbbb`bd\000\000\002\375\0007"
 1065      60606064 
 1065      61626562 
 1065      60616562 
 1065      66626262 
 1066              		.text
 1067              		.section	.gnu.lto_.decls.e23c2653916e868f,"e",%progbits
 1068 0000 789C8D56 		.ascii	"x\234\215V}LTW\026\277\347\336\371\342\211bt\254\335"
 1068      7D4C5457 
 1068      16BFE7DE 
 1068      F9E28962 
 1068      74ACDD
 1069 0013 4DD7658D 		.ascii	"M\327e\215m\311n\306\201\261Kw\377*I\223n6\215m\223"
 1069      6DC96EC6 
 1069      81B14B77 
 1069      FF2A4993 
 1069      6E368D6D 
 1070 0028 769B74D3 		.ascii	"v\233t\323\204E\346\001c\230\031:3~t\223M\036\212\037"
 1070      8445E601 
 1070      6398193A 
 1070      337E7493 
 1070      4D1E8A1F 
 1071 003c 45C55154 		.ascii	"E\305QTP\250\260\212\265\321n\265~l\255l\3138\270.*"
 1071      50A8B08A 
 1071      B5D16EB5 
 1071      7E6CAD6C 
 1071      CB38B82E 
 1072 0051 AE8AA058 		.ascii	"\256\212\240X\277\213\340 ~\214\212\026\332\012{\356"
ARM GAS  /tmp/ccJATT03.s 			page 36


 1072      BF8BE020 
 1072      7E8C8A16 
 1072      DA0A7BEE 
 1073 0061 7D6FE60D 		.ascii	"}o\346\0150n|\231\363\336\233\363~\347w~\347\334\373"
 1073      306E7C99 
 1073      F3DE9BF3 
 1073      7EE7777E 
 1073      E7DCFB
 1074 0074 EEBB27C6 		.ascii	"\356\273'\306\021\362\000\010YH\011\031\306\303L\010"
 1074      11F20008 
 1074      59480919 
 1074      C6C34C08 
 1075 0084 398D6642 		.ascii	"9\215fBkD\013\241\025\2425\241\205\321:\211z\360\347"
 1075      6B440BA1 
 1075      15A235A1 
 1075      85D13A89 
 1075      7AF0E7
 1076 0097 DD68BD68 		.ascii	"\335h\275hw\321\036\242\015\243\245!\027\376\310/\201"
 1076      77D11EA2 
 1076      0DA3A521 
 1076      17FEC82F 
 1076      81
 1077 00a8 8C38FAF0 		.ascii	"\2148\372\360?\246\"\223\320\254\032wa\002\347{Z\256"
 1077      3FA62293 
 1077      D0AC1A77 
 1077      6102E77B 
 1077      5AAE
 1078 00ba 7368E988 		.ascii	"sh\351\210}\001\215\341}\233\246\247\003\215jy\322F"
 1078      7D018DE1 
 1078      7D9BA6A7 
 1078      038D6A79 
 1078      D246
 1079 00cc 71F3E30A 		.ascii	"q\363\343\012\372\244$\374\241\004\376\321\334\234\367"
 1079      FAA424FC 
 1079      A104FED1 
 1079      DC9CF7
 1080 00db 4C02F7DD 		.ascii	"L\002\367\335'p\037\037\305\335\225\320\223\321\332"
 1080      27701F1F 
 1080      C5DD95D0 
 1080      93D1DA
 1081 00ea 79DED1BA 		.ascii	"y\336\321\272A\353\325\350\343\314\023x;5\356d\274\211"
 1081      41EBD5E8 
 1081      E3CC1378 
 1081      3B35EE64 
 1081      BC89
 1082 00fc 9A396F6F 		.ascii	"\2329oo\022\336W\260\030#^\237E\300$4+\3323h\323\320"
 1082      12DE57B0 
 1082      18235E9F 
 1082      45C02434 
 1082      2BDA3368 
 1083 0112 0CE87F0E 		.ascii	"\014\350\177\016\257\277@\3739\332\3174_\257\24616\226"
 1083      AFBF40FB 
 1083      39DACF34 
 1083      5FAFA631 
 1083      3696
 1084 0124 A38F61C4 		.ascii	"\243\217a\304\245\340\265(Ao\247\246\257Q\323\370\242"
 1084      A5E0B528 
ARM GAS  /tmp/ccJATT03.s 			page 37


 1084      416FA7A6 
 1084      AF51D3F8 
 1084      A2
 1085 0135 9683E76E 		.ascii	"\226\203\347n\3274\306\372pF\323;L\222\317\217\265\014"
 1085      D734C6FA 
 1085      7046D33B 
 1085      4C92CF8F 
 1085      B50C
 1086 0147 DE033E01 		.ascii	"\336\003>\001\323\304\035a\224\330\025ql\231J\340\237"
 1086      D3C41D61 
 1086      94D81571 
 1086      6C994AE0 
 1086      9F
 1087 0158 2A3A7B1C 		.ascii	"*:{\034\233\315\221\223\300\200g+\244\3270\272\366\301"
 1087      9BCD9193 
 1087      C080672B 
 1087      A4D730BA 
 1087      F6C1
 1088 016a F72D2629 		.ascii	"\367-&)\244(Q%T\226B\340 \300W@\340\000 \313\227\000"
 1088      A4285125 
 1088      549642E0 
 1088      20C05740 
 1088      E00020CB 
 1089 0180 FB01F601 		.ascii	"\373\001\366\001\202\237\203a\365B\330;\004\303Z\217"
 1089      829F8361 
 1089      F542D83B 
 1089      04C35A8F 
 1090 0190 AC6A011E 		.ascii	"\254j\001\036\026Q\302\245\214\300,\310$\360\015 \000"
 1090      1651C2A5 
 1090      8CC02CC8 
 1090      24F00D20 
 1090      00
 1091 01a1 83BE06F8 		.ascii	"\203\276\006\370\027 \250\377pC\303\270T\301]\0376@"
 1091      1720A8FF 
 1091      7043C3B8 
 1091      54C15D1F 
 1091      3640
 1092 01b3 1368EC04 		.ascii	"\023h\354\004BxB@W\305\256\2564\301\022z2\313\225\212"
 1092      42784240 
 1092      57C5AEAE 
 1092      34C1127A 
 1092      32CB958A 
 1093 01c7 C33B249D 		.ascii	"\303;$\235\345\220\316\022\006\242\2263Q\234-\354}\302"
 1093      E590CE12 
 1093      06A29633 
 1093      519C2DEC 
 1093      7DC2
 1094 01d9 FE42984C 		.ascii	"\376B\230LX1a%<\301\336\325\377\3507LV\033\021\022M"
 1094      58316125 
 1094      3CC1DED5 
 1094      FFE8374C 
 1094      561B1112 
 1095 01ee 80A300C7 		.ascii	"\200\243\000\307\000\371\211Pp\350\376\303C* \224\034"
 1095      00F98950 
 1095      70E8FEC3 
 1095      432A2094 
 1095      1C
ARM GAS  /tmp/ccJATT03.s 			page 38


 1096 01ff B0ADBCEA 		.ascii	"\260\255\274\352\363\361z\366\343z\366\326Xv\253hf="
 1096      F3F17AF6 
 1096      E37AF6D6 
 1096      5876AB68 
 1096      663D
 1097 0211 B0BF6140 		.ascii	"\260\277a@\352\322\241%l\362\014~ i\031\362\032\010"
 1097      EAD2A125 
 1097      6CF20C7E 
 1097      206919F2 
 1097      1A08
 1098 0223 FC17E004 		.ascii	"\374\027\340\004\0179\305y\241\035\240\003\240\015\340"
 1098      0F39C579 
 1098      A11DA003 
 1098      A00DE0
 1099 0232 34009FC3 		.ascii	"4\000\237\303\004\331\0076\226\037\331\372\302\027\007"
 1099      04D90736 
 1099      961FD9FA 
 1099      C21707
 1100 0241 14E5A367 		.ascii	"\024\345\243g\241\021\340\337\300\301\261T\207\371\351"
 1100      A111E0DF 
 1100      C0C1B154 
 1100      87F9E9
 1101 0250 207060B0 		.ascii	" p`\260\026\031M\034rd,$k$\342\344\010Ds\034\021\255"
 1101      16194D1C 
 1101      72642C24 
 1101      6B24E2E4 
 1101      0844731C 
 1102 0266 6E5E3D21 		.ascii	"n^=!X\312\260\004h\031\201\261\307!\033\273JZB\200\003"
 1102      58CAB004 
 1102      681981B1 
 1102      C7211BBB 
 1102      4A5A4280 
 1103 027b 05FF1983 		.ascii	"\005\377\031\203@%,\012\274;\355'~\3346~\362\350B\341"
 1103      40252C0A 
 1103      BC3BED27 
 1103      7EDC367E 
 1103      F2E842E1 
 1104 028f 2C3CA954 		.ascii	",<\251T\2149\033Z\277\303\250w\364\234\316\335\251\316"
 1104      8C391B5A 
 1104      BFC3A877 
 1104      F49CCEDD 
 1104      A9CE
 1105 02a1 8AF3AD3B 		.ascii	"\212\363\255;\352\214\335@(\177\267\234\000\320\231"
 1105      EA8CDD40 
 1105      287FB79C 
 1105      00D099
 1106 02b0 8D2789FC 		.ascii	"\215'\211\374\231\021\253B\025jr2*1\2119\245\026\230"
 1106      9911AB42 
 1106      156A7232 
 1106      2A318939 
 1106      A51698
 1107 02c3 96D1CF72 		.ascii	"\226\321\317r,4#M\262|\332\014\023%\243\205\322\210"
 1107      2C34234D 
 1107      B27CDA0C 
 1107      1325A385 
 1107      D288
 1108 02d5 D92965FC 		.ascii	"\331)e\374\000\237\321zSz\216bp\256\234\0221+4\370\206"
ARM GAS  /tmp/ccJATT03.s 			page 39


 1108      009FD17A 
 1108      537A8E62 
 1108      70AE9C12 
 1108      312B34F8 
 1109 02ea 75560E9E 		.ascii	"uV\016\236#\346\026pb\324[\006\313D\274\213\230\245"
 1109      23E61670 
 1109      62D45B06 
 1109      CB44BC8B 
 1109      98A5
 1110 02fc 7E56BFCA 		.ascii	"~V\277\312\344<A\227\277\210\335\220\234\016+\326\223"
 1110      E43C4197 
 1110      BF88DD90 
 1110      9C0E2BD6 
 1110      93
 1111 030d 63B14C4B 		.ascii	"c\261LK\013\2630{\215\020\213e\367\347S\244\2109\015"
 1111      0BB3307B 
 1111      8D108B65 
 1111      F7E753A4 
 1111      88390D
 1112 0320 29329CE9 		.ascii	")2\234\351\023\235\351i-`t:%k\006A\021N\207#\207J\310"
 1112      139DE969 
 1112      2D60743A 
 1112      256B0641 
 1112      114E8723 
 1113 0337 6CB0B480 		.ascii	"l\260\264\200\203A\252C\271\3267U\002)eZz\006!N\362"
 1113      8341AA43 
 1113      B9D63755 
 1113      0229655A 
 1113      7A06214E 
 1114 034c 1A455E36 		.ascii	"\032E^6\034;\300\2149\235\372_\200\014\211:({=\202\037"
 1114      1C3BC08C 
 1114      399DFA5F 
 1114      800C893A 
 1114      287B3D82 
 1115 0361 0F4AD309 		.ascii	"\017J\323\011Q\014\226\324TP\360\222\222\373\272\363"
 1115      510C96D4 
 1115      5450F092 
 1115      92FBBAF3 
 1116 0371 2D874422 		.ascii	"-\207D\"f\212\217\254\006P(\350\221\222\011\327\202"
 1116      668A8FAC 
 1116      065028E8 
 1116      919209D7 
 1116      82
 1117 0382 C7667505 		.ascii	"\307fu\005\020\037\016\340?\365D\370\037\222\230F\370"
 1117      101F0EE0 
 1117      3FF544F8 
 1117      1F929846 
 1117      F8
 1118 0393 39121BAB 		.ascii	"9\022\033\253}fb\336\370E\273W\001*\017\325\226\030"
 1118      7D6662DE 
 1118      F845BB57 
 1118      012A0FD5 
 1118      9618
 1119 03a5 805812A2 		.ascii	"\200X\022\242=M \3275h:b<\261<\011\032u\2558\304j\022"
 1119      3D4D20D7 
 1119      35683A62 
 1119      3CB13C09 
ARM GAS  /tmp/ccJATT03.s 			page 40


 1119      1A75AD38 
 1120 03bc 9A1823E2 		.ascii	"\232\030#\342F\010\327)I\2346&\211\250\177p\336\014"
 1120      4608D729 
 1120      499C3626 
 1120      89A87F70 
 1120      DE0C
 1121 03ce AEEC3F3A 		.ascii	"\256\354?:\241\007\373\24644lJ\201)\301\034\002l=\345"
 1121      A107FBA6 
 1121      34346C4A 
 1121      8129C11C 
 1121      026C3DE5 
 1122 03e2 8F6AEED7 		.ascii	"\217j\356\327\355N\345\3534_\204\274\350X\275~\315>"
 1122      ED4EE5EB 
 1122      345F84BC 
 1122      E858BD7E 
 1122      CD3E
 1123 03f4 A37014C2 		.ascii	"\243p\024\302E\020\2571\025\2571_JL\242\307fq\307\227"
 1123      4510AF31 
 1123      15AF315F 
 1123      4A4CA2C7 
 1123      6671C797 
 1124 0408 86856C93 		.ascii	"\206\205l\223`\271{\266#l\222\224\321k\345w\2008\234"
 1124      60B97BB6 
 1124      236C9294 
 1124      D16BE577 
 1124      80389C
 1125 041b ECD700AE 		.ascii	"\354\327\000\256\362\005\253\345h[\007LE\330-E\261B"
 1125      F205ABE5 
 1125      685B074C 
 1125      45D82D45 
 1125      B142
 1126 042d 17C01580 		.ascii	"\027\300\025\200\313\274\206\353\010\276\2047\323\203"
 1126      CBBC86EB 
 1126      08BE8437 
 1126      D383
 1127 043b D5CA40B0 		.ascii	"\325\312@\260\262\274\331\214\257\352\"\004\032\360"
 1127      B2BCD98C 
 1127      AFEA2204 
 1127      1AF0
 1128 0449 115CD016 		.ascii	"\021\\\320\026\035\202w\004\276\0058\017\331\335\006"
 1128      1D827704 
 1128      BE05380F 
 1128      D9DD06
 1129 0458 D62A52F7 		.ascii	"\326*R\367\016\224\365\245iz\271\376\375\347\333\007"
 1129      0E94F5A5 
 1129      697AB9FE 
 1129      FDE7DB07 
 1130 0468 59B21C11 		.ascii	"Y\262\034\021\214\275\241\345\330]\273x\2312QM\020\001"
 1130      8CBDA1E5 
 1130      D85DBB78 
 1130      9932514D 
 1130      1001
 1131 047a E88927E8 		.ascii	"\350\211'\350\211'\330k`\247\325\0165}\265\335 \022"
 1131      8927D86B 
 1131      60A7D50E 
 1131      357DB5DD 
 1131      2012
ARM GAS  /tmp/ccJATT03.s 			page 41


 1132 048c 34AA1DBA 		.ascii	"4\252\035\272t\253w\003\025\016\\\003\372x]\321\256"
 1132      74AB7703 
 1132      150E5C03 
 1132      FA785DD1 
 1132      AE
 1133 049d E03993A6 		.ascii	"\3409\223\246\341\026w4vlm3\304E4\352\"\356 \377mMD"
 1133      E1167734 
 1133      766C6D33 
 1133      C44534EA 
 1133      22EE20FF 
 1134 04b4 74E09B92 		.ascii	"t\340\233\222O\371\033\205^\270\031\227p3.\241\312\310"
 1134      4FF91B85 
 1134      5EB81997 
 1134      70332EA1 
 1134      CAC8
 1135 04c6 3A934BF8 		.ascii	":\223K\370n\335\243C\026\341\010\003\334\343\031\367"
 1135      6EDDA343 
 1135      16E10803 
 1135      DCE319F7 
 1136 04d6 4556EC61 		.ascii	"EV\354a\232\204\373\334Qy\255\371dR\011\375\310\377"
 1136      9A84FBDC 
 1136      5179ADF9 
 1136      645209FD 
 1136      C8FF
 1137 04e8 20D687CB 		.ascii	" \326\207\313\270\256\032E\033\372\001\242q\015\321"
 1137      B8AE1A45 
 1137      1BFA01A2 
 1137      710DD1
 1138 04f7 B8867623 		.ascii	"\270\206v#\273\232\\\303\355\033\341\276\224\230\343"
 1138      BB9A5CC3 
 1138      ED1BE1BE 
 1138      9498E3
 1139 0506 7B9E72D7 		.ascii	"{\236r\327\246EAs\2541\003\334sa\311\027\0250\342+C"
 1139      A6454173 
 1139      AC3103DC 
 1139      7361C917 
 1139      1530E22B 
 1140 051b E007FD13 		.ascii	"\340\007\375\023R\036\336\271\3258\362#\204\013d\002"
 1140      521EDEB9 
 1140      D538F223 
 1140      840B6402 
 1141 052b E062EB9E 		.ascii	"\340b\353\236\366\204\357\344\217\372\212\370\223\272"
 1141      F684EFE4 
 1141      8FFA8AF8 
 1141      93BA
 1142 0539 22EE5F53 		.ascii	"\"\356_S\271G\035\213\237\000\006y\312\241\335uWi\274"
 1142      B9471D8B 
 1142      9F000679 
 1142      CAA1DD75 
 1142      5769BC
 1143 054c EEA278D9 		.ascii	"\356\242x\331CX\322c5\350\302\343e\325tz5\216\300\311"
 1143      4358D263 
 1143      35E8C2E3 
 1143      65D5747A 
 1143      358EC0C9 
 1144 0560 E60FD411 		.ascii	"\346\017\324\021\030\002x\024\257\376Q\274\372(c\267"
 1144      18027814 
ARM GAS  /tmp/ccJATT03.s 			page 42


 1144      AFFE51BC 
 1144      FA2863B7 
 1145 0570 2961FDA2 		.ascii	")a\375\242\003\273kz\216\361\362\240\024_|6(|[\266m"
 1145      03BB6B7A 
 1145      8EF1F2A0 
 1145      145F7C36 
 1145      287C5BB6 
 1146 0585 6EE34D80 		.ascii	"n\343M\200\305\370\242.\242\311\372\324\332\263\245"
 1146      C5F8A22E 
 1146      A2C9FAD4 
 1146      DAB3A5
 1147 0594 6F9C70B8 		.ascii	"o\234p\270`\011Gl\177Tv1E\033\252\245\334qv\361\312"
 1147      6009476C 
 1147      7F547631 
 1147      451BAAA5 
 1147      DC7176F1 
 1148 05a9 47137E55 		.ascii	"G\023~U\312\004\343\327\033{\367\252\361\3131\363b\306"
 1148      CA04E3D7 
 1148      1B7BF7AA 
 1148      F1CB31F3 
 1148      62C6
 1149 05bb 7DF7EA1E 		.ascii	"}\367\352\036|\302\347\027\224S\370\010\275+\204wgU"
 1149      7CC2E717 
 1149      9453F808 
 1149      BD2B8477 
 1149      6755
 1150 05cd C329A167 		.ascii	"\303)\241g%\346^\301\211\372/=>\245\277_\205j\355\260"
 1150      25E65EC1 
 1150      89FA2F3D 
 1150      3EA5BF5F 
 1150      856AEDB0 
 1151 05e1 0A1F57A0 		.ascii	"\012\037W\240-\243\242\3723\373\357\034\203\351\325"
 1151      2DA3A2FA 
 1151      33FBEF1C 
 1151      83E9D5
 1152 05f0 CB9581B3 		.ascii	"\313\225\201\263\33769j\225\360\"%\365*C\004_By\007"
 1152      DF36396A 
 1152      95F02225 
 1152      F52A4304 
 1152      5F427907 
 1153 0604 A00CC10A 		.ascii	"\240\014\301\012\3256OVP\200]\023\011\267\234\034\334"
 1153      D5364F56 
 1153      50805D13 
 1153      09B79C1C 
 1153      DC
 1154 0615 C0F4D1B8 		.ascii	"\300\364\321\270\256\217\306Z\336\221n\001\332\333\275"
 1154      AE8FC65A 
 1154      DE916E01 
 1154      DADBBD
 1155 0624 725FC290 		.ascii	"r_\302\220\335\321A\3538\350\246\000\325\265\034\252"
 1155      DDD141EB 
 1155      38E8A600 
 1155      D5B51CAA 
 1156 0634 98A083FA 		.ascii	"\230\240\203\372u\320\006\016\212\012\320g5{\333\250"
 1156      75D0060E 
 1156      8A0AD067 
 1156      357BDBA8 
ARM GAS  /tmp/ccJATT03.s 			page 43


 1157 0644 0E8AE8A0 		.ascii	"\016\212\350\240jQ\211\324|\340^\307\370\0313pO\301"
 1157      6A5189D4 
 1157      7CE05EC7 
 1157      F8193370 
 1157      4FC1
 1158 0656 F709D515 		.ascii	"\367\011\325\025CK\315\012\3774WS\250\242PC\377\317"
 1158      434BCD0A 
 1158      FF345753 
 1158      A8A25043 
 1158      FFCF
 1159 0668 2E612D85 		.ascii	".a-\2055c!YD\377`\007)\337\027\360=O\015o\013\324R\370"
 1159      35632159 
 1159      44FF6007 
 1159      29DF17F0 
 1159      3D4F0D6F 
 1160 0680 98C2260A 		.ascii	"\230\302&\012\033\251\2721\321\2306PX?\202)\276S\320"
 1160      1BA9BA31 
 1160      D1983650 
 1160      583F8229 
 1160      BE53D0
 1161 0693 00EB2854 		.ascii	"\000\353(T\216\001\034\024\233\204/\243\225\315Ll\022"
 1161      8E011C14 
 1161      9B842FA3 
 1161      95CD4C6C 
 1161      12
 1162 06a4 424F91F3 		.ascii	"BO\221\363\371uA\2768\356j\236T\212h\330\314?\236\034"
 1162      F97541BE 
 1162      38EE6A9E 
 1162      548A68D8 
 1162      CC3F9E1C 
 1163 06b8 A54611FE 		.ascii	"\245F\021\376\317\223}\235!oYU\364x\232\336\271\012"
 1163      CF937D9D 
 1163      216F5955 
 1163      F4789ADE 
 1163      B90A
 1164 06ca 3D77BD3A 		.ascii	"=w\275:\007\306L\322\007;k\206L\"\"\310#\346\306\003"
 1164      07C64CD2 
 1164      073B6B86 
 1164      4C2222C8 
 1164      23E6C603 
 1165 06de 5C027FF9 		.ascii	"\\\002\177\371\360\3666I\340\267P\370;\237j\373j\313"
 1165      F0F63649 
 1165      E0B750F8 
 1165      3B9F6AFB 
 1165      6ACB
 1166 06f0 AE260414 		.ascii	"\256&\004\024\305\003\012\371\034B\300@t\353C5\244\201"
 1166      C5030AF9 
 1166      1C42C040 
 1166      74EB4335 
 1166      A481
 1167 0702 C256F166 		.ascii	"\302V\361f\334\250mJI:;?A\333\246*\253o\277s aW\271"
 1167      DCA86D4A 
 1167      493A3B3F 
 1167      41DBA62A 
 1167      AB6FBF73 
 1168 071a 5997BE9D 		.ascii	"Y\227\276\235\367\340\3273g\332_-r\315q\275\371\266"
 1168      F7E0D733 
ARM GAS  /tmp/ccJATT03.s 			page 44


 1168      67DA5F2D 
 1168      72CD71BD 
 1168      F9B6
 1169 072c DDEBB717 		.ascii	"\335\353\267\027\345\025\333\213]s\354\376\200O\316"
 1169      E515DB8B 
 1169      5D73ECFE 
 1169      804FCE
 1170 073b 73FBED6E 		.ascii	"s\373\355n\331\255\335\316\314\267\374\341\215?\245"
 1170      D9ADDDCE 
 1170      CCB7FCE1 
 1170      8D3FA5
 1171 074a BF9AF532 		.ascii	"\277\232\3652y&\321;s\226#\357\367/ef\376\226\230\374"
 1171      7926D13B 
 1171      739623EF 
 1171      F72F6566 
 1171      FE9698FC 
 1172 075e AEBFCAB9 		.ascii	"\256\277\312\271\001\363<\227'\360\273\334\000\223\275"
 1172      01F33C97 
 1172      27F0BBDC 
 1172      0093BD
 1173 076d 7E037799 		.ascii	"~\003w\231\346\314+(\220}l\276;\220:[v\277-\"\337\235"
 1173      E6CC2B28 
 1173      907D6CBE 
 1173      3B903A5B 
 1173      76BF2D22 
 1174 0783 FD8EC95B 		.ascii	"\375\216\311[P\340\227\003\257\330\213\274n\331\356"
 1174      50E09703 
 1174      AFD88BBC 
 1174      6ED9EE
 1175 0792 CE0B0430 		.ascii	"\316\013\0040\275\317\271 \317'\333\345b9?\340\363\372"
 1175      BDCFB920 
 1175      CF27DBE5 
 1175      62393FE0 
 1175      F3FA
 1176 07a4 658F5FB6 		.ascii	"e\217_\266\345{=\363e_@\366\331\012\\>7\177\376\256"
 1176      E57B3DF3 
 1176      655F40F6 
 1176      D90A5C3E 
 1176      377FFEAE 
 1177 07b8 C31EBB25 		.ascii	"\303\036\273%\277y\352\012\212\010\317\357\365}\250"
 1177      BF79EA0A 
 1177      8A08CFEF 
 1177      F57DA8
 1178 07c7 4A6059D9 		.ascii	"J`Y\331\304\222\347s\317"
 1178      C492E773 
 1178      CF
 1179 07d0 7FD9E626 		.ascii	"\177\331\346&R\276\0273,\264\271g\021Cn\311\274\200"
 1179      52BE1733 
 1179      2CB4B967 
 1179      11436EC9 
 1179      BC80
 1180 07e2 D1ED2FCC 		.ascii	"\321\355/\314\015<=w>\206\025\312\001S.\376u\372\315"
 1180      0D3C3D77 
 1180      3E8615CA 
 1180      01532EFE 
 1180      75FACD
 1181 07f5 B90B7CAE 		.ascii	"\271\013|\256\200\354Ou\373\337\2343\027K\371\243\307"
ARM GAS  /tmp/ccJATT03.s 			page 45


 1181      80EC4F75 
 1181      FBDF9C33 
 1181      174BF9A3 
 1181      C7
 1182 0806 1530213C 		.ascii	"\0250!<\277\344CC\261\234W`\366x\003E>\357\002\3102"
 1182      BFE44343 
 1182      B19C5760 
 1182      F6780345 
 1182      3EEF02C8 
 1183 081b 1778D2FD 		.ascii	"\027x\322\375%r>z<\236y\305\305\263\023\332Q\230\237"
 1183      25723E7A 
 1183      3C9E79C5 
 1183      C5B313DA 
 1183      51989F
 1184 082e 6F438136 		.ascii	"oC\2016|$\333\344\2749.[V\246\315\221\351\310\264}\360"
 1184      7C24DBE4 
 1184      BC392E5B 
 1184      56A6CD91 
 1184      E9C8B47D 
 1185 0843 92CD9D37 		.ascii	"\222\315\2357\327\353\263\217xlwy\362\213\3479e.\320"
 1185      D7EBB38F 
 1185      786C7779 
 1185      F28BE739 
 1185      652ED0
 1186 0856 E529C482 		.ascii	"\345)\304\202\031\226b\340\222\214B\020C\211\377\003"
 1186      199662E0 
 1186      928C4210 
 1186      4389FF03 
 1187 0866 FAE24609 		.ascii	"\372\342F\011"
 1188              		.text
 1189              		.section	.gnu.lto_.symtab.e23c2653916e868f,"e",%progbits
 1190 0000 6D734F62 		.ascii	"msObjectInit\000"
 1190      6A656374 
 1190      496E6974 
 1190      00
 1191 000d 00       		.ascii	"\000"
 1192 000e 00       		.ascii	"\000"
 1193 000f 00       		.ascii	"\000"
 1194 0010 00000000 		.ascii	"\000\000\000\000\000\000\000\000"
 1194      00000000 
 1195 0018 FF000000 		.ascii	"\377\000\000\000"
 1196              		.text
 1197              		.section	.gnu.lto_.ext_symtab.e23c2653916e868f,"e",%progbits
 1198 0000 01       		.ascii	"\001"
 1199 0001 01       		.ascii	"\001"
 1200 0002 00       		.ascii	"\000"
 1201              		.text
 1202              		.section	.gnu.lto_.opts,"e",%progbits
 1203 0000 272D666E 		.ascii	"'-fno-openmp' '-fno-openacc' '-fno-pie' '-fcf-prote"
 1203      6F2D6F70 
 1203      656E6D70 
 1203      2720272D 
 1203      666E6F2D 
 1204 0033 6374696F 		.ascii	"ction=none' '-g' '-mcpu=cortex-m3' '-mno-thumb-inte"
 1204      6E3D6E6F 
 1204      6E652720 
 1204      272D6727 
ARM GAS  /tmp/ccJATT03.s 			page 46


 1204      20272D6D 
 1205 0066 72776F72 		.ascii	"rwork' '-mthumb' '-mfloat-abi=soft' '-march=armv7-m"
 1205      6B272027 
 1205      2D6D7468 
 1205      756D6227 
 1205      20272D6D 
 1206 0099 2720272D 		.ascii	"' '-Os' '-fomit-frame-pointer' '-falign-functions=1"
 1206      4F732720 
 1206      272D666F 
 1206      6D69742D 
 1206      6672616D 
 1207 00cc 36272027 		.ascii	"6' '-ffunction-sections' '-fdata-sections' '-fno-co"
 1207      2D666675 
 1207      6E637469 
 1207      6F6E2D73 
 1207      65637469 
 1208 00ff 6D6D6F6E 		.ascii	"mmon' '-flto' '-Xassembler' '-alms=build/lst/memstr"
 1208      2720272D 
 1208      666C746F 
 1208      2720272D 
 1208      58617373 
 1209 0132 65616D73 		.ascii	"eams.lst'\000"
 1209      2E6C7374 
 1209      2700
 1210              		.text
 1211              		.comm	__gnu_lto_slim,1,1
 1212              		.ident	"GCC: (GNU Arm Embedded Toolchain 10-2020-q4-major) 10.2.1 20201103 (release)"
ARM GAS  /tmp/ccJATT03.s 			page 47


DEFINED SYMBOLS
                            *ABS*:0000000000000000 memstreams.c
     /tmp/ccJATT03.s:22     .gnu.debuglto_.debug_info:0000000000000000 memstreams.c.32a94005
                            *COM*:0000000000000001 __gnu_lto_slim

NO UNDEFINED SYMBOLS
