ARM GAS  /tmp/ccQF4hHv.s 			page 1


   1              		.cpu cortex-m3
   2              		.eabi_attribute 20, 1
   3              		.eabi_attribute 21, 1
   4              		.eabi_attribute 23, 3
   5              		.eabi_attribute 24, 1
   6              		.eabi_attribute 25, 1
   7              		.eabi_attribute 26, 1
   8              		.eabi_attribute 30, 4
   9              		.eabi_attribute 34, 1
  10              		.eabi_attribute 18, 4
  11              		.file	"osal.c"
  12              		.section	.gnu.debuglto_.debug_info,"e",%progbits
  13              	.Ldebug_info0:
  14              		.hidden	osal.c.2287c24f
  15              		.weak	osal.c.2287c24f
  16              	osal.c.2287c24f:
  17 0000 6E000000 		.4byte	0x6e
  18 0004 0400     		.2byte	0x4
  19 0006 00000000 		.4byte	.Ldebug_abbrev0
  20 000a 04       		.byte	0x4
  21 000b 01       		.uleb128 0x1
  22 000c D5000000 		.4byte	.LASF11
  23 0010 0C       		.byte	0xc
  24 0011 AE000000 		.4byte	.LASF12
  25 0015 1F000000 		.4byte	.LASF13
  26 0019 00000000 		.4byte	.Ldebug_line0
  27 001d 02       		.uleb128 0x2
  28 001e 01       		.byte	0x1
  29 001f 06       		.byte	0x6
  30 0020 5E000000 		.4byte	.LASF0
  31 0024 02       		.uleb128 0x2
  32 0025 01       		.byte	0x1
  33 0026 08       		.byte	0x8
  34 0027 97000000 		.4byte	.LASF1
  35 002b 02       		.uleb128 0x2
  36 002c 02       		.byte	0x2
  37 002d 05       		.byte	0x5
  38 002e 76000000 		.4byte	.LASF2
  39 0032 02       		.uleb128 0x2
  40 0033 02       		.byte	0x2
  41 0034 07       		.byte	0x7
  42 0035 B3010000 		.4byte	.LASF3
  43 0039 02       		.uleb128 0x2
  44 003a 04       		.byte	0x4
  45 003b 05       		.byte	0x5
  46 003c A5000000 		.4byte	.LASF4
  47 0040 02       		.uleb128 0x2
  48 0041 04       		.byte	0x4
  49 0042 07       		.byte	0x7
  50 0043 0D000000 		.4byte	.LASF5
  51 0047 02       		.uleb128 0x2
  52 0048 08       		.byte	0x8
  53 0049 05       		.byte	0x5
  54 004a C6010000 		.4byte	.LASF6
  55 004e 02       		.uleb128 0x2
  56 004f 08       		.byte	0x8
  57 0050 07       		.byte	0x7
ARM GAS  /tmp/ccQF4hHv.s 			page 2


  58 0051 80000000 		.4byte	.LASF7
  59 0055 03       		.uleb128 0x3
  60 0056 04       		.byte	0x4
  61 0057 05       		.byte	0x5
  62 0058 696E7400 		.ascii	"int\000"
  63 005c 02       		.uleb128 0x2
  64 005d 04       		.byte	0x4
  65 005e 07       		.byte	0x7
  66 005f 00000000 		.4byte	.LASF8
  67 0063 02       		.uleb128 0x2
  68 0064 08       		.byte	0x8
  69 0065 04       		.byte	0x4
  70 0066 6A000000 		.4byte	.LASF9
  71 006a 02       		.uleb128 0x2
  72 006b 01       		.byte	0x1
  73 006c 08       		.byte	0x8
  74 006d AE010000 		.4byte	.LASF10
  75 0071 00       		.byte	0
  76              		.section	.gnu.debuglto_.debug_abbrev,"e",%progbits
  77              	.Ldebug_abbrev0:
  78 0000 01       		.uleb128 0x1
  79 0001 11       		.uleb128 0x11
  80 0002 01       		.byte	0x1
  81 0003 25       		.uleb128 0x25
  82 0004 0E       		.uleb128 0xe
  83 0005 13       		.uleb128 0x13
  84 0006 0B       		.uleb128 0xb
  85 0007 03       		.uleb128 0x3
  86 0008 0E       		.uleb128 0xe
  87 0009 1B       		.uleb128 0x1b
  88 000a 0E       		.uleb128 0xe
  89 000b 10       		.uleb128 0x10
  90 000c 17       		.uleb128 0x17
  91 000d 00       		.byte	0
  92 000e 00       		.byte	0
  93 000f 02       		.uleb128 0x2
  94 0010 24       		.uleb128 0x24
  95 0011 00       		.byte	0
  96 0012 0B       		.uleb128 0xb
  97 0013 0B       		.uleb128 0xb
  98 0014 3E       		.uleb128 0x3e
  99 0015 0B       		.uleb128 0xb
 100 0016 03       		.uleb128 0x3
 101 0017 0E       		.uleb128 0xe
 102 0018 00       		.byte	0
 103 0019 00       		.byte	0
 104 001a 03       		.uleb128 0x3
 105 001b 24       		.uleb128 0x24
 106 001c 00       		.byte	0
 107 001d 0B       		.uleb128 0xb
 108 001e 0B       		.uleb128 0xb
 109 001f 3E       		.uleb128 0x3e
 110 0020 0B       		.uleb128 0xb
 111 0021 03       		.uleb128 0x3
 112 0022 08       		.uleb128 0x8
 113 0023 00       		.byte	0
 114 0024 00       		.byte	0
ARM GAS  /tmp/ccQF4hHv.s 			page 3


 115 0025 00       		.byte	0
 116              		.section	.gnu.debuglto_.debug_line,"e",%progbits
 117              	.Ldebug_line0:
 118 0000 1A000000 		.4byte	.LELT0-.LSLT0
 119              	.LSLT0:
 120 0004 0400     		.2byte	0x4
 121 0006 14000000 		.4byte	.LELTP0-.LASLTP0
 122              	.LASLTP0:
 123 000a 01       		.byte	0x1
 124 000b 01       		.byte	0x1
 125 000c 01       		.byte	0x1
 126 000d F6       		.byte	0xf6
 127 000e F2       		.byte	0xf2
 128 000f 0D       		.byte	0xd
 129 0010 00       		.byte	0
 130 0011 01       		.byte	0x1
 131 0012 01       		.byte	0x1
 132 0013 01       		.byte	0x1
 133 0014 01       		.byte	0x1
 134 0015 00       		.byte	0
 135 0016 00       		.byte	0
 136 0017 00       		.byte	0
 137 0018 01       		.byte	0x1
 138 0019 00       		.byte	0
 139 001a 00       		.byte	0
 140 001b 01       		.byte	0x1
 141 001c 00       		.byte	0
 142 001d 00       		.byte	0
 143              	.LELTP0:
 144              	.LELT0:
 145              		.section	.gnu.debuglto_.debug_str,"eMS",%progbits,1
 146              	.LASF8:
 147 0000 756E7369 		.ascii	"unsigned int\000"
 147      676E6564 
 147      20696E74 
 147      00
 148              	.LASF5:
 149 000d 6C6F6E67 		.ascii	"long unsigned int\000"
 149      20756E73 
 149      69676E65 
 149      6420696E 
 149      7400
 150              	.LASF13:
 151 001f 2F686F6D 		.ascii	"/home/matt/hardware/electrosense-converter-firmware"
 151      652F6D61 
 151      74742F68 
 151      61726477 
 151      6172652F 
 152 0052 56322F66 		.ascii	"V2/firmware\000"
 152      69726D77 
 152      61726500 
 153              	.LASF0:
 154 005e 7369676E 		.ascii	"signed char\000"
 154      65642063 
 154      68617200 
 155              	.LASF9:
 156 006a 6C6F6E67 		.ascii	"long double\000"
ARM GAS  /tmp/ccQF4hHv.s 			page 4


 156      20646F75 
 156      626C6500 
 157              	.LASF2:
 158 0076 73686F72 		.ascii	"short int\000"
 158      7420696E 
 158      7400
 159              	.LASF7:
 160 0080 6C6F6E67 		.ascii	"long long unsigned int\000"
 160      206C6F6E 
 160      6720756E 
 160      7369676E 
 160      65642069 
 161              	.LASF1:
 162 0097 756E7369 		.ascii	"unsigned char\000"
 162      676E6564 
 162      20636861 
 162      7200
 163              	.LASF4:
 164 00a5 6C6F6E67 		.ascii	"long int\000"
 164      20696E74 
 164      00
 165              	.LASF12:
 166 00ae 2E2E2F43 		.ascii	"../ChibiOS/os/hal/osal/freertos/osal.c\000"
 166      68696269 
 166      4F532F6F 
 166      732F6861 
 166      6C2F6F73 
 167              	.LASF11:
 168 00d5 474E5520 		.ascii	"GNU C17 10.2.1 20201103 (release) -mcpu=cortex-m3 -"
 168      43313720 
 168      31302E32 
 168      2E312032 
 168      30323031 
 169 0108 6D6E6F2D 		.ascii	"mno-thumb-interwork -mthumb -mfloat-abi=soft -march"
 169      7468756D 
 169      622D696E 
 169      74657277 
 169      6F726B20 
 170 013b 3D61726D 		.ascii	"=armv7-m -ggdb -Os -fomit-frame-pointer -falign-fun"
 170      76372D6D 
 170      202D6767 
 170      6462202D 
 170      4F73202D 
 171 016e 6374696F 		.ascii	"ctions=16 -ffunction-sections -fdata-sections -fno-"
 171      6E733D31 
 171      36202D66 
 171      66756E63 
 171      74696F6E 
 172 01a1 636F6D6D 		.ascii	"common -flto\000"
 172      6F6E202D 
 172      666C746F 
 172      00
 173              	.LASF10:
 174 01ae 63686172 		.ascii	"char\000"
 174      00
 175              	.LASF3:
 176 01b3 73686F72 		.ascii	"short unsigned int\000"
ARM GAS  /tmp/ccQF4hHv.s 			page 5


 176      7420756E 
 176      7369676E 
 176      65642069 
 176      6E7400
 177              	.LASF6:
 178 01c6 6C6F6E67 		.ascii	"long long int\000"
 178      206C6F6E 
 178      6720696E 
 178      7400
 179              		.text
 180              		.section	.gnu.lto_.profile.4cf7f133be36955,"e",%progbits
 181 0000 789C6362 		.ascii	"x\234cb\000\001\000\000\022\000\003"
 181      00010000 
 181      120003
 182              		.text
 183              		.section	.gnu.lto_.icf.4cf7f133be36955,"e",%progbits
 184 0000 789C6362 		.ascii	"x\234cb@\006\000\000*\000\003"
 184      40060000 
 184      2A0003
 185              		.text
 186              		.section	.gnu.lto_.ipa_sra.4cf7f133be36955,"e",%progbits
 187 0000 789C6362 		.ascii	"x\234cb@\006\000\000*\000\003"
 187      40060000 
 187      2A0003
 188              		.text
 189              		.section	.gnu.lto_.inline.4cf7f133be36955,"e",%progbits
 190 0000 789C6362 		.ascii	"x\234cb@\006\000\000*\000\003"
 190      40060000 
 190      2A0003
 191              		.text
 192              		.section	.gnu.lto_.jmpfuncs.4cf7f133be36955,"e",%progbits
 193 0000 789C6362 		.ascii	"x\234cb@\006\000\000*\000\003"
 193      40060000 
 193      2A0003
 194              		.text
 195              		.section	.gnu.lto_.pureconst.4cf7f133be36955,"e",%progbits
 196 0000 789C6364 		.ascii	"x\234cd\000\002\000\000\012\000\002"
 196      00020000 
 196      0A0002
 197              		.text
 198              		.section	.gnu.lto_.lto.4cf7f133be36955,"e",%progbits
 199 0000 09000200 		.ascii	"\011\000\002\000\001\000\000\000"
 199      01000000 
 200              		.text
 201              		.section	.gnu.lto_.symbol_nodes.4cf7f133be36955,"e",%progbits
 202 0000 789C6362 		.ascii	"x\234cb\000\001\000\000\022\000\003"
 202      00010000 
 202      120003
 203              		.text
 204              		.section	.gnu.lto_.refs.4cf7f133be36955,"e",%progbits
 205 0000 789C6364 		.ascii	"x\234cd\000\002\000\000\012\000\002"
 205      00020000 
 205      0A0002
 206              		.text
 207              		.section	.gnu.lto_.decls.4cf7f133be36955,"e",%progbits
 208 0000 789C6360 		.ascii	"x\234c````\004b\025 \376\017\004 \366E\006\002\000\000"
 208      60606004 
ARM GAS  /tmp/ccQF4hHv.s 			page 6


 208      621520FE 
 208      0F0420F6 
 208      45060200 
 209 0015 BF3204F4 		.ascii	"\2772\004\364"
 210              		.text
 211              		.section	.gnu.lto_.symtab.4cf7f133be36955,"e",%progbits
 212              		.text
 213              		.section	.gnu.lto_.ext_symtab.4cf7f133be36955,"e",%progbits
 214 0000 01       		.ascii	"\001"
 215              		.text
 216              		.section	.gnu.lto_.opts,"e",%progbits
 217 0000 272D666E 		.ascii	"'-fno-openmp' '-fno-openacc' '-fno-pie' '-fcf-prote"
 217      6F2D6F70 
 217      656E6D70 
 217      2720272D 
 217      666E6F2D 
 218 0033 6374696F 		.ascii	"ction=none' '-g' '-mcpu=cortex-m3' '-mno-thumb-inte"
 218      6E3D6E6F 
 218      6E652720 
 218      272D6727 
 218      20272D6D 
 219 0066 72776F72 		.ascii	"rwork' '-mthumb' '-mfloat-abi=soft' '-march=armv7-m"
 219      6B272027 
 219      2D6D7468 
 219      756D6227 
 219      20272D6D 
 220 0099 2720272D 		.ascii	"' '-Os' '-fomit-frame-pointer' '-falign-functions=1"
 220      4F732720 
 220      272D666F 
 220      6D69742D 
 220      6672616D 
 221 00cc 36272027 		.ascii	"6' '-ffunction-sections' '-fdata-sections' '-fno-co"
 221      2D666675 
 221      6E637469 
 221      6F6E2D73 
 221      65637469 
 222 00ff 6D6D6F6E 		.ascii	"mmon' '-flto' '-Xassembler' '-alms=build/lst/osal.l"
 222      2720272D 
 222      666C746F 
 222      2720272D 
 222      58617373 
 223 0132 73742700 		.ascii	"st'\000"
 224              		.text
 225              		.comm	__gnu_lto_slim,1,1
 226              		.ident	"GCC: (GNU Arm Embedded Toolchain 10-2020-q4-major) 10.2.1 20201103 (release)"
ARM GAS  /tmp/ccQF4hHv.s 			page 7


DEFINED SYMBOLS
                            *ABS*:0000000000000000 osal.c
     /tmp/ccQF4hHv.s:16     .gnu.debuglto_.debug_info:0000000000000000 osal.c.2287c24f
                            *COM*:0000000000000001 __gnu_lto_slim

NO UNDEFINED SYMBOLS
