ARM GAS  /tmp/ccqTKIfr.s 			page 1


   1              		.cpu cortex-m3
   2              		.eabi_attribute 20, 1
   3              		.eabi_attribute 21, 1
   4              		.eabi_attribute 23, 3
   5              		.eabi_attribute 24, 1
   6              		.eabi_attribute 25, 1
   7              		.eabi_attribute 26, 1
   8              		.eabi_attribute 30, 4
   9              		.eabi_attribute 34, 1
  10              		.eabi_attribute 18, 4
  11              		.file	"unhandled_exception.c"
  12              		.file 1 "/home/matt/gcc-arm-none-eabi-10-2020-q4-major/arm-none-eabi/include/machine/_default_type
  13              		.file 2 "/home/matt/gcc-arm-none-eabi-10-2020-q4-major/arm-none-eabi/include/sys/_stdint.h"
  14              		.file 3 "util/unhandled_exception.c"
  15              		.section	.gnu.debuglto_.debug_info,"e",%progbits
  16              	.Ldebug_info0:
  17              		.hidden	unhandled_exception.c.5ebf6961
  18              		.weak	unhandled_exception.c.5ebf6961
  19              	unhandled_exception.c.5ebf6961:
  20 0000 EC000000 		.4byte	0xec
  21 0004 0400     		.2byte	0x4
  22 0006 00000000 		.4byte	.Ldebug_abbrev0
  23 000a 04       		.byte	0x4
  24 000b 01       		.uleb128 0x1
  25 000c B8000000 		.4byte	.LASF18
  26 0010 0C       		.byte	0xc
  27 0011 1B000000 		.4byte	.LASF19
  28 0015 D5010000 		.4byte	.LASF20
  29 0019 00000000 		.4byte	.Ldebug_line0
  30 001d 02       		.uleb128 0x2
  31 001e 01       		.byte	0x1
  32 001f 06       		.byte	0x6
  33 0020 AA010000 		.4byte	.LASF0
  34 0024 02       		.uleb128 0x2
  35 0025 01       		.byte	0x1
  36 0026 08       		.byte	0x8
  37 0027 80000000 		.4byte	.LASF1
  38 002b 02       		.uleb128 0x2
  39 002c 02       		.byte	0x2
  40 002d 05       		.byte	0x5
  41 002e 14020000 		.4byte	.LASF2
  42 0032 02       		.uleb128 0x2
  43 0033 02       		.byte	0x2
  44 0034 07       		.byte	0x7
  45 0035 97010000 		.4byte	.LASF3
  46 0039 02       		.uleb128 0x2
  47 003a 04       		.byte	0x4
  48 003b 05       		.byte	0x5
  49 003c A6000000 		.4byte	.LASF4
  50 0040 03       		.uleb128 0x3
  51 0041 36000000 		.4byte	.LASF9
  52 0045 01       		.byte	0x1
  53 0046 4F       		.byte	0x4f
  54 0047 19       		.byte	0x19
  55 0048 4C000000 		.4byte	0x4c
  56 004c 02       		.uleb128 0x2
  57 004d 04       		.byte	0x4
ARM GAS  /tmp/ccqTKIfr.s 			page 2


  58 004e 07       		.byte	0x7
  59 004f 49000000 		.4byte	.LASF5
  60 0053 02       		.uleb128 0x2
  61 0054 08       		.byte	0x8
  62 0055 05       		.byte	0x5
  63 0056 00000000 		.4byte	.LASF6
  64 005a 02       		.uleb128 0x2
  65 005b 08       		.byte	0x8
  66 005c 07       		.byte	0x7
  67 005d 5B000000 		.4byte	.LASF7
  68 0061 04       		.uleb128 0x4
  69 0062 04       		.byte	0x4
  70 0063 05       		.byte	0x5
  71 0064 696E7400 		.ascii	"int\000"
  72 0068 02       		.uleb128 0x2
  73 0069 04       		.byte	0x4
  74 006a 07       		.byte	0x7
  75 006b 0E000000 		.4byte	.LASF8
  76 006f 03       		.uleb128 0x3
  77 0070 9D000000 		.4byte	.LASF10
  78 0074 02       		.byte	0x2
  79 0075 30       		.byte	0x30
  80 0076 14       		.byte	0x14
  81 0077 40000000 		.4byte	0x40
  82 007b 05       		.uleb128 0x5
  83 007c 6F000000 		.4byte	0x6f
  84 0080 02       		.uleb128 0x2
  85 0081 08       		.byte	0x8
  86 0082 04       		.byte	0x4
  87 0083 C9010000 		.4byte	.LASF11
  88 0087 02       		.uleb128 0x2
  89 0088 01       		.byte	0x1
  90 0089 08       		.byte	0x8
  91 008a 1E020000 		.4byte	.LASF12
  92 008e 06       		.uleb128 0x6
  93 008f 04       		.byte	0x4
  94 0090 7B000000 		.4byte	0x7b
  95 0094 02       		.uleb128 0x2
  96 0095 01       		.byte	0x1
  97 0096 02       		.byte	0x2
  98 0097 91010000 		.4byte	.LASF13
  99 009b 07       		.uleb128 0x7
 100 009c B6010000 		.4byte	.LASF21
 101 00a0 03       		.byte	0x3
 102 00a1 30       		.byte	0x30
 103 00a2 06       		.byte	0x6
 104 00a3 B4000000 		.4byte	0xb4
 105 00a7 08       		.uleb128 0x8
 106 00a8 AF000000 		.4byte	.LASF14
 107 00ac 03       		.byte	0x3
 108 00ad 33       		.byte	0x33
 109 00ae 12       		.byte	0x12
 110 00af 68000000 		.4byte	0x68
 111 00b3 00       		.byte	0
 112 00b4 09       		.uleb128 0x9
 113 00b5 8E000000 		.4byte	.LASF22
 114 00b9 03       		.byte	0x3
ARM GAS  /tmp/ccqTKIfr.s 			page 3


 115 00ba 26       		.byte	0x26
 116 00bb 0D       		.byte	0xd
 117 00bc 0A       		.uleb128 0xa
 118 00bd AF000000 		.4byte	.LASF14
 119 00c1 03       		.byte	0x3
 120 00c2 26       		.byte	0x26
 121 00c3 29       		.byte	0x29
 122 00c4 68000000 		.4byte	0x68
 123 00c8 0A       		.uleb128 0xa
 124 00c9 41000000 		.4byte	.LASF15
 125 00cd 03       		.byte	0x3
 126 00ce 26       		.byte	0x26
 127 00cf 38       		.byte	0x38
 128 00d0 94000000 		.4byte	0x94
 129 00d4 08       		.uleb128 0x8
 130 00d5 78000000 		.4byte	.LASF16
 131 00d9 03       		.byte	0x3
 132 00da 28       		.byte	0x28
 133 00db 18       		.byte	0x18
 134 00dc 8E000000 		.4byte	0x8e
 135 00e0 0B       		.uleb128 0xb
 136 00e1 08       		.uleb128 0x8
 137 00e2 72000000 		.4byte	.LASF17
 138 00e6 03       		.byte	0x3
 139 00e7 2B       		.byte	0x2b
 140 00e8 1C       		.byte	0x1c
 141 00e9 8E000000 		.4byte	0x8e
 142 00ed 00       		.byte	0
 143 00ee 00       		.byte	0
 144 00ef 00       		.byte	0
 145              		.section	.gnu.debuglto_.debug_abbrev,"e",%progbits
 146              	.Ldebug_abbrev0:
 147 0000 01       		.uleb128 0x1
 148 0001 11       		.uleb128 0x11
 149 0002 01       		.byte	0x1
 150 0003 25       		.uleb128 0x25
 151 0004 0E       		.uleb128 0xe
 152 0005 13       		.uleb128 0x13
 153 0006 0B       		.uleb128 0xb
 154 0007 03       		.uleb128 0x3
 155 0008 0E       		.uleb128 0xe
 156 0009 1B       		.uleb128 0x1b
 157 000a 0E       		.uleb128 0xe
 158 000b 10       		.uleb128 0x10
 159 000c 17       		.uleb128 0x17
 160 000d 00       		.byte	0
 161 000e 00       		.byte	0
 162 000f 02       		.uleb128 0x2
 163 0010 24       		.uleb128 0x24
 164 0011 00       		.byte	0
 165 0012 0B       		.uleb128 0xb
 166 0013 0B       		.uleb128 0xb
 167 0014 3E       		.uleb128 0x3e
 168 0015 0B       		.uleb128 0xb
 169 0016 03       		.uleb128 0x3
 170 0017 0E       		.uleb128 0xe
 171 0018 00       		.byte	0
ARM GAS  /tmp/ccqTKIfr.s 			page 4


 172 0019 00       		.byte	0
 173 001a 03       		.uleb128 0x3
 174 001b 16       		.uleb128 0x16
 175 001c 00       		.byte	0
 176 001d 03       		.uleb128 0x3
 177 001e 0E       		.uleb128 0xe
 178 001f 3A       		.uleb128 0x3a
 179 0020 0B       		.uleb128 0xb
 180 0021 3B       		.uleb128 0x3b
 181 0022 0B       		.uleb128 0xb
 182 0023 39       		.uleb128 0x39
 183 0024 0B       		.uleb128 0xb
 184 0025 49       		.uleb128 0x49
 185 0026 13       		.uleb128 0x13
 186 0027 00       		.byte	0
 187 0028 00       		.byte	0
 188 0029 04       		.uleb128 0x4
 189 002a 24       		.uleb128 0x24
 190 002b 00       		.byte	0
 191 002c 0B       		.uleb128 0xb
 192 002d 0B       		.uleb128 0xb
 193 002e 3E       		.uleb128 0x3e
 194 002f 0B       		.uleb128 0xb
 195 0030 03       		.uleb128 0x3
 196 0031 08       		.uleb128 0x8
 197 0032 00       		.byte	0
 198 0033 00       		.byte	0
 199 0034 05       		.uleb128 0x5
 200 0035 35       		.uleb128 0x35
 201 0036 00       		.byte	0
 202 0037 49       		.uleb128 0x49
 203 0038 13       		.uleb128 0x13
 204 0039 00       		.byte	0
 205 003a 00       		.byte	0
 206 003b 06       		.uleb128 0x6
 207 003c 0F       		.uleb128 0xf
 208 003d 00       		.byte	0
 209 003e 0B       		.uleb128 0xb
 210 003f 0B       		.uleb128 0xb
 211 0040 49       		.uleb128 0x49
 212 0041 13       		.uleb128 0x13
 213 0042 00       		.byte	0
 214 0043 00       		.byte	0
 215 0044 07       		.uleb128 0x7
 216 0045 2E       		.uleb128 0x2e
 217 0046 01       		.byte	0x1
 218 0047 3F       		.uleb128 0x3f
 219 0048 19       		.uleb128 0x19
 220 0049 03       		.uleb128 0x3
 221 004a 0E       		.uleb128 0xe
 222 004b 3A       		.uleb128 0x3a
 223 004c 0B       		.uleb128 0xb
 224 004d 3B       		.uleb128 0x3b
 225 004e 0B       		.uleb128 0xb
 226 004f 39       		.uleb128 0x39
 227 0050 0B       		.uleb128 0xb
 228 0051 27       		.uleb128 0x27
ARM GAS  /tmp/ccqTKIfr.s 			page 5


 229 0052 19       		.uleb128 0x19
 230 0053 01       		.uleb128 0x1
 231 0054 13       		.uleb128 0x13
 232 0055 00       		.byte	0
 233 0056 00       		.byte	0
 234 0057 08       		.uleb128 0x8
 235 0058 34       		.uleb128 0x34
 236 0059 00       		.byte	0
 237 005a 03       		.uleb128 0x3
 238 005b 0E       		.uleb128 0xe
 239 005c 3A       		.uleb128 0x3a
 240 005d 0B       		.uleb128 0xb
 241 005e 3B       		.uleb128 0x3b
 242 005f 0B       		.uleb128 0xb
 243 0060 39       		.uleb128 0x39
 244 0061 0B       		.uleb128 0xb
 245 0062 49       		.uleb128 0x49
 246 0063 13       		.uleb128 0x13
 247 0064 00       		.byte	0
 248 0065 00       		.byte	0
 249 0066 09       		.uleb128 0x9
 250 0067 2E       		.uleb128 0x2e
 251 0068 01       		.byte	0x1
 252 0069 03       		.uleb128 0x3
 253 006a 0E       		.uleb128 0xe
 254 006b 3A       		.uleb128 0x3a
 255 006c 0B       		.uleb128 0xb
 256 006d 3B       		.uleb128 0x3b
 257 006e 0B       		.uleb128 0xb
 258 006f 39       		.uleb128 0x39
 259 0070 0B       		.uleb128 0xb
 260 0071 27       		.uleb128 0x27
 261 0072 19       		.uleb128 0x19
 262 0073 00       		.byte	0
 263 0074 00       		.byte	0
 264 0075 0A       		.uleb128 0xa
 265 0076 05       		.uleb128 0x5
 266 0077 00       		.byte	0
 267 0078 03       		.uleb128 0x3
 268 0079 0E       		.uleb128 0xe
 269 007a 3A       		.uleb128 0x3a
 270 007b 0B       		.uleb128 0xb
 271 007c 3B       		.uleb128 0x3b
 272 007d 0B       		.uleb128 0xb
 273 007e 39       		.uleb128 0x39
 274 007f 0B       		.uleb128 0xb
 275 0080 49       		.uleb128 0x49
 276 0081 13       		.uleb128 0x13
 277 0082 00       		.byte	0
 278 0083 00       		.byte	0
 279 0084 0B       		.uleb128 0xb
 280 0085 0B       		.uleb128 0xb
 281 0086 01       		.byte	0x1
 282 0087 00       		.byte	0
 283 0088 00       		.byte	0
 284 0089 00       		.byte	0
 285              		.section	.gnu.debuglto_.debug_line,"e",%progbits
ARM GAS  /tmp/ccqTKIfr.s 			page 6


 286              	.Ldebug_line0:
 287 0000 ED000000 		.4byte	.LELT0-.LSLT0
 288              	.LSLT0:
 289 0004 0400     		.2byte	0x4
 290 0006 E7000000 		.4byte	.LELTP0-.LASLTP0
 291              	.LASLTP0:
 292 000a 01       		.byte	0x1
 293 000b 01       		.byte	0x1
 294 000c 01       		.byte	0x1
 295 000d F6       		.byte	0xf6
 296 000e F2       		.byte	0xf2
 297 000f 0D       		.byte	0xd
 298 0010 00       		.byte	0
 299 0011 01       		.byte	0x1
 300 0012 01       		.byte	0x1
 301 0013 01       		.byte	0x1
 302 0014 01       		.byte	0x1
 303 0015 00       		.byte	0
 304 0016 00       		.byte	0
 305 0017 00       		.byte	0
 306 0018 01       		.byte	0x1
 307 0019 00       		.byte	0
 308 001a 00       		.byte	0
 309 001b 01       		.byte	0x1
 310 001c 2F686F6D 		.ascii	"/home/matt/gcc-arm-none-eabi-10-2020-q4-major/arm-n"
 310      652F6D61 
 310      74742F67 
 310      63632D61 
 310      726D2D6E 
 311 004f 6F6E652D 		.ascii	"one-eabi/include/machine"
 311      65616269 
 311      2F696E63 
 311      6C756465 
 311      2F6D6163 
 312 0067 00       		.byte	0
 313 0068 2F686F6D 		.ascii	"/home/matt/gcc-arm-none-eabi-10-2020-q4-major/arm-n"
 313      652F6D61 
 313      74742F67 
 313      63632D61 
 313      726D2D6E 
 314 009b 6F6E652D 		.ascii	"one-eabi/include/sys"
 314      65616269 
 314      2F696E63 
 314      6C756465 
 314      2F737973 
 315 00af 00       		.byte	0
 316 00b0 7574696C 		.ascii	"util"
 317 00b4 00       		.byte	0
 318 00b5 00       		.byte	0
 319 00b6 5F646566 		.ascii	"_default_types.h\000"
 319      61756C74 
 319      5F747970 
 319      65732E68 
 319      00
 320 00c7 01       		.uleb128 0x1
 321 00c8 00       		.uleb128 0
 322 00c9 00       		.uleb128 0
ARM GAS  /tmp/ccqTKIfr.s 			page 7


 323 00ca 5F737464 		.ascii	"_stdint.h\000"
 323      696E742E 
 323      6800
 324 00d4 02       		.uleb128 0x2
 325 00d5 00       		.uleb128 0
 326 00d6 00       		.uleb128 0
 327 00d7 756E6861 		.ascii	"unhandled_exception.c\000"
 327      6E646C65 
 327      645F6578 
 327      63657074 
 327      696F6E2E 
 328 00ed 03       		.uleb128 0x3
 329 00ee 00       		.uleb128 0
 330 00ef 00       		.uleb128 0
 331 00f0 00       		.byte	0
 332              	.LELTP0:
 333              	.LELT0:
 334              		.section	.gnu.debuglto_.debug_str,"eMS",%progbits,1
 335              	.LASF6:
 336 0000 6C6F6E67 		.ascii	"long long int\000"
 336      206C6F6E 
 336      6720696E 
 336      7400
 337              	.LASF8:
 338 000e 756E7369 		.ascii	"unsigned int\000"
 338      676E6564 
 338      20696E74 
 338      00
 339              	.LASF19:
 340 001b 7574696C 		.ascii	"util/unhandled_exception.c\000"
 340      2F756E68 
 340      616E646C 
 340      65645F65 
 340      78636570 
 341              	.LASF9:
 342 0036 5F5F7569 		.ascii	"__uint32_t\000"
 342      6E743332 
 342      5F7400
 343              	.LASF15:
 344 0041 64697361 		.ascii	"disable\000"
 344      626C6500 
 345              	.LASF5:
 346 0049 6C6F6E67 		.ascii	"long unsigned int\000"
 346      20756E73 
 346      69676E65 
 346      6420696E 
 346      7400
 347              	.LASF7:
 348 005b 6C6F6E67 		.ascii	"long long unsigned int\000"
 348      206C6F6E 
 348      6720756E 
 348      7369676E 
 348      65642069 
 349              	.LASF17:
 350 0072 63655265 		.ascii	"ceReg\000"
 350      6700
 351              	.LASF16:
ARM GAS  /tmp/ccqTKIfr.s 			page 8


 352 0078 70656E64 		.ascii	"pendReg\000"
 352      52656700 
 353              	.LASF1:
 354 0080 756E7369 		.ascii	"unsigned char\000"
 354      676E6564 
 354      20636861 
 354      7200
 355              	.LASF22:
 356 008e 636C6561 		.ascii	"clearInterrupt\000"
 356      72496E74 
 356      65727275 
 356      707400
 357              	.LASF10:
 358 009d 75696E74 		.ascii	"uint32_t\000"
 358      33325F74 
 358      00
 359              	.LASF4:
 360 00a6 6C6F6E67 		.ascii	"long int\000"
 360      20696E74 
 360      00
 361              	.LASF14:
 362 00af 76656374 		.ascii	"vectorId\000"
 362      6F724964 
 362      00
 363              	.LASF18:
 364 00b8 474E5520 		.ascii	"GNU C17 10.2.1 20201103 (release) -mcpu=cortex-m3 -"
 364      43313720 
 364      31302E32 
 364      2E312032 
 364      30323031 
 365 00eb 6D6E6F2D 		.ascii	"mno-thumb-interwork -mthumb -mfloat-abi=soft -march"
 365      7468756D 
 365      622D696E 
 365      74657277 
 365      6F726B20 
 366 011e 3D61726D 		.ascii	"=armv7-m -ggdb -Os -fomit-frame-pointer -falign-fun"
 366      76372D6D 
 366      202D6767 
 366      6462202D 
 366      4F73202D 
 367 0151 6374696F 		.ascii	"ctions=16 -ffunction-sections -fdata-sections -fno-"
 367      6E733D31 
 367      36202D66 
 367      66756E63 
 367      74696F6E 
 368 0184 636F6D6D 		.ascii	"common -flto\000"
 368      6F6E202D 
 368      666C746F 
 368      00
 369              	.LASF13:
 370 0191 5F426F6F 		.ascii	"_Bool\000"
 370      6C00
 371              	.LASF3:
 372 0197 73686F72 		.ascii	"short unsigned int\000"
 372      7420756E 
 372      7369676E 
 372      65642069 
ARM GAS  /tmp/ccqTKIfr.s 			page 9


 372      6E7400
 373              	.LASF0:
 374 01aa 7369676E 		.ascii	"signed char\000"
 374      65642063 
 374      68617200 
 375              	.LASF21:
 376 01b6 756E6861 		.ascii	"unhandledException\000"
 376      6E646C65 
 376      64457863 
 376      65707469 
 376      6F6E00
 377              	.LASF11:
 378 01c9 6C6F6E67 		.ascii	"long double\000"
 378      20646F75 
 378      626C6500 
 379              	.LASF20:
 380 01d5 2F686F6D 		.ascii	"/home/matt/hardware/electrosense-converter-firmware"
 380      652F6D61 
 380      74742F68 
 380      61726477 
 380      6172652F 
 381 0208 56322F66 		.ascii	"V2/firmware\000"
 381      69726D77 
 381      61726500 
 382              	.LASF2:
 383 0214 73686F72 		.ascii	"short int\000"
 383      7420696E 
 383      7400
 384              	.LASF12:
 385 021e 63686172 		.ascii	"char\000"
 385      00
 386              		.text
 387              		.section	.gnu.lto_.profile.5e68354e6d6dace9,"e",%progbits
 388 0000 789C6362 		.ascii	"x\234cb\000\001\000\000\022\000\003"
 388      00010000 
 388      120003
 389              		.text
 390              		.section	.gnu.lto_.icf.5e68354e6d6dace9,"e",%progbits
 391 0000 789C1361 		.ascii	"x\234\023a@\000f\206\276;\033\33721v-{<\211\221i\311"
 391      40006686 
 391      BE3B1BDF 
 391      3231762D 
 391      7B3C8991 
 392 0016 9F49B7D8 		.ascii	"\237I\267\330\030\000]\346\010\335"
 392      18005DE6 
 392      08DD
 393              		.text
 394              		.section	.gnu.lto_.ipa_sra.5e68354e6d6dace9,"e",%progbits
 395 0000 789C9365 		.ascii	"x\234\223e@\000f\006&\030\223\221\221\001\014\231\030"
 395      40006606 
 395      26189391 
 395      91010C99 
 395      18
 396 0011 A00C0600 		.ascii	"\240\014\006\000\005\315\000."
 396      05CD002E 
 397              		.text
 398              		.section	.gnu.lto_.inline.5e68354e6d6dace9,"e",%progbits
ARM GAS  /tmp/ccqTKIfr.s 			page 10


 399 0000 789C4D8E 		.ascii	"x\234M\216\313\015\302@\014D\307\037A\024%R*K\021\204"
 399      CB0DC240 
 399      0C44C71F 
 399      41142552 
 399      2A4B1184 
 400 0014 C09906D0 		.ascii	"\300\231\006\320\322AD\015)\20428R\002G\216\214\275"
 400      D241440D 
 400      29843238 
 400      5202478E 
 400      8CBD
 401 0026 42610FEB 		.ascii	"Ba\017\353g\317\370\363\304\366\014\350K)/=\211\311"
 401      67CFF8F3 
 401      C4F60CE8 
 401      4B292F3D 
 401      89C9
 402 0038 6535DC8D 		.ascii	"e5\334\215\237\204$\253E\024\306HwJ_\321\211\224pT("
 402      9F8424AB 
 402      4514C648 
 402      774A5FD1 
 402      89947054 
 403 004d 5AD24367 		.ascii	"Z\322Cg4\360Z\304\000\275\005\035\034\215o\3541\011"
 403      34F05AC4 
 403      00BD051D 
 403      1C8D6FEC 
 403      3109
 404 005f 7B666F3D 		.ascii	"{fo=\013;\021\312\025\024\022b\030\035ml\362\276\036"
 404      0B3B11CA 
 404      15141262 
 404      181D6D6C 
 404      F2BE1E
 405 0072 C6D240ED 		.ascii	"\306\322@\355\223\015]^9\377\266O\377\015\326\245y\031"
 405      930D5D5E 
 405      39FFB64F 
 405      FF0DD6A5 
 405      7919
 406 0084 2B2C23F0 		.ascii	"+,#\360\005\2778(}"
 406      05BF3828 
 406      7D
 407              		.text
 408              		.section	.gnu.lto_.jmpfuncs.5e68354e6d6dace9,"e",%progbits
 409 0000 789C6D8E 		.ascii	"x\234m\216=\012\302@\020F\277/\263\006;++\021\022\320"
 409      3D0AC240 
 409      1046BF2F 
 409      B3063B2B 
 409      2B1112D0 
 410 0014 36D61669 		.ascii	"6\326\026i\275\201\265\204$` $\"\211\330\331y\000\317"
 410      BD81B584 
 410      24602024 
 410      2289D8D9 
 410      7900CF
 411 0027 902B68ED 		.ascii	"\220+h\3559\274\204\336@w7*\030\034\030\006\336\274"
 411      39BC84DE 
 411      4077372A 
 411      181C1806 
 411      DEBC
 412 0039 F9B90198 		.ascii	"\371\271\001\230\243\015\201C\312\241\021\352\0045q"
 412      A30D8143 
ARM GAS  /tmp/ccqTKIfr.s 			page 11


 412      CAA111EA 
 412      043571
 413 0048 C5E7B1DF 		.ascii	"\305\347\261\337\210\003^\025\241\363\251c@\347$\215"
 413      88035E15 
 413      A1F3A963 
 413      40E7248D 
 414 0058 08D916CB 		.ascii	"\010\331\026\313,R\014\255\031\032\033\342\217\315p"
 414      2C520CAD 
 414      191A1BE2 
 414      8FCD70
 415 0067 AF3BCC33 		.ascii	"\257;\3143y\241\243\367+\361'Fq\377+\370\305P\035@1"
 415      79A1A3F7 
 415      2BF12746 
 415      71FF2BF8 
 415      C5501D40 
 416 007c 47C9C7BB 		.ascii	"G\311\307\273\336\277\217\200\264\252\325\201Q]e\371"
 416      DEBF8F80 
 416      B4AAD581 
 416      515D65F9 
 417 008c AC2ED651 		.ascii	"\254.\326Q\221\344i\262J\367q\272\251\262\262\010b\270"
 417      91E469B2 
 417      4AF771BA 
 417      A9B2B208 
 417      62B8
 418 009e 8BA8CE2B 		.ascii	"\213\250\316+\014\227\237\256\267K\343\252\334z\323"
 418      0C979FAE 
 418      B74BE3AA 
 418      DC7AD3
 419 00ad 3AC00BC5 		.ascii	":\300\013\305'Nx"
 419      274E78
 420              		.text
 421              		.section	.gnu.lto_.pureconst.5e68354e6d6dace9,"e",%progbits
 422 0000 789CE362 		.ascii	"x\234\343b```f\230\305\302\270\205\205i\026\013\000"
 422      60606066 
 422      98C5C2B8 
 422      85856916 
 422      0B00
 423 0012 0A7C0205 		.ascii	"\012|\002\005"
 424              		.text
 425              		.section	.gnu.lto_.lto.5e68354e6d6dace9,"e",%progbits
 426 0000 09000200 		.ascii	"\011\000\002\000\001\000\000\000"
 426      01000000 
 427              		.text
 428              		.section	.gnu.lto_clearInterrupt.88.5e68354e6d6dace9,"e",%progbits
 429 0000 789C6D51 		.ascii	"x\234mQKH\224Q\024>\337=\377?\277:\345\252VA\272\211"
 429      4B489451 
 429      143EDF3D 
 429      FF3FBF3A 
 429      E5AA5641 
 430 0016 68A1D383 		.ascii	"h\241\323\203\204V\271\211h\333\242e1\316\\\307\201"
 430      8456B989 
 430      68DBA265 
 430      31CE5CC7 
 430      81
 431 0027 7146C6D1 		.ascii	"qF\306\321\332y}0\202-\306\261\250\215\024\015C\324"
 431      DA797D30 
 431      822DC6B1 
ARM GAS  /tmp/ccqTKIfr.s 			page 12


 431      A88D140D 
 431      43D4
 432 0039 AA97A596 		.ascii	"\252\227\245\226\346\220L\270\214((\332\230`d\213\220"
 432      E6904CB8 
 432      8C2828DA 
 432      9860648B 
 432      90
 433 004a 409008EC 		.ascii	"@\220\010\354\334\377\037\037D\027\356\353;\337\371"
 433      DCFF1F1F 
 433      4417EEEB 
 433      3BDFF9
 434 0059 BE73CFBD 		.ascii	"\276s\317\275\253\210&\211\350\274L\270\204\211\342"
 434      AB882689 
 434      E8BC4CB8 
 434      8489E2
 435 0068 9822634C 		.ascii	"\230\"cL\273\247\324p\361\272\302<\344\326\354\214\024"
 435      BBA7D470 
 435      F1BAC23C 
 435      E4D6EC8C 
 435      14
 436 0079 1BFD9D71 		.ascii	"\033\375\235qs\207\341`\2608V\0370\332=\320\200b\007"
 436      7387E160 
 436      B038561F 
 436      30DA3DD0 
 436      806207
 437 008c 03B8C1C7 		.ascii	"\003\270\301\307\004\330\254\256,?\364\314\203\012\312"
 437      04D8ACAE 
 437      2C3FF4CC 
 437      830ACA
 438 009b 4C7447A6 		.ascii	"LtG\246?&\031\023\\f\300\251\235\024\232\345\304\227"
 438      3F261913 
 438      5C66C0A9 
 438      9D149AE5 
 438      C497
 439 00ad E968C598 		.ascii	"\351h\305\230w\237g\214\251\24723\246!9x\001<\007Y "
 439      779F678C 
 439      A9A73233 
 439      A6213978 
 439      013C0759 
 440 00c2 3107CB1B 		.ascii	"1\007\313\033E@\334\2342\206\005w0\353\023O\341\270"
 440      4540DC9C 
 440      32860577 
 440      30EB134F 
 440      E1B8
 441 00d4 A5398925 		.ascii	"\2459\211%\370&\\\200\335\216\010w\375\323z\317\222"
 441      F8265C80 
 441      DD8E0877 
 441      FDD37ACF 
 441      92
 442 00e5 71CAECE2 		.ascii	"q\312\354\342\325^Q\242\304\007\204\010s\010\312\363"
 442      D55E51A2 
 442      C4078408 
 442      7308CAF3 
 443 00f5 F56FEFA6 		.ascii	"\365o\357\246}\331\334N{\375O\332W\233\266\000\222\247"
 443      7DD9DC4E 
 443      7BFD4FDA 
 443      579BB600 
ARM GAS  /tmp/ccqTKIfr.s 			page 13


 443      92A7
 444 0107 53621902 		.ascii	"Sb\031\002*Q\021\344\321{\267b\376l\025\214\331:\360"
 444      2A5111E4 
 444      D17BB762 
 444      FE6C158C 
 444      D93AF0
 445 011a 2DBC1FB6 		.ascii	"-\274\037\266pe\027[*;\262\204B\300\014<\353\332\000"
 445      7065175B 
 445      2A3BB284 
 445      42C00C3C 
 445      EBDA00
 446 012d BC44D817 		.ascii	"\274D\330\027\242\002\333\226\032\007\246B4\316*\270"
 446      A202DB96 
 446      1A07A642 
 446      34CE2AB8 
 447 013d 0CCAE507 		.ascii	"\014\312\345\007\314\312\223\203\364\023\303\177\362"
 447      CCCA9383 
 447      F413C37F 
 447      F2
 448 014a 1FBD12A3 		.ascii	"\037\275\022\243\304!\3337O~K\300\307\371\015\267\304"
 448      C421DB37 
 448      4F7E4BC0 
 448      C7F90DB7 
 448      C4
 449 015b AA143493 		.ascii	"\252\0244\223\341X\360i\276\312%\366,\342\302T\207M"
 449      E158F069 
 449      BECA25F6 
 449      2CE2C254 
 449      874D
 450 016d A3504469 		.ascii	"\243PDi\250Yl%\340\213>\363Eo\215V%\231k\242\214&\013"
 450      A8596C25 
 450      E08B3EF3 
 450      456F8D56 
 450      25996BA2 
 451 0184 FECE0BCB 		.ascii	"\376\316\013\313\261\200T+Q\301\336\254\217m\240\366"
 451      B180542B 
 451      51C1DEAC 
 451      8F6DA0F6 
 452 0194 652EE83E 		.ascii	"e.\350>\356\031\363]\225\271N\344\360\026$|_u\012\264"
 452      EE19F35D 
 452      95B94EE4 
 452      F016247C 
 452      5F750AB4 
 453 01a8 8691B5C5 		.ascii	"\206\221\265\305\303%n\260\\\007\301\277\2173\017\312"
 453      C3256EB0 
 453      5C07C1BF 
 453      8F330FCA 
 454 01b8 9BD4CE9B 		.ascii	"\233\324\316\233\246W\353PAP\355\252\370\207k\325.\356"
 454      A657EB50 
 454      4150EDAA 
 454      F8876BD5 
 454      2EEE
 455 01ca AD7641DC 		.ascii	"\255vA\334\303>}V\007ETU`\275\317\267\016o[[\003g\267"
 455      C33E7D56 
 455      07455455 
 455      60BDCFB7 
 455      0E6F5B5B 
ARM GAS  /tmp/ccqTKIfr.s 			page 14


 456 01e1 69BF30B4 		.ascii	"i\2770\264<\177\316~\217\035\005\306ns\211\316F\272"
 456      3C7FCE7E 
 456      8F1D05C6 
 456      6E7389CE 
 456      46BA
 457 01f3 32DD3AD2 		.ascii	"2\335:\322\035\315\345\"]\321l\374j4\253#:\245c\271"
 457      1DCDE522 
 457      5DD16CFC 
 457      6A34AB23 
 457      3AA563B9 
 458 0207 6CA657A7 		.ascii	"l\246W\247{uK,\223\356\327\331\234\316\266t&\263\335"
 458      7B754B2C 
 458      93EED7D9 
 458      9CCEB674 
 458      26B3DD
 459 021a 367EE964 		.ascii	"6~\351dd\373H\207\372r\311T\244/\335\025M\307S:~E_\213"
 459      64FB4887 
 459      FA72C954 
 459      A42FDD15 
 459      4DC7533A 
 460 0232 E99E5C32 		.ascii	"\351\236\\2\223n\215Q]\277\310d\262\027\342M\377\215"
 460      936E8D51 
 460      5DBFC864 
 460      B217E24D 
 460      FF8D
 461 0244 B79ED61D 		.ascii	"\267\236\326\035\235mg\332N\220\027O\366F;R\332\353"
 461      9D6D67DA 
 461      4E90174F 
 461      F6463B52 
 461      DAEB
 462 0256 D1E9F845 		.ascii	"\321\351\370E\235pcZ\326\277\220\375\021\262"
 462      9D70635A 
 462      D6BF90FD 
 462      11B2
 463              		.text
 464              		.section	.gnu.lto_unhandledException.89.5e68354e6d6dace9,"e",%progbits
 465 0000 789C6D51 		.ascii	"x\234mQ\317k\023A\024~\337\274\3356\255\232\234\322"
 465      CF6B1341 
 465      147EDFBC 
 465      DD36AD9A 
 465      9CD2
 466 0012 8B07D743 		.ascii	"\213\007\327C\016\036\232E\301\202x\320\253\177\200"
 466      0E1E9A45 
 466      C18278D0 
 466      AB7F80
 467 0021 1E2B3199 		.ascii	"\036+1\231\232@~\224mR\275e\332\304\266\264\2076\025"
 467      9A407E94 
 467      6D52BD65 
 467      DAC4B6B4 
 467      873615
 468 0034 C4430818 		.ascii	"\304C\010\030\026\355\315\223?\252\227\240\025\274\210"
 468      16EDCD93 
 468      3FAA97A0 
 468      15BC88
 469 0043 208AA087 		.ascii	" \212\240\207JoU\250\321C\021T\326\231M\032=\270\354"
 469      4A6F55A8 
 469      D1431154 
ARM GAS  /tmp/ccqTKIfr.s 			page 15


 469      D6994D1A 
 469      3DB8EC
 470 0056 EC7EF3DE 		.ascii	"\354~\363\336\367}\357\315\2741A\324$\242\263z\301&"
 470      F77DEFCD 
 470      BC3141D4 
 470      24A2B37A 
 470      C126
 471 0068 AC379605 		.ascii	"\2547\226\005)\245\316\017\013Qk\254\010lB\357\034\253"
 471      29A5CE0F 
 471      0B516BAC 
 471      086C42EF 
 471      1CAB
 472 007a DE88867F 		.ascii	"\336\210\206\177\306\\c\031!\301\"PU\260\205\252\250"
 472      C65C6319 
 472      21C12250 
 472      55B085AA 
 472      A8
 473 008b DEE4133A 		.ascii	"\336\344\023:\366\343\305\216z\005\265\321\201\317D"
 473      F6E3C58E 
 473      7A05B5D1 
 473      81CF44
 474 009a 2DBDFA4F 		.ascii	"-\275\372O\223\261\316>\003V\037\0118\032\361\244\311"
 474      93B1CE3E 
 474      03561F09 
 474      381AF1A4 
 474      C9
 475 00ab 243A4A75 		.ascii	"$:Ju\277\274\235~\251,\237\031\217\240\205x\010<\000"
 475      BFBC9D7E 
 475      A92C9F19 
 475      8FA08578 
 475      083C00
 476 00be E13188AE 		.ascii	"\3411\210\256\336\303P\210L|S\007\314\253\367\367\337"
 476      DEC35088 
 476      4C7C5307 
 476      CCABF7F7 
 476      DF
 477 00cf D81DF52B 		.ascii	"\330\035\365+XU\352\365\330~l\004\344\263%\314\3072"
 477      5855EAF5 
 477      D87E6C04 
 477      E4B325CC 
 477      C732
 478 00e1 6CBB275E 		.ascii	"l\273'^eZ\332n\214Bu\210\326X\204xN\343\317P;\357\343"
 478      655ADA6E 
 478      8C427588 
 478      D6588478 
 478      4EE3CF50 
 479 00f8 B48767B7 		.ascii	"\264\207g\267W~[m\026\375\306l\320\000\325?\324T\364"
 479      577E5B6D 
 479      16FDC66C 
 479      D000D53F 
 479      D454F4
 480 010b 2EEE2815 		.ascii	".\356(\025\361y\010O\201'\332q\017\265[\213\357D\233"
 480      F179084F 
 480      8127DA71 
 480      0FB55B8B 
 480      EF449B
 481 011e 8DCA1019 		.ascii	"\215\312\020\031\001k\277yG\027\324\321\320\372c\274"
ARM GAS  /tmp/ccqTKIfr.s 			page 16


 481      016BBF79 
 481      4717D4D1 
 481      D0FA63BC 
 482 012e C713D466 		.ascii	"\307\023\324f\014x]\246]\324w\237O\352c\264{U\030\275"
 482      0C785DA6 
 482      5DD4779F 
 482      4FEA63B4 
 482      7B5518BD 
 483 0142 1B5A63DE 		.ascii	"\033Zc\336\372\272d\017z\333\226\306\240\271`\012\331"
 483      FABA640F 
 483      7ADB96C6 
 483      A0B9600A 
 483      D9
 484 0153 DAB56F10 		.ascii	"\332\265o\020\004A\354o-;\244~\223\324\305\015\207\352"
 484      0441EC6F 
 484      2D3BA47E 
 484      93D4C50D 
 484      87EA
 485 0165 103E0FB7 		.ascii	"\020>\017\267\214\243N\031A\004z\020#!i\037\377\220"
 485      8CA34E19 
 485      41047A10 
 485      2321691F 
 485      FF90
 486 0177 465B2CC2 		.ascii	"F[,\302\241\034_\304\202>\333\241:\026\224\332H\370"
 486      A11C5FC4 
 486      823EDBA1 
 486      3A1694DA 
 486      48F8
 487 0189 7C185B08 		.ascii	"|\030[\010\233\263}>\022\012\177J\372\216\371O\201\335"
 487      9BB37D3E 
 487      120A7F4A 
 487      FA8EF94F 
 487      81DD
 488 019b 6FD31AB4 		.ascii	"o\323\032\264\331\005\367\354\242-\326\243\3669F\346"
 488      D905F7EC 
 488      A22DD6A3 
 488      F63946E6 
 489 01ab BE1112CC 		.ascii	"\276\021\022\314}\023\235s\263\245\202t\013\251r\331"
 489      7D139D73 
 489      B3A58274 
 489      0BA972D9 
 490 01bb CDA6BCCC 		.ascii	"\315\246\274\314\265\224']\231\227\351\262W\232\221"
 490      B594275D 
 490      9997E9B2 
 490      579A91
 491 01ca C519399E 		.ascii	"\305\0319\236.\025g\245W\226\336\370T\316+\230\374\245"
 491      2E1567A5 
 491      5796DEF8 
 491      54CE2B98 
 491      FCA5
 492 01dc 53EE01A4 		.ascii	"S\356\001\244\243\225r.\357V\212\331T1\223\227\231\313"
 492      A395722E 
 492      EF568AD9 
 492      54319397 
 492      99CB
 493 01ee F27A5A4E 		.ascii	"\362zZN\227s\245b2M\221YmS\362.d\216\3757\237<-\257"
 493      9773A562 
ARM GAS  /tmp/ccqTKIfr.s 			page 17


 493      324D9159 
 493      6D53F22E 
 493      648EFD37 
 494 0206 4C4D9C99 		.ascii	"LM\234\2318I\361\213\007y\247'q\022\225$\375\001\320"
 494      3849F18B 
 494      0779A727 
 494      71129524 
 494      FD01D0
 495 0219 66E4E1   		.ascii	"f\344\341"
 496              		.text
 497              		.section	.gnu.lto_unhandledException.part.0.93.5e68354e6d6dace9,"e",%progbits
 498 0000 789C6D90 		.ascii	"x\234m\220\277k\024Q\020\307\347\273\263{\267F+[\213"
 498      BF6B1451 
 498      10C7E7BB 
 498      B37BB746 
 498      2B5B8B
 499 0013 9C811429 		.ascii	"\234\201\024)\222%\202\001\013QR\030\374\007,\015\353"
 499      92258201 
 499      0B515218 
 499      FC072C0D 
 499      EB
 500 0024 DD8B7770 		.ascii	"\335\213wp\267\0336{\321.\017<\3164r\027O\013!\\\265"
 500      B71B367B 
 500      D12E0F3C 
 500      CE347217 
 500      4F0B215C 
 501 0039 103B1BC9 		.ascii	"\020;\033\311\017\025<\304@\032\033\361/\010\330haJ"
 501      0F153CC4 
 501      401A1BF1 
 501      2F08D868 
 501      614A
 502 004b 414167D6 		.ascii	"AAg\326[\222\302ew\366\363\336w\276\363\346\315\013"
 502      5B92C265 
 502      77F6F3DE 
 502      77BEF3E6 
 502      CD0B
 503 005d 103D21A2 		.ascii	"\020=!\242%\371P\"<\367\311Z{\263\354\341b\376w0\330"
 503      25F95022 
 503      3CF7C95A 
 503      7BB3ECE1 
 503      62FE7730 
 504 0072 9AC889F1 		.ascii	"\232\310\211\361lL.\006\3639\2006<\207]l8L\247\317\200"
 504      6C4C2E06 
 504      F3398036 
 504      3C875D6C 
 504      384CA7CF 
 505 0087 B7193392 		.ascii	"\267\0313\222\360\363\360\330~\202}9B&\372\260\310Q"
 505      F0F3F0D8 
 505      7E827D39 
 505      4226FAB0 
 505      C851
 506 0099 A97FBA0B 		.ascii	"\251\177\272\013=\371\265F\022\337S\316\030p\307\344"
 506      3DF9B546 
 506      12DF53CE 
 506      1870C7E4 
 507 00a9 A022C477 		.ascii	"\240\"\304wU\231\036Y{\362\375\313\352\221u3f\354C\012"
 507      55991E59 
ARM GAS  /tmp/ccqTKIfr.s 			page 18


 507      7BF2FDCB 
 507      EA917533 
 507      66EC430A 
 508 00bd 620FD805 		.ascii	"b\017\330\005\341@\354\367w Y\245|\241\322\033\024\256"
 508      E140ECF7 
 508      772059A5 
 508      7CA1D21B 
 508      14AE
 509 00cf FEB61D75 		.ascii	"\376\266\035u*T\270p\326Ebx\253\006\250\201\364\225"
 509      2A54B870 
 509      D6456278 
 509      AB06A881 
 509      F495
 510 00e1 F5ABCF9E 		.ascii	"\365\253\317\236\265\277\377\364$L\302%\3521}\374\261"
 510      B5BFFFF4 
 510      244CC225 
 510      EA317DFC 
 510      B1
 511 00f2 E941C9CB 		.ascii	"\351A\311\313\211\251\317\316\230\276\301\036\377\372"
 511      89A9CFCE 
 511      98BEC11E 
 511      FFFA
 512 0100 EAE31D14 		.ascii	"\352\343\035\024\247\350\004\217*\324\201\223\261;d"
 512      A7E8048F 
 512      2AD48193 
 512      B13B64
 513 010f 87E460AF 		.ascii	"\207\344`\257\020\272c\2414d\316\357{y\261\353g\\\356"
 513      10BA63A1 
 513      3464CEEF 
 513      7B79B1EB 
 513      675CEE
 514 0122 A06BAD80 		.ascii	"\240k\255\200\217\367\220:z\367s\270\256\372ch\302D"
 514      8FF7903A 
 514      7AF773B8 
 514      AEFA6368 
 514      C244
 515 0134 91701E1F 		.ascii	"\221p\036\0374!\343\013\322{\237Yfi\335\177=L\235\011"
 515      3421E30B 
 515      D27B9F59 
 515      6669DD7F 
 515      3D4C9D09 
 516 0148 DAA85B68 		.ascii	"\332\250[h=\231qY\347{#\250\307-\023\264\3024\015\352"
 516      3D997159 
 516      E77B23A8 
 516      C72D13B4 
 516      C2340DEA 
 517 015c 61527B10 		.ascii	"aR{\020&&0MSM\223x\315Dkf\266\032G\353&IM2\273\322H"
 517      2626304D 
 517      534D9378 
 517      CD446B66 
 517      B61A47EB 
 518 0177 5AAADFB9 		.ascii	"Z\252\337\271\022\024H\227\332i\243\031\264\243z\030"
 518      12144897 
 518      DA69A319 
 518      B4A37A18 
 519 0187 D59AA6B6 		.ascii	"\325\232\246\266l\036V\315j\332\210\243\271*\371\353"
 519      6C1E56CD 
ARM GAS  /tmp/ccqTKIfr.s 			page 19


 519      6ADA88A3 
 519      B92AF9EB 
 520 0197 52264E6E 		.ascii	"R&Nn\327&\377\253\317]5\367V\026\256-\314S\351V\330"
 520      D726FFAB 
 520      CF5D35F7 
 520      5616AE2D 
 520      CC53E956 
 521 01ac 6EA6F417 		.ascii	"n\246\364\027\200\273\254@"
 521      80BBAC40 
 522              		.text
 523              		.section	.gnu.lto_.symbol_nodes.5e68354e6d6dace9,"e",%progbits
 524 0000 789C75CE 		.ascii	"x\234u\316\273\015\302@\020\204\341\231\335;!\271\011"
 524      BB0DC240 
 524      1084E199 
 524      DD3B21B9 
 524      09
 525 0011 5AA028FA 		.ascii	"Z\240(\372\330[D\340\020Z@4\001\261cb\236r\011\224\000"
 525      D85B44E0 
 525      105A4034 
 525      01B16362 
 525      9E720994 
 526 0026 E7C526F3 		.ascii	"\347\305&\363D\277\364\235t\333\243N\2560\224\272\304"
 526      44BFF49D 
 526      74DBA34E 
 526      AE3094BA 
 526      C4
 527 0037 DD05B571 		.ascii	"\335\005\265q*\356+\020\241/\030\273w\233\377\270u/"
 527      2AEE2B10 
 527      A12F18BB 
 527      779BFFB8 
 527      752F
 528 0049 32E90D26 		.ascii	"2\351\015&m\277o&=\027\347h|\300\3643n\031\0170\374"
 528      6DBF6F26 
 528      3D17E768 
 528      7CC0F433 
 528      6E190F30 
 529 005e 33289FB0 		.ascii	"3(\237\2604gwX\2361e\212[\216Tj\324Z\005\021\233\205"
 529      34677758 
 529      9E31658A 
 529      5B8E546A 
 529      D45A0511 
 530 0074 4A8EEA6A 		.ascii	"J\216\352j\375N>4\370\002Z\366K3"
 530      FD4E3E34 
 530      F8025AF6 
 530      4B33
 531              		.text
 532              		.section	.gnu.lto_.refs.5e68354e6d6dace9,"e",%progbits
 533 0000 789C6364 		.ascii	"x\234cd\000\002\000\000\012\000\002"
 533      00020000 
 533      0A0002
 534              		.text
 535              		.section	.gnu.lto_.decls.5e68354e6d6dace9,"e",%progbits
 536 0000 789C7D55 		.ascii	"x\234}UkP\023W\024\276\347\356&YV*H\303\330\312\250"
 536      6B501357 
 536      14BEE7EE 
 536      2659562A 
 536      48C3D8CA 
ARM GAS  /tmp/ccqTKIfr.s 			page 20


 537 0015 0C331DF2 		.ascii	"\0143\035\362\007\242\241\305\366Wi\035\3558\316X\307"
 537      07A2A1C5 
 537      F657691D 
 537      ED38CE58 
 537      C7
 538 0026 477DFCC1 		.ascii	"G}\374\3014\273J\306\2208K\360\361\357b\261\266\026"
 538      34BB4AC6 
 538      90384BF0 
 538      F1EF62B1 
 538      B616
 539 0038 1569C732 		.ascii	"\025i\3072EG\246\355t\260\323\361QQQ\264\215\241j|`"
 539      4547A6ED 
 539      74B0D3F1 
 539      515151B4 
 539      8DA16A7C 
 540 004d D1AA804F 		.ascii	"\321\252\200O\020\205\010\326\242\"\332\326\326\236"
 540      108508D6 
 540      A222DAD6 
 540      D69E
 541 005b 7D249B6A 		.ascii	"}$\233j\332;9\367\336\275\347;\337\371\356\331\2737"
 541      DA3B39F7 
 541      DEBDE73B 
 541      DFF9EED9 
 541      BB37
 542 006d 676C846C 		.ascii	"gl\204l\006B\202hO\261\361\204\220\263h\270L\366\243"
 542      06428268 
 542      4FB1F184 
 542      90B368B8 
 542      4CF6A3
 543 0080 2D400BA3 		.ascii	"-@\013\243\265\240\345\242E\320Z\211\336\254h\035h\327"
 543      B5A0E5A2 
 543      45D05A89 
 543      DEAC681D 
 543      68D7
 544 0092 D0AEA075 		.ascii	"\320\256\240u\241E\321\356\220\347\333n\344O\301\261"
 544      A145D1EE 
 544      90E7DB6E 
 544      E44FC1B1 
 545 00a2 042D03CD 		.ascii	"\004-\003\315np\2539\356\031\334\013\321\006\015<\030"
 545      6E70AB39 
 545      EE19DC0B 
 545      D1060D3C 
 545      18
 546 00b3 DCCFB603 		.ascii	"\334\317\266\003\350HO\302\223k\360\250\361\367\015"
 546      E8484FC2 
 546      936BF0A8 
 546      F1F70D
 547 00c2 DE76B407 		.ascii	"\336v\264\007\206\336!\264\001\264\207hW\015.\336\320"
 547      86DE21B4 
 547      01B48768 
 547      570D2EDE 
 547      D0
 548 00d3 DD6168BE 		.ascii	"\335ah\276\226$\337a\314\367B\222|\303h\227\321\036"
 548      9624DF61 
 548      CCF74292 
 548      7CC36897 
 548      D11E
ARM GAS  /tmp/ccqTKIfr.s 			page 21


 549 00e5 25A9CF63 		.ascii	"%\251\317c\264\276gr\\K\250\317\263\215\243\244\216"
 549      B4BE6772 
 549      5C4BA8CF 
 549      B38DA3A4 
 549      8E
 550 00f6 B31E5CD7 		.ascii	"\263\036\\\327\370\025\237\005\200\277\024\012\373a"
 550      F8159F05 
 550      80BF140A 
 550      FB61
 551 0104 35633C0E 		.ascii	"5c<\016!\306\242\2542\225@\001L \320\010\270D`/\300"
 551      21C6A2AC 
 551      32954001 
 551      4C20D008 
 551      B844602F 
 552 0119 3EA8E120 		.ascii	">\250\341 \003\306h=\217\275\035\262\3538\272\346H_"
 552      03C6683D 
 552      8FBD1DB2 
 552      EB38BAE6 
 552      485F
 553 012b 372F32C6 		.ascii	"7/2\306\006Y\2502\005]\007\001\324\232A3\2069\241I\217"
 553      0659A832 
 553      055D0701 
 553      D49A4133 
 553      8639A149 
 554 0140 CAD2F01D 		.ascii	"\312\322\360\035\300\011j\346\277\316_h\263\211zj-]"
 554      C0096AE6 
 554      BFCE5F68 
 554      B3897A6A 
 554      2D5D
 555 0152 B88233F2 		.ascii	"\270\2023\362\375\000\360#\006\206\000\216\000\305)"
 555      FD00F023 
 555      0686008E 
 555      00C529
 556 0161 8A7A321E 		.ascii	"\212z2\036G\314\264\272\246\246kd\006f\252dl\021.\301"
 556      47CCB4BA 
 556      A6A66B64 
 556      0666AA64 
 556      6C112EC1 
 557 0175 6180436A 		.ascii	"a\200Cj\2460h\331\220\231V\366\267t\013\251!UM}\230"
 557      A63068D9 
 557      909956F6 
 557      B7740BA9 
 557      21554D7D 
 558 018a 474F5C4E 		.ascii	"GO\\N\013v\232\024\013\302\016\255\3319\234T\364QM\364"
 558      0B769A14 
 558      0BC20EAD 
 558      D9399C54 
 558      F4514DF4 
 559 019e 4FBA68AB 		.ascii	"O\272h\253&z\002\342\277\351;\376\245%1\365q\200c*>"
 559      267A02E2 
 559      BFE93BFE 
 559      A52531F5 
 559      7180632A 
 560 01b3 025A8CCE 		.ascii	"\002Z\214\316lG\344'\247\326o\202d\314'5\346\023:s\246"
 560      6C47E427 
 560      A7D66F82 
 560      64CC2735 
ARM GAS  /tmp/ccqTKIfr.s 			page 22


 560      E6133A73 
 561 01c8 C6DCA0EE 		.ascii	"\306\334\240\356\352\300\336\241G)\211\324\247\001N"
 561      EAC0DEA1 
 561      472989D4 
 561      A7014E
 562 01d7 A901ADA0 		.ascii	"\251\001\255\240\005\251\273\352<\375\3556\313- \024"
 562      05A9BBEA 
 562      3CFDED36 
 562      CB2D2014 
 563 01e7 1F790900 		.ascii	"\037y\011\000:\012\261\023\311B\216\330\031e\324*qT"
 563      3A0AB113 
 563      C9428ED8 
 563      1965D42A 
 563      7154
 564 01f9 E4444E12 		.ascii	"\344DN\022#0\3161\304\025\011\324\221&\012\015-\220"
 564      2330CE31 
 564      C41509D4 
 564      91260A0D 
 564      2D90
 565 020b 2E5A044A 		.ascii	".Z\004J\2436It\374\001\337\321zkv\021\343\245\252\314"
 565      A3364974 
 565      FC01DFD1 
 565      7A6B7611 
 565      E3A5AACC 
 566 021f A88DD1EA 		.ascii	"\250\215\321\352\031\366\202\"\354\243\266\010H\030"
 566      19F68222 
 566      ECA3B608 
 566      4818
 567 022d 359317D2 		.ascii	"5\223\027\322q\026\265\211C\\\375z\253\324J?\312\305"
 567      7116B589 
 567      435CFD7A 
 567      ABD44A3F 
 567      CAC5
 568 023f 0D8A92CB 		.ascii	"\015\212\222\313\216\362\212\004a\\Z\230\013sS\011\021"
 568      8EF28A04 
 568      615C5A98 
 568      0B735309 
 568      11
 569 0250 845D3B32 		.ascii	"\204];2\305\250-\015)\034Rv\272\224\235\026\001\213"
 569      C5A82D0D 
 569      291C5276 
 569      BA949D16 
 569      018B
 570 0262 24897607 		.ascii	"$\211v\007A\021\222\313UDEd\346\205\010\2708Hu\261\356"
 570      411192CB 
 570      55444564 
 570      E68508B8 
 570      384875B1 
 571 0277 81D12288 		.ascii	"\201\321\"\210)\343\262\035\204Hd*E^\356i\254\201\015"
 571      29E3B21D 
 571      8448642A 
 571      455EEE69 
 571      AC810D
 572 028a 734AE623 		.ascii	"sJ\346#\200C\244.\312M\217\342\245@i6!\214\027RS\001"
 572      8043A42E 
 572      CA4D8FE2 
 572      A5406936 
ARM GAS  /tmp/ccqTKIfr.s 			page 23


 572      218C1752 
 573 02a0 CFA79052 		.ascii	"\317\247\220R<]\232\351\022I\324F\321e\347\201Q0#E+"
 573      3C5D9AE9 
 573      1249D446 
 573      D165E781 
 573      51302345 
 574 02b5 7EC763E3 		.ascii	"~\307c\343\0374VP\375\351\035Q\037Hb\026m]Eb]A\277\001"
 574      1F345650 
 574      FDE91D51 
 574      1F486216 
 574      6D5D4562 
 575 02cd 62ABF1C1 		.ascii	"b\253\361\301\230\353\000\235\207\306n\014\210%!\206"
 575      98EB009D 
 575      87C66E0C 
 575      88252186 
 576 02dd 3781DCD4 		.ascii	"7\201\334\324`\350\210\361\304\362$h4\265\342\033\326"
 576      60E888F1 
 576      C4F22468 
 576      34B5E21B 
 576      D6
 577 02ee 93D0C418 		.ascii	"\223\320\304\030-\356_\302MJ\022\247\215I\"\372\003"
 577      2DEE5FC2 
 577      4D4A12A7 
 577      8D4922FA 
 577      03
 578 02ff 1E9BDFAB 		.ascii	"\036\233\337\253\206N\214\354\305\262\261\257\317r\220"
 578      864E8CEC 
 578      C5B2B1AF 
 578      CF7290
 579 030e 595D4480 		.ascii	"Y]D\200{\205p\257\022'\323\332\215%\004\316\352\350"
 579      7B8570AF 
 579      1227D3DA 
 579      8D2504CE 
 579      EAE8
 580 0320 F92310BF 		.ascii	"\371#\020\277y\317\341\306\024\365\376\300O\036\002"
 580      79CFE1C6 
 580      14F5FEC0 
 580      4F1E02
 581 032f B810DDB7 		.ascii	"\270\020\335\267\375\250E[X\000\277\350'\227j'7\035"
 581      FDA8455B 
 581      5800BFE8 
 581      27976A27 
 581      371D
 582 0341 9D3DD14B 		.ascii	"\235=\321K{\304\321Hs\2071;\224\300E\200\013\252\260"
 582      7BC4D148 
 582      7387313B 
 582      94C04580 
 582      0BAAB0
 583 0354 76D4741E 		.ascii	"v\324t\036'9\325\265\354\361\275\265O\302/nmbl\015\002"
 583      2739D5B5 
 583      ECF1BDB5 
 583      4FC22F6E 
 583      6D626C0D 
 584 0369 05D5096D 		.ascii	"\005\325\011m\000\347\264\2448#\3603\300\031\230\337"
 584      00E7B4A4 
 584      3823F033 
 584      C01998DF 
ARM GAS  /tmp/ccqTKIfr.s 			page 24


 585 0379 081C8670 		.ascii	"\010\034\206pwA\225\275\266y\303\251d\304\227\021\036"
 585      774195BD 
 585      B679C3A9 
 585      64C49711 
 585      1E
 586 038a D036767E 		.ascii	"\3206v~\357\255/\322rjk\331`\264j-K\307;\242\202G7\\"
 586      EFAD2FD2 
 586      726A6BD9 
 586      60B46A2D 
 586      4BC73BA2 
 587 03a2 32A8E18A 		.ascii	"2\250\341\212:\217\221\327\301\377\220^\325Isv\325\262"
 587      3A8F91D7 
 587      C1FF905E 
 587      D5497376 
 587      D5B2
 588 03b4 EA2DF521 		.ascii	"\352-\365!\312\030\207k\320\231\300\324\031c\"\\\205"
 588      CA18876B 
 588      D099C0D4 
 588      1963225C 
 588      85
 589 03c5 7A71D2DD 		.ascii	"zq\322\335\221\252\215\220S\313X\323\305\232\215\363"
 589      91AA8D90 
 589      53CB58D3 
 589      C59A8DF3 
 590 03d5 B6B03055 		.ascii	"\266\2600U\223_\217\357\353\2726p;5p\375\337m\333G\210"
 590      935F8FEF 
 590      EBBA3670 
 590      3B3570FD 
 590      DF6DDB47 
 591 03ea EA2D174A 		.ascii	"\352-\027J~\313!\346\372\326m\233R\315[\353\206yk\365"
 591      7ECB21E6 
 591      FAD66D9B 
 591      52CD5BEB 
 591      86796BF5 
 592 03fe E817C0B1 		.ascii	"\350\027\300\261\366c;\3657\323\243\277\031\366\260"
 592      F6633BF5 
 592      37D3A3BF 
 592      19F6B0
 593 040d AE5BD016 		.ascii	"\256[\320\026r\341\246J\261\343I\277?\006\270\245.T"
 593      72E1A64A 
 593      B1E349BF 
 593      3F06B8A5 
 593      2E54
 594 041f 1DB8DB65 		.ascii	"\035\270\333eI\262\341>\314\333\253\263~|\256\263)M"
 594      49B2E13E 
 594      CCDBABB3 
 594      7E7CAEB3 
 594      294D
 595 0431 DB47CDE6 		.ascii	"\333G\315\346\206\017l\365\016tBw|\033\335\3726\256"
 595      860F6CF5 
 595      0E744277 
 595      7C1BDDFA 
 595      36AE
 596 0443 6BDBF874 		.ascii	"k\333\370t]w\177L\201\372|\250\241~Q\234\035\217K\214"
 596      5D777F4C 
 596      81FA7CA8 
 596      A17E519C 
ARM GAS  /tmp/ccqTKIfr.s 			page 25


 596      1D8F4B8C 
 597 0457 7E00E9FB 		.ascii	"~\000\351\373u\372\233{*\332y\215~\360\363\316\327\261"
 597      75FA9B7B 
 597      2ADA798D 
 597      7EF0F3CE 
 597      D7B1
 598 0469 480300B7 		.ascii	"H\003\000\267\343\354\267\265\001OS\256\366\375\246"
 598      E3ECB7B5 
 598      014F53AE 
 598      F6FDA6
 599 0478 6933C26D 		.ascii	"i3\302m\340\324\320\017C}m\202\330e\334\242\304(\007"
 599      E0D4D00F 
 599      437D6D82 
 599      D865DCA2 
 599      C42807
 600 048b FC068839 		.ascii	"\374\006\2109\007p\027\340Wu\217\0077\335\336o5\353"
 600      077017E0 
 600      57758F07 
 600      37DDDE6F 
 600      35EB
 601 049d 3668D6ED 		.ascii	"6h\326\355\236.\341\364\216\346\3579\023\320n\002\356"
 601      9E2EE1F4 
 601      8EE6EF39 
 601      13D06E02 
 601      EE
 602 04ae EB80E6AF 		.ascii	"\353\200\346\257z>K\370\277\0300\001\017t\300P\250w"
 602      7A3E4BF8 
 602      BF183001 
 602      0F74C050 
 602      A877
 603 04c0 9EE96F35 		.ascii	"\236\351o5\375C\272\377\344\225]\177&\020\\5\001\017"
 603      FD43BAFF 
 603      E4955D7F 
 603      26105C35 
 603      010F
 604 04d2 93022E9B 		.ascii	"\223\002.\233\200a\255\026\010Yw\261o8\001\322gB\036"
 604      8061AD16 
 604      085977B1 
 604      6F3801D2 
 604      67421E
 605 04e5 E91C830D 		.ascii	"\351\034\203\015[{\301\004DL\300c\265\212\226\342\267"
 605      5B7BC104 
 605      444CC063 
 605      B58A96E2 
 605      B7
 606 04f6 03011FEF 		.ascii	"\003\001\037\357)q+\334\304B\"\270\225\322\345\223\362"
 606      29712BDC 
 606      C44222B8 
 606      95D2E593 
 606      F2
 607 0507 4A89E809 		.ascii	"J\211\350\011(Aye^i\001\031\351\361\311ne\232?(+J\371"
 607      28417965 
 607      5E690119 
 607      E9F1C96E 
 607      659A3F28 
 608 051e B2E098F2 		.ascii	"\262\340\230\362\240\327\347,\367\227\270\375\222O\226"
 608      A0D7E72C 
ARM GAS  /tmp/ccqTKIfr.s 			page 26


 608      F797B8FD 
 608      924F96
 609 052d 8AE5951E 		.ascii	"\212\345\225\036yY\320\033\360\347{\204wf\314\315\236"
 609      7959D01B 
 609      F0E77B84 
 609      7766CCCD 
 609      9E
 610 053e 3C711219 		.ascii	"<q\022\031\237\324\235\377\232\374\376\342\3027\012"
 610      9FD49DFF 
 610      9AFCFEE2 
 610      C2370A
 611 054d 2792379D 		.ascii	"'\2227\235%\201R\331Y\352\016\006\235\230YZ\341Vd\247"
 611      258152D9 
 611      59EA0E06 
 611      9D98595A 
 611      E15664A7 
 612 0561 EC933D41 		.ascii	"\354\223=A%P&\373\313\344<O\300\277\\F\005J\336b\257"
 612      255026FB 
 612      CBE43C4F 
 612      C0BF5C46 
 612      054ADE62 
 613 0576 52AAFADF 		.ascii	"R\252\372\337s9cS\222\365\337\032\310\313\361\345)\361"
 613      73396353 
 613      92F5DF1A 
 613      C8CBF1E5 
 613      29F1
 614 0588 D5656E25 		.ascii	"\325en%\230?!\343y\317\250\345s\334eK\247\370\245\331"
 614      983F21E3 
 614      79CFA8E5 
 614      73DC654B 
 614      A7F8A5D9 
 615 059c 9E12592A 		.ascii	"\236\022Y*\367\311JV~\276s\252\"\313\263\346\274;\333"
 615      F7C94A56 
 615      7EBE73AA 
 615      22CBB3E6 
 615      BC3BDB
 616 05af E9F57B7C 		.ascii	"\351\365{|\345\222\354\014\"(\277\204\214\302\012\004"
 616      E592EC0C 
 616      2228BF84 
 616      8CC20A04 
 617 05bf 94B7CACA 		.ascii	"\224\267\312\312P\331d\267\017\211\306&\242c\223\311"
 617      50D964B7 
 617      0F89C626 
 617      A26393C9 
 618 05cf 01FF62EF 		.ascii	"\001\377b\357\022\304\277T\266\252\314\027X2m\366\254"
 618      12C4BF54 
 618      B6AACC17 
 618      58326DF6 
 618      AC
 619 05e0 B9FEA5FE 		.ascii	"\271\376\245\376\300\012\377L\305\033P\274\301U\231"
 619      C00AFF4C 
 619      C51B50BC 
 619      C15599
 620 05ef 9A7EDD6B 		.ascii	"\232~\335k\014\010\027\312\275\376`\201\2538\370\017"
 620      0C0817CA 
 620      BDFE6081 
 620      AB38F80F 
ARM GAS  /tmp/ccqTKIfr.s 			page 27


 621 05ff 6763ED4C 		.ascii	"gc\355L"
 622              		.text
 623              		.section	.gnu.lto_.symtab.5e68354e6d6dace9,"e",%progbits
 624 0000 756E6861 		.ascii	"unhandledException\000"
 624      6E646C65 
 624      64457863 
 624      65707469 
 624      6F6E00
 625 0013 00       		.ascii	"\000"
 626 0014 00       		.ascii	"\000"
 627 0015 00       		.ascii	"\000"
 628 0016 00000000 		.ascii	"\000\000\000\000\000\000\000\000"
 628      00000000 
 629 001e DC000000 		.ascii	"\334\000\000\000"
 630 0022 76546173 		.ascii	"vTaskEndScheduler\000"
 630      6B456E64 
 630      53636865 
 630      64756C65 
 630      7200
 631 0034 00       		.ascii	"\000"
 632 0035 02       		.ascii	"\002"
 633 0036 00       		.ascii	"\000"
 634 0037 00000000 		.ascii	"\000\000\000\000\000\000\000\000"
 634      00000000 
 635 003f E0000000 		.ascii	"\340\000\000\000"
 636 0043 6572726F 		.ascii	"errorAssertCalled\000"
 636      72417373 
 636      65727443 
 636      616C6C65 
 636      6400
 637 0055 00       		.ascii	"\000"
 638 0056 02       		.ascii	"\002"
 639 0057 00       		.ascii	"\000"
 640 0058 00000000 		.ascii	"\000\000\000\000\000\000\000\000"
 640      00000000 
 641 0060 E8000000 		.ascii	"\350\000\000\000"
 642 0064 7379736C 		.ascii	"syslogISRUnknownPriority\000"
 642      6F674953 
 642      52556E6B 
 642      6E6F776E 
 642      5072696F 
 643 007d 00       		.ascii	"\000"
 644 007e 02       		.ascii	"\002"
 645 007f 00       		.ascii	"\000"
 646 0080 00000000 		.ascii	"\000\000\000\000\000\000\000\000"
 646      00000000 
 647 0088 EC000000 		.ascii	"\354\000\000\000"
 648              		.text
 649              		.section	.gnu.lto_.ext_symtab.5e68354e6d6dace9,"e",%progbits
 650 0000 01       		.ascii	"\001"
 651 0001 01       		.ascii	"\001"
 652 0002 00       		.ascii	"\000"
 653 0003 01       		.ascii	"\001"
 654 0004 00       		.ascii	"\000"
 655 0005 01       		.ascii	"\001"
 656 0006 00       		.ascii	"\000"
 657 0007 01       		.ascii	"\001"
ARM GAS  /tmp/ccqTKIfr.s 			page 28


 658 0008 00       		.ascii	"\000"
 659              		.text
 660              		.section	.gnu.lto_.opts,"e",%progbits
 661 0000 272D666E 		.ascii	"'-fno-openmp' '-fno-openacc' '-fno-pie' '-fcf-prote"
 661      6F2D6F70 
 661      656E6D70 
 661      2720272D 
 661      666E6F2D 
 662 0033 6374696F 		.ascii	"ction=none' '-g' '-mcpu=cortex-m3' '-mno-thumb-inte"
 662      6E3D6E6F 
 662      6E652720 
 662      272D6727 
 662      20272D6D 
 663 0066 72776F72 		.ascii	"rwork' '-mthumb' '-mfloat-abi=soft' '-march=armv7-m"
 663      6B272027 
 663      2D6D7468 
 663      756D6227 
 663      20272D6D 
 664 0099 2720272D 		.ascii	"' '-Os' '-fomit-frame-pointer' '-falign-functions=1"
 664      4F732720 
 664      272D666F 
 664      6D69742D 
 664      6672616D 
 665 00cc 36272027 		.ascii	"6' '-ffunction-sections' '-fdata-sections' '-fno-co"
 665      2D666675 
 665      6E637469 
 665      6F6E2D73 
 665      65637469 
 666 00ff 6D6D6F6E 		.ascii	"mmon' '-flto' '-Xassembler' '-alms=build/lst/unhand"
 666      2720272D 
 666      666C746F 
 666      2720272D 
 666      58617373 
 667 0132 6C65645F 		.ascii	"led_exception.lst'\000"
 667      65786365 
 667      7074696F 
 667      6E2E6C73 
 667      742700
 668              		.text
 669              		.comm	__gnu_lto_slim,1,1
 670              		.ident	"GCC: (GNU Arm Embedded Toolchain 10-2020-q4-major) 10.2.1 20201103 (release)"
ARM GAS  /tmp/ccqTKIfr.s 			page 29


DEFINED SYMBOLS
                            *ABS*:0000000000000000 unhandled_exception.c
     /tmp/ccqTKIfr.s:19     .gnu.debuglto_.debug_info:0000000000000000 unhandled_exception.c.5ebf6961
                            *COM*:0000000000000001 __gnu_lto_slim

NO UNDEFINED SYMBOLS
