Change Component Footprint: Designator=HIGH Old Footprint=con SMA (recht) New Footprint=FP-CON-SMA-EDGE-S-MFG
Change Component Footprint: Designator=LOW Old Footprint=con SMA (recht) New Footprint=FP-CON-SMA-EDGE-S-MFG
Change Component Footprint: Designator=MID Old Footprint=con SMA (recht) New Footprint=FP-CON-SMA-EDGE-S-MFG
Change Component Footprint: Designator=SDR1 Old Footprint=con SMA (recht) New Footprint=FP-CON-SMA-EDGE-S-MFG
Change Component Footprint: Designator=TEST_IN Old Footprint=con SMA (recht) New Footprint=FP-CON-SMA-EDGE-S-MFG
Change Component Footprint: Designator=TEST_OUT Old Footprint=con SMA (recht) New Footprint=FP-CON-SMA-EDGE-S-MFG
Change Component Comment : Designator=HIGH Old Comment=CONSMA New Comment=CON-SMA-EDGE-S
Change Component Comment : Designator=LOW Old Comment=CONSMA New Comment=CON-SMA-EDGE-S
Change Component Comment : Designator=MID Old Comment=CONSMA New Comment=CON-SMA-EDGE-S
Change Component Comment : Designator=SDR1 Old Comment=CONSMA New Comment=CON-SMA-EDGE-S
Change Component Comment : Designator=TEST_IN Old Comment=CONSMA New Comment=CON-SMA-EDGE-S
Change Component Comment : Designator=TEST_OUT Old Comment=CONSMA New Comment=CON-SMA-EDGE-S
Change Managed Component Library Link : Designator=HIGH Old VaultGUID= New VaultGUID=B7D15EC3-160A-466F-A46C-7801FE6295A7 Old ItemGUID= New ItemGUID=9D95F23C-4567-4FDF-AA80-3871B0A486DF Old RevisionGUID= New RevisionGUID=3682857A-C35A-440F-BEBF-967069085EC2
Change Managed Component Library Link : Designator=LOW Old VaultGUID= New VaultGUID=B7D15EC3-160A-466F-A46C-7801FE6295A7 Old ItemGUID= New ItemGUID=9D95F23C-4567-4FDF-AA80-3871B0A486DF Old RevisionGUID= New RevisionGUID=3682857A-C35A-440F-BEBF-967069085EC2
Change Managed Component Library Link : Designator=MID Old VaultGUID= New VaultGUID=B7D15EC3-160A-466F-A46C-7801FE6295A7 Old ItemGUID= New ItemGUID=9D95F23C-4567-4FDF-AA80-3871B0A486DF Old RevisionGUID= New RevisionGUID=3682857A-C35A-440F-BEBF-967069085EC2
Change Managed Component Library Link : Designator=SDR1 Old VaultGUID= New VaultGUID=B7D15EC3-160A-466F-A46C-7801FE6295A7 Old ItemGUID= New ItemGUID=9D95F23C-4567-4FDF-AA80-3871B0A486DF Old RevisionGUID= New RevisionGUID=3682857A-C35A-440F-BEBF-967069085EC2
Change Managed Component Library Link : Designator=TEST_IN Old VaultGUID= New VaultGUID=B7D15EC3-160A-466F-A46C-7801FE6295A7 Old ItemGUID= New ItemGUID=9D95F23C-4567-4FDF-AA80-3871B0A486DF Old RevisionGUID= New RevisionGUID=3682857A-C35A-440F-BEBF-967069085EC2
Change Managed Component Library Link : Designator=TEST_OUT Old VaultGUID= New VaultGUID=B7D15EC3-160A-466F-A46C-7801FE6295A7 Old ItemGUID= New ItemGUID=9D95F23C-4567-4FDF-AA80-3871B0A486DF Old RevisionGUID= New RevisionGUID=3682857A-C35A-440F-BEBF-967069085EC2
Change component parameters: Designator = "HIGH" ("HIGH"); Footprint = "con SMA (recht)"; UniqueID = "\RVAQQRVL\CXQZHKCK" ("\RVAQQRVL\CXQZHKCK")
Change component parameters (AddParameter): Name = "Automotive"; Value = "No"; VariantName = "[No Variations]"
Change component parameters (AddParameter): Name = "Category"; Value = "Conn"; VariantName = "[No Variations]"
Change component parameters (AddParameter): Name = "ComponentLink2Description"; Value = "Datasheet"; VariantName = "[No Variations]"
Change component parameters (AddParameter): Name = "ComponentLink2URL"; Value = "https://www.rfsolutions.co.uk/downloads/1498648656DS-CON-EDGE-SMA-4.pdf"; VariantName = "[No Variations]"
Change component parameters (AddParameter): Name = "Conn Orientation"; Value = "Right Angle"; VariantName = "[No Variations]"
Change component parameters (AddParameter): Name = "Contact Material"; Value = "Gold"; VariantName = "[No Variations]"
Change component parameters (AddParameter): Name = "Device Class L1"; Value = "Connectors"; VariantName = "[No Variations]"
Change component parameters (AddParameter): Name = "Device Class L2"; Value = "RF / Coaxial Connectors"; VariantName = "[No Variations]"
Change component parameters (AddParameter): Name = "Device Class L3"; Value = "unset"; VariantName = "[No Variations]"
Change component parameters (AddParameter): Name = "Digikey Description"; Value = "CONN SMA JACK STR EDGE MNT"; VariantName = "[No Variations]"
Change component parameters (AddParameter): Name = "Footprint Url"; Value = "https://forum.upverter.com/uploads/default/original/3X/b/e/be75b907af57498775929d6d9099689c472e0307.pdf"; VariantName = "[No Variations]"
Change component parameters (AddParameter): Name = "Frequency"; Value = "18GHz"; VariantName = "[No Variations]"
Change component parameters (AddParameter): Name = "Height"; Value = "6.35mm"; VariantName = "[No Variations]"
Change component parameters (AddParameter): Name = "Impedance"; Value = "50O"; VariantName = "[No Variations]"
Change component parameters (AddParameter): Name = "Is Female"; Value = "yes"; VariantName = "[No Variations]"
Change component parameters (AddParameter): Name = "Lead Free"; Value = "Yes"; VariantName = "[No Variations]"
Change component parameters (AddParameter): Name = "Manufacturer"; Value = "RF Solutions Ltd."; VariantName = "[No Variations]"
Change component parameters (AddParameter): Name = "Manufacturer Part Number"; Value = "CON-SMA-EDGE-S"; VariantName = "[No Variations]"
Change component parameters (AddParameter): Name = "Number Of Contacts"; Value = "1"; VariantName = "[No Variations]"
Change component parameters (AddParameter): Name = "Octopart"; Value = "https://octopart.com/con-sma-edge-s-rf+solutions-70967450"; VariantName = "[No Variations]"
Change component parameters (AddParameter): Name = "Package"; Value = "CONN_JACK"; VariantName = "[No Variations]"
Change component parameters (AddParameter): Name = "RoHS"; Value = "TRUE"; VariantName = "[No Variations]"
Change component parameters (AddParameter): Name = "Shielding"; Value = "true"; VariantName = "[No Variations]"
Change component parameters: Designator = "LOW" ("LOW"); Footprint = "con SMA (recht)"; UniqueID = "\TBICGSSQ\BMRGQAAG" ("\TBICGSSQ\BMRGQAAG")
Change component parameters (AddParameter): Name = "Automotive"; Value = "No"; VariantName = "[No Variations]"
Change component parameters (AddParameter): Name = "Category"; Value = "Conn"; VariantName = "[No Variations]"
Change component parameters (AddParameter): Name = "ComponentLink2Description"; Value = "Datasheet"; VariantName = "[No Variations]"
Change component parameters (AddParameter): Name = "ComponentLink2URL"; Value = "https://www.rfsolutions.co.uk/downloads/1498648656DS-CON-EDGE-SMA-4.pdf"; VariantName = "[No Variations]"
Change component parameters (AddParameter): Name = "Conn Orientation"; Value = "Right Angle"; VariantName = "[No Variations]"
Change component parameters (AddParameter): Name = "Contact Material"; Value = "Gold"; VariantName = "[No Variations]"
Change component parameters (AddParameter): Name = "Device Class L1"; Value = "Connectors"; VariantName = "[No Variations]"
Change component parameters (AddParameter): Name = "Device Class L2"; Value = "RF / Coaxial Connectors"; VariantName = "[No Variations]"
Change component parameters (AddParameter): Name = "Device Class L3"; Value = "unset"; VariantName = "[No Variations]"
Change component parameters (AddParameter): Name = "Digikey Description"; Value = "CONN SMA JACK STR EDGE MNT"; VariantName = "[No Variations]"
Change component parameters (AddParameter): Name = "Footprint Url"; Value = "https://forum.upverter.com/uploads/default/original/3X/b/e/be75b907af57498775929d6d9099689c472e0307.pdf"; VariantName = "[No Variations]"
Change component parameters (AddParameter): Name = "Frequency"; Value = "18GHz"; VariantName = "[No Variations]"
Change component parameters (AddParameter): Name = "Height"; Value = "6.35mm"; VariantName = "[No Variations]"
Change component parameters (AddParameter): Name = "Impedance"; Value = "50O"; VariantName = "[No Variations]"
Change component parameters (AddParameter): Name = "Is Female"; Value = "yes"; VariantName = "[No Variations]"
Change component parameters (AddParameter): Name = "Lead Free"; Value = "Yes"; VariantName = "[No Variations]"
Change component parameters (AddParameter): Name = "Manufacturer"; Value = "RF Solutions Ltd."; VariantName = "[No Variations]"
Change component parameters (AddParameter): Name = "Manufacturer Part Number"; Value = "CON-SMA-EDGE-S"; VariantName = "[No Variations]"
Change component parameters (AddParameter): Name = "Number Of Contacts"; Value = "1"; VariantName = "[No Variations]"
Change component parameters (AddParameter): Name = "Octopart"; Value = "https://octopart.com/con-sma-edge-s-rf+solutions-70967450"; VariantName = "[No Variations]"
Change component parameters (AddParameter): Name = "Package"; Value = "CONN_JACK"; VariantName = "[No Variations]"
Change component parameters (AddParameter): Name = "RoHS"; Value = "TRUE"; VariantName = "[No Variations]"
Change component parameters (AddParameter): Name = "Shielding"; Value = "true"; VariantName = "[No Variations]"
Change component parameters: Designator = "MID" ("MID"); Footprint = "con SMA (recht)"; UniqueID = "\RVAQQRVL\THVNTAWP" ("\RVAQQRVL\THVNTAWP")
Change component parameters (AddParameter): Name = "Automotive"; Value = "No"; VariantName = "[No Variations]"
Change component parameters (AddParameter): Name = "Category"; Value = "Conn"; VariantName = "[No Variations]"
Change component parameters (AddParameter): Name = "ComponentLink2Description"; Value = "Datasheet"; VariantName = "[No Variations]"
Change component parameters (AddParameter): Name = "ComponentLink2URL"; Value = "https://www.rfsolutions.co.uk/downloads/1498648656DS-CON-EDGE-SMA-4.pdf"; VariantName = "[No Variations]"
Change component parameters (AddParameter): Name = "Conn Orientation"; Value = "Right Angle"; VariantName = "[No Variations]"
Change component parameters (AddParameter): Name = "Contact Material"; Value = "Gold"; VariantName = "[No Variations]"
Change component parameters (AddParameter): Name = "Device Class L1"; Value = "Connectors"; VariantName = "[No Variations]"
Change component parameters (AddParameter): Name = "Device Class L2"; Value = "RF / Coaxial Connectors"; VariantName = "[No Variations]"
Change component parameters (AddParameter): Name = "Device Class L3"; Value = "unset"; VariantName = "[No Variations]"
Change component parameters (AddParameter): Name = "Digikey Description"; Value = "CONN SMA JACK STR EDGE MNT"; VariantName = "[No Variations]"
Change component parameters (AddParameter): Name = "Footprint Url"; Value = "https://forum.upverter.com/uploads/default/original/3X/b/e/be75b907af57498775929d6d9099689c472e0307.pdf"; VariantName = "[No Variations]"
Change component parameters (AddParameter): Name = "Frequency"; Value = "18GHz"; VariantName = "[No Variations]"
Change component parameters (AddParameter): Name = "Height"; Value = "6.35mm"; VariantName = "[No Variations]"
Change component parameters (AddParameter): Name = "Impedance"; Value = "50O"; VariantName = "[No Variations]"
Change component parameters (AddParameter): Name = "Is Female"; Value = "yes"; VariantName = "[No Variations]"
Change component parameters (AddParameter): Name = "Lead Free"; Value = "Yes"; VariantName = "[No Variations]"
Change component parameters (AddParameter): Name = "Manufacturer"; Value = "RF Solutions Ltd."; VariantName = "[No Variations]"
Change component parameters (AddParameter): Name = "Manufacturer Part Number"; Value = "CON-SMA-EDGE-S"; VariantName = "[No Variations]"
Change component parameters (AddParameter): Name = "Number Of Contacts"; Value = "1"; VariantName = "[No Variations]"
Change component parameters (AddParameter): Name = "Octopart"; Value = "https://octopart.com/con-sma-edge-s-rf+solutions-70967450"; VariantName = "[No Variations]"
Change component parameters (AddParameter): Name = "Package"; Value = "CONN_JACK"; VariantName = "[No Variations]"
Change component parameters (AddParameter): Name = "RoHS"; Value = "TRUE"; VariantName = "[No Variations]"
Change component parameters (AddParameter): Name = "Shielding"; Value = "true"; VariantName = "[No Variations]"
Change component parameters: Designator = "SDR1" ("SDR1"); Footprint = "con SMA (recht)"; UniqueID = "\RVAQQRVL\JCGGOHSV" ("\RVAQQRVL\JCGGOHSV")
Change component parameters (AddParameter): Name = "Automotive"; Value = "No"; VariantName = "[No Variations]"
Change component parameters (AddParameter): Name = "Category"; Value = "Conn"; VariantName = "[No Variations]"
Change component parameters (AddParameter): Name = "ComponentLink2Description"; Value = "Datasheet"; VariantName = "[No Variations]"
Change component parameters (AddParameter): Name = "ComponentLink2URL"; Value = "https://www.rfsolutions.co.uk/downloads/1498648656DS-CON-EDGE-SMA-4.pdf"; VariantName = "[No Variations]"
Change component parameters (AddParameter): Name = "Conn Orientation"; Value = "Right Angle"; VariantName = "[No Variations]"
Change component parameters (AddParameter): Name = "Contact Material"; Value = "Gold"; VariantName = "[No Variations]"
Change component parameters (AddParameter): Name = "Device Class L1"; Value = "Connectors"; VariantName = "[No Variations]"
Change component parameters (AddParameter): Name = "Device Class L2"; Value = "RF / Coaxial Connectors"; VariantName = "[No Variations]"
Change component parameters (AddParameter): Name = "Device Class L3"; Value = "unset"; VariantName = "[No Variations]"
Change component parameters (AddParameter): Name = "Digikey Description"; Value = "CONN SMA JACK STR EDGE MNT"; VariantName = "[No Variations]"
Change component parameters (AddParameter): Name = "Footprint Url"; Value = "https://forum.upverter.com/uploads/default/original/3X/b/e/be75b907af57498775929d6d9099689c472e0307.pdf"; VariantName = "[No Variations]"
Change component parameters (AddParameter): Name = "Frequency"; Value = "18GHz"; VariantName = "[No Variations]"
Change component parameters (AddParameter): Name = "Height"; Value = "6.35mm"; VariantName = "[No Variations]"
Change component parameters (AddParameter): Name = "Impedance"; Value = "50O"; VariantName = "[No Variations]"
Change component parameters (AddParameter): Name = "Is Female"; Value = "yes"; VariantName = "[No Variations]"
Change component parameters (AddParameter): Name = "Lead Free"; Value = "Yes"; VariantName = "[No Variations]"
Change component parameters (AddParameter): Name = "Manufacturer"; Value = "RF Solutions Ltd."; VariantName = "[No Variations]"
Change component parameters (AddParameter): Name = "Manufacturer Part Number"; Value = "CON-SMA-EDGE-S"; VariantName = "[No Variations]"
Change component parameters (AddParameter): Name = "Number Of Contacts"; Value = "1"; VariantName = "[No Variations]"
Change component parameters (AddParameter): Name = "Octopart"; Value = "https://octopart.com/con-sma-edge-s-rf+solutions-70967450"; VariantName = "[No Variations]"
Change component parameters (AddParameter): Name = "Package"; Value = "CONN_JACK"; VariantName = "[No Variations]"
Change component parameters (AddParameter): Name = "RoHS"; Value = "TRUE"; VariantName = "[No Variations]"
Change component parameters (AddParameter): Name = "Shielding"; Value = "true"; VariantName = "[No Variations]"
Change component parameters: Designator = "TEST_IN" ("TEST_IN"); Footprint = "con SMA (recht)"; UniqueID = "\JLRXFBTS" ("\JLRXFBTS")
Change component parameters (AddParameter): Name = "Automotive"; Value = "No"; VariantName = "[No Variations]"
Change component parameters (AddParameter): Name = "Category"; Value = "Conn"; VariantName = "[No Variations]"
Change component parameters (AddParameter): Name = "ComponentLink2Description"; Value = "Datasheet"; VariantName = "[No Variations]"
Change component parameters (AddParameter): Name = "ComponentLink2URL"; Value = "https://www.rfsolutions.co.uk/downloads/1498648656DS-CON-EDGE-SMA-4.pdf"; VariantName = "[No Variations]"
Change component parameters (AddParameter): Name = "Conn Orientation"; Value = "Right Angle"; VariantName = "[No Variations]"
Change component parameters (AddParameter): Name = "Contact Material"; Value = "Gold"; VariantName = "[No Variations]"
Change component parameters (AddParameter): Name = "Device Class L1"; Value = "Connectors"; VariantName = "[No Variations]"
Change component parameters (AddParameter): Name = "Device Class L2"; Value = "RF / Coaxial Connectors"; VariantName = "[No Variations]"
Change component parameters (AddParameter): Name = "Device Class L3"; Value = "unset"; VariantName = "[No Variations]"
Change component parameters (AddParameter): Name = "Digikey Description"; Value = "CONN SMA JACK STR EDGE MNT"; VariantName = "[No Variations]"
Change component parameters (AddParameter): Name = "Footprint Url"; Value = "https://forum.upverter.com/uploads/default/original/3X/b/e/be75b907af57498775929d6d9099689c472e0307.pdf"; VariantName = "[No Variations]"
Change component parameters (AddParameter): Name = "Frequency"; Value = "18GHz"; VariantName = "[No Variations]"
Change component parameters (AddParameter): Name = "Height"; Value = "6.35mm"; VariantName = "[No Variations]"
Change component parameters (AddParameter): Name = "Impedance"; Value = "50O"; VariantName = "[No Variations]"
Change component parameters (AddParameter): Name = "Is Female"; Value = "yes"; VariantName = "[No Variations]"
Change component parameters (AddParameter): Name = "Lead Free"; Value = "Yes"; VariantName = "[No Variations]"
Change component parameters (AddParameter): Name = "Manufacturer"; Value = "RF Solutions Ltd."; VariantName = "[No Variations]"
Change component parameters (AddParameter): Name = "Manufacturer Part Number"; Value = "CON-SMA-EDGE-S"; VariantName = "[No Variations]"
Change component parameters (AddParameter): Name = "Number Of Contacts"; Value = "1"; VariantName = "[No Variations]"
Change component parameters (AddParameter): Name = "Octopart"; Value = "https://octopart.com/con-sma-edge-s-rf+solutions-70967450"; VariantName = "[No Variations]"
Change component parameters (AddParameter): Name = "Package"; Value = "CONN_JACK"; VariantName = "[No Variations]"
Change component parameters (AddParameter): Name = "RoHS"; Value = "TRUE"; VariantName = "[No Variations]"
Change component parameters (AddParameter): Name = "Shielding"; Value = "true"; VariantName = "[No Variations]"
Change component parameters: Designator = "TEST_OUT" ("TEST_OUT"); Footprint = "con SMA (recht)"; UniqueID = "\XLZPCUUO" ("\XLZPCUUO")
Change component parameters (AddParameter): Name = "Automotive"; Value = "No"; VariantName = "[No Variations]"
Change component parameters (AddParameter): Name = "Category"; Value = "Conn"; VariantName = "[No Variations]"
Change component parameters (AddParameter): Name = "ComponentLink2Description"; Value = "Datasheet"; VariantName = "[No Variations]"
Change component parameters (AddParameter): Name = "ComponentLink2URL"; Value = "https://www.rfsolutions.co.uk/downloads/1498648656DS-CON-EDGE-SMA-4.pdf"; VariantName = "[No Variations]"
Change component parameters (AddParameter): Name = "Conn Orientation"; Value = "Right Angle"; VariantName = "[No Variations]"
Change component parameters (AddParameter): Name = "Contact Material"; Value = "Gold"; VariantName = "[No Variations]"
Change component parameters (AddParameter): Name = "Device Class L1"; Value = "Connectors"; VariantName = "[No Variations]"
Change component parameters (AddParameter): Name = "Device Class L2"; Value = "RF / Coaxial Connectors"; VariantName = "[No Variations]"
Change component parameters (AddParameter): Name = "Device Class L3"; Value = "unset"; VariantName = "[No Variations]"
Change component parameters (AddParameter): Name = "Digikey Description"; Value = "CONN SMA JACK STR EDGE MNT"; VariantName = "[No Variations]"
Change component parameters (AddParameter): Name = "Footprint Url"; Value = "https://forum.upverter.com/uploads/default/original/3X/b/e/be75b907af57498775929d6d9099689c472e0307.pdf"; VariantName = "[No Variations]"
Change component parameters (AddParameter): Name = "Frequency"; Value = "18GHz"; VariantName = "[No Variations]"
Change component parameters (AddParameter): Name = "Height"; Value = "6.35mm"; VariantName = "[No Variations]"
Change component parameters (AddParameter): Name = "Impedance"; Value = "50O"; VariantName = "[No Variations]"
Change component parameters (AddParameter): Name = "Is Female"; Value = "yes"; VariantName = "[No Variations]"
Change component parameters (AddParameter): Name = "Lead Free"; Value = "Yes"; VariantName = "[No Variations]"
Change component parameters (AddParameter): Name = "Manufacturer"; Value = "RF Solutions Ltd."; VariantName = "[No Variations]"
Change component parameters (AddParameter): Name = "Manufacturer Part Number"; Value = "CON-SMA-EDGE-S"; VariantName = "[No Variations]"
Change component parameters (AddParameter): Name = "Number Of Contacts"; Value = "1"; VariantName = "[No Variations]"
Change component parameters (AddParameter): Name = "Octopart"; Value = "https://octopart.com/con-sma-edge-s-rf+solutions-70967450"; VariantName = "[No Variations]"
Change component parameters (AddParameter): Name = "Package"; Value = "CONN_JACK"; VariantName = "[No Variations]"
Change component parameters (AddParameter): Name = "RoHS"; Value = "TRUE"; VariantName = "[No Variations]"
Change component parameters (AddParameter): Name = "Shielding"; Value = "true"; VariantName = "[No Variations]"
