Removed Member From Class: ClassName=RF Member=Mixer_switch_in
Removed Member From Class: ClassName=RF Member=NetC31_1
Removed Member From Class: ClassName=RF Member=NetC31_2
Removed Member From Class: ClassName=RF Member=NetC35_1
Removed Member From Class: ClassName=RF Member=NetC35_2
Removed Member From Class: ClassName=RF Member=NetC42_1
Removed Member From Class: ClassName=RF Member=NetC42_2
Removed Member From Class: ClassName=RF Member=NetC43_1
Removed Member From Class: ClassName=RF Member=NetC43_2
Removed Member From Class: ClassName=RF Member=NetC44_1
Removed Member From Class: ClassName=RF Member=NetC51_1
Removed Member From Class: ClassName=RF Member=NetC51_2
Removed Member From Class: ClassName=RF Member=NetC52_1
Removed Member From Class: ClassName=RF Member=NetC52_2
Removed Member From Class: ClassName=RF Member=NetC53_1
Removed Member From Class: ClassName=RF Member=NetC53_2
Removed Member From Class: ClassName=RF Member=NetU7_3
Change Net Name : Old Net Name=Mixer_switch_in New Net Name=DOWNCONV_IN
Change Net Name : Old Net Name=NetC31_1 New Net Name=HIGH2
Change Net Name : Old Net Name=NetC31_2 New Net Name=HIGH1
Change Net Name : Old Net Name=NetC35_1 New Net Name=HIGH3
Change Net Name : Old Net Name=NetC35_2 New Net Name=HIGH4
Change Net Name : Old Net Name=NetC42_1 New Net Name=HIGH6
Change Net Name : Old Net Name=NetC42_2 New Net Name=HIGH7
Change Net Name : Old Net Name=NetC43_1 New Net Name=HIGH8
Change Net Name : Old Net Name=NetC43_2 New Net Name=HIGH9
Change Net Name : Old Net Name=NetC44_1 New Net Name=HIGH10
Change Net Name : Old Net Name=NetC51_1 New Net Name=MID1
Change Net Name : Old Net Name=NetC51_2 New Net Name=MID2
Change Net Name : Old Net Name=NetC52_1 New Net Name=MID3
Change Net Name : Old Net Name=NetC52_2 New Net Name=MID_IN
Change Net Name : Old Net Name=NetC53_1 New Net Name=OUT1
Change Net Name : Old Net Name=NetC53_2 New Net Name=OUT2
Change Net Name : Old Net Name=NetU7_3 New Net Name=HIGH5
Added Member To Class: ClassName=RF Member=Wire DOWNCONV_IN
Added Member To Class: ClassName=RF Member=Wire HIGH1
Added Member To Class: ClassName=RF Member=Wire HIGH2
Added Member To Class: ClassName=RF Member=Wire HIGH3
Added Member To Class: ClassName=RF Member=Wire HIGH4
Added Member To Class: ClassName=RF Member=Wire HIGH5
Added Member To Class: ClassName=RF Member=Wire HIGH6
Added Member To Class: ClassName=RF Member=Wire HIGH7
Added Member To Class: ClassName=RF Member=Wire HIGH8
Added Member To Class: ClassName=RF Member=Wire HIGH9
Added Member To Class: ClassName=RF Member=Wire HIGH10
Added Member To Class: ClassName=RF Member=Wire MID1
Added Member To Class: ClassName=RF Member=Wire MID2
Added Member To Class: ClassName=RF Member=Wire MID3
Added Member To Class: ClassName=RF Member=Wire MID_IN
Added Member To Class: ClassName=RF Member=Wire OUT1
Added Member To Class: ClassName=RF Member=Wire OUT2
